T0D5C 10028:334 SEGGER J-Link V5.10 Log File (0000ms, 54759ms total)
T0D5C 10028:334 DLL Compiled: Nov 27 2015 17:01:28 (0000ms, 54759ms total)
T0D5C 10028:334 Logging started @ 2016-06-02 22:42 (0000ms, 54759ms total)
T0D5C 10028:908 JLINK_ExecCommand("Device = AT91SAM4SD32C", ...)Device "ATSAM4SD32C" selected.  returns 0x00 (0001ms, 54760ms total)
T0D5C 10028:942 JLINK_ExecCommand("ProjectFile = C:\Users\Guilherme\Documents\GitHub\Entregas\Aula 14\14-ADC\jlink.config", ...)  returns 0x00 (0000ms, 54760ms total)
T0D5C 10029:661 JLINK_ExecCommand("Device = AT91SAM4SD32C", ...)Device "ATSAM4SD32C" selected.  returns 0x00 (0002ms, 54762ms total)
T0D5C 10029:663 JLINK_TIF_Select(JLINKARM_TIF_JTAG)  returns 0x00 (0004ms, 54766ms total)
T0D5C 10029:667 JLINK_GetIdData(...) >0x2F8 JTAG>TotalIRLen = 4, IRPrint = 0x01 >0x30 JTAG> >0x210 JTAG> >0x70 JTAG> >0x40 JTAG> >0x40 JTAG> >0x40 JTAG> >0x48 JTAG> >0x78 JTAG> >0x40 JTAG> >0x30 JTAG> >0x40 JTAG> >0x40 JTAG> >0x30 JTAG> >0x40 JTAG> >0x48 JTAG>Found Cortex-M4 r0p1, Little endian. -- CPU_ReadMem(4 bytes @ 0xE000EDF0) -- CPU_ReadMem(4 bytes @ 0xE0002000)FPUnit: 6 code (BP) slots and 2 literal slots -- CPU_ReadMem(4 bytes @ 0xE000EDFC) -- CPU_ReadMem(4 bytes @ 0xE0001000)
 -- CPU_WriteMem(4 bytes @ 0xE0001000) -- CPU_ReadMem(4 bytes @ 0xE000ED88) -- CPU_WriteMem(4 bytes @ 0xE000ED88) -- CPU_ReadMem(4 bytes @ 0xE000ED88) -- CPU_WriteMem(4 bytes @ 0xE000ED88)CoreSight components:ROMTbl 0 @ E00FF000 -- CPU_ReadMem(16 bytes @ 0xE00FF000) -- CPU_ReadMem(16 bytes @ 0xE000EFF0) -- CPU_ReadMem(16 bytes @ 0xE000EFE0)ROMTbl 0 [0]: FFF0F000, CID: B105E00D, PID: 000BB000 SCS -- CPU_ReadMem(16 bytes @ 0xE0001FF0) -- CPU_ReadMem(16 bytes @ 0xE0001FE0)
ROMTbl 0 [1]: FFF02000, CID: B105E00D, PID: 003BB002 DWT -- CPU_ReadMem(16 bytes @ 0xE0002FF0) -- CPU_ReadMem(16 bytes @ 0xE0002FE0)ROMTbl 0 [2]: FFF03000, CID: B105E00D, PID: 002BB003 FPB -- CPU_ReadMem(16 bytes @ 0xE0000FF0) -- CPU_ReadMem(16 bytes @ 0xE0000FE0)ROMTbl 0 [3]: FFF01000, CID: B105E00D, PID: 003BB001 ITM -- CPU_ReadMem(16 bytes @ 0xE00FF010) -- CPU_ReadMem(16 bytes @ 0xE0040FF0) -- CPU_ReadMem(16 bytes @ 0xE0040FE0)ROMTbl 0 [4]: FFF41000, CID: B105900D, PID: 000BB9A1 TPIU ScanLen=4
 NumDevices=1 aId[0]=0x4BA00477 aIrRead[0]=0 aScanLen[0]=0 aScanRead[0]=0 (0050ms, 54816ms total)
T0D5C 10029:717 JLINK_ConfigJTAG(IRPre = 0, DRPre = 0) (0001ms, 54817ms total)
T0D5C 10029:718 JLINK_SetSpeed(4000) (0000ms, 54817ms total)
T0D5C 10029:718 JLINK_ResetPullsRESET(OFF) (0000ms, 54817ms total)
T0D5C 10029:718 JLINK_Connect() >0x2F8 JTAG>TotalIRLen = 4, IRPrint = 0x01 >0x30 JTAG> >0x210 JTAG> >0x70 JTAG> >0x40 JTAG> >0x40 JTAG> >0x40 JTAG> >0x48 JTAG> >0x78 JTAG> >0x40 JTAG> >0x30 JTAG> >0x40 JTAG> >0x40 JTAG> >0x30 JTAG> >0x40 JTAG> >0x48 JTAG>Found Cortex-M4 r0p1, Little endian. -- CPU_ReadMem(4 bytes @ 0xE000EDF0) -- CPU_ReadMem(4 bytes @ 0xE0002000)FPUnit: 6 code (BP) slots and 2 literal slots -- CPU_ReadMem(4 bytes @ 0xE000EDFC) -- CPU_ReadMem(4 bytes @ 0xE0001000)
 -- CPU_WriteMem(4 bytes @ 0xE0001000) -- CPU_ReadMem(4 bytes @ 0xE000ED88) -- CPU_WriteMem(4 bytes @ 0xE000ED88) -- CPU_ReadMem(4 bytes @ 0xE000ED88) -- CPU_WriteMem(4 bytes @ 0xE000ED88)CoreSight components:ROMTbl 0 @ E00FF000 -- CPU_ReadMem(16 bytes @ 0xE00FF000) -- CPU_ReadMem(16 bytes @ 0xE000EFF0) -- CPU_ReadMem(16 bytes @ 0xE000EFE0)ROMTbl 0 [0]: FFF0F000, CID: B105E00D, PID: 000BB000 SCS -- CPU_ReadMem(16 bytes @ 0xE0001FF0) -- CPU_ReadMem(16 bytes @ 0xE0001FE0)
ROMTbl 0 [1]: FFF02000, CID: B105E00D, PID: 003BB002 DWT -- CPU_ReadMem(16 bytes @ 0xE0002FF0) -- CPU_ReadMem(16 bytes @ 0xE0002FE0)ROMTbl 0 [2]: FFF03000, CID: B105E00D, PID: 002BB003 FPB -- CPU_ReadMem(16 bytes @ 0xE0000FF0) -- CPU_ReadMem(16 bytes @ 0xE0000FE0)ROMTbl 0 [3]: FFF01000, CID: B105E00D, PID: 003BB001 ITM -- CPU_ReadMem(16 bytes @ 0xE00FF010) -- CPU_ReadMem(16 bytes @ 0xE0040FF0) -- CPU_ReadMem(16 bytes @ 0xE0040FE0)ROMTbl 0 [4]: FFF41000, CID: B105900D, PID: 000BB9A1 TPIU  returns 0x00
 (0034ms, 54851ms total)
T0D5C 10029:752 JLINK_Halt()  returns 0x00 (0004ms, 54855ms total)
T0D5C 10029:757 JLINK_WriteMem(0x400E0A04, 0x0004 Bytes, ...) - Data: 0B 01 00 5A -- CPU_WriteMem(4 bytes @ 0x400E0A04)  returns 0x04 (0001ms, 54856ms total)
T0D5C 10029:758 JLINK_ReadMem (0x400E0A08, 0x0004 Bytes, ...) -- CPU_ReadMem(4 bytes @ 0x400E0A08) - Data: 01 00 00 00  returns 0x00 (0001ms, 54857ms total)
T0D5C 10029:759 JLINK_WriteMem(0x400E0A04, 0x0004 Bytes, ...) - Data: 0C 02 00 5A -- CPU_WriteMem(4 bytes @ 0x400E0A04)  returns 0x04 (0001ms, 54858ms total)
T0D5C 10029:760 JLINK_ReadMem (0x400E0A08, 0x0004 Bytes, ...) -- CPU_ReadMem(4 bytes @ 0x400E0A08) - Data: 01 00 00 00  returns 0x00 (0001ms, 54859ms total)
T0D5C 10029:761 JLINK_Reset() -- CPU_ReadMem(16 bytes @ 0x20000000) -- CPU_WriteMem(16 bytes @ 0x20000000) -- CPU_ReadMem(4 bytes @ 0xE000EDFC) -- CPU_WriteMem(4 bytes @ 0xE000EDFC) -- CPU_ReadMem(4 bytes @ 0xE0001000) -- CPU_WriteMem(4 bytes @ 0xE000EDFC) -- CPU_WriteMem(16 bytes @ 0x20000000) -- CPU_WriteMem(4 bytes @ 0xE0002000) -- CPU_ReadMem(4 bytes @ 0xE000EDFC) -- CPU_ReadMem(4 bytes @ 0xE0001000) (0029ms, 54888ms total)
T0D5C 10029:796 JLINK_JTAG_GetDeviceID(DeviceIndex = 0)  returns 0x4BA00477 (0000ms, 54889ms total)
T0D5C 10029:796 JLINK_ReadMemU32(0x400E0740, 0x0001 Items, ...) -- CPU_ReadMem(4 bytes @ 0x400E0740) - Data: E0 0E A7 29  returns 0x01 (0003ms, 54892ms total)
T0D5C 10029:799 JLINK_ReadMemU32(0x400E0744, 0x0001 Items, ...) -- CPU_ReadMem(4 bytes @ 0x400E0744) - Data: 00 00 00 00  returns 0x01 (0003ms, 54895ms total)
T0D5C 10029:802 JLINK_WriteMem(0x400E0A04, 0x0004 Bytes, ...) - Data: 05 00 00 5A -- CPU_WriteMem(4 bytes @ 0x400E0A04)  returns 0x04 (0001ms, 54896ms total)
T0D5C 10029:803 JLINK_WriteMem(0x400E0C04, 0x0004 Bytes, ...) - Data: 05 00 00 5A -- CPU_WriteMem(4 bytes @ 0x400E0C04)  returns 0x04 (0001ms, 54897ms total)
T0D5C 10029:804 JLINK_ReadMem (0x400E0A08, 0x0004 Bytes, ...) -- CPU_ReadMem(4 bytes @ 0x400E0A08) - Data: 00 00 00 00  returns 0x00 (0002ms, 54899ms total)
T0D5C 10029:807 JLINK_ReadMem (0x400E0A08, 0x0004 Bytes, ...) -- CPU_ReadMem(4 bytes @ 0x400E0A08) - Data: 00 00 00 00  returns 0x00 (0002ms, 54901ms total)
T1BE4 10029:810 JLINK_IsHalted()  returns TRUE (0000ms, 54901ms total)
T1BE4 10029:810 JLINK_GetMOEs(...) -- CPU_ReadMem(4 bytes @ 0xE000ED30) -- CPU_WriteMem(4 bytes @ 0xE000ED30)  returns 0x01 (0007ms, 54908ms total)
T0D5C 10029:817 JLINK_ReadMem (0x400E0A08, 0x0004 Bytes, ...) -- CPU_ReadMem(4 bytes @ 0x400E0A08) - Data: 00 00 00 00  returns 0x00 (0000ms, 54908ms total)
T1BE4 10029:817 JLINK_ReadReg(R15 (PC))  returns 0x0040225C (0000ms, 54908ms total)
T0D5C 10029:856 JLINK_ReadMem (0x400E0A08, 0x0004 Bytes, ...) -- CPU_ReadMem(4 bytes @ 0x400E0A08) - Data: 00 00 00 00  returns 0x00 (0000ms, 54908ms total)
T0D5C 10029:921 JLINK_ReadMem (0x400E0A08, 0x0004 Bytes, ...) -- CPU_ReadMem(4 bytes @ 0x400E0A08) - Data: 00 00 00 00  returns 0x00 (0001ms, 54910ms total)
T1BE4 10030:018 JLINK_IsHalted()  returns TRUE (0000ms, 54910ms total)
T0D5C 10030:207 JLINK_ReadMem (0x400E0A08, 0x0004 Bytes, ...) -- CPU_ReadMem(4 bytes @ 0x400E0A08) - Data: 00 00 00 00  returns 0x00 (0001ms, 54911ms total)
T1BE4 10030:218 JLINK_IsHalted()  returns TRUE (0000ms, 54911ms total)
T1BE4 10030:418 JLINK_IsHalted()  returns TRUE (0001ms, 54912ms total)
T1BE4 10030:619 JLINK_IsHalted()  returns TRUE (0000ms, 54911ms total)
T1BE4 10030:819 JLINK_IsHalted()  returns TRUE (0000ms, 54911ms total)
T1BE4 10031:019 JLINK_IsHalted()  returns TRUE (0001ms, 54912ms total)
T1BE4 10031:220 JLINK_IsHalted()  returns TRUE (0000ms, 54911ms total)
T0D5C 10031:256 JLINK_ReadMem (0x400E0A08, 0x0004 Bytes, ...) -- CPU_ReadMem(4 bytes @ 0x400E0A08) - Data: 00 00 00 00  returns 0x00 (0001ms, 54912ms total)
T0D5C 10031:259 JLINK_ReadMem (0x400E0C08, 0x0004 Bytes, ...) -- CPU_ReadMem(4 bytes @ 0x400E0C08) - Data: 00 00 00 00  returns 0x00 (0001ms, 54913ms total)
T0D5C 10031:261 JLINK_ReadMem (0x400E0C08, 0x0004 Bytes, ...) -- CPU_ReadMem(4 bytes @ 0x400E0C08) - Data: 00 00 00 00  returns 0x00 (0001ms, 54914ms total)
T0D5C 10031:267 JLINK_ReadMem (0x400E0C08, 0x0004 Bytes, ...) -- CPU_ReadMem(4 bytes @ 0x400E0C08) - Data: 00 00 00 00  returns 0x00 (0002ms, 54916ms total)
T0D5C 10031:306 JLINK_ReadMem (0x400E0C08, 0x0004 Bytes, ...) -- CPU_ReadMem(4 bytes @ 0x400E0C08) - Data: 00 00 00 00  returns 0x00 (0001ms, 54917ms total)
T0D5C 10031:371 JLINK_ReadMem (0x400E0C08, 0x0004 Bytes, ...) -- CPU_ReadMem(4 bytes @ 0x400E0C08) - Data: 00 00 00 00  returns 0x00 (0001ms, 54918ms total)
T1BE4 10031:420 JLINK_IsHalted()  returns TRUE (0000ms, 54918ms total)
T1BE4 10031:620 JLINK_IsHalted()  returns TRUE (0001ms, 54919ms total)
T0D5C 10031:656 JLINK_ReadMem (0x400E0C08, 0x0004 Bytes, ...) -- CPU_ReadMem(4 bytes @ 0x400E0C08) - Data: 00 00 00 00  returns 0x00 (0001ms, 54919ms total)
T1BE4 10031:821 JLINK_IsHalted()  returns TRUE (0000ms, 54919ms total)
T1BE4 10032:021 JLINK_IsHalted()  returns TRUE (0000ms, 54919ms total)
T1BE4 10032:221 JLINK_IsHalted()  returns TRUE (0001ms, 54920ms total)
T1BE4 10032:422 JLINK_IsHalted()  returns TRUE (0000ms, 54919ms total)
T1BE4 10032:622 JLINK_IsHalted()  returns TRUE (0001ms, 54920ms total)
T0D5C 10032:706 JLINK_ReadMem (0x400E0C08, 0x0004 Bytes, ...) -- CPU_ReadMem(4 bytes @ 0x400E0C08) - Data: 00 00 00 00  returns 0x00 (0001ms, 54920ms total)
T0D5C 10032:707 JLINK_ReadMem (0x400E0A08, 0x0004 Bytes, ...) -- CPU_ReadMem(4 bytes @ 0x400E0A08) - Data: 00 00 00 00  returns 0x00 (0002ms, 54922ms total)
T0D5C 10032:710 JLINK_ReadMem (0x400E0A08, 0x0004 Bytes, ...) -- CPU_ReadMem(4 bytes @ 0x400E0A08) - Data: 00 00 00 00  returns 0x00 (0001ms, 54923ms total)
T0D5C 10032:715 JLINK_ReadMem (0x400E0A08, 0x0004 Bytes, ...) -- CPU_ReadMem(4 bytes @ 0x400E0A08) - Data: 00 00 00 00  returns 0x00 (0001ms, 54924ms total)
T0D5C 10032:758 JLINK_ReadMem (0x400E0A08, 0x0004 Bytes, ...) -- CPU_ReadMem(4 bytes @ 0x400E0A08) - Data: 00 00 00 00  returns 0x00 (0002ms, 54926ms total)
T1BE4 10032:823 JLINK_IsHalted()  returns TRUE (0001ms, 54927ms total)
T0D5C 10032:856 JLINK_ReadMem (0x400E0A08, 0x0004 Bytes, ...) -- CPU_ReadMem(4 bytes @ 0x400E0A08) - Data: 00 00 00 00  returns 0x00 (0002ms, 54928ms total)
T1BE4 10033:056 JLINK_IsHalted()  returns TRUE (0000ms, 54928ms total)
T0D5C 10033:114 JLINK_ReadMem (0x400E0A08, 0x0004 Bytes, ...) -- CPU_ReadMem(4 bytes @ 0x400E0A08) - Data: 00 00 00 00  returns 0x00 (0001ms, 54929ms total)
T1BE4 10033:256 JLINK_IsHalted()  returns TRUE (0000ms, 54929ms total)
T1BE4 10033:456 JLINK_IsHalted()  returns TRUE (0001ms, 54930ms total)
T1BE4 10033:657 JLINK_IsHalted()  returns TRUE (0000ms, 54929ms total)
T1BE4 10033:857 JLINK_IsHalted()  returns TRUE (0000ms, 54929ms total)
T1BE4 10034:057 JLINK_IsHalted()  returns TRUE (0001ms, 54930ms total)
T0D5C 10034:156 JLINK_ReadMem (0x400E0A08, 0x0004 Bytes, ...) -- CPU_ReadMem(4 bytes @ 0x400E0A08) - Data: 00 00 00 00  returns 0x00 (0001ms, 54930ms total)
T0D5C 10034:157 JLINK_ReadMem (0x400E0C08, 0x0004 Bytes, ...) -- CPU_ReadMem(4 bytes @ 0x400E0C08) - Data: 00 00 00 00  returns 0x00 (0001ms, 54931ms total)
T0D5C 10034:159 JLINK_ReadMem (0x400E0C08, 0x0004 Bytes, ...) -- CPU_ReadMem(4 bytes @ 0x400E0C08) - Data: 00 00 00 00  returns 0x00 (0002ms, 54933ms total)
T0D5C 10034:165 JLINK_ReadMem (0x400E0C08, 0x0004 Bytes, ...) -- CPU_ReadMem(4 bytes @ 0x400E0C08) - Data: 00 00 00 00  returns 0x00 (0001ms, 54934ms total)
T0D5C 10034:206 JLINK_ReadMem (0x400E0C08, 0x0004 Bytes, ...) -- CPU_ReadMem(4 bytes @ 0x400E0C08) - Data: 01 00 00 00  returns 0x00 (0001ms, 54935ms total)
T0D5C 10034:207 JLINK_ReadMem (0x400E0A08, 0x0004 Bytes, ...) -- CPU_ReadMem(4 bytes @ 0x400E0A08) - Data: 00 00 00 00  returns 0x00 (0001ms, 54936ms total)
T0D5C 10034:209 JLINK_ReadMem (0x400E0A08, 0x0004 Bytes, ...) -- CPU_ReadMem(4 bytes @ 0x400E0A08) - Data: 00 00 00 00  returns 0x00 (0001ms, 54937ms total)
T0D5C 10034:214 JLINK_ReadMem (0x400E0A08, 0x0004 Bytes, ...) -- CPU_ReadMem(4 bytes @ 0x400E0A08) - Data: 00 00 00 00  returns 0x00 (0001ms, 54938ms total)
T0D5C 10034:256 JLINK_ReadMem (0x400E0A08, 0x0004 Bytes, ...) -- CPU_ReadMem(4 bytes @ 0x400E0A08) - Data: 00 00 00 00  returns 0x00 (0001ms, 54939ms total)
T1BE4 10034:258 JLINK_IsHalted()  returns TRUE (0000ms, 54939ms total)
T0D5C 10034:321 JLINK_ReadMem (0x400E0A08, 0x0004 Bytes, ...) -- CPU_ReadMem(4 bytes @ 0x400E0A08) - Data: 00 00 00 00  returns 0x00 (0001ms, 54940ms total)
T1BE4 10034:460 JLINK_IsHalted()  returns TRUE (0000ms, 54940ms total)
T0D5C 10034:606 JLINK_ReadMem (0x400E0A08, 0x0004 Bytes, ...) -- CPU_ReadMem(4 bytes @ 0x400E0A08) - Data: 01 00 00 00  returns 0x00 (0001ms, 54941ms total)
T1BE4 10034:661 JLINK_IsHalted()  returns TRUE (0001ms, 54942ms total)
T0D5C 10034:663 JLINK_ResetPullsRESET(ON) (0000ms, 54941ms total)
T0D5C 10034:663 JLINK_ResetNoHalt() >0x2F8 JTAG>TotalIRLen = 4, IRPrint = 0x01 >0x30 JTAG> >0x210 JTAG> >0x70 JTAG> >0x40 JTAG> >0x40 JTAG> >0x40 JTAG> >0x48 JTAG> >0x78 JTAG> >0x40 JTAG> >0x30 JTAG> >0x40 JTAG> >0x40 JTAG> >0x30 JTAG> >0x40 JTAG> >0x48 JTAG>Found Cortex-M4 r0p1, Little endian. -- CPU_ReadMem(4 bytes @ 0xE000EDF0) -- CPU_ReadMem(4 bytes @ 0xE0002000)FPUnit: 6 code (BP) slots and 2 literal slots -- CPU_ReadMem(4 bytes @ 0xE000EDFC) -- CPU_ReadMem(4 bytes @ 0xE0001000)
 -- CPU_ReadMem(4 bytes @ 0xE000ED88) -- CPU_WriteMem(4 bytes @ 0xE000ED88) -- CPU_ReadMem(4 bytes @ 0xE000ED88) -- CPU_WriteMem(4 bytes @ 0xE000ED88)CoreSight components:ROMTbl 0 @ E00FF000 -- CPU_ReadMem(16 bytes @ 0xE00FF000) -- CPU_ReadMem(16 bytes @ 0xE000EFF0) -- CPU_ReadMem(16 bytes @ 0xE000EFE0)ROMTbl 0 [0]: FFF0F000, CID: B105E00D, PID: 000BB000 SCS -- CPU_WriteMem(4 bytes @ 0xE0001000) -- CPU_ReadMem(16 bytes @ 0xE0001FF0) -- CPU_ReadMem(16 bytes @ 0xE0001FE0)
ROMTbl 0 [1]: FFF02000, CID: B105E00D, PID: 003BB002 DWT -- CPU_ReadMem(16 bytes @ 0xE0002FF0) -- CPU_ReadMem(16 bytes @ 0xE0002FE0)ROMTbl 0 [2]: FFF03000, CID: B105E00D, PID: 002BB003 FPB -- CPU_ReadMem(16 bytes @ 0xE0000FF0) -- CPU_ReadMem(16 bytes @ 0xE0000FE0)ROMTbl 0 [3]: FFF01000, CID: B105E00D, PID: 003BB001 ITM -- CPU_ReadMem(16 bytes @ 0xE00FF010) -- CPU_ReadMem(16 bytes @ 0xE0040FF0) -- CPU_ReadMem(16 bytes @ 0xE0040FE0)ROMTbl 0 [4]: FFF41000, CID: B105900D, PID: 000BB9A1 TPIU
                JLINK_Reset() -- CPU_ReadMem(16 bytes @ 0x20000000) -- CPU_WriteMem(16 bytes @ 0x20000000) -- CPU_ReadMem(4 bytes @ 0xE000EDFC) -- CPU_WriteMem(4 bytes @ 0xE000EDFC) -- CPU_ReadMem(4 bytes @ 0xE0001000) -- CPU_WriteMem(4 bytes @ 0xE0001004) -- CPU_WriteMem(4 bytes @ 0xE000EDFC) -- CPU_WriteMem(16 bytes @ 0x20000000) -- CPU_WriteMem(4 bytes @ 0xE0002000) -- CPU_ReadMem(4 bytes @ 0xE000EDFC) -- CPU_ReadMem(4 bytes @ 0xE0001000) (0029ms, 0029ms total)
                JLINK_Go() -- CPU_ReadMem(4 bytes @ 0xE0001000) -- CPU_WriteMem(4 bytes @ 0xE0001004) (0002ms, 0031ms total)
               (0066ms, 55007ms total)
T0D5C 10034:730 JLINK_ExecCommand("ProjectFile = C:\Users\Guilherme\Documents\GitHub\Entregas\Aula 14\14-ADC\jlink.config", ...)  returns 0x00 (0000ms, 55007ms total)
T0D5C 10035:320 JLINK_ExecCommand("Device = AT91SAM4SD32C", ...)Device "ATSAM4SD32C" selected.  returns 0x00 (0001ms, 55008ms total)
T0D5C 10035:321 JLINK_TIF_Select(JLINKARM_TIF_JTAG)  returns 0x00 (0000ms, 55008ms total)
T0D5C 10035:321 JLINK_GetIdData(...) ScanLen=4 NumDevices=1 aId[0]=0x4BA00477 aIrRead[0]=0 aScanLen[0]=0 aScanRead[0]=0 (0000ms, 55008ms total)
T0D5C 10035:321 JLINK_ConfigJTAG(IRPre = 0, DRPre = 0) (0000ms, 55008ms total)
T0D5C 10035:321 JLINK_SetSpeed(4000) (0000ms, 55008ms total)
T0D5C 10035:321 JLINK_ResetPullsRESET(OFF) (0000ms, 55008ms total)
T0D5C 10035:321 JLINK_Connect() >0x2F8 JTAG>TotalIRLen = 4, IRPrint = 0x01 >0x30 JTAG> >0x210 JTAG> >0x70 JTAG> >0x40 JTAG> >0x40 JTAG> >0x40 JTAG> >0x48 JTAG> >0x78 JTAG> >0x40 JTAG> >0x30 JTAG> >0x40 JTAG> >0x40 JTAG> >0x30 JTAG> >0x40 JTAG> >0x48 JTAG>Found Cortex-M4 r0p1, Little endian. -- CPU_ReadMem(4 bytes @ 0xE000EDF0) -- CPU_ReadMem(4 bytes @ 0xE0002000)FPUnit: 6 code (BP) slots and 2 literal slots -- CPU_ReadMem(4 bytes @ 0xE000EDFC) -- CPU_ReadMem(4 bytes @ 0xE0001000)
 -- CPU_WriteMem(4 bytes @ 0xE0001000) -- CPU_ReadMem(4 bytes @ 0xE000ED88) -- CPU_WriteMem(4 bytes @ 0xE000ED88) -- CPU_ReadMem(4 bytes @ 0xE000ED88) -- CPU_WriteMem(4 bytes @ 0xE000ED88)CoreSight components:ROMTbl 0 @ E00FF000 -- CPU_ReadMem(16 bytes @ 0xE00FF000) -- CPU_ReadMem(16 bytes @ 0xE000EFF0) -- CPU_ReadMem(16 bytes @ 0xE000EFE0)ROMTbl 0 [0]: FFF0F000, CID: B105E00D, PID: 000BB000 SCS -- CPU_ReadMem(16 bytes @ 0xE0001FF0) -- CPU_ReadMem(16 bytes @ 0xE0001FE0)
ROMTbl 0 [1]: FFF02000, CID: B105E00D, PID: 003BB002 DWT -- CPU_ReadMem(16 bytes @ 0xE0002FF0) -- CPU_ReadMem(16 bytes @ 0xE0002FE0)ROMTbl 0 [2]: FFF03000, CID: B105E00D, PID: 002BB003 FPB -- CPU_ReadMem(16 bytes @ 0xE0000FF0) -- CPU_ReadMem(16 bytes @ 0xE0000FE0)ROMTbl 0 [3]: FFF01000, CID: B105E00D, PID: 003BB001 ITM -- CPU_ReadMem(16 bytes @ 0xE00FF010) -- CPU_ReadMem(16 bytes @ 0xE0040FF0) -- CPU_ReadMem(16 bytes @ 0xE0040FE0)ROMTbl 0 [4]: FFF41000, CID: B105900D, PID: 000BB9A1 TPIU  returns 0x00
 (0035ms, 55043ms total)
T0D5C 10035:356 JLINK_Halt()  returns 0x00 (0004ms, 55047ms total)
T0D5C 10035:360 JLINK_WriteMem(0x400E0A04, 0x0004 Bytes, ...) - Data: 0B 01 00 5A -- CPU_WriteMem(4 bytes @ 0x400E0A04)  returns 0x04 (0001ms, 55048ms total)
T0D5C 10035:361 JLINK_ReadMem (0x400E0A08, 0x0004 Bytes, ...) -- CPU_ReadMem(4 bytes @ 0x400E0A08) - Data: 01 00 00 00  returns 0x00 (0001ms, 55049ms total)
T0D5C 10035:362 JLINK_WriteMem(0x400E0A04, 0x0004 Bytes, ...) - Data: 0C 02 00 5A -- CPU_WriteMem(4 bytes @ 0x400E0A04)  returns 0x04 (0001ms, 55050ms total)
T0D5C 10035:363 JLINK_ReadMem (0x400E0A08, 0x0004 Bytes, ...) -- CPU_ReadMem(4 bytes @ 0x400E0A08) - Data: 01 00 00 00  returns 0x00 (0001ms, 55051ms total)
T0D5C 10035:364 JLINK_Reset() -- CPU_ReadMem(16 bytes @ 0x20000000) -- CPU_WriteMem(16 bytes @ 0x20000000) -- CPU_ReadMem(4 bytes @ 0xE000EDFC) -- CPU_WriteMem(4 bytes @ 0xE000EDFC) -- CPU_ReadMem(4 bytes @ 0xE0001000) -- CPU_WriteMem(4 bytes @ 0xE000EDFC) -- CPU_WriteMem(16 bytes @ 0x20000000) -- CPU_WriteMem(4 bytes @ 0xE0002000) -- CPU_ReadMem(4 bytes @ 0xE000EDFC) -- CPU_ReadMem(4 bytes @ 0xE0001000) (0032ms, 55083ms total)
T0D5C 10035:398 JLINK_JTAG_GetDeviceID(DeviceIndex = 0)  returns 0x4BA00477 (0000ms, 55083ms total)
T0D5C 10035:398 JLINK_ReadMemU32(0x400E0740, 0x0001 Items, ...) -- CPU_ReadMem(4 bytes @ 0x400E0740) - Data: E0 0E A7 29  returns 0x01 (0009ms, 55092ms total)
T0D5C 10035:407 JLINK_ReadMemU32(0x400E0744, 0x0001 Items, ...) -- CPU_ReadMem(4 bytes @ 0x400E0744) - Data: 00 00 00 00  returns 0x01 (0008ms, 55100ms total)
T1958 10035:416 JLINK_IsHalted()  returns TRUE (0000ms, 55100ms total)
T1958 10035:416 JLINK_GetMOEs(...) -- CPU_ReadMem(4 bytes @ 0xE000ED30) -- CPU_WriteMem(4 bytes @ 0xE000ED30)  returns 0x01 (0004ms, 55104ms total)
T1958 10035:420 JLINK_ReadReg(R15 (PC))  returns 0xFFFFFFFE (0000ms, 55104ms total)
T0D5C 10035:421 JLINK_BeginDownload(Flags = 0x00) (0000ms, 55104ms total)
T0D5C 10035:421 JLINK_WriteMem(0x00400000, 0x4000 Bytes, ...) - Data: 88 3D 00 20 5D 22 40 00 25 23 40 00 25 23 40 00 ...  returns 0x4000 (0001ms, 55105ms total)
T0D5C 10035:422 JLINK_WriteMem(0x00404000, 0x5884 Bytes, ...) - Data: 63 EB 43 03 94 EA 05 0F 00 F0 A7 80 A4 F1 01 04 ...  returns 0x5884 (0000ms, 55105ms total)
T0D5C 10035:422 JLINK_WriteMem(0x00409884, 0x0008 Bytes, ...) - Data: D0 EF FF 7F 01 00 00 00  returns 0x08 (0000ms, 55105ms total)
T0D5C 10035:423 JLINK_WriteMem(0x0040988C, 0x0884 Bytes, ...) - Data: F0 00 00 00 40 01 00 00 00 09 3D 00 00 00 00 00 ...  returns 0x884 (0000ms, 55105ms total)
T16C4 10035:607 JLINK_Halt()  returns 0x00 (0000ms, 55105ms total)
T16C4 10035:607 JLINK_ReadReg(R15 (PC)) -- -------------------------------------- -- Start of determining dirty areas in flash cache -- End of determining dirty areas -- Start of preparing flash programming -- Calculating RAM usage -- RAM usage = 3956 Bytes -- Preserving CPU registers -- Preparing memory -- Determining CPU clock frequency -- CPU clock frequency: 4198 kHz -- CPU frequency = 4198 kHz -- Preparing target -- Downloading RAMCode -- Checking target RAM -- Preparing RAMCode
 -- End of preparing flash programming -- CPU is running at 90000 kHz. -- Start of comparing flash -- CRC check was estimated as fastest method -- Comparing range 0x400000 - 0x403FFF (32 Sectors, 16 KB), using multi-block CRC calculation -- CRC does not match for sectors 0-31 -- Comparing range 0x404000 - 0x40AFFF (7 Sectors, 28 KB), using multi-block CRC calculation -- CRC does not match for sectors 0-6 -- End of comparing flash -- Start of erasing sectors -- End of erasing sectors
 -- Start of flash programming -- Programming range 0x00400000 - 0x00403FFF (032 Sectors, 16 KB) -- Programming range 0x00404000 - 0x0040AFFF (007 Sectors, 28 KB) -- End of flash programming -- 0x400000 - 0x403FFF (032 Sectors, 16 KB) -- 0x404000 - 0x40AFFF (007 Sectors, 28 KB) -- Start of verifying flash -- Checksum calculation was estimated as fastest method -- Checksum calculation was estimated as fastest method -- End of verifying flash -- Start of restoring -- Restore RAMCode
 -- Restore content of target memory -- Restore target -- Restore memory -- Restoring CPU registers -- End of restoring -- Flash programming performed for 2 ranges (45056 bytes) -- Total time needed: 0.545s (Prepare: 0.227s, Compare: 0.012s, Erase: 0.000s, Program: 0.245s, Verify: 0.002s, Restore: 0.057s)  returns 0xFFFFFFFE (0548ms, 55653ms total)
T1958 10036:158 JLINK_IsHalted()  returns TRUE (0002ms, 55655ms total)
T16C4 10036:161 JLINK_ReadReg(R13 (SP))  returns 0xFFFFFFFC (0000ms, 55655ms total)
T16C4 10036:295 JLINK_ReadReg(R0)  returns 0x400E1400 (0000ms, 55655ms total)
T16C4 10036:295 JLINK_ReadReg(R1)  returns 0x40C00000 (0000ms, 55655ms total)
T16C4 10036:295 JLINK_ReadReg(R2)  returns 0xA5000005 (0000ms, 55655ms total)
T16C4 10036:295 JLINK_ReadReg(R3)  returns 0x00000000 (0000ms, 55655ms total)
T16C4 10036:295 JLINK_ReadReg(R4)  returns 0x004013D5 (0000ms, 55655ms total)
T16C4 10036:295 JLINK_ReadReg(R5)  returns 0x00001000 (0000ms, 55655ms total)
T16C4 10036:295 JLINK_ReadReg(R6)  returns 0x400E1200 (0000ms, 55655ms total)
T16C4 10036:295 JLINK_ReadReg(R7)  returns 0x20003D50 (0000ms, 55655ms total)
T16C4 10036:295 JLINK_ReadReg(R8)  returns 0x00400D99 (0000ms, 55655ms total)
T16C4 10036:295 JLINK_ReadReg(R9)  returns 0x00401011 (0000ms, 55655ms total)
T16C4 10036:295 JLINK_ReadReg(R10)  returns 0x00400C5D (0000ms, 55655ms total)
T16C4 10036:295 JLINK_ReadReg(R11)  returns 0x00400D0D (0000ms, 55655ms total)
T16C4 10036:295 JLINK_ReadReg(R12)  returns 0x3B400000 (0000ms, 55655ms total)
T16C4 10036:295 JLINK_ReadReg(R13 (SP))  returns 0xFFFFFFFC (0000ms, 55655ms total)
T16C4 10036:295 JLINK_ReadReg(R14)  returns 0xFFFFFFFF (0000ms, 55655ms total)
T16C4 10036:295 JLINK_ReadReg(R15 (PC))  returns 0xFFFFFFFE (0000ms, 55655ms total)
T16C4 10036:295 JLINK_ReadReg(XPSR)  returns 0x01000000 (0000ms, 55655ms total)
T16C4 10036:295 JLINK_ReadReg(MSP)  returns 0xFFFFFFFC (0000ms, 55655ms total)
T16C4 10036:295 JLINK_ReadReg(PSP)  returns 0x4D967C34 (0000ms, 55655ms total)
T16C4 10036:295 JLINK_ReadReg(PRIMASK)  returns 0x00000000 (0000ms, 55655ms total)
T16C4 10036:295 JLINK_ReadReg(BASEPRI)  returns 0x00000000 (0000ms, 55655ms total)
T16C4 10036:295 JLINK_ReadReg(FAULTMASK)  returns 0x00000000 (0000ms, 55655ms total)
T16C4 10036:295 JLINK_ReadReg(CONTROL)  returns 0x00000000 (0000ms, 55655ms total)
T16C4 10036:308 JLINK_EndDownload()  returns 0x00 (0000ms, 55655ms total)
T16C4 10036:308 JLINK_Reset() -- CPU_ReadMem(16 bytes @ 0x20000000) -- CPU_WriteMem(16 bytes @ 0x20000000) -- CPU_ReadMem(4 bytes @ 0xE000EDFC) -- CPU_WriteMem(4 bytes @ 0xE000EDFC) -- CPU_ReadMem(4 bytes @ 0xE0001000) -- CPU_WriteMem(4 bytes @ 0xE000EDFC) -- CPU_WriteMem(16 bytes @ 0x20000000) -- CPU_WriteMem(4 bytes @ 0xE0002000) -- CPU_ReadMem(4 bytes @ 0xE000EDFC) -- CPU_ReadMem(4 bytes @ 0xE0001000) (0026ms, 55681ms total)
T1958 10036:334 JLINK_IsHalted()  returns TRUE (0000ms, 55681ms total)
T1958 10036:334 JLINK_GetMOEs(...) -- CPU_ReadMem(4 bytes @ 0xE000ED30) -- CPU_WriteMem(4 bytes @ 0xE000ED30)  returns 0x01 (0002ms, 55683ms total)
T1958 10036:336 JLINK_ReadReg(R15 (PC))  returns 0x0040225C (0000ms, 55683ms total)
T16C4 10036:344 JLINK_ReadReg(R15 (PC))  returns 0x0040225C (0000ms, 55683ms total)
T16C4 10036:344 JLINK_ReadReg(R13 (SP))  returns 0x20003D88 (0000ms, 55683ms total)
T16C4 10036:352 JLINK_ReadMemHW(0x0040225C, 0x0004 Bytes, ...) -- CPU_ReadMem(4 bytes @ 0x0040225C) - Data: 80 B5 84 B0  returns 0x00 (0001ms, 55684ms total)
T16C4 10036:416 JLINK_ReadMemHW(0x004029C8, 0x0001 Bytes, ...) -- CPU_ReadMem(1 bytes @ 0x004029C8) - Data: 90  returns 0x00 (0001ms, 55685ms total)
T16C4 10036:469 JLINK_ReadReg(R15 (PC))  returns 0x0040225C (0000ms, 55685ms total)
T16C4 10036:469 JLINK_GetNumBPUnits(Type = 0xFFFFFF02)  returns 0x06 (0000ms, 55685ms total)
T16C4 10036:469 JLINK_SetBPEx(Addr = 0x004029C8, Type = 0xFFFFFF02)  returns 0x00000001 (0000ms, 55685ms total)
T16C4 10036:469 JLINK_GetBPInfo(BPHandle = 1)  returns 0x00 (0000ms, 55685ms total)
T16C4 10036:469 JLINK_Go() -- CPU_ReadMem(4 bytes @ 0xE0001000) -- CPU_WriteMem(4 bytes @ 0xE0002008) -- CPU_WriteMem(4 bytes @ 0xE000200C) -- CPU_WriteMem(4 bytes @ 0xE0002010) -- CPU_WriteMem(4 bytes @ 0xE0002014) -- CPU_WriteMem(4 bytes @ 0xE0002018) -- CPU_WriteMem(4 bytes @ 0xE000201C) -- CPU_WriteMem(4 bytes @ 0xE0001004) (0005ms, 55690ms total)
T1958 10036:474 JLINK_IsHalted()  returns FALSE (0000ms, 55690ms total)
T1958 10036:506 JLINK_IsHalted()  returns TRUE (0004ms, 55694ms total)
T1958 10036:510 JLINK_GetMOEs(...) -- CPU_ReadMem(4 bytes @ 0xE000ED30) -- CPU_WriteMem(4 bytes @ 0xE000ED30)  returns 0x01 (0002ms, 55692ms total)
T1958 10036:512 JLINK_ReadReg(R15 (PC))  returns 0x004029C8 (0000ms, 55692ms total)
T1958 10036:512 JLINK_WriteMem(0xE000EDFC, 0x0004 Bytes, ...) - Data: 00 00 00 01 -- CPU_WriteMem(4 bytes @ 0xE000EDFC)  returns 0x04 (0001ms, 55693ms total)
T1958 10036:513 JLINK_ReadMem (0xE0001000, 0x0004 Bytes, ...) -- CPU_ReadMem(4 bytes @ 0xE0001000) - Data: 01 00 00 40  returns 0x00 (0001ms, 55694ms total)
T1958 10036:514 JLINK_WriteMem(0xE0001000, 0x0004 Bytes, ...) - Data: 01 00 00 40  returns 0x04 (0000ms, 55694ms total)
T1958 10036:514 JLINK_WriteMem(0xE0001028, 0x0004 Bytes, ...) - Data: 00 01 00 00  returns 0x04 (0000ms, 55694ms total)
T1958 10036:514 JLINK_ReadMem (0xE0001028, 0x0004 Bytes, ...) -- CPU_WriteMem(4 bytes @ 0xE0001028) -- CPU_ReadMem(4 bytes @ 0xE0001028) - Data: 00 00 00 00  returns 0x00 (0001ms, 55695ms total)
T1958 10036:515 JLINK_WriteMem(0xE0001024, 0x0004 Bytes, ...) - Data: 1F 00 00 00  returns 0x04 (0000ms, 55695ms total)
T1958 10036:515 JLINK_ReadMem (0xE0001024, 0x0004 Bytes, ...) -- CPU_WriteMem(4 bytes @ 0xE0001024) -- CPU_ReadMem(4 bytes @ 0xE0001024) - Data: 0F 00 00 00  returns 0x00 (0002ms, 55697ms total)
T1958 10036:517 JLINK_WriteMem(0xE0001038, 0x0004 Bytes, ...) - Data: 00 01 00 00  returns 0x04 (0000ms, 55697ms total)
T1958 10036:517 JLINK_ReadMem (0xE0001038, 0x0004 Bytes, ...) -- CPU_WriteMem(4 bytes @ 0xE0001038) -- CPU_ReadMem(4 bytes @ 0xE0001038) - Data: 00 03 00 00  returns 0x00 (0002ms, 55699ms total)
T1958 10036:519 JLINK_WriteMem(0xE0001034, 0x0004 Bytes, ...) - Data: 1F 00 00 00  returns 0x04 (0000ms, 55699ms total)
T1958 10036:519 JLINK_ReadMem (0xE0001034, 0x0004 Bytes, ...) -- CPU_WriteMem(4 bytes @ 0xE0001034) -- CPU_ReadMem(4 bytes @ 0xE0001034) - Data: 0F 00 00 00  returns 0x00 (0002ms, 55701ms total)
T1958 10036:521 JLINK_WriteMem(0xE0001048, 0x0004 Bytes, ...) - Data: 00 01 00 00  returns 0x04 (0000ms, 55701ms total)
T1958 10036:521 JLINK_ReadMem (0xE0001048, 0x0004 Bytes, ...) -- CPU_WriteMem(4 bytes @ 0xE0001048) -- CPU_ReadMem(4 bytes @ 0xE0001048) - Data: 00 00 00 00  returns 0x00 (0003ms, 55704ms total)
T1958 10036:524 JLINK_WriteMem(0xE0001044, 0x0004 Bytes, ...) - Data: 1F 00 00 00  returns 0x04 (0000ms, 55704ms total)
T1958 10036:524 JLINK_ReadMem (0xE0001044, 0x0004 Bytes, ...) -- CPU_WriteMem(4 bytes @ 0xE0001044) -- CPU_ReadMem(4 bytes @ 0xE0001044) - Data: 0F 00 00 00  returns 0x00 (0002ms, 55706ms total)
T1958 10036:526 JLINK_WriteMem(0xE0001058, 0x0004 Bytes, ...) - Data: 00 01 00 00  returns 0x04 (0000ms, 55706ms total)
T1958 10036:526 JLINK_ReadMem (0xE0001058, 0x0004 Bytes, ...) -- CPU_WriteMem(4 bytes @ 0xE0001058) -- CPU_ReadMem(4 bytes @ 0xE0001058) - Data: 00 00 00 00  returns 0x00 (0003ms, 55709ms total)
T1958 10036:529 JLINK_WriteMem(0xE0001054, 0x0004 Bytes, ...) - Data: 1F 00 00 00  returns 0x04 (0000ms, 55709ms total)
T1958 10036:529 JLINK_ReadMem (0xE0001054, 0x0004 Bytes, ...) -- CPU_WriteMem(4 bytes @ 0xE0001054) -- CPU_ReadMem(4 bytes @ 0xE0001054) - Data: 0F 00 00 00  returns 0x00 (0004ms, 55713ms total)
T1958 10036:533 JLINK_WriteMem(0xE0001020, 0x0004 Bytes, ...) - Data: 00 00 00 00  returns 0x04 (0000ms, 55713ms total)
T1958 10036:533 JLINK_WriteMem(0xE0001024, 0x0004 Bytes, ...) - Data: 00 00 00 00  returns 0x04 (0000ms, 55713ms total)
T1958 10036:533 JLINK_WriteMem(0xE0001028, 0x0004 Bytes, ...) - Data: 00 00 00 00  returns 0x04 (0000ms, 55713ms total)
T1958 10036:533 JLINK_WriteMem(0xE0001030, 0x0004 Bytes, ...) - Data: 00 00 00 00  returns 0x04 (0000ms, 55713ms total)
T1958 10036:533 JLINK_WriteMem(0xE0001034, 0x0004 Bytes, ...) - Data: 00 00 00 00  returns 0x04 (0000ms, 55713ms total)
T1958 10036:533 JLINK_WriteMem(0xE0001038, 0x0004 Bytes, ...) - Data: 00 00 00 00  returns 0x04 (0000ms, 55713ms total)
T1958 10036:533 JLINK_WriteMem(0xE0001040, 0x0004 Bytes, ...) - Data: 00 00 00 00  returns 0x04 (0000ms, 55713ms total)
T1958 10036:533 JLINK_WriteMem(0xE0001044, 0x0004 Bytes, ...) - Data: 00 00 00 00  returns 0x04 (0000ms, 55713ms total)
T1958 10036:533 JLINK_WriteMem(0xE0001048, 0x0004 Bytes, ...) - Data: 00 00 00 00  returns 0x04 (0000ms, 55713ms total)
T1958 10036:533 JLINK_WriteMem(0xE0001050, 0x0004 Bytes, ...) - Data: 00 00 00 00  returns 0x04 (0000ms, 55713ms total)
T1958 10036:533 JLINK_WriteMem(0xE0001054, 0x0004 Bytes, ...) - Data: 00 00 00 00  returns 0x04 (0000ms, 55713ms total)
T1958 10036:533 JLINK_WriteMem(0xE0001058, 0x0004 Bytes, ...) - Data: 00 00 00 00  returns 0x04 (0000ms, 55713ms total)
T1958 10036:533 JLINK_GetBPInfo(BPHandle = 1)  returns 0x00 (0000ms, 55713ms total)
T1958 10036:533 JLINK_ClrBPEx(BPHandle = 0x00000001)  returns 0x00 (0000ms, 55713ms total)
T16C4 10036:534 JLINK_ReadReg(R15 (PC))  returns 0x004029C8 (0000ms, 55713ms total)
T16C4 10036:534 JLINK_ReadReg(R13 (SP))  returns 0x20003D70 (0000ms, 55713ms total)
T16C4 10036:534 JLINK_ReadMemHW(0x004029C8, 0x0004 Bytes, ...) -- CPU_ReadMem(4 bytes @ 0x004029C8) - Data: 90 B5 85 B0  returns 0x00 (0001ms, 55714ms total)
T16C4 10036:546 JLINK_ReadReg(R15 (PC))  returns 0x004029C8 (0000ms, 55714ms total)
T16C4 10036:547 JLINK_Go() -- CPU_WriteMem(4 bytes @ 0xE0001000) -- CPU_ReadMem(4 bytes @ 0xE0001000) -- CPU_WriteMem(4 bytes @ 0xE0001020) -- CPU_WriteMem(4 bytes @ 0xE0001030) -- CPU_WriteMem(4 bytes @ 0xE0001040) -- CPU_WriteMem(4 bytes @ 0xE0001050) -- CPU_WriteMem(4 bytes @ 0xE0001024) -- CPU_WriteMem(4 bytes @ 0xE0001034) -- CPU_WriteMem(4 bytes @ 0xE0001044) -- CPU_WriteMem(4 bytes @ 0xE0001054) -- CPU_WriteMem(4 bytes @ 0xE0001028) -- CPU_WriteMem(4 bytes @ 0xE0001038)
 -- CPU_WriteMem(4 bytes @ 0xE0001048) -- CPU_WriteMem(4 bytes @ 0xE0001058) -- CPU_WriteMem(4 bytes @ 0xE0002008) (0007ms, 55721ms total)
T1958 10036:554 JLINK_IsHalted()  returns FALSE (0001ms, 55722ms total)
T1958 10036:606 JLINK_IsHalted()  returns FALSE (0002ms, 55723ms total)
T1958 10036:768 JLINK_IsHalted()  returns FALSE (0001ms, 55722ms total)
T1958 10036:969 JLINK_IsHalted()  returns FALSE (0001ms, 55722ms total)
T1958 10037:170 JLINK_IsHalted()  returns FALSE (0001ms, 55722ms total)
T1958 10037:371 JLINK_IsHalted()  returns FALSE (0002ms, 55723ms total)
T1958 10037:573 JLINK_IsHalted()  returns FALSE (0001ms, 55722ms total)
T1958 10037:806 JLINK_IsHalted()  returns FALSE (0001ms, 55722ms total)
T1958 10038:007 JLINK_IsHalted()  returns FALSE (0001ms, 55722ms total)
T1958 10038:208 JLINK_IsHalted()  returns FALSE (0001ms, 55722ms total)
T1958 10038:409 JLINK_IsHalted()  returns FALSE (0001ms, 55722ms total)
T1958 10038:610 JLINK_IsHalted()  returns FALSE (0001ms, 55722ms total)
T1958 10038:811 JLINK_IsHalted()  returns FALSE (0001ms, 55722ms total)
T1958 10039:012 JLINK_IsHalted()  returns FALSE (0001ms, 55722ms total)
T1958 10039:213 JLINK_IsHalted()  returns FALSE (0001ms, 55722ms total)
T1958 10039:414 JLINK_IsHalted()  returns FALSE (0001ms, 55722ms total)
T1958 10039:615 JLINK_IsHalted()  returns FALSE (0001ms, 55722ms total)
T1958 10039:816 JLINK_IsHalted()  returns FALSE (0001ms, 55722ms total)
T1958 10040:018 JLINK_IsHalted()  returns FALSE (0001ms, 55722ms total)
T1958 10040:219 JLINK_IsHalted()  returns FALSE (0001ms, 55722ms total)
T1958 10040:420 JLINK_IsHalted()  returns FALSE (0001ms, 55722ms total)
T1958 10040:621 JLINK_IsHalted()  returns FALSE (0001ms, 55722ms total)
T1958 10040:822 JLINK_IsHalted()  returns FALSE (0000ms, 55721ms total)
T1958 10041:022 JLINK_IsHalted()  returns FALSE (0001ms, 55722ms total)
T1958 10041:223 JLINK_IsHalted()  returns FALSE (0001ms, 55722ms total)
T1958 10041:424 JLINK_IsHalted()  returns FALSE (0002ms, 55723ms total)
T1958 10041:657 JLINK_IsHalted()  returns FALSE (0001ms, 55722ms total)
T1958 10041:858 JLINK_IsHalted()  returns FALSE (0001ms, 55722ms total)
T1958 10042:059 JLINK_IsHalted()  returns FALSE (0001ms, 55722ms total)
T1958 10042:260 JLINK_IsHalted()  returns FALSE (0001ms, 55722ms total)
T1958 10042:461 JLINK_IsHalted()  returns FALSE (0001ms, 55722ms total)
T1958 10042:662 JLINK_IsHalted()  returns FALSE (0001ms, 55722ms total)
T1958 10042:863 JLINK_IsHalted()  returns FALSE (0001ms, 55722ms total)
T1958 10043:064 JLINK_IsHalted()  returns FALSE (0001ms, 55722ms total)
T1958 10043:265 JLINK_IsHalted()  returns FALSE (0001ms, 55722ms total)
T1958 10043:466 JLINK_IsHalted()  returns FALSE (0001ms, 55722ms total)
T1958 10043:667 JLINK_IsHalted()  returns FALSE (0001ms, 55722ms total)
T1958 10043:868 JLINK_IsHalted()  returns FALSE (0001ms, 55722ms total)
T1958 10044:069 JLINK_IsHalted()  returns FALSE (0001ms, 55722ms total)
T1958 10044:270 JLINK_IsHalted()  returns FALSE (0000ms, 55721ms total)
T1958 10044:471 JLINK_IsHalted()  returns FALSE (0001ms, 55722ms total)
T1958 10044:672 JLINK_IsHalted()  returns FALSE (0001ms, 55722ms total)
T1958 10044:873 JLINK_IsHalted()  returns FALSE (0001ms, 55722ms total)
T1958 10045:074 JLINK_IsHalted()  returns FALSE (0000ms, 55721ms total)
T1958 10045:274 JLINK_IsHalted()  returns FALSE (0001ms, 55722ms total)
T1958 10045:507 JLINK_IsHalted()  returns FALSE (0001ms, 55722ms total)
T1958 10045:709 JLINK_IsHalted()  returns FALSE (0001ms, 55722ms total)
T1958 10045:910 JLINK_IsHalted()  returns FALSE (0001ms, 55722ms total)
T1958 10046:111 JLINK_IsHalted()  returns FALSE (0001ms, 55722ms total)
T1958 10046:312 JLINK_IsHalted()  returns FALSE (0000ms, 55721ms total)
T1958 10046:512 JLINK_IsHalted()  returns FALSE (0001ms, 55722ms total)
T1958 10046:713 JLINK_IsHalted()  returns FALSE (0001ms, 55722ms total)
T1958 10046:914 JLINK_IsHalted()  returns FALSE (0001ms, 55722ms total)
T1958 10047:115 JLINK_IsHalted()  returns FALSE (0001ms, 55722ms total)
T1958 10047:316 JLINK_IsHalted()  returns FALSE (0001ms, 55722ms total)
T1958 10047:517 JLINK_IsHalted()  returns FALSE (0001ms, 55722ms total)
T1958 10047:718 JLINK_IsHalted()  returns FALSE (0001ms, 55722ms total)
T1958 10047:919 JLINK_IsHalted()  returns FALSE (0001ms, 55722ms total)
T1958 10048:120 JLINK_IsHalted()  returns FALSE (0003ms, 55724ms total)
T1958 10048:325 JLINK_IsHalted()  returns FALSE (0006ms, 55727ms total)
T16C4 10048:331 JLINK_Halt()  returns 0x00 (0004ms, 55725ms total)
T1958 10048:556 JLINK_IsHalted()  returns TRUE (0000ms, 55725ms total)
T1958 10048:556 JLINK_GetMOEs(...) -- CPU_ReadMem(4 bytes @ 0xE000ED30) -- CPU_WriteMem(4 bytes @ 0xE000ED30)  returns 0x01 (0001ms, 55726ms total)
T1958 10048:557 JLINK_ReadReg(R15 (PC))  returns 0x00402B80 (0000ms, 55726ms total)
T0D5C 10048:559 JLINK_ResetPullsRESET(ON) (0000ms, 55726ms total)
T0D5C 10048:559 JLINK_ResetNoHalt() >0x2F8 JTAG>TotalIRLen = 4, IRPrint = 0x01 >0x30 JTAG> >0x210 JTAG> >0x70 JTAG> >0x40 JTAG> >0x40 JTAG> >0x40 JTAG> >0x48 JTAG> >0x78 JTAG> >0x40 JTAG> >0x30 JTAG> >0x40 JTAG> >0x40 JTAG> >0x30 JTAG> >0x40 JTAG> >0x48 JTAG>Found Cortex-M4 r0p1, Little endian. -- CPU_ReadMem(4 bytes @ 0xE000EDF0) -- CPU_ReadMem(4 bytes @ 0xE0002000)FPUnit: 6 code (BP) slots and 2 literal slots -- CPU_ReadMem(4 bytes @ 0xE0001000) -- CPU_ReadMem(4 bytes @ 0xE000ED88)
 -- CPU_WriteMem(4 bytes @ 0xE000ED88) -- CPU_ReadMem(4 bytes @ 0xE000ED88) -- CPU_WriteMem(4 bytes @ 0xE000ED88)CoreSight components:ROMTbl 0 @ E00FF000 -- CPU_ReadMem(16 bytes @ 0xE00FF000) -- CPU_ReadMem(16 bytes @ 0xE000EFF0) -- CPU_ReadMem(16 bytes @ 0xE000EFE0)ROMTbl 0 [0]: FFF0F000, CID: B105E00D, PID: 000BB000 SCS -- CPU_WriteMem(4 bytes @ 0xE0001000) -- CPU_ReadMem(16 bytes @ 0xE0001FF0) -- CPU_ReadMem(16 bytes @ 0xE0001FE0)ROMTbl 0 [1]: FFF02000, CID: B105E00D, PID: 003BB002 DWT
 -- CPU_ReadMem(16 bytes @ 0xE0002FF0) -- CPU_ReadMem(16 bytes @ 0xE0002FE0)ROMTbl 0 [2]: FFF03000, CID: B105E00D, PID: 002BB003 FPB -- CPU_ReadMem(16 bytes @ 0xE0000FF0) -- CPU_ReadMem(16 bytes @ 0xE0000FE0)ROMTbl 0 [3]: FFF01000, CID: B105E00D, PID: 003BB001 ITM -- CPU_ReadMem(16 bytes @ 0xE00FF010) -- CPU_ReadMem(16 bytes @ 0xE0040FF0) -- CPU_ReadMem(16 bytes @ 0xE0040FE0)ROMTbl 0 [4]: FFF41000, CID: B105900D, PID: 000BB9A1 TPIU
                JLINK_Reset() -- CPU_ReadMem(16 bytes @ 0x20000000) -- CPU_WriteMem(16 bytes @ 0x20000000) -- CPU_ReadMem(4 bytes @ 0xE000EDFC) -- CPU_WriteMem(4 bytes @ 0xE000EDFC) -- CPU_ReadMem(4 bytes @ 0xE0001000) -- CPU_WriteMem(4 bytes @ 0xE000EDFC) -- CPU_WriteMem(16 bytes @ 0x20000000) -- CPU_WriteMem(4 bytes @ 0xE0002000) -- CPU_ReadMem(4 bytes @ 0xE000EDFC) -- CPU_ReadMem(4 bytes @ 0xE0001000) (0028ms, 0028ms total)
                JLINK_Go() -- CPU_ReadMem(4 bytes @ 0xE0001000) -- CPU_WriteMem(4 bytes @ 0xE0002008) -- CPU_WriteMem(4 bytes @ 0xE000200C) -- CPU_WriteMem(4 bytes @ 0xE0002010) -- CPU_WriteMem(4 bytes @ 0xE0002014) -- CPU_WriteMem(4 bytes @ 0xE0002018) -- CPU_WriteMem(4 bytes @ 0xE000201C) -- CPU_WriteMem(4 bytes @ 0xE0001004) (0005ms, 0033ms total)
               (0063ms, 55789ms total)
T0D5C 10048:630 JLINK_Close() -- CPU is running -- CPU_WriteMem(4 bytes @ 0xE0002008) -- CPU is running -- CPU_WriteMem(4 bytes @ 0xE000200C) -- CPU is running -- CPU_WriteMem(4 bytes @ 0xE0002010) -- CPU is running -- CPU_WriteMem(4 bytes @ 0xE0002014) -- CPU is running -- CPU_WriteMem(4 bytes @ 0xE0002018) -- CPU is running -- CPU_WriteMem(4 bytes @ 0xE000201C) >0x78 JTAG> >0x08 JTAG> (0008ms, 55797ms total)
T0D5C 10048:630  (0008ms, 55797ms total)
T0D5C 10048:630 Closed (0008ms, 55797ms total)
