T0E74 5531:283 SEGGER J-Link V5.10 Log File (0001ms, 5326ms total)
T0E74 5531:283 DLL Compiled: Nov 27 2015 17:01:28 (0001ms, 5326ms total)
T0E74 5531:283 Logging started @ 2016-03-31 20:56 (0001ms, 5326ms total)
T0E74 5531:970 JLINK_ExecCommand("Device = AT91SAM4SD32C", ...)Device "ATSAM4SD32C" selected.  returns 0x00 (0001ms, 5327ms total)
T0E74 5532:090 JLINK_ExecCommand("ProjectFile = C:\Users\Guilherme\Documents\GitHub\Entregas\Aula 4\GPIO_REGISTRADORES_LED\jlink.config", ...)  returns 0x00 (0001ms, 5328ms total)
T0E74 5532:884 JLINK_ExecCommand("Device = AT91SAM4SD32C", ...)Device "ATSAM4SD32C" selected.  returns 0x00 (0002ms, 5330ms total)
T0E74 5532:886 JLINK_TIF_Select(JLINKARM_TIF_JTAG)  returns 0x00 (0004ms, 5334ms total)
T0E74 5532:890 JLINK_GetIdData(...) >0x2F8 JTAG>TotalIRLen = 4, IRPrint = 0x01 >0x30 JTAG> >0x210 JTAG> >0x70 JTAG> >0x40 JTAG> >0x40 JTAG> >0x40 JTAG> >0x48 JTAG> >0x78 JTAG> >0x40 JTAG> >0x30 JTAG> >0x40 JTAG> >0x40 JTAG> >0x30 JTAG> >0x40 JTAG> >0x48 JTAG>Found Cortex-M4 r0p1, Little endian. -- CPU_ReadMem(4 bytes @ 0xE000EDF0) -- CPU_ReadMem(4 bytes @ 0xE0002000)FPUnit: 6 code (BP) slots and 2 literal slots -- CPU_ReadMem(4 bytes @ 0xE000EDFC) -- CPU_ReadMem(4 bytes @ 0xE0001000)
 -- CPU_WriteMem(4 bytes @ 0xE0001000) -- CPU_ReadMem(4 bytes @ 0xE000ED88) -- CPU_WriteMem(4 bytes @ 0xE000ED88) -- CPU_ReadMem(4 bytes @ 0xE000ED88) -- CPU_WriteMem(4 bytes @ 0xE000ED88)CoreSight components:ROMTbl 0 @ E00FF000 -- CPU_ReadMem(16 bytes @ 0xE00FF000) -- CPU_ReadMem(16 bytes @ 0xE000EFF0) -- CPU_ReadMem(16 bytes @ 0xE000EFE0)ROMTbl 0 [0]: FFF0F000, CID: B105E00D, PID: 000BB000 SCS -- CPU_ReadMem(16 bytes @ 0xE0001FF0) -- CPU_ReadMem(16 bytes @ 0xE0001FE0)
ROMTbl 0 [1]: FFF02000, CID: B105E00D, PID: 003BB002 DWT -- CPU_ReadMem(16 bytes @ 0xE0002FF0) -- CPU_ReadMem(16 bytes @ 0xE0002FE0)ROMTbl 0 [2]: FFF03000, CID: B105E00D, PID: 002BB003 FPB -- CPU_ReadMem(16 bytes @ 0xE0000FF0) -- CPU_ReadMem(16 bytes @ 0xE0000FE0)ROMTbl 0 [3]: FFF01000, CID: B105E00D, PID: 003BB001 ITM -- CPU_ReadMem(16 bytes @ 0xE00FF010) -- CPU_ReadMem(16 bytes @ 0xE0040FF0) -- CPU_ReadMem(16 bytes @ 0xE0040FE0)ROMTbl 0 [4]: FFF41000, CID: B105900D, PID: 000BB9A1 TPIU ScanLen=4
 NumDevices=1 aId[0]=0x4BA00477 aIrRead[0]=0 aScanLen[0]=0 aScanRead[0]=0 (0050ms, 5384ms total)
T0E74 5532:940 JLINK_ConfigJTAG(IRPre = 0, DRPre = 0) (0000ms, 5384ms total)
T0E74 5532:940 JLINK_SetSpeed(3900) (0000ms, 5384ms total)
T0E74 5532:940 JLINK_ResetPullsRESET(OFF) (0000ms, 5384ms total)
T0E74 5532:940 JLINK_Connect() >0x2F8 JTAG>TotalIRLen = 4, IRPrint = 0x01 >0x30 JTAG> >0x210 JTAG> >0x70 JTAG> >0x40 JTAG> >0x40 JTAG> >0x40 JTAG> >0x48 JTAG> >0x78 JTAG> >0x40 JTAG> >0x30 JTAG> >0x40 JTAG> >0x40 JTAG> >0x30 JTAG> >0x40 JTAG> >0x48 JTAG>Found Cortex-M4 r0p1, Little endian. -- CPU_ReadMem(4 bytes @ 0xE000EDF0) -- CPU_ReadMem(4 bytes @ 0xE0002000)FPUnit: 6 code (BP) slots and 2 literal slots -- CPU_ReadMem(4 bytes @ 0xE000EDFC) -- CPU_ReadMem(4 bytes @ 0xE0001000)
 -- CPU_WriteMem(4 bytes @ 0xE0001000) -- CPU_ReadMem(4 bytes @ 0xE000ED88) -- CPU_WriteMem(4 bytes @ 0xE000ED88) -- CPU_ReadMem(4 bytes @ 0xE000ED88) -- CPU_WriteMem(4 bytes @ 0xE000ED88)CoreSight components:ROMTbl 0 @ E00FF000 -- CPU_ReadMem(16 bytes @ 0xE00FF000) -- CPU_ReadMem(16 bytes @ 0xE000EFF0) -- CPU_ReadMem(16 bytes @ 0xE000EFE0)ROMTbl 0 [0]: FFF0F000, CID: B105E00D, PID: 000BB000 SCS -- CPU_ReadMem(16 bytes @ 0xE0001FF0) -- CPU_ReadMem(16 bytes @ 0xE0001FE0)
ROMTbl 0 [1]: FFF02000, CID: B105E00D, PID: 003BB002 DWT -- CPU_ReadMem(16 bytes @ 0xE0002FF0) -- CPU_ReadMem(16 bytes @ 0xE0002FE0)ROMTbl 0 [2]: FFF03000, CID: B105E00D, PID: 002BB003 FPB -- CPU_ReadMem(16 bytes @ 0xE0000FF0) -- CPU_ReadMem(16 bytes @ 0xE0000FE0)ROMTbl 0 [3]: FFF01000, CID: B105E00D, PID: 003BB001 ITM -- CPU_ReadMem(16 bytes @ 0xE00FF010) -- CPU_ReadMem(16 bytes @ 0xE0040FF0) -- CPU_ReadMem(16 bytes @ 0xE0040FE0)ROMTbl 0 [4]: FFF41000, CID: B105900D, PID: 000BB9A1 TPIU  returns 0x00
 (0033ms, 5417ms total)
T0E74 5532:973 JLINK_Halt()  returns 0x00 (0004ms, 5421ms total)
T0E74 5532:977 JLINK_WriteMem(0x400E0A04, 0x0004 Bytes, ...) - Data: 0B 01 00 5A -- CPU_WriteMem(4 bytes @ 0x400E0A04)  returns 0x04 (0002ms, 5423ms total)
T0E74 5532:979 JLINK_ReadMem (0x400E0A08, 0x0004 Bytes, ...) -- CPU_ReadMem(4 bytes @ 0x400E0A08) - Data: 01 00 00 00  returns 0x00 (0001ms, 5424ms total)
T0E74 5532:980 JLINK_WriteMem(0x400E0A04, 0x0004 Bytes, ...) - Data: 0C 02 00 5A -- CPU_WriteMem(4 bytes @ 0x400E0A04)  returns 0x04 (0003ms, 5427ms total)
T0E74 5532:983 JLINK_ReadMem (0x400E0A08, 0x0004 Bytes, ...) -- CPU_ReadMem(4 bytes @ 0x400E0A08) - Data: 01 00 00 00  returns 0x00 (0002ms, 5429ms total)
T0E74 5532:985 JLINK_Reset() -- CPU_ReadMem(16 bytes @ 0x20000000) -- CPU_WriteMem(16 bytes @ 0x20000000) -- CPU_ReadMem(4 bytes @ 0xE000EDFC) -- CPU_WriteMem(4 bytes @ 0xE000EDFC) -- CPU_ReadMem(4 bytes @ 0xE0001000) -- CPU_WriteMem(4 bytes @ 0xE000EDFC) -- CPU_WriteMem(16 bytes @ 0x20000000) -- CPU_WriteMem(4 bytes @ 0xE0002000) -- CPU_ReadMem(4 bytes @ 0xE000EDFC) -- CPU_ReadMem(4 bytes @ 0xE0001000) (0030ms, 5459ms total)
T0E74 5533:017 JLINK_JTAG_GetDeviceID(DeviceIndex = 0)  returns 0x4BA00477 (0000ms, 5459ms total)
T0E74 5533:017 JLINK_ReadMemU32(0x400E0740, 0x0001 Items, ...) -- CPU_ReadMem(4 bytes @ 0x400E0740) - Data: E0 0E A7 29  returns 0x01 (0001ms, 5460ms total)
T0E74 5533:018 JLINK_ReadMemU32(0x400E0744, 0x0001 Items, ...) -- CPU_ReadMem(4 bytes @ 0x400E0744) - Data: 00 00 00 00  returns 0x01 (0000ms, 5460ms total)
T0E74 5533:018 JLINK_WriteMem(0x400E0A04, 0x0004 Bytes, ...) - Data: 05 00 00 5A -- CPU_WriteMem(4 bytes @ 0x400E0A04)  returns 0x04 (0001ms, 5461ms total)
T0E74 5533:019 JLINK_WriteMem(0x400E0C04, 0x0004 Bytes, ...) - Data: 05 00 00 5A -- CPU_WriteMem(4 bytes @ 0x400E0C04)  returns 0x04 (0001ms, 5462ms total)
T0E74 5533:020 JLINK_ReadMem (0x400E0A08, 0x0004 Bytes, ...) -- CPU_ReadMem(4 bytes @ 0x400E0A08) - Data: 00 00 00 00  returns 0x00 (0001ms, 5463ms total)
T0E74 5533:022 JLINK_ReadMem (0x400E0A08, 0x0004 Bytes, ...) -- CPU_ReadMem(4 bytes @ 0x400E0A08) - Data: 00 00 00 00  returns 0x00 (0000ms, 5463ms total)
T1270 5533:026 JLINK_IsHalted()  returns TRUE (0000ms, 5464ms total)
T1270 5533:026 JLINK_GetMOEs(...) -- CPU_ReadMem(4 bytes @ 0xE000ED30) -- CPU_WriteMem(4 bytes @ 0xE000ED30)  returns 0x01 (0002ms, 5466ms total)
T1270 5533:028 JLINK_ReadReg(R15 (PC))  returns 0x00400328 (0000ms, 5466ms total)
T0E74 5533:059 JLINK_ReadMem (0x400E0A08, 0x0004 Bytes, ...) -- CPU_ReadMem(4 bytes @ 0x400E0A08) - Data: 00 00 00 00  returns 0x00 (0001ms, 5467ms total)
T0E74 5533:076 JLINK_ReadMem (0x400E0A08, 0x0004 Bytes, ...) -- CPU_ReadMem(4 bytes @ 0x400E0A08) - Data: 00 00 00 00  returns 0x00 (0001ms, 5468ms total)
T0E74 5533:159 JLINK_ReadMem (0x400E0A08, 0x0004 Bytes, ...) -- CPU_ReadMem(4 bytes @ 0x400E0A08) - Data: 00 00 00 00  returns 0x00 (0001ms, 5469ms total)
T1270 5533:260 JLINK_IsHalted()  returns TRUE (0000ms, 5469ms total)
T0E74 5533:416 JLINK_ReadMem (0x400E0A08, 0x0004 Bytes, ...) -- CPU_ReadMem(4 bytes @ 0x400E0A08) - Data: 00 00 00 00  returns 0x00 (0001ms, 5470ms total)
T1270 5533:460 JLINK_IsHalted()  returns TRUE (0000ms, 5471ms total)
T1270 5533:660 JLINK_IsHalted()  returns TRUE (0001ms, 5472ms total)
T1270 5533:861 JLINK_IsHalted()  returns TRUE (0000ms, 5471ms total)
T1270 5534:061 JLINK_IsHalted()  returns TRUE (0000ms, 5471ms total)
T1270 5534:261 JLINK_IsHalted()  returns TRUE (0001ms, 5472ms total)
T0E74 5534:459 JLINK_ReadMem (0x400E0A08, 0x0004 Bytes, ...) -- CPU_ReadMem(4 bytes @ 0x400E0A08) - Data: 00 00 00 00  returns 0x00 (0001ms, 5472ms total)
T0E74 5534:460 JLINK_ReadMem (0x400E0C08, 0x0004 Bytes, ...) -- CPU_ReadMem(4 bytes @ 0x400E0C08) - Data: 00 00 00 00  returns 0x00 (0001ms, 5473ms total)
T1270 5534:462 JLINK_IsHalted()  returns TRUE (0000ms, 5473ms total)
T0E74 5534:462 JLINK_ReadMem (0x400E0C08, 0x0004 Bytes, ...) -- CPU_ReadMem(4 bytes @ 0x400E0C08) - Data: 00 00 00 00  returns 0x00 (0001ms, 5474ms total)
T0E74 5534:467 JLINK_ReadMem (0x400E0C08, 0x0004 Bytes, ...) -- CPU_ReadMem(4 bytes @ 0x400E0C08) - Data: 00 00 00 00  returns 0x00 (0001ms, 5475ms total)
T0E74 5534:509 JLINK_ReadMem (0x400E0C08, 0x0004 Bytes, ...) -- CPU_ReadMem(4 bytes @ 0x400E0C08) - Data: 00 00 00 00  returns 0x00 (0001ms, 5476ms total)
T0E74 5534:574 JLINK_ReadMem (0x400E0C08, 0x0004 Bytes, ...) -- CPU_ReadMem(4 bytes @ 0x400E0C08) - Data: 00 00 00 00  returns 0x00 (0001ms, 5477ms total)
T1270 5534:662 JLINK_IsHalted()  returns TRUE (0000ms, 5477ms total)
T0E74 5534:859 JLINK_ReadMem (0x400E0C08, 0x0004 Bytes, ...) -- CPU_ReadMem(4 bytes @ 0x400E0C08) - Data: 00 00 00 00  returns 0x00 (0001ms, 5478ms total)
T1270 5534:862 JLINK_IsHalted()  returns TRUE (0001ms, 5479ms total)
T1270 5535:063 JLINK_IsHalted()  returns TRUE (0000ms, 5478ms total)
T1270 5535:263 JLINK_IsHalted()  returns TRUE (0000ms, 5478ms total)
T1270 5535:463 JLINK_IsHalted()  returns TRUE (0001ms, 5479ms total)
T1270 5535:664 JLINK_IsHalted()  returns TRUE (0000ms, 5478ms total)
T1270 5535:864 JLINK_IsHalted()  returns TRUE (0000ms, 5478ms total)
T0E74 5535:909 JLINK_ReadMem (0x400E0C08, 0x0004 Bytes, ...) -- CPU_ReadMem(4 bytes @ 0x400E0C08) - Data: 00 00 00 00  returns 0x00 (0001ms, 5479ms total)
T0E74 5535:910 JLINK_ReadMem (0x400E0A08, 0x0004 Bytes, ...) -- CPU_ReadMem(4 bytes @ 0x400E0A08) - Data: 00 00 00 00  returns 0x00 (0001ms, 5480ms total)
T0E74 5535:912 JLINK_ReadMem (0x400E0A08, 0x0004 Bytes, ...) -- CPU_ReadMem(4 bytes @ 0x400E0A08) - Data: 00 00 00 00  returns 0x00 (0001ms, 5481ms total)
T0E74 5535:917 JLINK_ReadMem (0x400E0A08, 0x0004 Bytes, ...) -- CPU_ReadMem(4 bytes @ 0x400E0A08) - Data: 00 00 00 00  returns 0x00 (0001ms, 5482ms total)
T0E74 5535:959 JLINK_ReadMem (0x400E0A08, 0x0004 Bytes, ...) -- CPU_ReadMem(4 bytes @ 0x400E0A08) - Data: 00 00 00 00  returns 0x00 (0001ms, 5483ms total)
T0E74 5536:024 JLINK_ReadMem (0x400E0A08, 0x0004 Bytes, ...) -- CPU_ReadMem(4 bytes @ 0x400E0A08) - Data: 00 00 00 00  returns 0x00 (0001ms, 5484ms total)
T1270 5536:064 JLINK_IsHalted()  returns TRUE (0001ms, 5485ms total)
T1270 5536:265 JLINK_IsHalted()  returns TRUE (0000ms, 5484ms total)
T0E74 5536:309 JLINK_ReadMem (0x400E0A08, 0x0004 Bytes, ...) -- CPU_ReadMem(4 bytes @ 0x400E0A08) - Data: 00 00 00 00  returns 0x00 (0001ms, 5485ms total)
T1270 5536:465 JLINK_IsHalted()  returns TRUE (0000ms, 5485ms total)
T1270 5536:665 JLINK_IsHalted()  returns TRUE (0001ms, 5486ms total)
T1270 5536:866 JLINK_IsHalted()  returns TRUE (0000ms, 5485ms total)
T1270 5537:066 JLINK_IsHalted()  returns TRUE (0000ms, 5485ms total)
T1270 5537:266 JLINK_IsHalted()  returns TRUE (0001ms, 5486ms total)
T0E74 5537:359 JLINK_ReadMem (0x400E0A08, 0x0004 Bytes, ...) -- CPU_ReadMem(4 bytes @ 0x400E0A08) - Data: 00 00 00 00  returns 0x00 (0001ms, 5486ms total)
T0E74 5537:360 JLINK_ReadMem (0x400E0C08, 0x0004 Bytes, ...) -- CPU_ReadMem(4 bytes @ 0x400E0C08) - Data: 00 00 00 00  returns 0x00 (0001ms, 5487ms total)
T0E74 5537:362 JLINK_ReadMem (0x400E0C08, 0x0004 Bytes, ...) -- CPU_ReadMem(4 bytes @ 0x400E0C08) - Data: 00 00 00 00  returns 0x00 (0001ms, 5488ms total)
T0E74 5537:367 JLINK_ReadMem (0x400E0C08, 0x0004 Bytes, ...) -- CPU_ReadMem(4 bytes @ 0x400E0C08) - Data: 00 00 00 00  returns 0x00 (0001ms, 5489ms total)
T0E74 5537:409 JLINK_ReadMem (0x400E0C08, 0x0004 Bytes, ...) -- CPU_ReadMem(4 bytes @ 0x400E0C08) - Data: 00 00 00 00  returns 0x00 (0001ms, 5490ms total)
T1270 5537:467 JLINK_IsHalted()  returns TRUE (0000ms, 5490ms total)
T0E74 5537:474 JLINK_ReadMem (0x400E0C08, 0x0004 Bytes, ...) -- CPU_ReadMem(4 bytes @ 0x400E0C08) - Data: 00 00 00 00  returns 0x00 (0001ms, 5491ms total)
T1270 5537:667 JLINK_IsHalted()  returns TRUE (0000ms, 5491ms total)
T0E74 5537:759 JLINK_ReadMem (0x400E0C08, 0x0004 Bytes, ...) -- CPU_ReadMem(4 bytes @ 0x400E0C08) - Data: 01 00 00 00  returns 0x00 (0001ms, 5492ms total)
T0E74 5537:760 JLINK_ReadMem (0x400E0A08, 0x0004 Bytes, ...) -- CPU_ReadMem(4 bytes @ 0x400E0A08) - Data: 01 00 00 00  returns 0x00 (0001ms, 5493ms total)
T1270 5537:867 JLINK_IsHalted()  returns TRUE (0001ms, 5494ms total)
T0E74 5537:869 JLINK_ResetPullsRESET(ON) (0000ms, 5493ms total)
T0E74 5537:869 JLINK_ResetNoHalt() >0x2F8 JTAG>TotalIRLen = 4, IRPrint = 0x01 >0x30 JTAG> >0x210 JTAG> >0x70 JTAG> >0x40 JTAG> >0x40 JTAG> >0x40 JTAG> >0x48 JTAG> >0x78 JTAG> >0x40 JTAG> >0x30 JTAG> >0x40 JTAG> >0x40 JTAG> >0x30 JTAG> >0x40 JTAG> >0x48 JTAG>Found Cortex-M4 r0p1, Little endian. -- CPU_ReadMem(4 bytes @ 0xE000EDF0) -- CPU_ReadMem(4 bytes @ 0xE0002000)FPUnit: 6 code (BP) slots and 2 literal slots -- CPU_ReadMem(4 bytes @ 0xE000EDFC) -- CPU_ReadMem(4 bytes @ 0xE0001000)
 -- CPU_ReadMem(4 bytes @ 0xE000ED88) -- CPU_WriteMem(4 bytes @ 0xE000ED88) -- CPU_ReadMem(4 bytes @ 0xE000ED88) -- CPU_WriteMem(4 bytes @ 0xE000ED88)CoreSight components:ROMTbl 0 @ E00FF000 -- CPU_ReadMem(16 bytes @ 0xE00FF000) -- CPU_ReadMem(16 bytes @ 0xE000EFF0) -- CPU_ReadMem(16 bytes @ 0xE000EFE0)ROMTbl 0 [0]: FFF0F000, CID: B105E00D, PID: 000BB000 SCS -- CPU_WriteMem(4 bytes @ 0xE0001000) -- CPU_ReadMem(16 bytes @ 0xE0001FF0) -- CPU_ReadMem(16 bytes @ 0xE0001FE0)
ROMTbl 0 [1]: FFF02000, CID: B105E00D, PID: 003BB002 DWT -- CPU_ReadMem(16 bytes @ 0xE0002FF0) -- CPU_ReadMem(16 bytes @ 0xE0002FE0)ROMTbl 0 [2]: FFF03000, CID: B105E00D, PID: 002BB003 FPB -- CPU_ReadMem(16 bytes @ 0xE0000FF0) -- CPU_ReadMem(16 bytes @ 0xE0000FE0)ROMTbl 0 [3]: FFF01000, CID: B105E00D, PID: 003BB001 ITM -- CPU_ReadMem(16 bytes @ 0xE00FF010) -- CPU_ReadMem(16 bytes @ 0xE0040FF0) -- CPU_ReadMem(16 bytes @ 0xE0040FE0)ROMTbl 0 [4]: FFF41000, CID: B105900D, PID: 000BB9A1 TPIU
                JLINK_Reset() -- CPU_ReadMem(16 bytes @ 0x20000000) -- CPU_WriteMem(16 bytes @ 0x20000000) -- CPU_ReadMem(4 bytes @ 0xE000EDFC) -- CPU_WriteMem(4 bytes @ 0xE000EDFC) -- CPU_ReadMem(4 bytes @ 0xE0001000) -- CPU_WriteMem(4 bytes @ 0xE0001004) -- CPU_WriteMem(4 bytes @ 0xE000EDFC) -- CPU_WriteMem(16 bytes @ 0x20000000) -- CPU_WriteMem(4 bytes @ 0xE0002000) -- CPU_ReadMem(4 bytes @ 0xE000EDFC) -- CPU_ReadMem(4 bytes @ 0xE0001000) (0031ms, 0031ms total)
                JLINK_Go() -- CPU_ReadMem(4 bytes @ 0xE0001000) -- CPU_WriteMem(4 bytes @ 0xE0001004) (0003ms, 0034ms total)
               (0067ms, 5560ms total)
T0E74 5537:937 JLINK_ExecCommand("ProjectFile = C:\Users\Guilherme\Documents\GitHub\Entregas\Aula 4\GPIO_REGISTRADORES_LED\jlink.config", ...)  returns 0x00 (0001ms, 5561ms total)
T0E74 5538:498 JLINK_ExecCommand("Device = AT91SAM4SD32C", ...)Device "ATSAM4SD32C" selected.  returns 0x00 (0001ms, 5562ms total)
T0E74 5538:499 JLINK_TIF_Select(JLINKARM_TIF_JTAG)  returns 0x00 (0000ms, 5562ms total)
T0E74 5538:499 JLINK_GetIdData(...) ScanLen=4 NumDevices=1 aId[0]=0x4BA00477 aIrRead[0]=0 aScanLen[0]=0 aScanRead[0]=0 (0000ms, 5562ms total)
T0E74 5538:499 JLINK_ConfigJTAG(IRPre = 0, DRPre = 0) (0000ms, 5562ms total)
T0E74 5538:499 JLINK_SetSpeed(3900) (0001ms, 5563ms total)
T0E74 5538:500 JLINK_ResetPullsRESET(OFF) (0000ms, 5563ms total)
T0E74 5538:500 JLINK_Connect() >0x2F8 JTAG>TotalIRLen = 4, IRPrint = 0x01 >0x30 JTAG> >0x210 JTAG> >0x70 JTAG> >0x40 JTAG> >0x40 JTAG> >0x40 JTAG> >0x48 JTAG> >0x78 JTAG> >0x40 JTAG> >0x30 JTAG> >0x40 JTAG> >0x40 JTAG> >0x30 JTAG> >0x40 JTAG> >0x48 JTAG>Found Cortex-M4 r0p1, Little endian. -- CPU_ReadMem(4 bytes @ 0xE000EDF0) -- CPU_ReadMem(4 bytes @ 0xE0002000)FPUnit: 6 code (BP) slots and 2 literal slots -- CPU_ReadMem(4 bytes @ 0xE000EDFC) -- CPU_ReadMem(4 bytes @ 0xE0001000)
 -- CPU_WriteMem(4 bytes @ 0xE0001000) -- CPU_ReadMem(4 bytes @ 0xE000ED88) -- CPU_WriteMem(4 bytes @ 0xE000ED88) -- CPU_ReadMem(4 bytes @ 0xE000ED88) -- CPU_WriteMem(4 bytes @ 0xE000ED88)CoreSight components:ROMTbl 0 @ E00FF000 -- CPU_ReadMem(16 bytes @ 0xE00FF000) -- CPU_ReadMem(16 bytes @ 0xE000EFF0) -- CPU_ReadMem(16 bytes @ 0xE000EFE0)ROMTbl 0 [0]: FFF0F000, CID: B105E00D, PID: 000BB000 SCS -- CPU_ReadMem(16 bytes @ 0xE0001FF0) -- CPU_ReadMem(16 bytes @ 0xE0001FE0)
ROMTbl 0 [1]: FFF02000, CID: B105E00D, PID: 003BB002 DWT -- CPU_ReadMem(16 bytes @ 0xE0002FF0) -- CPU_ReadMem(16 bytes @ 0xE0002FE0)ROMTbl 0 [2]: FFF03000, CID: B105E00D, PID: 002BB003 FPB -- CPU_ReadMem(16 bytes @ 0xE0000FF0) -- CPU_ReadMem(16 bytes @ 0xE0000FE0)ROMTbl 0 [3]: FFF01000, CID: B105E00D, PID: 003BB001 ITM -- CPU_ReadMem(16 bytes @ 0xE00FF010) -- CPU_ReadMem(16 bytes @ 0xE0040FF0) -- CPU_ReadMem(16 bytes @ 0xE0040FE0)ROMTbl 0 [4]: FFF41000, CID: B105900D, PID: 000BB9A1 TPIU  returns 0x00
 (0037ms, 5600ms total)
T0E74 5538:537 JLINK_Halt()  returns 0x00 (0004ms, 5604ms total)
T0E74 5538:541 JLINK_WriteMem(0x400E0A04, 0x0004 Bytes, ...) - Data: 0B 01 00 5A -- CPU_WriteMem(4 bytes @ 0x400E0A04)  returns 0x04 (0002ms, 5606ms total)
T0E74 5538:543 JLINK_ReadMem (0x400E0A08, 0x0004 Bytes, ...) -- CPU_ReadMem(4 bytes @ 0x400E0A08) - Data: 01 00 00 00  returns 0x00 (0001ms, 5607ms total)
T0E74 5538:544 JLINK_WriteMem(0x400E0A04, 0x0004 Bytes, ...) - Data: 0C 02 00 5A -- CPU_WriteMem(4 bytes @ 0x400E0A04)  returns 0x04 (0001ms, 5608ms total)
T0E74 5538:545 JLINK_ReadMem (0x400E0A08, 0x0004 Bytes, ...) -- CPU_ReadMem(4 bytes @ 0x400E0A08) - Data: 01 00 00 00  returns 0x00 (0001ms, 5609ms total)
T0E74 5538:546 JLINK_Reset() -- CPU_ReadMem(16 bytes @ 0x20000000) -- CPU_WriteMem(16 bytes @ 0x20000000) -- CPU_ReadMem(4 bytes @ 0xE000EDFC) -- CPU_WriteMem(4 bytes @ 0xE000EDFC) -- CPU_ReadMem(4 bytes @ 0xE0001000) -- CPU_WriteMem(4 bytes @ 0xE000EDFC) -- CPU_WriteMem(16 bytes @ 0x20000000) -- CPU_WriteMem(4 bytes @ 0xE0002000) -- CPU_ReadMem(4 bytes @ 0xE000EDFC) -- CPU_ReadMem(4 bytes @ 0xE0001000) (0030ms, 5639ms total)
T0E74 5538:579 JLINK_JTAG_GetDeviceID(DeviceIndex = 0)  returns 0x4BA00477 (0000ms, 5639ms total)
T0E74 5538:579 JLINK_ReadMemU32(0x400E0740, 0x0001 Items, ...) -- CPU_ReadMem(4 bytes @ 0x400E0740) - Data: E0 0E A7 29  returns 0x01 (0001ms, 5640ms total)
T0E74 5538:580 JLINK_ReadMemU32(0x400E0744, 0x0001 Items, ...) -- CPU_ReadMem(4 bytes @ 0x400E0744) - Data: 00 00 00 00  returns 0x01 (0000ms, 5640ms total)
T0E74 5538:583 JLINK_BeginDownload(Flags = 0x00) (0000ms, 5641ms total)
T0E74 5538:583 JLINK_WriteMem(0x00400000, 0x07E8 Bytes, ...) - Data: D0 34 00 20 29 03 40 00 25 03 40 00 25 03 40 00 ...  returns 0x7E8 (0001ms, 5642ms total)
T0E74 5538:587 JLINK_WriteMem(0x004007E8, 0x0438 Bytes, ...) - Data: BF F3 5F 8F 01 38 FB D1 70 47 00 BF 00 09 3D 00 ...  returns 0x438 (0000ms, 5642ms total)
T1460 5538:613 JLINK_IsHalted()  returns TRUE (0000ms, 5642ms total)
T1460 5538:613 JLINK_GetMOEs(...) -- CPU_ReadMem(4 bytes @ 0xE000ED30) -- CPU_WriteMem(4 bytes @ 0xE000ED30)  returns 0x01 (0002ms, 5644ms total)
T1460 5538:615 JLINK_ReadReg(R15 (PC)) -- -------------------------------------- -- Start of determining dirty areas in flash cache -- End of determining dirty areas -- Start of preparing flash programming -- Calculating RAM usage -- RAM usage = 2932 Bytes -- Preserving CPU registers -- Preparing memory -- Determining CPU clock frequency -- CPU clock frequency: 4198 kHz -- CPU frequency = 4198 kHz -- Preparing target -- Downloading RAMCode -- Checking target RAM -- Preparing RAMCode
 -- End of preparing flash programming -- CPU is running at 90000 kHz. -- Start of comparing flash -- CRC check was estimated as fastest method -- Comparing range 0x400000 - 0x400DFF (7 Sectors, 3 KB), using multi-block CRC calculation -- CRC does not match for sectors 0-6 -- End of comparing flash -- Start of erasing sectors -- End of erasing sectors -- Start of flash programming -- Programming range 0x00400000 - 0x00400DFF (007 Sectors, 3 KB) -- End of flash programming
 -- 0x400000 - 0x400DFF (007 Sectors, 3 KB) -- Start of verifying flash -- Checksum calculation was estimated as fastest method -- End of verifying flash -- Start of restoring -- Restore RAMCode -- Restore content of target memory -- Restore target -- Restore memory -- Restoring CPU registers -- End of restoring -- Flash programming performed for 1 range (3584 bytes) -- Total time needed: 0.327s (Prepare: 0.229s, Compare: 0.004s, Erase: 0.000s, Program: 0.035s, Verify: 0.001s, Restore: 0.056s)
  returns 0xFFFFFFFE (0329ms, 5973ms total)
T106C 5539:010 JLINK_Halt()  returns 0x00 (0001ms, 5974ms total)
T106C 5539:011 JLINK_ReadReg(R15 (PC))  returns 0xFFFFFFFE (0000ms, 5974ms total)
T106C 5539:011 JLINK_ReadReg(R13 (SP))  returns 0xFFFFFFFC (0000ms, 5974ms total)
T106C 5539:109 JLINK_ReadReg(R0)  returns 0x400E1400 (0001ms, 5975ms total)
T106C 5539:110 JLINK_ReadReg(R1)  returns 0x40C00000 (0000ms, 5975ms total)
T106C 5539:110 JLINK_ReadReg(R2)  returns 0xA5000005 (0000ms, 5975ms total)
T106C 5539:110 JLINK_ReadReg(R3)  returns 0x0000608D (0000ms, 5975ms total)
T106C 5539:110 JLINK_ReadReg(R4)  returns 0x400E1000 (0000ms, 5975ms total)
T106C 5539:110 JLINK_ReadReg(R5)  returns 0x00100000 (0000ms, 5975ms total)
T106C 5539:110 JLINK_ReadReg(R6)  returns 0x400E0E00 (0000ms, 5975ms total)
T106C 5539:110 JLINK_ReadReg(R7)  returns 0x00080000 (0000ms, 5975ms total)
T106C 5539:110 JLINK_ReadReg(R8)  returns 0x400E1200 (0000ms, 5975ms total)
T106C 5539:110 JLINK_ReadReg(R9)  returns 0x20000001 (0000ms, 5975ms total)
T106C 5539:110 JLINK_ReadReg(R10)  returns 0x00068A1C (0000ms, 5975ms total)
T106C 5539:110 JLINK_ReadReg(R11)  returns 0x3EC2DEFD (0000ms, 5975ms total)
T106C 5539:110 JLINK_ReadReg(R12)  returns 0x9E140460 (0000ms, 5975ms total)
T106C 5539:110 JLINK_ReadReg(R13 (SP))  returns 0xFFFFFFFC (0000ms, 5975ms total)
T106C 5539:110 JLINK_ReadReg(R14)  returns 0xFFFFFFFF (0000ms, 5975ms total)
T106C 5539:110 JLINK_ReadReg(R15 (PC))  returns 0xFFFFFFFE (0000ms, 5975ms total)
T106C 5539:111 JLINK_ReadReg(XPSR)  returns 0x01000000 (0000ms, 5975ms total)
T106C 5539:111 JLINK_ReadReg(MSP)  returns 0xFFFFFFFC (0000ms, 5975ms total)
T106C 5539:111 JLINK_ReadReg(PSP)  returns 0x4D967C34 (0000ms, 5975ms total)
T106C 5539:111 JLINK_ReadReg(PRIMASK)  returns 0x00000000 (0000ms, 5975ms total)
T106C 5539:111 JLINK_ReadReg(BASEPRI)  returns 0x00000000 (0000ms, 5975ms total)
T106C 5539:111 JLINK_ReadReg(FAULTMASK)  returns 0x00000000 (0000ms, 5975ms total)
T106C 5539:111 JLINK_ReadReg(CONTROL)  returns 0x00000000 (0000ms, 5975ms total)
T106C 5539:121 JLINK_EndDownload()  returns 0x00 (0000ms, 5975ms total)
T106C 5539:121 JLINK_Reset() -- CPU_ReadMem(16 bytes @ 0x20000000) -- CPU_WriteMem(16 bytes @ 0x20000000) -- CPU_ReadMem(4 bytes @ 0xE000EDFC) -- CPU_WriteMem(4 bytes @ 0xE000EDFC) -- CPU_ReadMem(4 bytes @ 0xE0001000) -- CPU_WriteMem(4 bytes @ 0xE000EDFC) -- CPU_WriteMem(16 bytes @ 0x20000000) -- CPU_WriteMem(4 bytes @ 0xE0002000) -- CPU_ReadMem(4 bytes @ 0xE000EDFC) -- CPU_ReadMem(4 bytes @ 0xE0001000) (0029ms, 6004ms total)
T1460 5539:150 JLINK_IsHalted()  returns TRUE (0000ms, 6004ms total)
T1460 5539:150 JLINK_GetMOEs(...) -- CPU_ReadMem(4 bytes @ 0xE000ED30) -- CPU_WriteMem(4 bytes @ 0xE000ED30)  returns 0x01 (0002ms, 6006ms total)
T1460 5539:152 JLINK_ReadReg(R15 (PC))  returns 0x00400328 (0000ms, 6006ms total)
T106C 5539:160 JLINK_ReadReg(R15 (PC))  returns 0x00400328 (0000ms, 6006ms total)
T106C 5539:160 JLINK_ReadReg(R13 (SP))  returns 0x200034D0 (0000ms, 6006ms total)
T106C 5539:169 JLINK_ReadMemHW(0x00400328, 0x0004 Bytes, ...) -- CPU_ReadMem(4 bytes @ 0x00400328) - Data: 08 B5 20 4B  returns 0x00 (0001ms, 6007ms total)
T106C 5539:201 JLINK_ReadMemHW(0x00400580, 0x0001 Bytes, ...) -- CPU_ReadMem(1 bytes @ 0x00400580) - Data: 80  returns 0x00 (0001ms, 6008ms total)
T106C 5539:234 JLINK_ReadReg(R15 (PC))  returns 0x00400328 (0000ms, 6008ms total)
T106C 5539:234 JLINK_GetNumBPUnits(Type = 0xFFFFFF02)  returns 0x06 (0000ms, 6008ms total)
T106C 5539:234 JLINK_SetBPEx(Addr = 0x00400580, Type = 0xFFFFFF02)  returns 0x00000001 (0000ms, 6008ms total)
T106C 5539:234 JLINK_GetBPInfo(BPHandle = 1)  returns 0x00 (0000ms, 6008ms total)
T106C 5539:234 JLINK_Go() -- CPU_ReadMem(4 bytes @ 0xE0001000) -- CPU_WriteMem(4 bytes @ 0xE0002008) -- CPU_WriteMem(4 bytes @ 0xE000200C) -- CPU_WriteMem(4 bytes @ 0xE0002010) -- CPU_WriteMem(4 bytes @ 0xE0002014) -- CPU_WriteMem(4 bytes @ 0xE0002018) -- CPU_WriteMem(4 bytes @ 0xE000201C) -- CPU_WriteMem(4 bytes @ 0xE0001004) (0005ms, 6013ms total)
T1460 5539:239 JLINK_IsHalted()  returns TRUE (0003ms, 6016ms total)
T1460 5539:242 JLINK_GetMOEs(...) -- CPU_ReadMem(4 bytes @ 0xE000ED30) -- CPU_WriteMem(4 bytes @ 0xE000ED30)  returns 0x01 (0002ms, 6015ms total)
T1460 5539:244 JLINK_ReadReg(R15 (PC))  returns 0x00400580 (0000ms, 6015ms total)
T1460 5539:244 JLINK_WriteMem(0xE000EDFC, 0x0004 Bytes, ...) - Data: 00 00 00 01 -- CPU_WriteMem(4 bytes @ 0xE000EDFC)  returns 0x04 (0001ms, 6016ms total)
T1460 5539:245 JLINK_ReadMem (0xE0001000, 0x0004 Bytes, ...) -- CPU_ReadMem(4 bytes @ 0xE0001000) - Data: 01 00 00 40  returns 0x00 (0000ms, 6016ms total)
T1460 5539:246 JLINK_WriteMem(0xE0001000, 0x0004 Bytes, ...) - Data: 01 00 00 40  returns 0x04 (0000ms, 6016ms total)
T1460 5539:246 JLINK_WriteMem(0xE0001028, 0x0004 Bytes, ...) - Data: 00 01 00 00  returns 0x04 (0000ms, 6016ms total)
T1460 5539:246 JLINK_ReadMem (0xE0001028, 0x0004 Bytes, ...) -- CPU_WriteMem(4 bytes @ 0xE0001028) -- CPU_ReadMem(4 bytes @ 0xE0001028) - Data: 00 00 00 00  returns 0x00 (0001ms, 6017ms total)
T1460 5539:247 JLINK_WriteMem(0xE0001024, 0x0004 Bytes, ...) - Data: 1F 00 00 00  returns 0x04 (0000ms, 6017ms total)
T1460 5539:247 JLINK_ReadMem (0xE0001024, 0x0004 Bytes, ...) -- CPU_WriteMem(4 bytes @ 0xE0001024) -- CPU_ReadMem(4 bytes @ 0xE0001024) - Data: 0F 00 00 00  returns 0x00 (0002ms, 6019ms total)
T1460 5539:249 JLINK_WriteMem(0xE0001038, 0x0004 Bytes, ...) - Data: 00 01 00 00  returns 0x04 (0000ms, 6019ms total)
T1460 5539:249 JLINK_ReadMem (0xE0001038, 0x0004 Bytes, ...) -- CPU_WriteMem(4 bytes @ 0xE0001038) -- CPU_ReadMem(4 bytes @ 0xE0001038) - Data: 00 03 00 00  returns 0x00 (0002ms, 6021ms total)
T1460 5539:251 JLINK_WriteMem(0xE0001034, 0x0004 Bytes, ...) - Data: 1F 00 00 00  returns 0x04 (0000ms, 6021ms total)
T1460 5539:251 JLINK_ReadMem (0xE0001034, 0x0004 Bytes, ...) -- CPU_WriteMem(4 bytes @ 0xE0001034) -- CPU_ReadMem(4 bytes @ 0xE0001034) - Data: 0F 00 00 00  returns 0x00 (0002ms, 6023ms total)
T1460 5539:253 JLINK_WriteMem(0xE0001048, 0x0004 Bytes, ...) - Data: 00 01 00 00  returns 0x04 (0000ms, 6023ms total)
T1460 5539:253 JLINK_ReadMem (0xE0001048, 0x0004 Bytes, ...) -- CPU_WriteMem(4 bytes @ 0xE0001048) -- CPU_ReadMem(4 bytes @ 0xE0001048) - Data: 00 00 00 00  returns 0x00 (0001ms, 6024ms total)
T1460 5539:254 JLINK_WriteMem(0xE0001044, 0x0004 Bytes, ...) - Data: 1F 00 00 00  returns 0x04 (0000ms, 6024ms total)
T1460 5539:254 JLINK_ReadMem (0xE0001044, 0x0004 Bytes, ...) -- CPU_WriteMem(4 bytes @ 0xE0001044) -- CPU_ReadMem(4 bytes @ 0xE0001044) - Data: 0F 00 00 00  returns 0x00 (0002ms, 6026ms total)
T1460 5539:256 JLINK_WriteMem(0xE0001058, 0x0004 Bytes, ...) - Data: 00 01 00 00  returns 0x04 (0000ms, 6026ms total)
T1460 5539:256 JLINK_ReadMem (0xE0001058, 0x0004 Bytes, ...) -- CPU_WriteMem(4 bytes @ 0xE0001058) -- CPU_ReadMem(4 bytes @ 0xE0001058) - Data: 00 00 00 00  returns 0x00 (0002ms, 6028ms total)
T1460 5539:258 JLINK_WriteMem(0xE0001054, 0x0004 Bytes, ...) - Data: 1F 00 00 00  returns 0x04 (0000ms, 6028ms total)
T1460 5539:258 JLINK_ReadMem (0xE0001054, 0x0004 Bytes, ...) -- CPU_WriteMem(4 bytes @ 0xE0001054) -- CPU_ReadMem(4 bytes @ 0xE0001054) - Data: 0F 00 00 00  returns 0x00 (0002ms, 6030ms total)
T1460 5539:260 JLINK_WriteMem(0xE0001020, 0x0004 Bytes, ...) - Data: 00 00 00 00  returns 0x04 (0000ms, 6030ms total)
T1460 5539:260 JLINK_WriteMem(0xE0001024, 0x0004 Bytes, ...) - Data: 00 00 00 00  returns 0x04 (0000ms, 6030ms total)
T1460 5539:260 JLINK_WriteMem(0xE0001028, 0x0004 Bytes, ...) - Data: 00 00 00 00  returns 0x04 (0000ms, 6030ms total)
T1460 5539:260 JLINK_WriteMem(0xE0001030, 0x0004 Bytes, ...) - Data: 00 00 00 00  returns 0x04 (0000ms, 6030ms total)
T1460 5539:260 JLINK_WriteMem(0xE0001034, 0x0004 Bytes, ...) - Data: 00 00 00 00  returns 0x04 (0000ms, 6030ms total)
T1460 5539:260 JLINK_WriteMem(0xE0001038, 0x0004 Bytes, ...) - Data: 00 00 00 00  returns 0x04 (0000ms, 6030ms total)
T1460 5539:260 JLINK_WriteMem(0xE0001040, 0x0004 Bytes, ...) - Data: 00 00 00 00  returns 0x04 (0000ms, 6030ms total)
T1460 5539:260 JLINK_WriteMem(0xE0001044, 0x0004 Bytes, ...) - Data: 00 00 00 00  returns 0x04 (0000ms, 6030ms total)
T1460 5539:260 JLINK_WriteMem(0xE0001048, 0x0004 Bytes, ...) - Data: 00 00 00 00  returns 0x04 (0000ms, 6030ms total)
T1460 5539:260 JLINK_WriteMem(0xE0001050, 0x0004 Bytes, ...) - Data: 00 00 00 00  returns 0x04 (0000ms, 6030ms total)
T1460 5539:260 JLINK_WriteMem(0xE0001054, 0x0004 Bytes, ...) - Data: 00 00 00 00  returns 0x04 (0000ms, 6030ms total)
T1460 5539:260 JLINK_WriteMem(0xE0001058, 0x0004 Bytes, ...) - Data: 00 00 00 00  returns 0x04 (0000ms, 6030ms total)
T1460 5539:260 JLINK_GetBPInfo(BPHandle = 1)  returns 0x00 (0000ms, 6030ms total)
T1460 5539:260 JLINK_ClrBPEx(BPHandle = 0x00000001)  returns 0x00 (0000ms, 6030ms total)
T106C 5539:269 JLINK_ReadReg(R15 (PC))  returns 0x00400580 (0000ms, 6030ms total)
T106C 5539:269 JLINK_ReadReg(R13 (SP))  returns 0x200034C8 (0000ms, 6030ms total)
T106C 5539:269 JLINK_ReadMemHW(0x00400580, 0x0004 Bytes, ...) -- CPU_ReadMem(4 bytes @ 0x00400580) - Data: 80 B5 37 4B  returns 0x00 (0001ms, 6031ms total)
T106C 5539:282 JLINK_ReadReg(R15 (PC))  returns 0x00400580 (0000ms, 6031ms total)
T106C 5539:282 JLINK_Go() -- CPU_WriteMem(4 bytes @ 0xE0001000) -- CPU_ReadMem(4 bytes @ 0xE0001000) -- CPU_WriteMem(4 bytes @ 0xE0001020) -- CPU_WriteMem(4 bytes @ 0xE0001030) -- CPU_WriteMem(4 bytes @ 0xE0001040) -- CPU_WriteMem(4 bytes @ 0xE0001050) -- CPU_WriteMem(4 bytes @ 0xE0001024) -- CPU_WriteMem(4 bytes @ 0xE0001034) -- CPU_WriteMem(4 bytes @ 0xE0001044) -- CPU_WriteMem(4 bytes @ 0xE0001054) -- CPU_WriteMem(4 bytes @ 0xE0001028) -- CPU_WriteMem(4 bytes @ 0xE0001038)
 -- CPU_WriteMem(4 bytes @ 0xE0001048) -- CPU_WriteMem(4 bytes @ 0xE0001058) -- CPU_WriteMem(4 bytes @ 0xE0002008) (0007ms, 6038ms total)
T1460 5539:289 JLINK_IsHalted()  returns FALSE (0001ms, 6039ms total)
T1460 5539:360 JLINK_IsHalted()  returns FALSE (0001ms, 6039ms total)
T1460 5539:521 JLINK_IsHalted()  returns FALSE (0001ms, 6039ms total)
T1460 5539:722 JLINK_IsHalted()  returns FALSE (0001ms, 6039ms total)
T1460 5539:923 JLINK_IsHalted()  returns FALSE (0001ms, 6039ms total)
T1460 5540:124 JLINK_IsHalted()  returns FALSE (0001ms, 6039ms total)
T1460 5540:325 JLINK_IsHalted()  returns FALSE (0001ms, 6039ms total)
T1460 5540:526 JLINK_IsHalted()  returns FALSE (0001ms, 6039ms total)
T1460 5540:727 JLINK_IsHalted()  returns FALSE (0001ms, 6039ms total)
T1460 5540:960 JLINK_IsHalted()  returns FALSE (0001ms, 6039ms total)
T1460 5541:162 JLINK_IsHalted()  returns FALSE (0002ms, 6040ms total)
T1460 5541:364 JLINK_IsHalted()  returns FALSE (0001ms, 6039ms total)
T1460 5541:565 JLINK_IsHalted()  returns FALSE (0001ms, 6039ms total)
T1460 5541:766 JLINK_IsHalted()  returns FALSE (0001ms, 6039ms total)
T1460 5541:967 JLINK_IsHalted()  returns FALSE (0001ms, 6039ms total)
T1460 5542:168 JLINK_IsHalted()  returns FALSE (0001ms, 6039ms total)
T1460 5542:369 JLINK_IsHalted()  returns FALSE (0001ms, 6039ms total)
T1460 5542:570 JLINK_IsHalted()  returns FALSE (0001ms, 6039ms total)
T1460 5542:771 JLINK_IsHalted()  returns FALSE (0001ms, 6039ms total)
T1460 5542:972 JLINK_IsHalted()  returns FALSE (0001ms, 6039ms total)
T1460 5543:173 JLINK_IsHalted()  returns FALSE (0001ms, 6039ms total)
T1460 5543:374 JLINK_IsHalted()  returns FALSE (0001ms, 6039ms total)
T1460 5543:575 JLINK_IsHalted()  returns FALSE (0001ms, 6039ms total)
T1460 5543:776 JLINK_IsHalted()  returns FALSE (0001ms, 6039ms total)
T1460 5544:009 JLINK_IsHalted()  returns FALSE (0001ms, 6039ms total)
T1460 5544:210 JLINK_IsHalted()  returns FALSE (0001ms, 6039ms total)
T1460 5544:411 JLINK_IsHalted()  returns FALSE (0001ms, 6039ms total)
T1460 5544:612 JLINK_IsHalted()  returns FALSE (0001ms, 6039ms total)
T1460 5544:813 JLINK_IsHalted()  returns FALSE (0001ms, 6039ms total)
T1460 5545:014 JLINK_IsHalted()  returns FALSE (0001ms, 6039ms total)
T1460 5545:215 JLINK_IsHalted()  returns FALSE (0001ms, 6039ms total)
T1460 5545:416 JLINK_IsHalted()  returns FALSE (0001ms, 6039ms total)
T1460 5545:617 JLINK_IsHalted()  returns FALSE (0001ms, 6039ms total)
T1460 5545:818 JLINK_IsHalted()  returns FALSE (0001ms, 6039ms total)
T1460 5546:019 JLINK_IsHalted()  returns FALSE (0001ms, 6039ms total)
T1460 5546:220 JLINK_IsHalted()  returns FALSE (0001ms, 6039ms total)
T1460 5546:421 JLINK_IsHalted()  returns FALSE (0001ms, 6039ms total)
T1460 5546:622 JLINK_IsHalted()  returns FALSE (0001ms, 6039ms total)
T1460 5546:823 JLINK_IsHalted()  returns FALSE (0001ms, 6039ms total)
T1460 5547:024 JLINK_IsHalted()  returns FALSE (0001ms, 6039ms total)
T1460 5547:225 JLINK_IsHalted()  returns FALSE (0001ms, 6039ms total)
T1460 5547:426 JLINK_IsHalted()  returns FALSE (0001ms, 6039ms total)
T1460 5547:659 JLINK_IsHalted()  returns FALSE (0001ms, 6039ms total)
T1460 5547:860 JLINK_IsHalted()  returns FALSE (0001ms, 6039ms total)
T1460 5548:061 JLINK_IsHalted()  returns FALSE (0000ms, 6038ms total)
T1460 5548:262 JLINK_IsHalted()  returns FALSE (0001ms, 6039ms total)
T1460 5548:463 JLINK_IsHalted()  returns FALSE (0001ms, 6039ms total)
T1460 5548:664 JLINK_IsHalted()  returns FALSE (0001ms, 6039ms total)
T1460 5548:865 JLINK_IsHalted()  returns FALSE (0001ms, 6039ms total)
T1460 5549:066 JLINK_IsHalted()  returns FALSE (0001ms, 6039ms total)
T1460 5549:267 JLINK_IsHalted()  returns FALSE (0001ms, 6039ms total)
T1460 5549:468 JLINK_IsHalted()  returns FALSE (0001ms, 6039ms total)
T1460 5549:669 JLINK_IsHalted()  returns FALSE (0001ms, 6039ms total)
T1460 5549:870 JLINK_IsHalted()  returns FALSE (0001ms, 6039ms total)
T1460 5550:071 JLINK_IsHalted()  returns FALSE (0001ms, 6039ms total)
T1460 5550:272 JLINK_IsHalted()  returns FALSE (0001ms, 6039ms total)
T1460 5550:473 JLINK_IsHalted()  returns FALSE (0001ms, 6039ms total)
T1460 5550:674 JLINK_IsHalted()  returns FALSE (0001ms, 6039ms total)
T1460 5550:875 JLINK_IsHalted()  returns FALSE (0001ms, 6039ms total)
T1460 5551:076 JLINK_IsHalted()  returns FALSE (0000ms, 6038ms total)
T1460 5551:276 JLINK_IsHalted()  returns FALSE (0001ms, 6039ms total)
T1460 5551:509 JLINK_IsHalted()  returns FALSE (0001ms, 6039ms total)
T1460 5551:710 JLINK_IsHalted()  returns FALSE (0001ms, 6039ms total)
T1460 5551:911 JLINK_IsHalted()  returns FALSE (0000ms, 6038ms total)
T1460 5552:111 JLINK_IsHalted()  returns FALSE (0001ms, 6039ms total)
T1460 5552:312 JLINK_IsHalted()  returns FALSE (0001ms, 6039ms total)
T1460 5552:513 JLINK_IsHalted()  returns FALSE (0001ms, 6039ms total)
T1460 5552:714 JLINK_IsHalted()  returns FALSE (0001ms, 6039ms total)
T1460 5552:915 JLINK_IsHalted()  returns FALSE (0001ms, 6039ms total)
T1460 5553:116 JLINK_IsHalted()  returns FALSE (0001ms, 6039ms total)
T1460 5553:317 JLINK_IsHalted()  returns FALSE (0001ms, 6039ms total)
T1460 5553:518 JLINK_IsHalted()  returns FALSE (0001ms, 6039ms total)
T1460 5553:719 JLINK_IsHalted()  returns FALSE (0000ms, 6038ms total)
T1460 5553:920 JLINK_IsHalted()  returns FALSE (0001ms, 6039ms total)
T1460 5554:121 JLINK_IsHalted()  returns FALSE (0001ms, 6039ms total)
T1460 5554:322 JLINK_IsHalted()  returns FALSE (0001ms, 6039ms total)
T1460 5554:523 JLINK_IsHalted()  returns FALSE (0001ms, 6039ms total)
T1460 5554:724 JLINK_IsHalted()  returns FALSE (0001ms, 6039ms total)
T1460 5554:925 JLINK_IsHalted()  returns FALSE (0001ms, 6039ms total)
T1460 5555:126 JLINK_IsHalted()  returns FALSE (0001ms, 6039ms total)
T1460 5555:359 JLINK_IsHalted()  returns FALSE (0001ms, 6039ms total)
T1460 5555:560 JLINK_IsHalted()  returns FALSE (0000ms, 6038ms total)
T1460 5555:760 JLINK_IsHalted()  returns FALSE (0001ms, 6039ms total)
T1460 5555:961 JLINK_IsHalted()  returns FALSE (0001ms, 6039ms total)
T1460 5556:162 JLINK_IsHalted()  returns FALSE (0001ms, 6039ms total)
T1460 5556:363 JLINK_IsHalted()  returns FALSE (0001ms, 6039ms total)
T1460 5556:565 JLINK_IsHalted()  returns FALSE (0001ms, 6039ms total)
T1460 5556:766 JLINK_IsHalted()  returns FALSE (0001ms, 6039ms total)
T1460 5556:967 JLINK_IsHalted()  returns FALSE (0001ms, 6039ms total)
T1460 5557:168 JLINK_IsHalted()  returns FALSE (0001ms, 6039ms total)
T1460 5557:369 JLINK_IsHalted()  returns FALSE (0001ms, 6039ms total)
T1460 5557:570 JLINK_IsHalted()  returns FALSE (0001ms, 6039ms total)
T1460 5557:771 JLINK_IsHalted()  returns FALSE (0001ms, 6039ms total)
T1460 5557:972 JLINK_IsHalted()  returns FALSE (0001ms, 6039ms total)
T1460 5558:173 JLINK_IsHalted()  returns FALSE (0001ms, 6039ms total)
T1460 5558:374 JLINK_IsHalted()  returns FALSE (0001ms, 6039ms total)
T1460 5558:575 JLINK_IsHalted()  returns FALSE (0001ms, 6039ms total)
T1460 5558:776 JLINK_IsHalted()  returns FALSE (0001ms, 6039ms total)
T1460 5558:977 JLINK_IsHalted()  returns FALSE (0001ms, 6039ms total)
T1460 5559:210 JLINK_IsHalted()  returns FALSE (0001ms, 6039ms total)
T1460 5559:411 JLINK_IsHalted()  returns FALSE (0001ms, 6039ms total)
T1460 5559:612 JLINK_IsHalted()  returns FALSE (0001ms, 6039ms total)
T1460 5559:813 JLINK_IsHalted()  returns FALSE (0001ms, 6039ms total)
T1460 5560:014 JLINK_IsHalted()  returns FALSE (0001ms, 6039ms total)
T1460 5560:215 JLINK_IsHalted()  returns FALSE (0001ms, 6039ms total)
T1460 5560:416 JLINK_IsHalted()  returns FALSE (0001ms, 6039ms total)
T1460 5560:617 JLINK_IsHalted()  returns FALSE (0001ms, 6039ms total)
T1460 5560:818 JLINK_IsHalted()  returns FALSE (0001ms, 6039ms total)
T1460 5561:019 JLINK_IsHalted()  returns FALSE (0001ms, 6039ms total)
T1460 5561:220 JLINK_IsHalted()  returns FALSE (0001ms, 6039ms total)
T1460 5561:421 JLINK_IsHalted()  returns FALSE (0001ms, 6039ms total)
T1460 5561:622 JLINK_IsHalted()  returns FALSE (0001ms, 6039ms total)
T1460 5561:823 JLINK_IsHalted()  returns FALSE (0001ms, 6039ms total)
T1460 5562:024 JLINK_IsHalted()  returns FALSE (0001ms, 6039ms total)
T1460 5562:225 JLINK_IsHalted()  returns FALSE (0001ms, 6039ms total)
T1460 5562:426 JLINK_IsHalted()  returns FALSE (0001ms, 6039ms total)
T1460 5562:659 JLINK_IsHalted()  returns FALSE (0001ms, 6039ms total)
T1460 5562:860 JLINK_IsHalted()  returns FALSE (0001ms, 6039ms total)
T1460 5563:061 JLINK_IsHalted()  returns FALSE (0001ms, 6039ms total)
T1460 5563:262 JLINK_IsHalted()  returns FALSE (0000ms, 6038ms total)
T1460 5563:462 JLINK_IsHalted()  returns FALSE (0001ms, 6039ms total)
T1460 5563:663 JLINK_IsHalted()  returns FALSE (0001ms, 6039ms total)
T1460 5563:864 JLINK_IsHalted()  returns FALSE (0001ms, 6039ms total)
T1460 5564:065 JLINK_IsHalted()  returns FALSE (0001ms, 6039ms total)
T1460 5564:266 JLINK_IsHalted()  returns FALSE (0001ms, 6039ms total)
T1460 5564:468 JLINK_IsHalted()  returns FALSE (0001ms, 6039ms total)
T1460 5564:669 JLINK_IsHalted()  returns FALSE (0001ms, 6039ms total)
T1460 5564:870 JLINK_IsHalted()  returns FALSE (0001ms, 6039ms total)
T1460 5565:071 JLINK_IsHalted()  returns FALSE (0001ms, 6039ms total)
T1460 5565:272 JLINK_IsHalted()  returns FALSE (0001ms, 6039ms total)
T1460 5565:473 JLINK_IsHalted()  returns FALSE (0001ms, 6039ms total)
T1460 5565:674 JLINK_IsHalted()  returns FALSE (0001ms, 6039ms total)
T1460 5565:875 JLINK_IsHalted()  returns FALSE (0001ms, 6039ms total)
T1460 5566:076 JLINK_IsHalted()  returns FALSE (0001ms, 6039ms total)
T1460 5566:309 JLINK_IsHalted()  returns FALSE (0000ms, 6038ms total)
T1460 5566:512 JLINK_IsHalted()  returns FALSE (0001ms, 6039ms total)
T1460 5566:713 JLINK_IsHalted()  returns FALSE (0000ms, 6038ms total)
