T1270 9066:105 SEGGER J-Link V4.98e Log File (0001ms, 95735ms total)
T1270 9066:105 DLL Compiled: May  5 2015 11:00:52 (0001ms, 95735ms total)
T1270 9066:105 Logging started @ 2016-09-01 21:55 (0001ms, 95735ms total)
T1270 9066:115 JLINK_ExecCommand("Device = AT91SAM4SD32C", ...)Device "ATSAM4SD32C" selected.  returns 0x00 (0001ms, 95736ms total)
T1270 9066:156 JLINK_ExecCommand("ProjectFile = T:20-UART\jlink.config", ...)  returns 0x00 (0001ms, 95737ms total)
T1270 9066:169 JLINK_ExecCommand("Device = AT91SAM4SD32C", ...)Device "ATSAM4SD32C" selected.  returns 0x00 (0000ms, 95737ms total)
T1270 9066:169 JLINK_TIF_Select(JLINKARM_TIF_JTAG)  returns 0x00 (0003ms, 95740ms total)
T1270 9066:172 JLINK_GetIdData(...) >0x2F8 JTAG>TotalIRLen = 4, IRPrint = 0x01 >0x30 JTAG> >0x210 JTAG> >0x70 JTAG> >0x40 JTAG> >0x40 JTAG> >0x40 JTAG> >0x48 JTAG> >0x78 JTAG> >0x40 JTAG> >0x30 JTAG> >0x40 JTAG> >0x40 JTAG> >0x30 JTAG> >0x40 JTAG> >0x48 JTAG>Found Cortex-M4 r0p1, Little endian. -- CPU_WriteMem(4 bytes @ 0xE0002000) -- CPU_ReadMem(4 bytes @ 0xE000EDF0) -- CPU_ReadMem(4 bytes @ 0xE0002000)FPUnit: 6 code (BP) slots and 2 literal slots -- CPU_ReadMem(4 bytes @ 0xE000EDFC)
 -- CPU_ReadMem(4 bytes @ 0xE0001000) -- CPU_WriteMem(4 bytes @ 0xE0001000) -- CPU_ReadMem(4 bytes @ 0xE000ED88) -- CPU_WriteMem(4 bytes @ 0xE000ED88) -- CPU_ReadMem(4 bytes @ 0xE000ED88) -- CPU_WriteMem(4 bytes @ 0xE000ED88)CoreSight components:ROMTbl 0 @ E00FF000 -- CPU_ReadMem(16 bytes @ 0xE00FF000) -- CPU_ReadMem(16 bytes @ 0xE000EFF0) -- CPU_ReadMem(16 bytes @ 0xE000EFE0)ROMTbl 0 [0]: FFF0F000, CID: B105E00D, PID: 000BB000 SCS -- CPU_ReadMem(16 bytes @ 0xE0001FF0)
 -- CPU_ReadMem(16 bytes @ 0xE0001FE0)ROMTbl 0 [1]: FFF02000, CID: B105E00D, PID: 003BB002 DWT -- CPU_ReadMem(16 bytes @ 0xE0002FF0) -- CPU_ReadMem(16 bytes @ 0xE0002FE0)ROMTbl 0 [2]: FFF03000, CID: B105E00D, PID: 002BB003 FPB -- CPU_ReadMem(16 bytes @ 0xE0000FF0) -- CPU_ReadMem(16 bytes @ 0xE0000FE0)ROMTbl 0 [3]: FFF01000, CID: B105E00D, PID: 003BB001 ITM -- CPU_ReadMem(16 bytes @ 0xE00FF010) -- CPU_ReadMem(16 bytes @ 0xE0040FF0) -- CPU_ReadMem(16 bytes @ 0xE0040FE0)
ROMTbl 0 [4]: FFF41000, CID: B105900D, PID: 000BB9A1 TPIU ScanLen=4 NumDevices=1 aId[0]=0x4BA00477 aIrRead[0]=0 aScanLen[0]=0 aScanRead[0]=0 (0038ms, 95778ms total)
T1270 9066:210 JLINK_ConfigJTAG(IRPre = 0, DRPre = 0) (0000ms, 95778ms total)
T1270 9066:210 JLINK_SetSpeed(1000) (0000ms, 95778ms total)
T1270 9066:210 JLINK_ResetPullsRESET(OFF) (0000ms, 95778ms total)
T1270 9066:210 JLINK_Connect() >0x2F8 JTAG>TotalIRLen = 4, IRPrint = 0x01 >0x30 JTAG> >0x210 JTAG> >0x70 JTAG> >0x40 JTAG> >0x40 JTAG> >0x40 JTAG> >0x48 JTAG> >0x78 JTAG> >0x40 JTAG> >0x30 JTAG> >0x40 JTAG> >0x40 JTAG> >0x30 JTAG> >0x40 JTAG> >0x48 JTAG>Found Cortex-M4 r0p1, Little endian. -- CPU_WriteMem(4 bytes @ 0xE0002000) -- CPU_ReadMem(4 bytes @ 0xE000EDF0) -- CPU_ReadMem(4 bytes @ 0xE0002000)FPUnit: 6 code (BP) slots and 2 literal slots -- CPU_ReadMem(4 bytes @ 0xE000EDFC)
 -- CPU_ReadMem(4 bytes @ 0xE0001000) -- CPU_WriteMem(4 bytes @ 0xE0001000) -- CPU_ReadMem(4 bytes @ 0xE000ED88) -- CPU_WriteMem(4 bytes @ 0xE000ED88) -- CPU_ReadMem(4 bytes @ 0xE000ED88) -- CPU_WriteMem(4 bytes @ 0xE000ED88)CoreSight components:ROMTbl 0 @ E00FF000 -- CPU_ReadMem(16 bytes @ 0xE00FF000) -- CPU_ReadMem(16 bytes @ 0xE000EFF0) -- CPU_ReadMem(16 bytes @ 0xE000EFE0)ROMTbl 0 [0]: FFF0F000, CID: B105E00D, PID: 000BB000 SCS -- CPU_ReadMem(16 bytes @ 0xE0001FF0)
 -- CPU_ReadMem(16 bytes @ 0xE0001FE0)ROMTbl 0 [1]: FFF02000, CID: B105E00D, PID: 003BB002 DWT -- CPU_ReadMem(16 bytes @ 0xE0002FF0) -- CPU_ReadMem(16 bytes @ 0xE0002FE0)ROMTbl 0 [2]: FFF03000, CID: B105E00D, PID: 002BB003 FPB -- CPU_ReadMem(16 bytes @ 0xE0000FF0) -- CPU_ReadMem(16 bytes @ 0xE0000FE0)ROMTbl 0 [3]: FFF01000, CID: B105E00D, PID: 003BB001 ITM -- CPU_ReadMem(16 bytes @ 0xE00FF010) -- CPU_ReadMem(16 bytes @ 0xE0040FF0) -- CPU_ReadMem(16 bytes @ 0xE0040FE0)
ROMTbl 0 [4]: FFF41000, CID: B105900D, PID: 000BB9A1 TPIU  returns 0x00 (0036ms, 95814ms total)
T1270 9066:246 JLINK_GetDebugInfo(0x100) -- Value=0xE00FF003  returns 0x00 (0000ms, 95814ms total)
T1270 9066:246 JLINK_ReadMem (0xE00FFFF0, 0x0010 Bytes, ...) -- CPU is running -- CPU_ReadMem(16 bytes @ 0xE00FFFF0) - Data: 0D 00 00 00 10 00 00 00 05 00 00 00 B1 00 00 00  returns 0x00 (0002ms, 95816ms total)
T1270 9066:248 JLINK_ReadMem (0xE00FFFD0, 0x0020 Bytes, ...) -- CPU is running -- CPU_ReadMem(32 bytes @ 0xE00FFFD0) - Data: 04 00 00 00 00 00 00 00 00 00 00 00 00 00 00 00 ...  returns 0x00 (0002ms, 95818ms total)
T1270 9066:250 JLINK_ReadMemU32(0xE00FF000, 0x0001 Items, ...) -- CPU is running -- CPU_ReadMem(4 bytes @ 0xE00FF000) - Data: 03 F0 F0 FF  returns 0x01 (0001ms, 95819ms total)
T1270 9066:251 JLINK_ReadMem (0xE000EFF0, 0x0010 Bytes, ...) -- CPU is running -- CPU_ReadMem(16 bytes @ 0xE000EFF0) - Data: 0D 00 00 00 E0 00 00 00 05 00 00 00 B1 00 00 00  returns 0x00 (0001ms, 95820ms total)
T1270 9066:252 JLINK_ReadMem (0xE000EFD0, 0x0020 Bytes, ...) -- CPU is running -- CPU_ReadMem(32 bytes @ 0xE000EFD0) - Data: 04 00 00 00 00 00 00 00 00 00 00 00 00 00 00 00 ...  returns 0x00 (0002ms, 95822ms total)
T1270 9066:254 JLINK_ReadMemU32(0xE00FF004, 0x0001 Items, ...) -- CPU is running -- CPU_ReadMem(4 bytes @ 0xE00FF004) - Data: 03 20 F0 FF  returns 0x01 (0001ms, 95823ms total)
T1270 9066:255 JLINK_ReadMem (0xE0001FF0, 0x0010 Bytes, ...) -- CPU is running -- CPU_ReadMem(16 bytes @ 0xE0001FF0) - Data: 0D 00 00 00 E0 00 00 00 05 00 00 00 B1 00 00 00  returns 0x00 (0002ms, 95825ms total)
T1270 9066:257 JLINK_ReadMem (0xE0001FD0, 0x0020 Bytes, ...) -- CPU is running -- CPU_ReadMem(32 bytes @ 0xE0001FD0) - Data: 04 00 00 00 00 00 00 00 00 00 00 00 00 00 00 00 ...  returns 0x00 (0001ms, 95826ms total)
T1270 9066:258 JLINK_ReadMemU32(0xE00FF008, 0x0001 Items, ...) -- CPU is running -- CPU_ReadMem(4 bytes @ 0xE00FF008) - Data: 03 30 F0 FF  returns 0x01 (0001ms, 95827ms total)
T1270 9066:259 JLINK_ReadMem (0xE0002FF0, 0x0010 Bytes, ...) -- CPU is running -- CPU_ReadMem(16 bytes @ 0xE0002FF0) - Data: 0D 00 00 00 E0 00 00 00 05 00 00 00 B1 00 00 00  returns 0x00 (0002ms, 95829ms total)
T1270 9066:261 JLINK_ReadMem (0xE0002FD0, 0x0020 Bytes, ...) -- CPU is running -- CPU_ReadMem(32 bytes @ 0xE0002FD0) - Data: 04 00 00 00 00 00 00 00 00 00 00 00 00 00 00 00 ...  returns 0x00 (0001ms, 95830ms total)
T1270 9066:262 JLINK_ReadMemU32(0xE00FF00C, 0x0001 Items, ...) -- CPU is running -- CPU_ReadMem(4 bytes @ 0xE00FF00C) - Data: 03 10 F0 FF  returns 0x01 (0001ms, 95831ms total)
T1270 9066:263 JLINK_ReadMem (0xE0000FF0, 0x0010 Bytes, ...) -- CPU is running -- CPU_ReadMem(16 bytes @ 0xE0000FF0) - Data: 0D 00 00 00 E0 00 00 00 05 00 00 00 B1 00 00 00  returns 0x00 (0001ms, 95832ms total)
T1270 9066:264 JLINK_ReadMem (0xE0000FD0, 0x0020 Bytes, ...) -- CPU is running -- CPU_ReadMem(32 bytes @ 0xE0000FD0) - Data: 04 00 00 00 00 00 00 00 00 00 00 00 00 00 00 00 ...  returns 0x00 (0002ms, 95834ms total)
T1270 9066:266 JLINK_ReadMemU32(0xE00FF010, 0x0001 Items, ...) -- CPU is running -- CPU_ReadMem(4 bytes @ 0xE00FF010) - Data: 03 10 F4 FF  returns 0x01 (0001ms, 95835ms total)
T1270 9066:267 JLINK_ReadMem (0xE0040FF0, 0x0010 Bytes, ...) -- CPU is running -- CPU_ReadMem(16 bytes @ 0xE0040FF0) - Data: 0D 00 00 00 90 00 00 00 05 00 00 00 B1 00 00 00  returns 0x00 (0001ms, 95836ms total)
T1270 9066:268 JLINK_ReadMem (0xE0040FD0, 0x0020 Bytes, ...) -- CPU is running -- CPU_ReadMem(32 bytes @ 0xE0040FD0) - Data: 04 00 00 00 00 00 00 00 00 00 00 00 00 00 00 00 ...  returns 0x00 (0002ms, 95838ms total)
T1270 9066:270 JLINK_ReadMemU32(0xE00FF014, 0x0001 Items, ...) -- CPU is running -- CPU_ReadMem(4 bytes @ 0xE00FF014) - Data: 02 20 F4 FF  returns 0x01 (0001ms, 95839ms total)
T1270 9066:271 JLINK_ReadMemU32(0xE00FF018, 0x0001 Items, ...) -- CPU is running -- CPU_ReadMem(4 bytes @ 0xE00FF018) - Data: 00 00 00 00  returns 0x01 (0001ms, 95840ms total)
T1270 9066:272 JLINK_ReadMem (0xE0001000, 0x0004 Bytes, ...) -- CPU is running -- CPU_ReadMem(4 bytes @ 0xE0001000) - Data: 01 00 00 40  returns 0x00 (0001ms, 95841ms total)
T1270 9066:273 JLINK_ReadMem (0xE0001000, 0x0004 Bytes, ...) -- CPU is running -- CPU_ReadMem(4 bytes @ 0xE0001000) - Data: 01 00 00 40  returns 0x00 (0001ms, 95842ms total)
T1270 9066:274 JLINK_ReadMem (0xE0001028, 0x0004 Bytes, ...) -- CPU is running -- CPU_ReadMem(4 bytes @ 0xE0001028) - Data: 00 00 00 00  returns 0x00 (0001ms, 95843ms total)
T1270 9066:275 JLINK_WriteMem(0xE0001028, 0x0004 Bytes, ...) - Data: 00 01 00 00 -- CPU is running -- CPU_WriteMem(4 bytes @ 0xE0001028)  returns 0x04 (0001ms, 95844ms total)
T1270 9066:276 JLINK_ReadMem (0xE0001028, 0x0004 Bytes, ...) -- CPU is running -- CPU_ReadMem(4 bytes @ 0xE0001028) - Data: 00 00 00 00  returns 0x00 (0001ms, 95845ms total)
T1270 9066:277 JLINK_ReadMem (0xE0001038, 0x0004 Bytes, ...) -- CPU is running -- CPU_ReadMem(4 bytes @ 0xE0001038) - Data: 00 02 00 00  returns 0x00 (0002ms, 95847ms total)
T1270 9066:279 JLINK_WriteMem(0xE0001038, 0x0004 Bytes, ...) - Data: 00 03 00 00 -- CPU is running -- CPU_WriteMem(4 bytes @ 0xE0001038)  returns 0x04 (0000ms, 95847ms total)
T1270 9066:279 JLINK_ReadMem (0xE0001038, 0x0004 Bytes, ...) -- CPU is running -- CPU_ReadMem(4 bytes @ 0xE0001038) - Data: 00 03 00 00  returns 0x00 (0001ms, 95848ms total)
T1270 9066:280 JLINK_ReadMem (0xE0001048, 0x0004 Bytes, ...) -- CPU is running -- CPU_ReadMem(4 bytes @ 0xE0001048) - Data: 00 00 00 00  returns 0x00 (0001ms, 95849ms total)
T1270 9066:281 JLINK_WriteMem(0xE0001048, 0x0004 Bytes, ...) - Data: 00 01 00 00 -- CPU is running -- CPU_WriteMem(4 bytes @ 0xE0001048)  returns 0x04 (0001ms, 95850ms total)
T1270 9066:282 JLINK_ReadMem (0xE0001048, 0x0004 Bytes, ...) -- CPU is running -- CPU_ReadMem(4 bytes @ 0xE0001048) - Data: 00 00 00 00  returns 0x00 (0001ms, 95851ms total)
T1270 9066:283 JLINK_ReadMem (0xE0001058, 0x0004 Bytes, ...) -- CPU is running -- CPU_ReadMem(4 bytes @ 0xE0001058) - Data: 00 00 00 00  returns 0x00 (0001ms, 95852ms total)
T1270 9066:284 JLINK_WriteMem(0xE0001058, 0x0004 Bytes, ...) - Data: 00 01 00 00 -- CPU is running -- CPU_WriteMem(4 bytes @ 0xE0001058)  returns 0x04 (0001ms, 95853ms total)
T1270 9066:285 JLINK_ReadMem (0xE0001058, 0x0004 Bytes, ...) -- CPU is running -- CPU_ReadMem(4 bytes @ 0xE0001058) - Data: 00 00 00 00  returns 0x00 (0001ms, 95854ms total)
T1270 9066:286 JLINK_ReadMem (0xE0001024, 0x0004 Bytes, ...) -- CPU is running -- CPU_ReadMem(4 bytes @ 0xE0001024) - Data: 00 00 00 00  returns 0x00 (0001ms, 95855ms total)
T1270 9066:287 JLINK_WriteMem(0xE0001024, 0x0004 Bytes, ...) - Data: 1F 00 00 00 -- CPU is running -- CPU_WriteMem(4 bytes @ 0xE0001024)  returns 0x04 (0001ms, 95856ms total)
T1270 9066:288 JLINK_ReadMem (0xE0001024, 0x0004 Bytes, ...) -- CPU is running -- CPU_ReadMem(4 bytes @ 0xE0001024) - Data: 0F 00 00 00  returns 0x00 (0001ms, 95857ms total)
T1270 9066:289 JLINK_ReadMem (0xE0001034, 0x0004 Bytes, ...) -- CPU is running -- CPU_ReadMem(4 bytes @ 0xE0001034) - Data: 00 00 00 00  returns 0x00 (0001ms, 95858ms total)
T1270 9066:290 JLINK_WriteMem(0xE0001034, 0x0004 Bytes, ...) - Data: 1F 00 00 00 -- CPU is running -- CPU_WriteMem(4 bytes @ 0xE0001034)  returns 0x04 (0001ms, 95859ms total)
T1270 9066:291 JLINK_ReadMem (0xE0001034, 0x0004 Bytes, ...) -- CPU is running -- CPU_ReadMem(4 bytes @ 0xE0001034) - Data: 0F 00 00 00  returns 0x00 (0001ms, 95860ms total)
T1270 9066:292 JLINK_ReadMem (0xE0001044, 0x0004 Bytes, ...) -- CPU is running -- CPU_ReadMem(4 bytes @ 0xE0001044) - Data: 00 00 00 00  returns 0x00 (0001ms, 95861ms total)
T1270 9066:293 JLINK_WriteMem(0xE0001044, 0x0004 Bytes, ...) - Data: 1F 00 00 00 -- CPU is running -- CPU_WriteMem(4 bytes @ 0xE0001044)  returns 0x04 (0001ms, 95862ms total)
T1270 9066:294 JLINK_ReadMem (0xE0001044, 0x0004 Bytes, ...) -- CPU is running -- CPU_ReadMem(4 bytes @ 0xE0001044) - Data: 0F 00 00 00  returns 0x00 (0001ms, 95863ms total)
T1270 9066:295 JLINK_ReadMem (0xE0001054, 0x0004 Bytes, ...) -- CPU is running -- CPU_ReadMem(4 bytes @ 0xE0001054) - Data: 00 00 00 00  returns 0x00 (0001ms, 95864ms total)
T1270 9066:296 JLINK_WriteMem(0xE0001054, 0x0004 Bytes, ...) - Data: 1F 00 00 00 -- CPU is running -- CPU_WriteMem(4 bytes @ 0xE0001054)  returns 0x04 (0001ms, 95865ms total)
T1270 9066:297 JLINK_ReadMem (0xE0001054, 0x0004 Bytes, ...) -- CPU is running -- CPU_ReadMem(4 bytes @ 0xE0001054) - Data: 0F 00 00 00  returns 0x00 (0001ms, 95866ms total)
T1270 9066:298 JLINK_ReadMem (0xE0001028, 0x0004 Bytes, ...) -- CPU is running -- CPU_ReadMem(4 bytes @ 0xE0001028) - Data: 00 00 00 00  returns 0x00 (0001ms, 95867ms total)
T1270 9066:299 JLINK_ReadMem (0xE0001038, 0x0004 Bytes, ...) -- CPU is running -- CPU_ReadMem(4 bytes @ 0xE0001038) - Data: 00 03 00 00  returns 0x00 (0001ms, 95868ms total)
T1270 9066:300 JLINK_ReadMem (0xE0001048, 0x0004 Bytes, ...) -- CPU is running -- CPU_ReadMem(4 bytes @ 0xE0001048) - Data: 00 00 00 00  returns 0x00 (0001ms, 95869ms total)
T1270 9066:301 JLINK_ReadMem (0xE0001058, 0x0004 Bytes, ...) -- CPU is running -- CPU_ReadMem(4 bytes @ 0xE0001058) - Data: 00 00 00 00  returns 0x00 (0001ms, 95870ms total)
T1270 9066:302 JLINK_WriteMem(0xE0001020, 0x0004 Bytes, ...) - Data: 00 00 00 00 -- CPU is running -- CPU_WriteMem(4 bytes @ 0xE0001020)  returns 0x04 (0001ms, 95871ms total)
T1270 9066:303 JLINK_WriteMem(0xE0001024, 0x0004 Bytes, ...) - Data: 00 00 00 00 -- CPU is running -- CPU_WriteMem(4 bytes @ 0xE0001024)  returns 0x04 (0001ms, 95872ms total)
T1270 9066:304 JLINK_WriteMem(0xE0001028, 0x0004 Bytes, ...) - Data: 00 00 00 00 -- CPU is running -- CPU_WriteMem(4 bytes @ 0xE0001028)  returns 0x04 (0001ms, 95873ms total)
T1270 9066:305 JLINK_WriteMem(0xE0001030, 0x0004 Bytes, ...) - Data: 00 00 00 00 -- CPU is running -- CPU_WriteMem(4 bytes @ 0xE0001030)  returns 0x04 (0001ms, 95874ms total)
T1270 9066:306 JLINK_WriteMem(0xE0001034, 0x0004 Bytes, ...) - Data: 00 00 00 00 -- CPU is running -- CPU_WriteMem(4 bytes @ 0xE0001034)  returns 0x04 (0001ms, 95875ms total)
T1270 9066:307 JLINK_WriteMem(0xE0001038, 0x0004 Bytes, ...) - Data: 00 00 00 00 -- CPU is running -- CPU_WriteMem(4 bytes @ 0xE0001038)  returns 0x04 (0001ms, 95876ms total)
T1270 9066:308 JLINK_WriteMem(0xE0001040, 0x0004 Bytes, ...) - Data: 00 00 00 00 -- CPU is running -- CPU_WriteMem(4 bytes @ 0xE0001040)  returns 0x04 (0001ms, 95877ms total)
T1270 9066:309 JLINK_WriteMem(0xE0001044, 0x0004 Bytes, ...) - Data: 00 00 00 00 -- CPU is running -- CPU_WriteMem(4 bytes @ 0xE0001044)  returns 0x04 (0000ms, 95877ms total)
T1270 9066:310 JLINK_WriteMem(0xE0001048, 0x0004 Bytes, ...) - Data: 00 00 00 00 -- CPU is running -- CPU_WriteMem(4 bytes @ 0xE0001048)  returns 0x04 (0000ms, 95877ms total)
T1270 9066:310 JLINK_WriteMem(0xE0001050, 0x0004 Bytes, ...) - Data: 00 00 00 00 -- CPU is running -- CPU_WriteMem(4 bytes @ 0xE0001050)  returns 0x04 (0001ms, 95878ms total)
T1270 9066:311 JLINK_WriteMem(0xE0001054, 0x0004 Bytes, ...) - Data: 00 00 00 00 -- CPU is running -- CPU_WriteMem(4 bytes @ 0xE0001054)  returns 0x04 (0001ms, 95879ms total)
T1270 9066:312 JLINK_WriteMem(0xE0001058, 0x0004 Bytes, ...) - Data: 00 00 00 00 -- CPU is running -- CPU_WriteMem(4 bytes @ 0xE0001058)  returns 0x04 (0001ms, 95880ms total)
T1270 9066:313 JLINK_Halt()  returns 0x00 (0008ms, 95888ms total)
T1270 9066:321 JLINK_WriteMem(0x400E0A04, 0x0004 Bytes, ...) - Data: 0B 01 00 5A -- CPU_WriteMem(4 bytes @ 0x400E0A04)  returns 0x04 (0001ms, 95889ms total)
T1270 9066:322 JLINK_ReadMem (0x400E0A08, 0x0004 Bytes, ...) -- CPU_ReadMem(4 bytes @ 0x400E0A08) - Data: 01 00 00 00  returns 0x00 (0001ms, 95890ms total)
T1270 9066:323 JLINK_WriteMem(0x400E0A04, 0x0004 Bytes, ...) - Data: 0C 02 00 5A -- CPU_WriteMem(4 bytes @ 0x400E0A04)  returns 0x04 (0001ms, 95891ms total)
T1270 9066:324 JLINK_ReadMem (0x400E0A08, 0x0004 Bytes, ...) -- CPU_ReadMem(4 bytes @ 0x400E0A08) - Data: 01 00 00 00  returns 0x00 (0001ms, 95892ms total)
T1270 9066:325 JLINK_Reset() -- CPU_ReadMem(16 bytes @ 0x20000000) -- CPU_WriteMem(16 bytes @ 0x20000000) -- CPU_ReadMem(4 bytes @ 0xE000EDFC) -- CPU_WriteMem(4 bytes @ 0xE000EDFC) -- CPU_ReadMem(4 bytes @ 0xE0001000) -- CPU_WriteMem(4 bytes @ 0xE000EDFC) -- CPU_WriteMem(16 bytes @ 0x20000000) -- CPU_WriteMem(4 bytes @ 0xE0002000) -- CPU_ReadMem(4 bytes @ 0xE000EDFC) -- CPU_ReadMem(4 bytes @ 0xE0001000) (0037ms, 95929ms total)
T1270 9066:364 JLINK_JTAG_GetDeviceID(DeviceIndex = 0)  returns 0x4BA00477 (0000ms, 95929ms total)
T1270 9066:364 JLINK_ReadMemU32(0x400E0740, 0x0001 Items, ...) -- CPU_ReadMem(4 bytes @ 0x400E0740) - Data: E0 0E A7 29  returns 0x01 (0001ms, 95930ms total)
T1270 9066:365 JLINK_ReadMemU32(0x400E0744, 0x0001 Items, ...) -- CPU_ReadMem(4 bytes @ 0x400E0744) - Data: 00 00 00 00  returns 0x01 (0001ms, 95931ms total)
T1270 9066:366 JLINK_WriteMem(0x400E0A04, 0x0004 Bytes, ...) - Data: 05 00 00 5A -- CPU_WriteMem(4 bytes @ 0x400E0A04)  returns 0x04 (0001ms, 95932ms total)
T1270 9066:367 JLINK_WriteMem(0x400E0C04, 0x0004 Bytes, ...) - Data: 05 00 00 5A -- CPU_WriteMem(4 bytes @ 0x400E0C04)  returns 0x04 (0001ms, 95933ms total)
T1270 9066:368 JLINK_ReadMem (0x400E0A08, 0x0004 Bytes, ...) -- CPU_ReadMem(4 bytes @ 0x400E0A08) - Data: 00 00 00 00  returns 0x00 (0001ms, 95934ms total)
T1270 9066:370 JLINK_ReadMem (0x400E0A08, 0x0004 Bytes, ...) -- CPU_ReadMem(4 bytes @ 0x400E0A08) - Data: 00 00 00 00  returns 0x00 (0001ms, 95935ms total)
T18D0 9066:374 JLINK_IsHalted()  returns TRUE (0000ms, 95935ms total)
T18D0 9066:374 JLINK_GetMOEs(...) -- CPU_ReadMem(4 bytes @ 0xE000ED30) -- CPU_WriteMem(4 bytes @ 0xE000ED30)  returns 0x01 (0001ms, 95936ms total)
T1270 9066:376 JLINK_ReadMem (0x400E0A08, 0x0004 Bytes, ...) -- CPU_ReadMem(4 bytes @ 0x400E0A08) - Data: 00 00 00 00  returns 0x00 (0001ms, 95938ms total)
T18D0 9066:377 JLINK_ReadReg(R15 (PC))  returns 0x00400B64 (0000ms, 95938ms total)
T1270 9066:393 JLINK_ReadMem (0x400E0A08, 0x0004 Bytes, ...) -- CPU_ReadMem(4 bytes @ 0x400E0A08) - Data: 00 00 00 00  returns 0x00 (0001ms, 95939ms total)
T1270 9066:458 JLINK_ReadMem (0x400E0A08, 0x0004 Bytes, ...) -- CPU_ReadMem(4 bytes @ 0x400E0A08) - Data: 00 00 00 00  returns 0x00 (0001ms, 95940ms total)
T18D0 9066:577 JLINK_IsHalted()  returns TRUE (0000ms, 95940ms total)
T1270 9066:715 JLINK_ReadMem (0x400E0A08, 0x0004 Bytes, ...) -- CPU_ReadMem(4 bytes @ 0x400E0A08) - Data: 00 00 00 00  returns 0x00 (0001ms, 95941ms total)
T18D0 9066:777 JLINK_IsHalted()  returns TRUE (0000ms, 95941ms total)
T18D0 9066:977 JLINK_IsHalted()  returns TRUE (0001ms, 95942ms total)
T18D0 9067:178 JLINK_IsHalted()  returns TRUE (0000ms, 95941ms total)
T18D0 9067:378 JLINK_IsHalted()  returns TRUE (0000ms, 95941ms total)
T18D0 9067:578 JLINK_IsHalted()  returns TRUE (0001ms, 95942ms total)
T1270 9067:716 JLINK_ReadMem (0x400E0A08, 0x0004 Bytes, ...) -- CPU_ReadMem(4 bytes @ 0x400E0A08) - Data: 00 00 00 00  returns 0x00 (0001ms, 95942ms total)
T1270 9067:717 JLINK_ReadMem (0x400E0C08, 0x0004 Bytes, ...) -- CPU_ReadMem(4 bytes @ 0x400E0C08) - Data: 00 00 00 00  returns 0x00 (0002ms, 95944ms total)
T1270 9067:720 JLINK_ReadMem (0x400E0C08, 0x0004 Bytes, ...) -- CPU_ReadMem(4 bytes @ 0x400E0C08) - Data: 00 00 00 00  returns 0x00 (0001ms, 95945ms total)
T1270 9067:725 JLINK_ReadMem (0x400E0C08, 0x0004 Bytes, ...) -- CPU_ReadMem(4 bytes @ 0x400E0C08) - Data: 00 00 00 00  returns 0x00 (0001ms, 95946ms total)
T1270 9067:742 JLINK_ReadMem (0x400E0C08, 0x0004 Bytes, ...) -- CPU_ReadMem(4 bytes @ 0x400E0C08) - Data: 00 00 00 00  returns 0x00 (0001ms, 95947ms total)
T18D0 9067:779 JLINK_IsHalted()  returns TRUE (0000ms, 95947ms total)
T1270 9067:807 JLINK_ReadMem (0x400E0C08, 0x0004 Bytes, ...) -- CPU_ReadMem(4 bytes @ 0x400E0C08) - Data: 00 00 00 00  returns 0x00 (0001ms, 95948ms total)
T18D0 9067:979 JLINK_IsHalted()  returns TRUE (0000ms, 95948ms total)
T1270 9068:064 JLINK_ReadMem (0x400E0C08, 0x0004 Bytes, ...) -- CPU_ReadMem(4 bytes @ 0x400E0C08) - Data: 00 00 00 00  returns 0x00 (0001ms, 95949ms total)
T18D0 9068:179 JLINK_IsHalted()  returns TRUE (0001ms, 95950ms total)
T18D0 9068:380 JLINK_IsHalted()  returns TRUE (0001ms, 95950ms total)
T18D0 9068:581 JLINK_IsHalted()  returns TRUE (0000ms, 95949ms total)
T18D0 9068:781 JLINK_IsHalted()  returns TRUE (0001ms, 95950ms total)
T18D0 9068:982 JLINK_IsHalted()  returns TRUE (0000ms, 95949ms total)
T1270 9069:065 JLINK_ReadMem (0x400E0C08, 0x0004 Bytes, ...) -- CPU_ReadMem(4 bytes @ 0x400E0C08) - Data: 00 00 00 00  returns 0x00 (0001ms, 95950ms total)
T1270 9069:066 JLINK_ReadMem (0x400E0A08, 0x0004 Bytes, ...) -- CPU_ReadMem(4 bytes @ 0x400E0A08) - Data: 00 00 00 00  returns 0x00 (0002ms, 95952ms total)
T1270 9069:069 JLINK_ReadMem (0x400E0A08, 0x0004 Bytes, ...) -- CPU_ReadMem(4 bytes @ 0x400E0A08) - Data: 00 00 00 00  returns 0x00 (0001ms, 95953ms total)
T1270 9069:074 JLINK_ReadMem (0x400E0A08, 0x0004 Bytes, ...) -- CPU_ReadMem(4 bytes @ 0x400E0A08) - Data: 00 00 00 00  returns 0x00 (0001ms, 95954ms total)
T1270 9069:091 JLINK_ReadMem (0x400E0A08, 0x0004 Bytes, ...) -- CPU_ReadMem(4 bytes @ 0x400E0A08) - Data: 00 00 00 00  returns 0x00 (0001ms, 95955ms total)
T1270 9069:156 JLINK_ReadMem (0x400E0A08, 0x0004 Bytes, ...) -- CPU_ReadMem(4 bytes @ 0x400E0A08) - Data: 00 00 00 00  returns 0x00 (0001ms, 95956ms total)
T18D0 9069:182 JLINK_IsHalted()  returns TRUE (0000ms, 95956ms total)
T18D0 9069:382 JLINK_IsHalted()  returns TRUE (0002ms, 95958ms total)
T1270 9069:413 JLINK_ReadMem (0x400E0A08, 0x0004 Bytes, ...) -- CPU_ReadMem(4 bytes @ 0x400E0A08) - Data: 00 00 00 00  returns 0x00 (0001ms, 95957ms total)
T18D0 9069:584 JLINK_IsHalted()  returns TRUE (0000ms, 95957ms total)
T18D0 9069:784 JLINK_IsHalted()  returns TRUE (0000ms, 95957ms total)
T18D0 9069:984 JLINK_IsHalted()  returns TRUE (0001ms, 95958ms total)
T18D0 9070:185 JLINK_IsHalted()  returns TRUE (0000ms, 95957ms total)
T18D0 9070:385 JLINK_IsHalted()  returns TRUE (0000ms, 95957ms total)
T1270 9070:414 JLINK_ReadMem (0x400E0A08, 0x0004 Bytes, ...) -- CPU_ReadMem(4 bytes @ 0x400E0A08) - Data: 00 00 00 00  returns 0x00 (0001ms, 95958ms total)
T1270 9070:415 JLINK_ReadMem (0x400E0C08, 0x0004 Bytes, ...) -- CPU_ReadMem(4 bytes @ 0x400E0C08) - Data: 00 00 00 00  returns 0x00 (0002ms, 95960ms total)
T1270 9070:418 JLINK_ReadMem (0x400E0C08, 0x0004 Bytes, ...) -- CPU_ReadMem(4 bytes @ 0x400E0C08) - Data: 00 00 00 00  returns 0x00 (0001ms, 95961ms total)
T1270 9070:423 JLINK_ReadMem (0x400E0C08, 0x0004 Bytes, ...) -- CPU_ReadMem(4 bytes @ 0x400E0C08) - Data: 00 00 00 00  returns 0x00 (0001ms, 95962ms total)
T1270 9070:440 JLINK_ReadMem (0x400E0C08, 0x0004 Bytes, ...) -- CPU_ReadMem(4 bytes @ 0x400E0C08) - Data: 00 00 00 00  returns 0x00 (0001ms, 95963ms total)
T1270 9070:505 JLINK_ReadMem (0x400E0C08, 0x0004 Bytes, ...) -- CPU_ReadMem(4 bytes @ 0x400E0C08) - Data: 00 00 00 00  returns 0x00 (0001ms, 95964ms total)
T18D0 9070:585 JLINK_IsHalted()  returns TRUE (0001ms, 95965ms total)
T1270 9070:762 JLINK_ReadMem (0x400E0C08, 0x0004 Bytes, ...) -- CPU_ReadMem(4 bytes @ 0x400E0C08) - Data: 00 00 00 00  returns 0x00 (0001ms, 95965ms total)
T18D0 9070:786 JLINK_IsHalted()  returns TRUE (0000ms, 95965ms total)
T18D0 9070:987 JLINK_IsHalted()  returns TRUE (0000ms, 95965ms total)
T18D0 9071:187 JLINK_IsHalted()  returns TRUE (0001ms, 95966ms total)
T18D0 9071:388 JLINK_IsHalted()  returns TRUE (0000ms, 95965ms total)
T18D0 9071:588 JLINK_IsHalted()  returns TRUE (0000ms, 95965ms total)
T1270 9071:764 JLINK_ReadMem (0x400E0C08, 0x0004 Bytes, ...) -- CPU_ReadMem(4 bytes @ 0x400E0C08) - Data: 01 00 00 00  returns 0x00 (0001ms, 95966ms total)
T1270 9071:765 JLINK_ReadMem (0x400E0A08, 0x0004 Bytes, ...) -- CPU_ReadMem(4 bytes @ 0x400E0A08) - Data: 01 00 00 00  returns 0x00 (0001ms, 95967ms total)
T18D0 9071:788 JLINK_IsHalted()  returns TRUE (0001ms, 95969ms total)
T1270 9071:790 JLINK_ResetPullsRESET(ON) (0000ms, 95968ms total)
T1270 9071:790 JLINK_ResetNoHalt() >0x2F8 JTAG>TotalIRLen = 4, IRPrint = 0x01 >0x30 JTAG> >0x210 JTAG> >0x70 JTAG> >0x40 JTAG> >0x40 JTAG> >0x40 JTAG> >0x48 JTAG> >0x78 JTAG> >0x40 JTAG> >0x30 JTAG> >0x40 JTAG> >0x40 JTAG> >0x30 JTAG> >0x40 JTAG> >0x48 JTAG>Found Cortex-M4 r0p1, Little endian. -- CPU_WriteMem(4 bytes @ 0xE0002000) -- CPU_ReadMem(4 bytes @ 0xE000EDF0) -- CPU_ReadMem(4 bytes @ 0xE0002000)FPUnit: 6 code (BP) slots and 2 literal slots -- CPU_ReadMem(4 bytes @ 0xE000EDFC)
 -- CPU_ReadMem(4 bytes @ 0xE0001000) -- CPU_ReadMem(4 bytes @ 0xE000ED88) -- CPU_WriteMem(4 bytes @ 0xE000ED88) -- CPU_ReadMem(4 bytes @ 0xE000ED88) -- CPU_WriteMem(4 bytes @ 0xE000ED88)CoreSight components:ROMTbl 0 @ E00FF000 -- CPU_ReadMem(16 bytes @ 0xE00FF000) -- CPU_ReadMem(16 bytes @ 0xE000EFF0) -- CPU_ReadMem(16 bytes @ 0xE000EFE0)ROMTbl 0 [0]: FFF0F000, CID: B105E00D, PID: 000BB000 SCS -- CPU_WriteMem(4 bytes @ 0xE0001000) -- CPU_ReadMem(16 bytes @ 0xE0001FF0)
 -- CPU_ReadMem(16 bytes @ 0xE0001FE0)ROMTbl 0 [1]: FFF02000, CID: B105E00D, PID: 003BB002 DWT -- CPU_ReadMem(16 bytes @ 0xE0002FF0) -- CPU_ReadMem(16 bytes @ 0xE0002FE0)ROMTbl 0 [2]: FFF03000, CID: B105E00D, PID: 002BB003 FPB -- CPU_ReadMem(16 bytes @ 0xE0000FF0) -- CPU_ReadMem(16 bytes @ 0xE0000FE0)ROMTbl 0 [3]: FFF01000, CID: B105E00D, PID: 003BB001 ITM -- CPU_ReadMem(16 bytes @ 0xE00FF010) -- CPU_ReadMem(16 bytes @ 0xE0040FF0) -- CPU_ReadMem(16 bytes @ 0xE0040FE0)
ROMTbl 0 [4]: FFF41000, CID: B105900D, PID: 000BB9A1 TPIU
                JLINK_Reset() -- CPU_ReadMem(16 bytes @ 0x20000000) -- CPU_WriteMem(16 bytes @ 0x20000000) -- CPU_ReadMem(4 bytes @ 0xE000EDFC) -- CPU_WriteMem(4 bytes @ 0xE000EDFC) -- CPU_ReadMem(4 bytes @ 0xE0001000) -- CPU_WriteMem(4 bytes @ 0xE0001004) -- CPU_WriteMem(4 bytes @ 0xE000EDFC) -- CPU_WriteMem(16 bytes @ 0x20000000) -- CPU_WriteMem(4 bytes @ 0xE0002000) -- CPU_ReadMem(4 bytes @ 0xE000EDFC) -- CPU_ReadMem(4 bytes @ 0xE0001000) (0042ms, 0042ms total)
                JLINK_Go() -- CPU_ReadMem(4 bytes @ 0xE0001000) -- CPU_WriteMem(4 bytes @ 0xE0001004) (0004ms, 0046ms total)
               (0092ms, 96060ms total)
T1270 9071:882 JLINK_ExecCommand("ProjectFile = T:20-UART\jlink.config", ...)  returns 0x00 (0002ms, 96062ms total)
T1270 9071:900 JLINK_ExecCommand("Device = AT91SAM4SD32C", ...)Device "ATSAM4SD32C" selected.  returns 0x00 (0001ms, 96063ms total)
T1270 9071:901 JLINK_TIF_Select(JLINKARM_TIF_JTAG)  returns 0x00 (0000ms, 96063ms total)
T1270 9071:901 JLINK_GetIdData(...) ScanLen=4 NumDevices=1 aId[0]=0x4BA00477 aIrRead[0]=0 aScanLen[0]=0 aScanRead[0]=0 (0000ms, 96063ms total)
T1270 9071:901 JLINK_ConfigJTAG(IRPre = 0, DRPre = 0) (0000ms, 96063ms total)
T1270 9071:901 JLINK_SetSpeed(1000) (0000ms, 96063ms total)
T1270 9071:901 JLINK_ResetPullsRESET(OFF) (0000ms, 96063ms total)
T1270 9071:901 JLINK_Connect() >0x2F8 JTAG>TotalIRLen = 4, IRPrint = 0x01 >0x30 JTAG> >0x210 JTAG> >0x70 JTAG> >0x40 JTAG> >0x40 JTAG> >0x40 JTAG> >0x48 JTAG> >0x78 JTAG> >0x40 JTAG> >0x30 JTAG> >0x40 JTAG> >0x40 JTAG> >0x30 JTAG> >0x40 JTAG> >0x48 JTAG>Found Cortex-M4 r0p1, Little endian. -- CPU_WriteMem(4 bytes @ 0xE0002000) -- CPU_ReadMem(4 bytes @ 0xE000EDF0) -- CPU_ReadMem(4 bytes @ 0xE0002000)FPUnit: 6 code (BP) slots and 2 literal slots -- CPU_ReadMem(4 bytes @ 0xE000EDFC)
 -- CPU_ReadMem(4 bytes @ 0xE0001000) -- CPU_WriteMem(4 bytes @ 0xE0001000) -- CPU_ReadMem(4 bytes @ 0xE000ED88) -- CPU_WriteMem(4 bytes @ 0xE000ED88) -- CPU_ReadMem(4 bytes @ 0xE000ED88) -- CPU_WriteMem(4 bytes @ 0xE000ED88)CoreSight components:ROMTbl 0 @ E00FF000 -- CPU_ReadMem(16 bytes @ 0xE00FF000) -- CPU_ReadMem(16 bytes @ 0xE000EFF0) -- CPU_ReadMem(16 bytes @ 0xE000EFE0)ROMTbl 0 [0]: FFF0F000, CID: B105E00D, PID: 000BB000 SCS -- CPU_ReadMem(16 bytes @ 0xE0001FF0)
 -- CPU_ReadMem(16 bytes @ 0xE0001FE0)ROMTbl 0 [1]: FFF02000, CID: B105E00D, PID: 003BB002 DWT -- CPU_ReadMem(16 bytes @ 0xE0002FF0) -- CPU_ReadMem(16 bytes @ 0xE0002FE0)ROMTbl 0 [2]: FFF03000, CID: B105E00D, PID: 002BB003 FPB -- CPU_ReadMem(16 bytes @ 0xE0000FF0) -- CPU_ReadMem(16 bytes @ 0xE0000FE0)ROMTbl 0 [3]: FFF01000, CID: B105E00D, PID: 003BB001 ITM -- CPU_ReadMem(16 bytes @ 0xE00FF010) -- CPU_ReadMem(16 bytes @ 0xE0040FF0) -- CPU_ReadMem(16 bytes @ 0xE0040FE0)
ROMTbl 0 [4]: FFF41000, CID: B105900D, PID: 000BB9A1 TPIU  returns 0x00 (0046ms, 96109ms total)
T1270 9071:947 JLINK_WriteMem(0xE0001020, 0x0004 Bytes, ...) - Data: 00 00 00 00 -- CPU is running -- CPU_WriteMem(4 bytes @ 0xE0001020)  returns 0x04 (0002ms, 96111ms total)
T1270 9071:949 JLINK_WriteMem(0xE0001024, 0x0004 Bytes, ...) - Data: 00 00 00 00 -- CPU is running -- CPU_WriteMem(4 bytes @ 0xE0001024)  returns 0x04 (0001ms, 96112ms total)
T1270 9071:950 JLINK_WriteMem(0xE0001028, 0x0004 Bytes, ...) - Data: 00 00 00 00 -- CPU is running -- CPU_WriteMem(4 bytes @ 0xE0001028)  returns 0x04 (0001ms, 96113ms total)
T1270 9071:951 JLINK_WriteMem(0xE0001030, 0x0004 Bytes, ...) - Data: 00 00 00 00 -- CPU is running -- CPU_WriteMem(4 bytes @ 0xE0001030)  returns 0x04 (0001ms, 96114ms total)
T1270 9071:952 JLINK_WriteMem(0xE0001034, 0x0004 Bytes, ...) - Data: 00 00 00 00 -- CPU is running -- CPU_WriteMem(4 bytes @ 0xE0001034)  returns 0x04 (0001ms, 96115ms total)
T1270 9071:953 JLINK_WriteMem(0xE0001038, 0x0004 Bytes, ...) - Data: 00 00 00 00 -- CPU is running -- CPU_WriteMem(4 bytes @ 0xE0001038)  returns 0x04 (0002ms, 96117ms total)
T1270 9071:955 JLINK_WriteMem(0xE0001040, 0x0004 Bytes, ...) - Data: 00 00 00 00 -- CPU is running -- CPU_WriteMem(4 bytes @ 0xE0001040)  returns 0x04 (0001ms, 96118ms total)
T1270 9071:956 JLINK_WriteMem(0xE0001044, 0x0004 Bytes, ...) - Data: 00 00 00 00 -- CPU is running -- CPU_WriteMem(4 bytes @ 0xE0001044)  returns 0x04 (0001ms, 96119ms total)
T1270 9071:957 JLINK_WriteMem(0xE0001048, 0x0004 Bytes, ...) - Data: 00 00 00 00 -- CPU is running -- CPU_WriteMem(4 bytes @ 0xE0001048)  returns 0x04 (0001ms, 96120ms total)
T1270 9071:958 JLINK_WriteMem(0xE0001050, 0x0004 Bytes, ...) - Data: 00 00 00 00 -- CPU is running -- CPU_WriteMem(4 bytes @ 0xE0001050)  returns 0x04 (0001ms, 96121ms total)
T1270 9071:959 JLINK_WriteMem(0xE0001054, 0x0004 Bytes, ...) - Data: 00 00 00 00 -- CPU is running -- CPU_WriteMem(4 bytes @ 0xE0001054)  returns 0x04 (0001ms, 96122ms total)
T1270 9071:960 JLINK_WriteMem(0xE0001058, 0x0004 Bytes, ...) - Data: 00 00 00 00 -- CPU is running -- CPU_WriteMem(4 bytes @ 0xE0001058)  returns 0x04 (0001ms, 96123ms total)
T1270 9071:961 JLINK_Halt()  returns 0x00 (0009ms, 96132ms total)
T1270 9071:970 JLINK_WriteMem(0x400E0A04, 0x0004 Bytes, ...) - Data: 0B 01 00 5A -- CPU_WriteMem(4 bytes @ 0x400E0A04)  returns 0x04 (0001ms, 96133ms total)
T1270 9071:972 JLINK_ReadMem (0x400E0A08, 0x0004 Bytes, ...) -- CPU_ReadMem(4 bytes @ 0x400E0A08) - Data: 01 00 00 00  returns 0x00 (0001ms, 96135ms total)
T1270 9071:973 JLINK_WriteMem(0x400E0A04, 0x0004 Bytes, ...) - Data: 0C 02 00 5A -- CPU_WriteMem(4 bytes @ 0x400E0A04)  returns 0x04 (0001ms, 96136ms total)
T1270 9071:974 JLINK_ReadMem (0x400E0A08, 0x0004 Bytes, ...) -- CPU_ReadMem(4 bytes @ 0x400E0A08) - Data: 01 00 00 00  returns 0x00 (0001ms, 96137ms total)
T1270 9071:975 JLINK_Reset() -- CPU_ReadMem(16 bytes @ 0x20000000) -- CPU_WriteMem(16 bytes @ 0x20000000) -- CPU_ReadMem(4 bytes @ 0xE000EDFC) -- CPU_WriteMem(4 bytes @ 0xE000EDFC) -- CPU_ReadMem(4 bytes @ 0xE0001000) -- CPU_WriteMem(4 bytes @ 0xE000EDFC) -- CPU_WriteMem(16 bytes @ 0x20000000) -- CPU_WriteMem(4 bytes @ 0xE0002000) -- CPU_ReadMem(4 bytes @ 0xE000EDFC) -- CPU_ReadMem(4 bytes @ 0xE0001000) (0040ms, 96177ms total)
T1270 9072:018 JLINK_JTAG_GetDeviceID(DeviceIndex = 0)  returns 0x4BA00477 (0000ms, 96177ms total)
T1270 9072:018 JLINK_ReadMemU32(0x400E0740, 0x0001 Items, ...) -- CPU_ReadMem(4 bytes @ 0x400E0740) - Data: E0 0E A7 29  returns 0x01 (0002ms, 96179ms total)
T1270 9072:020 JLINK_ReadMemU32(0x400E0744, 0x0001 Items, ...) -- CPU_ReadMem(4 bytes @ 0x400E0744) - Data: 00 00 00 00  returns 0x01 (0001ms, 96180ms total)
T1270 9072:025 JLINK_BeginDownload(Flags = 0x00) (0000ms, 96180ms total)
T1270 9072:025 JLINK_WriteMem(0x00400000, 0x3148 Bytes, ...) - Data: 58 39 00 20 65 0B 40 00 61 0B 40 00 61 0B 40 00 ...  returns 0x3148 (0003ms, 96183ms total)
T1270 9072:029 JLINK_WriteMem(0x00403148, 0x084C Bytes, ...) - Data: 01 00 00 00 00 00 20 00 00 09 3D 00 00 00 00 00 ...  returns 0x84C (0000ms, 96183ms total)
T189C 9072:029 JLINK_IsHalted()  returns TRUE (0001ms, 96184ms total)
T189C 9072:030 JLINK_GetMOEs(...) -- CPU_ReadMem(4 bytes @ 0xE000ED30) -- CPU_WriteMem(4 bytes @ 0xE000ED30)  returns 0x01 (0014ms, 96197ms total)
T189C 9072:045 JLINK_ReadReg(R15 (PC)) -- -------------------------------------- -- Start of determining dirty areas in flash cache -- End of determining dirty areas -- Start of preparing flash programming -- Calculating RAM usage -- RAM usage = 2884 Bytes -- Preserving registers -- Preparing memory -- Determining CPU clock frequency -- CPU clock frequency: 4198 kHz -- CPU frequency = 4198 kHz -- Preparing target -- Downloading RAMCode -- Using alternate TurboMode RAMCode -- Checking target RAM
 -- Preparing RAMCode -- End of preparing flash programmingCPU is running at low speed (4198 kHz). -- CPU is running at 4198 kHz. -- Start of comparing flash -- CRC check was estimated as fastest method -- Comparing range 0x400000 - 0x4039FF (29 Sectors, 14 KB), using multi-block CRC calculation -- CRC does not match for sectors 0-28 -- End of comparing flash -- Start of erasing sectors -- End of erasing sectors -- Start of flash programming
 -- Programming range 0x00400000 - 0x004039FF (029 Sectors, 14 KB) -- End of flash programming -- Flash programming performed for 1 range (14848 bytes) -- 0x400000 - 0x4039FF (029 Sectors, 14 KB) -- Start of verifying flash -- Checksum calculation was estimated as fastest method -- End of verifying flash -- Start of restoring -- Restore RAMCode -- Restore content of target memory -- Restore target -- Restore memory -- Restore content of registers -- End of restoring
 -- Total time needed: 0.694s (Prepare: 0.127s, Compare: 0.016s, Erase: 0.000s, Program: 0.526s, Verify: 0.008s, Restore: 0.014s)  returns 0xFFFFFFFE (0699ms, 96896ms total)
T1270 9072:746 JLINK_EndDownload()  returns 0x00 (0000ms, 96896ms total)
T1270 9072:746 JLINK_ResetPullsRESET(ON) (0000ms, 96896ms total)
T1270 9072:746 JLINK_ResetNoHalt() >0x2F8 JTAG>TotalIRLen = 4, IRPrint = 0x01 >0x30 JTAG> >0x210 JTAG> >0x70 JTAG> >0x40 JTAG> >0x40 JTAG> >0x40 JTAG> >0x48 JTAG> >0x78 JTAG> >0x40 JTAG> >0x30 JTAG> >0x40 JTAG> >0x40 JTAG> >0x30 JTAG> >0x40 JTAG> >0x48 JTAG>Found Cortex-M4 r0p1, Little endian. -- CPU_WriteMem(4 bytes @ 0xE0002000) -- CPU_ReadMem(4 bytes @ 0xE000EDF0) -- CPU_ReadMem(4 bytes @ 0xE0002000)FPUnit: 6 code (BP) slots and 2 literal slots -- CPU_ReadMem(4 bytes @ 0xE000EDFC)
 -- CPU_ReadMem(4 bytes @ 0xE0001000) -- CPU_ReadMem(4 bytes @ 0xE000ED88) -- CPU_WriteMem(4 bytes @ 0xE000ED88) -- CPU_ReadMem(4 bytes @ 0xE000ED88) -- CPU_WriteMem(4 bytes @ 0xE000ED88)CoreSight components:ROMTbl 0 @ E00FF000 -- CPU_ReadMem(16 bytes @ 0xE00FF000) -- CPU_ReadMem(16 bytes @ 0xE000EFF0) -- CPU_ReadMem(16 bytes @ 0xE000EFE0)ROMTbl 0 [0]: FFF0F000, CID: B105E00D, PID: 000BB000 SCS -- CPU_WriteMem(4 bytes @ 0xE0001000) -- CPU_ReadMem(16 bytes @ 0xE0001FF0)
 -- CPU_ReadMem(16 bytes @ 0xE0001FE0)ROMTbl 0 [1]: FFF02000, CID: B105E00D, PID: 003BB002 DWT -- CPU_ReadMem(16 bytes @ 0xE0002FF0) -- CPU_ReadMem(16 bytes @ 0xE0002FE0)ROMTbl 0 [2]: FFF03000, CID: B105E00D, PID: 002BB003 FPB -- CPU_ReadMem(16 bytes @ 0xE0000FF0) -- CPU_ReadMem(16 bytes @ 0xE0000FE0)ROMTbl 0 [3]: FFF01000, CID: B105E00D, PID: 003BB001 ITM -- CPU_ReadMem(16 bytes @ 0xE00FF010) -- CPU_ReadMem(16 bytes @ 0xE0040FF0) -- CPU_ReadMem(16 bytes @ 0xE0040FE0)
ROMTbl 0 [4]: FFF41000, CID: B105900D, PID: 000BB9A1 TPIU
                JLINK_Reset() -- CPU_ReadMem(16 bytes @ 0x20000000) -- CPU_WriteMem(16 bytes @ 0x20000000) -- CPU_ReadMem(4 bytes @ 0xE000EDFC) -- CPU_WriteMem(4 bytes @ 0xE000EDFC) -- CPU_ReadMem(4 bytes @ 0xE0001000) -- CPU_WriteMem(4 bytes @ 0xE000EDFC) -- CPU_WriteMem(16 bytes @ 0x20000000) -- CPU_WriteMem(4 bytes @ 0xE0002000) -- CPU_ReadMem(4 bytes @ 0xE000EDFC) -- CPU_ReadMem(4 bytes @ 0xE0001000) (0044ms, 0044ms total)
                JLINK_Go() -- CPU_ReadMem(4 bytes @ 0xE0001000) -- CPU_WriteMem(4 bytes @ 0xE0001004) (0004ms, 0048ms total)
               (0095ms, 96991ms total)
T1270 9072:867 JLINK_Close() >0x78 JTAG> >0x08 JTAG> (0004ms, 96995ms total)
T1270 9072:867  (0004ms, 96995ms total)
T1270 9072:867 Closed (0004ms, 96995ms total)
