
T18A8 140:538 SEGGER J-Link V5.10 Log File (0000ms, 0088ms total)
T18A8 140:538 DLL Compiled: Nov 27 2015 17:01:28 (0000ms, 0088ms total)
T18A8 140:538 Logging started @ 2016-06-02 20:53 (0000ms, 0088ms total)
T18A8 141:264 JLINK_ExecCommand("Device = AT91SAM4SD32C", ...)Device "ATSAM4SD32C" selected.  returns 0x00 (0001ms, 0089ms total)
T18A8 141:293 JLINK_ExecCommand("ProjectFile = C:\Users\Guilherme\Documents\Atmel Studio\7.0\ILI93XX_EXAMPLE2\ILI93XX_EXAMPLE2\jlink.config", ...)  returns 0x00 (0000ms, 0089ms total)
T18A8 142:259 JLINK_ExecCommand("Device = AT91SAM4SD32C", ...)Device "ATSAM4SD32C" selected.  returns 0x00 (0003ms, 0092ms total)
T18A8 142:262 JLINK_TIF_Select(JLINKARM_TIF_JTAG)  returns 0x00 (0025ms, 0117ms total)
T18A8 142:287 JLINK_GetIdData(...) >0x2F8 JTAG>TotalIRLen = 4, IRPrint = 0x01 >0x30 JTAG> >0x210 JTAG> >0x70 JTAG> >0x40 JTAG> >0x40 JTAG> >0x40 JTAG> >0x48 JTAG> >0x78 JTAG> >0x40 JTAG> >0x30 JTAG> >0x40 JTAG> >0x40 JTAG> >0x30 JTAG> >0x40 JTAG> >0x48 JTAG>Found Cortex-M4 r0p1, Little endian. -- CPU_ReadMem(4 bytes @ 0xE000EDF0) -- CPU_ReadMem(4 bytes @ 0xE0002000)FPUnit: 6 code (BP) slots and 2 literal slots -- CPU_ReadMem(4 bytes @ 0xE000EDFC) -- CPU_ReadMem(4 bytes @ 0xE0001000)
 -- CPU_WriteMem(4 bytes @ 0xE0001000) -- CPU_ReadMem(4 bytes @ 0xE000ED88) -- CPU_WriteMem(4 bytes @ 0xE000ED88) -- CPU_ReadMem(4 bytes @ 0xE000ED88) -- CPU_WriteMem(4 bytes @ 0xE000ED88)CoreSight components:ROMTbl 0 @ E00FF000 -- CPU_ReadMem(16 bytes @ 0xE00FF000) -- CPU_ReadMem(16 bytes @ 0xE000EFF0) -- CPU_ReadMem(16 bytes @ 0xE000EFE0)ROMTbl 0 [0]: FFF0F000, CID: B105E00D, PID: 000BB000 SCS -- CPU_ReadMem(16 bytes @ 0xE0001FF0) -- CPU_ReadMem(16 bytes @ 0xE0001FE0)
ROMTbl 0 [1]: FFF02000, CID: B105E00D, PID: 003BB002 DWT -- CPU_ReadMem(16 bytes @ 0xE0002FF0) -- CPU_ReadMem(16 bytes @ 0xE0002FE0)ROMTbl 0 [2]: FFF03000, CID: B105E00D, PID: 002BB003 FPB -- CPU_ReadMem(16 bytes @ 0xE0000FF0) -- CPU_ReadMem(16 bytes @ 0xE0000FE0)ROMTbl 0 [3]: FFF01000, CID: B105E00D, PID: 003BB001 ITM -- CPU_ReadMem(16 bytes @ 0xE00FF010) -- CPU_ReadMem(16 bytes @ 0xE0040FF0) -- CPU_ReadMem(16 bytes @ 0xE0040FE0)ROMTbl 0 [4]: FFF41000, CID: B105900D, PID: 000BB9A1 TPIU ScanLen=4
 NumDevices=1 aId[0]=0x4BA00477 aIrRead[0]=0 aScanLen[0]=0 aScanRead[0]=0 (0055ms, 0172ms total)
T18A8 142:343 JLINK_ConfigJTAG(IRPre = 0, DRPre = 0) (0000ms, 0173ms total)
T18A8 142:343 JLINK_SetSpeed(4000) (0002ms, 0175ms total)
T18A8 142:345 JLINK_ResetPullsRESET(OFF) (0000ms, 0175ms total)
T18A8 142:345 JLINK_Connect() >0x2F8 JTAG>TotalIRLen = 4, IRPrint = 0x01 >0x30 JTAG> >0x210 JTAG> >0x70 JTAG> >0x40 JTAG> >0x40 JTAG> >0x40 JTAG> >0x48 JTAG> >0x78 JTAG> >0x40 JTAG> >0x30 JTAG> >0x40 JTAG> >0x40 JTAG> >0x30 JTAG> >0x40 JTAG> >0x48 JTAG>Found Cortex-M4 r0p1, Little endian. -- CPU_ReadMem(4 bytes @ 0xE000EDF0) -- CPU_ReadMem(4 bytes @ 0xE0002000)FPUnit: 6 code (BP) slots and 2 literal slots -- CPU_ReadMem(4 bytes @ 0xE000EDFC) -- CPU_ReadMem(4 bytes @ 0xE0001000)
 -- CPU_WriteMem(4 bytes @ 0xE0001000) -- CPU_ReadMem(4 bytes @ 0xE000ED88) -- CPU_WriteMem(4 bytes @ 0xE000ED88) -- CPU_ReadMem(4 bytes @ 0xE000ED88) -- CPU_WriteMem(4 bytes @ 0xE000ED88)CoreSight components:ROMTbl 0 @ E00FF000 -- CPU_ReadMem(16 bytes @ 0xE00FF000) -- CPU_ReadMem(16 bytes @ 0xE000EFF0) -- CPU_ReadMem(16 bytes @ 0xE000EFE0)ROMTbl 0 [0]: FFF0F000, CID: B105E00D, PID: 000BB000 SCS -- CPU_ReadMem(16 bytes @ 0xE0001FF0) -- CPU_ReadMem(16 bytes @ 0xE0001FE0)
ROMTbl 0 [1]: FFF02000, CID: B105E00D, PID: 003BB002 DWT -- CPU_ReadMem(16 bytes @ 0xE0002FF0) -- CPU_ReadMem(16 bytes @ 0xE0002FE0)ROMTbl 0 [2]: FFF03000, CID: B105E00D, PID: 002BB003 FPB -- CPU_ReadMem(16 bytes @ 0xE0000FF0) -- CPU_ReadMem(16 bytes @ 0xE0000FE0)ROMTbl 0 [3]: FFF01000, CID: B105E00D, PID: 003BB001 ITM -- CPU_ReadMem(16 bytes @ 0xE00FF010) -- CPU_ReadMem(16 bytes @ 0xE0040FF0) -- CPU_ReadMem(16 bytes @ 0xE0040FE0)ROMTbl 0 [4]: FFF41000, CID: B105900D, PID: 000BB9A1 TPIU  returns 0x00
 (0028ms, 0203ms total)
T18A8 142:373 JLINK_Halt()  returns 0x00 (0004ms, 0207ms total)
T18A8 142:378 JLINK_WriteMem(0x400E0A04, 0x0004 Bytes, ...) - Data: 0B 01 00 5A -- CPU_WriteMem(4 bytes @ 0x400E0A04)  returns 0x04 (0001ms, 0208ms total)
T18A8 142:379 JLINK_ReadMem (0x400E0A08, 0x0004 Bytes, ...) -- CPU_ReadMem(4 bytes @ 0x400E0A08) - Data: 01 00 00 00  returns 0x00 (0001ms, 0209ms total)
T18A8 142:380 JLINK_WriteMem(0x400E0A04, 0x0004 Bytes, ...) - Data: 0C 02 00 5A -- CPU_WriteMem(4 bytes @ 0x400E0A04)  returns 0x04 (0000ms, 0209ms total)
T18A8 142:380 JLINK_ReadMem (0x400E0A08, 0x0004 Bytes, ...) -- CPU_ReadMem(4 bytes @ 0x400E0A08) - Data: 01 00 00 00  returns 0x00 (0001ms, 0210ms total)
T18A8 142:381 JLINK_Reset() -- CPU_ReadMem(16 bytes @ 0x20000000) -- CPU_WriteMem(16 bytes @ 0x20000000) -- CPU_ReadMem(4 bytes @ 0xE000EDFC) -- CPU_WriteMem(4 bytes @ 0xE000EDFC) -- CPU_ReadMem(4 bytes @ 0xE0001000) -- CPU_WriteMem(4 bytes @ 0xE000EDFC) -- CPU_WriteMem(16 bytes @ 0x20000000) -- CPU_WriteMem(4 bytes @ 0xE0002000) -- CPU_ReadMem(4 bytes @ 0xE000EDFC) -- CPU_ReadMem(4 bytes @ 0xE0001000) (0027ms, 0237ms total)
T18A8 142:409 JLINK_JTAG_GetDeviceID(DeviceIndex = 0)  returns 0x4BA00477 (0000ms, 0237ms total)
T18A8 142:409 JLINK_ReadMemU32(0x400E0740, 0x0001 Items, ...) -- CPU_ReadMem(4 bytes @ 0x400E0740) - Data: E0 0E A7 29  returns 0x01 (0003ms, 0240ms total)
T18A8 142:412 JLINK_ReadMemU32(0x400E0744, 0x0001 Items, ...) -- CPU_ReadMem(4 bytes @ 0x400E0744) - Data: 00 00 00 00  returns 0x01 (0003ms, 0243ms total)
T18A8 142:415 JLINK_WriteMem(0x400E0A04, 0x0004 Bytes, ...) - Data: 05 00 00 5A -- CPU_WriteMem(4 bytes @ 0x400E0A04)  returns 0x04 (0002ms, 0245ms total)
T18A8 142:417 JLINK_WriteMem(0x400E0C04, 0x0004 Bytes, ...) - Data: 05 00 00 5A -- CPU_WriteMem(4 bytes @ 0x400E0C04)  returns 0x04 (0002ms, 0247ms total)
T18A8 142:419 JLINK_ReadMem (0x400E0A08, 0x0004 Bytes, ...) -- CPU_ReadMem(4 bytes @ 0x400E0A08) - Data: 00 00 00 00  returns 0x00 (0002ms, 0249ms total)
T18A8 142:444 JLINK_ReadMem (0x400E0A08, 0x0004 Bytes, ...) -- CPU_ReadMem(4 bytes @ 0x400E0A08) - Data: 00 00 00 00  returns 0x00 (0000ms, 0249ms total)
T19E8 142:444 JLINK_IsHalted()  returns TRUE (0000ms, 0249ms total)
T19E8 142:444 JLINK_GetMOEs(...) -- CPU_ReadMem(4 bytes @ 0xE000ED30) -- CPU_WriteMem(4 bytes @ 0xE000ED30)  returns 0x01 (0002ms, 0251ms total)
T19E8 142:446 JLINK_ReadReg(R15 (PC))  returns 0x00401188 (0000ms, 0251ms total)
T18A8 142:448 JLINK_ReadMem (0x400E0A08, 0x0004 Bytes, ...) -- CPU_ReadMem(4 bytes @ 0x400E0A08) - Data: 00 00 00 00  returns 0x00 (0000ms, 0251ms total)
T18A8 142:494 JLINK_ReadMem (0x400E0A08, 0x0004 Bytes, ...) -- CPU_ReadMem(4 bytes @ 0x400E0A08) - Data: 00 00 00 00  returns 0x00 (0000ms, 0251ms total)
T18A8 142:558 JLINK_ReadMem (0x400E0A08, 0x0004 Bytes, ...) -- CPU_ReadMem(4 bytes @ 0x400E0A08) - Data: 00 00 00 00  returns 0x00 (0000ms, 0251ms total)
T19E8 142:649 JLINK_IsHalted()  returns TRUE (0000ms, 0251ms total)
T18A8 142:844 JLINK_ReadMem (0x400E0A08, 0x0004 Bytes, ...) -- CPU_ReadMem(4 bytes @ 0x400E0A08) - Data: 00 00 00 00  returns 0x00 (0001ms, 0252ms total)
T19E8 142:849 JLINK_IsHalted()  returns TRUE (0000ms, 0252ms total)
T19E8 143:049 JLINK_IsHalted()  returns TRUE (0001ms, 0253ms total)
T19E8 143:250 JLINK_IsHalted()  returns TRUE (0000ms, 0252ms total)
T19E8 143:450 JLINK_IsHalted()  returns TRUE (0000ms, 0252ms total)
T19E8 143:650 JLINK_IsHalted()  returns TRUE (0001ms, 0253ms total)
T19E8 143:851 JLINK_IsHalted()  returns TRUE (0000ms, 0252ms total)
T18A8 143:894 JLINK_ReadMem (0x400E0A08, 0x0004 Bytes, ...) -- CPU_ReadMem(4 bytes @ 0x400E0A08) - Data: 00 00 00 00  returns 0x00 (0000ms, 0252ms total)
T18A8 143:895 JLINK_ReadMem (0x400E0C08, 0x0004 Bytes, ...) -- CPU_ReadMem(4 bytes @ 0x400E0C08) - Data: 00 00 00 00  returns 0x00 (0000ms, 0252ms total)
T18A8 143:896 JLINK_ReadMem (0x400E0C08, 0x0004 Bytes, ...) -- CPU_ReadMem(4 bytes @ 0x400E0C08) - Data: 00 00 00 00  returns 0x00 (0001ms, 0253ms total)
T18A8 143:901 JLINK_ReadMem (0x400E0C08, 0x0004 Bytes, ...) -- CPU_ReadMem(4 bytes @ 0x400E0C08) - Data: 00 00 00 00  returns 0x00 (0000ms, 0253ms total)
T18A8 143:944 JLINK_ReadMem (0x400E0C08, 0x0004 Bytes, ...) -- CPU_ReadMem(4 bytes @ 0x400E0C08) - Data: 00 00 00 00  returns 0x00 (0001ms, 0254ms total)
T18A8 144:009 JLINK_ReadMem (0x400E0C08, 0x0004 Bytes, ...) -- CPU_ReadMem(4 bytes @ 0x400E0C08) - Data: 00 00 00 00  returns 0x00 (0001ms, 0255ms total)
T19E8 144:051 JLINK_IsHalted()  returns TRUE (0000ms, 0255ms total)
T19E8 144:251 JLINK_IsHalted()  returns TRUE (0001ms, 0256ms total)
T18A8 144:298 JLINK_ReadMem (0x400E0C08, 0x0004 Bytes, ...) -- CPU_ReadMem(4 bytes @ 0x400E0C08) - Data: 00 00 00 00  returns 0x00 (0001ms, 0256ms total)
T19E8 144:452 JLINK_IsHalted()  returns TRUE (0000ms, 0256ms total)
T19E8 144:652 JLINK_IsHalted()  returns TRUE (0000ms, 0256ms total)
T19E8 144:852 JLINK_IsHalted()  returns TRUE (0001ms, 0257ms total)
T19E8 145:053 JLINK_IsHalted()  returns TRUE (0000ms, 0256ms total)
T19E8 145:253 JLINK_IsHalted()  returns TRUE (0000ms, 0256ms total)
T18A8 145:345 JLINK_ReadMem (0x400E0C08, 0x0004 Bytes, ...) -- CPU_ReadMem(4 bytes @ 0x400E0C08) - Data: 00 00 00 00  returns 0x00 (0010ms, 0266ms total)
T18A8 145:355 JLINK_ReadMem (0x400E0A08, 0x0004 Bytes, ...) -- CPU_ReadMem(4 bytes @ 0x400E0A08) - Data: 00 00 00 00  returns 0x00 (0002ms, 0268ms total)
T18A8 145:358 JLINK_ReadMem (0x400E0A08, 0x0004 Bytes, ...) -- CPU_ReadMem(4 bytes @ 0x400E0A08) - Data: 00 00 00 00  returns 0x00 (0000ms, 0268ms total)
T18A8 145:394 JLINK_ReadMem (0x400E0A08, 0x0004 Bytes, ...) -- CPU_ReadMem(4 bytes @ 0x400E0A08) - Data: 00 00 00 00  returns 0x00 (0001ms, 0269ms total)
T18A8 145:412 JLINK_ReadMem (0x400E0A08, 0x0004 Bytes, ...) -- CPU_ReadMem(4 bytes @ 0x400E0A08) - Data: 00 00 00 00  returns 0x00 (0002ms, 0271ms total)
T19E8 145:453 JLINK_IsHalted()  returns TRUE (0000ms, 0271ms total)
T18A8 145:494 JLINK_ReadMem (0x400E0A08, 0x0004 Bytes, ...) -- CPU_ReadMem(4 bytes @ 0x400E0A08) - Data: 00 00 00 00  returns 0x00 (0001ms, 0272ms total)
T19E8 145:653 JLINK_IsHalted()  returns TRUE (0000ms, 0272ms total)
T18A8 145:751 JLINK_ReadMem (0x400E0A08, 0x0004 Bytes, ...) -- CPU_ReadMem(4 bytes @ 0x400E0A08) - Data: 00 00 00 00  returns 0x00 (0000ms, 0272ms total)
T19E8 145:853 JLINK_IsHalted()  returns TRUE (0000ms, 0272ms total)
T19E8 146:053 JLINK_IsHalted()  returns TRUE (0000ms, 0272ms total)
T19E8 146:253 JLINK_IsHalted()  returns TRUE (0000ms, 0272ms total)
T19E8 146:453 JLINK_IsHalted()  returns TRUE (0000ms, 0272ms total)
T19E8 146:653 JLINK_IsHalted()  returns TRUE (0001ms, 0273ms total)
T18A8 146:794 JLINK_ReadMem (0x400E0A08, 0x0004 Bytes, ...) -- CPU_ReadMem(4 bytes @ 0x400E0A08) - Data: 00 00 00 00  returns 0x00 (0001ms, 0273ms total)
T18A8 146:795 JLINK_ReadMem (0x400E0C08, 0x0004 Bytes, ...) -- CPU_ReadMem(4 bytes @ 0x400E0C08) - Data: 00 00 00 00  returns 0x00 (0001ms, 0274ms total)
T18A8 146:797 JLINK_ReadMem (0x400E0C08, 0x0004 Bytes, ...) -- CPU_ReadMem(4 bytes @ 0x400E0C08) - Data: 00 00 00 00  returns 0x00 (0001ms, 0275ms total)
T18A8 146:802 JLINK_ReadMem (0x400E0C08, 0x0004 Bytes, ...) -- CPU_ReadMem(4 bytes @ 0x400E0C08) - Data: 00 00 00 00  returns 0x00 (0000ms, 0275ms total)
T18A8 146:844 JLINK_ReadMem (0x400E0C08, 0x0004 Bytes, ...) -- CPU_ReadMem(4 bytes @ 0x400E0C08) - Data: 00 00 00 00  returns 0x00 (0001ms, 0276ms total)
T19E8 146:854 JLINK_IsHalted()  returns TRUE (0000ms, 0276ms total)
T18A8 146:909 JLINK_ReadMem (0x400E0C08, 0x0004 Bytes, ...) -- CPU_ReadMem(4 bytes @ 0x400E0C08) - Data: 00 00 00 00  returns 0x00 (0001ms, 0277ms total)
T19E8 147:054 JLINK_IsHalted()  returns TRUE (0000ms, 0277ms total)
T18A8 147:194 JLINK_ReadMem (0x400E0C08, 0x0004 Bytes, ...) -- CPU_ReadMem(4 bytes @ 0x400E0C08) - Data: 01 00 00 00  returns 0x00 (0001ms, 0278ms total)
T18A8 147:195 JLINK_ReadMem (0x400E0A08, 0x0004 Bytes, ...) -- CPU_ReadMem(4 bytes @ 0x400E0A08) - Data: 00 00 00 00  returns 0x00 (0001ms, 0279ms total)
T18A8 147:197 JLINK_ReadMem (0x400E0A08, 0x0004 Bytes, ...) -- CPU_ReadMem(4 bytes @ 0x400E0A08) - Data: 00 00 00 00  returns 0x00 (0001ms, 0280ms total)
T18A8 147:202 JLINK_ReadMem (0x400E0A08, 0x0004 Bytes, ...) -- CPU_ReadMem(4 bytes @ 0x400E0A08) - Data: 00 00 00 00  returns 0x00 (0001ms, 0281ms total)
T18A8 147:244 JLINK_ReadMem (0x400E0A08, 0x0004 Bytes, ...) -- CPU_ReadMem(4 bytes @ 0x400E0A08) - Data: 00 00 00 00  returns 0x00 (0001ms, 0282ms total)
T19E8 147:254 JLINK_IsHalted()  returns TRUE (0001ms, 0283ms total)
T18A8 147:309 JLINK_ReadMem (0x400E0A08, 0x0004 Bytes, ...) -- CPU_ReadMem(4 bytes @ 0x400E0A08) - Data: 00 00 00 00  returns 0x00 (0001ms, 0283ms total)
T19E8 147:455 JLINK_IsHalted()  returns TRUE (0000ms, 0283ms total)
T18A8 147:594 JLINK_ReadMem (0x400E0A08, 0x0004 Bytes, ...) -- CPU_ReadMem(4 bytes @ 0x400E0A08) - Data: 01 00 00 00  returns 0x00 (0001ms, 0284ms total)
T19E8 147:656 JLINK_IsHalted()  returns TRUE (0000ms, 0284ms total)
T18A8 147:659 JLINK_ResetPullsRESET(ON) (0000ms, 0284ms total)
T18A8 147:659 JLINK_ResetNoHalt() >0x2F8 JTAG>TotalIRLen = 4, IRPrint = 0x01 >0x30 JTAG> >0x210 JTAG> >0x70 JTAG> >0x40 JTAG> >0x40 JTAG> >0x40 JTAG> >0x48 JTAG> >0x78 JTAG> >0x40 JTAG> >0x30 JTAG> >0x40 JTAG> >0x40 JTAG> >0x30 JTAG> >0x40 JTAG> >0x48 JTAG>Found Cortex-M4 r0p1, Little endian. -- CPU_ReadMem(4 bytes @ 0xE000EDF0) -- CPU_ReadMem(4 bytes @ 0xE0002000)FPUnit: 6 code (BP) slots and 2 literal slots -- CPU_ReadMem(4 bytes @ 0xE000EDFC) -- CPU_ReadMem(4 bytes @ 0xE0001000)
 -- CPU_ReadMem(4 bytes @ 0xE000ED88) -- CPU_WriteMem(4 bytes @ 0xE000ED88) -- CPU_ReadMem(4 bytes @ 0xE000ED88) -- CPU_WriteMem(4 bytes @ 0xE000ED88)CoreSight components:ROMTbl 0 @ E00FF000 -- CPU_ReadMem(16 bytes @ 0xE00FF000) -- CPU_ReadMem(16 bytes @ 0xE000EFF0) -- CPU_ReadMem(16 bytes @ 0xE000EFE0)ROMTbl 0 [0]: FFF0F000, CID: B105E00D, PID: 000BB000 SCS -- CPU_WriteMem(4 bytes @ 0xE0001000) -- CPU_ReadMem(16 bytes @ 0xE0001FF0) -- CPU_ReadMem(16 bytes @ 0xE0001FE0)
ROMTbl 0 [1]: FFF02000, CID: B105E00D, PID: 003BB002 DWT -- CPU_ReadMem(16 bytes @ 0xE0002FF0) -- CPU_ReadMem(16 bytes @ 0xE0002FE0)ROMTbl 0 [2]: FFF03000, CID: B105E00D, PID: 002BB003 FPB -- CPU_ReadMem(16 bytes @ 0xE0000FF0) -- CPU_ReadMem(16 bytes @ 0xE0000FE0)ROMTbl 0 [3]: FFF01000, CID: B105E00D, PID: 003BB001 ITM -- CPU_ReadMem(16 bytes @ 0xE00FF010) -- CPU_ReadMem(16 bytes @ 0xE0040FF0) -- CPU_ReadMem(16 bytes @ 0xE0040FE0)ROMTbl 0 [4]: FFF41000, CID: B105900D, PID: 000BB9A1 TPIU
                JLINK_Reset() -- CPU_ReadMem(16 bytes @ 0x20000000) -- CPU_WriteMem(16 bytes @ 0x20000000) -- CPU_ReadMem(4 bytes @ 0xE000EDFC) -- CPU_WriteMem(4 bytes @ 0xE000EDFC) -- CPU_ReadMem(4 bytes @ 0xE0001000) -- CPU_WriteMem(4 bytes @ 0xE0001004) -- CPU_WriteMem(4 bytes @ 0xE000EDFC) -- CPU_WriteMem(16 bytes @ 0x20000000) -- CPU_WriteMem(4 bytes @ 0xE0002000) -- CPU_ReadMem(4 bytes @ 0xE000EDFC) -- CPU_ReadMem(4 bytes @ 0xE0001000) (0029ms, 0029ms total)
                JLINK_Go() -- CPU_ReadMem(4 bytes @ 0xE0001000) -- CPU_WriteMem(4 bytes @ 0xE0001004) (0005ms, 0034ms total)
               (0067ms, 0351ms total)
T18A8 147:728 JLINK_ExecCommand("ProjectFile = C:\Users\Guilherme\Documents\Atmel Studio\7.0\ILI93XX_EXAMPLE2\ILI93XX_EXAMPLE2\jlink.config", ...)  returns 0x00 (0000ms, 0351ms total)
T18A8 148:511 JLINK_ExecCommand("Device = AT91SAM4SD32C", ...)Device "ATSAM4SD32C" selected.  returns 0x00 (0003ms, 0354ms total)
T18A8 148:514 JLINK_TIF_Select(JLINKARM_TIF_JTAG)  returns 0x00 (0000ms, 0354ms total)
T18A8 148:514 JLINK_GetIdData(...) ScanLen=4 NumDevices=1 aId[0]=0x4BA00477 aIrRead[0]=0 aScanLen[0]=0 aScanRead[0]=0 (0000ms, 0354ms total)
T18A8 148:514 JLINK_ConfigJTAG(IRPre = 0, DRPre = 0) (0000ms, 0354ms total)
T18A8 148:514 JLINK_SetSpeed(4000) (0001ms, 0355ms total)
T18A8 148:515 JLINK_ResetPullsRESET(OFF) (0000ms, 0355ms total)
T18A8 148:515 JLINK_Connect() >0x2F8 JTAG>TotalIRLen = 4, IRPrint = 0x01 >0x30 JTAG> >0x210 JTAG> >0x70 JTAG> >0x40 JTAG> >0x40 JTAG> >0x40 JTAG> >0x48 JTAG> >0x78 JTAG> >0x40 JTAG> >0x30 JTAG> >0x40 JTAG> >0x40 JTAG> >0x30 JTAG> >0x40 JTAG> >0x48 JTAG>Found Cortex-M4 r0p1, Little endian. -- CPU_ReadMem(4 bytes @ 0xE000EDF0) -- CPU_ReadMem(4 bytes @ 0xE0002000)FPUnit: 6 code (BP) slots and 2 literal slots -- CPU_ReadMem(4 bytes @ 0xE000EDFC) -- CPU_ReadMem(4 bytes @ 0xE0001000)
 -- CPU_WriteMem(4 bytes @ 0xE0001000) -- CPU_ReadMem(4 bytes @ 0xE000ED88) -- CPU_WriteMem(4 bytes @ 0xE000ED88) -- CPU_ReadMem(4 bytes @ 0xE000ED88) -- CPU_WriteMem(4 bytes @ 0xE000ED88)CoreSight components:ROMTbl 0 @ E00FF000 -- CPU_ReadMem(16 bytes @ 0xE00FF000) -- CPU_ReadMem(16 bytes @ 0xE000EFF0) -- CPU_ReadMem(16 bytes @ 0xE000EFE0)ROMTbl 0 [0]: FFF0F000, CID: B105E00D, PID: 000BB000 SCS -- CPU_ReadMem(16 bytes @ 0xE0001FF0) -- CPU_ReadMem(16 bytes @ 0xE0001FE0)
ROMTbl 0 [1]: FFF02000, CID: B105E00D, PID: 003BB002 DWT -- CPU_ReadMem(16 bytes @ 0xE0002FF0) -- CPU_ReadMem(16 bytes @ 0xE0002FE0)ROMTbl 0 [2]: FFF03000, CID: B105E00D, PID: 002BB003 FPB -- CPU_ReadMem(16 bytes @ 0xE0000FF0) -- CPU_ReadMem(16 bytes @ 0xE0000FE0)ROMTbl 0 [3]: FFF01000, CID: B105E00D, PID: 003BB001 ITM -- CPU_ReadMem(16 bytes @ 0xE00FF010) -- CPU_ReadMem(16 bytes @ 0xE0040FF0) -- CPU_ReadMem(16 bytes @ 0xE0040FE0)ROMTbl 0 [4]: FFF41000, CID: B105900D, PID: 000BB9A1 TPIU  returns 0x00
 (0035ms, 0390ms total)
T18A8 148:550 JLINK_Halt()  returns 0x00 (0003ms, 0393ms total)
T18A8 148:554 JLINK_WriteMem(0x400E0A04, 0x0004 Bytes, ...) - Data: 0B 01 00 5A -- CPU_WriteMem(4 bytes @ 0x400E0A04)  returns 0x04 (0002ms, 0395ms total)
T18A8 148:556 JLINK_ReadMem (0x400E0A08, 0x0004 Bytes, ...) -- CPU_ReadMem(4 bytes @ 0x400E0A08) - Data: 01 00 00 00  returns 0x00 (0001ms, 0396ms total)
T18A8 148:557 JLINK_WriteMem(0x400E0A04, 0x0004 Bytes, ...) - Data: 0C 02 00 5A -- CPU_WriteMem(4 bytes @ 0x400E0A04)  returns 0x04 (0001ms, 0397ms total)
T18A8 148:558 JLINK_ReadMem (0x400E0A08, 0x0004 Bytes, ...) -- CPU_ReadMem(4 bytes @ 0x400E0A08) - Data: 01 00 00 00  returns 0x00 (0001ms, 0398ms total)
T18A8 148:559 JLINK_Reset() -- CPU_ReadMem(16 bytes @ 0x20000000) -- CPU_WriteMem(16 bytes @ 0x20000000) -- CPU_ReadMem(4 bytes @ 0xE000EDFC) -- CPU_WriteMem(4 bytes @ 0xE000EDFC) -- CPU_ReadMem(4 bytes @ 0xE0001000) -- CPU_WriteMem(4 bytes @ 0xE000EDFC) -- CPU_WriteMem(16 bytes @ 0x20000000) -- CPU_WriteMem(4 bytes @ 0xE0002000) -- CPU_ReadMem(4 bytes @ 0xE000EDFC) -- CPU_ReadMem(4 bytes @ 0xE0001000) (0028ms, 0426ms total)
T18A8 148:589 JLINK_JTAG_GetDeviceID(DeviceIndex = 0)  returns 0x4BA00477 (0000ms, 0426ms total)
T18A8 148:589 JLINK_ReadMemU32(0x400E0740, 0x0001 Items, ...) -- CPU_ReadMem(4 bytes @ 0x400E0740) - Data: E0 0E A7 29  returns 0x01 (0001ms, 0427ms total)
T18A8 148:590 JLINK_ReadMemU32(0x400E0744, 0x0001 Items, ...) -- CPU_ReadMem(4 bytes @ 0x400E0744) - Data: 00 00 00 00  returns 0x01 (0004ms, 0431ms total)
T1410 148:598 JLINK_IsHalted()  returns TRUE (0000ms, 0431ms total)
T1410 148:598 JLINK_GetMOEs(...) -- CPU_ReadMem(4 bytes @ 0xE000ED30) -- CPU_WriteMem(4 bytes @ 0xE000ED30)  returns 0x01 (0002ms, 0433ms total)
T18A8 148:601 JLINK_BeginDownload(Flags = 0x00) (0000ms, 0433ms total)
T1410 148:608 JLINK_ReadReg(R15 (PC))  returns 0xFFFFFFFE (0000ms, 0433ms total)
T18A8 148:612 JLINK_WriteMem(0x00400000, 0x4000 Bytes, ...) - Data: E0 3D 00 20 59 12 40 00 55 12 40 00 55 12 40 00 ...  returns 0x4000 (0001ms, 0434ms total)
T18A8 148:613 JLINK_WriteMem(0x00404000, 0x3514 Bytes, ...) - Data: 2C BB 05 9B 06 9A 9D 1A 00 23 FF F7 60 BB 14 9B ...  returns 0x3514 (0000ms, 0434ms total)
T18A8 148:613 JLINK_WriteMem(0x00407514, 0x0008 Bytes, ...) - Data: 68 F1 FF 7F 01 00 00 00  returns 0x08 (0001ms, 0435ms total)
T18A8 148:614 JLINK_WriteMem(0x0040751C, 0x0884 Bytes, ...) - Data: F0 00 00 00 40 01 00 00 00 09 3D 00 00 00 00 00 ...  returns 0x884 (0000ms, 0435ms total)
T1410 148:809 JLINK_IsHalted()  returns TRUE (0000ms, 0435ms total)
T1214 148:810 JLINK_Halt()  returns 0x00 (0000ms, 0435ms total)
T1214 148:810 JLINK_ReadReg(R15 (PC)) -- -------------------------------------- -- Start of determining dirty areas in flash cache -- End of determining dirty areas -- Start of preparing flash programming -- Calculating RAM usage -- RAM usage = 3956 Bytes -- Preserving CPU registers -- Preparing memory -- Determining CPU clock frequency -- CPU clock frequency: 4198 kHz -- CPU frequency = 4198 kHz -- Preparing target -- Downloading RAMCode -- Checking target RAM -- Preparing RAMCode
 -- End of preparing flash programming -- CPU is running at 90000 kHz. -- Start of comparing flash -- CRC check was estimated as fastest method -- Comparing range 0x400000 - 0x403FFF (32 Sectors, 16 KB), using multi-block CRC calculation -- CRC does not match for sectors 0-31 -- Comparing range 0x404000 - 0x407FFF (4 Sectors, 16 KB), using multi-block CRC calculation -- CRC does not match for sectors 0-3 -- End of comparing flash -- Start of erasing sectors -- End of erasing sectors
 -- Start of flash programming -- Programming range 0x00400000 - 0x00403FFF (032 Sectors, 16 KB) -- Programming range 0x00404000 - 0x00407FFF (004 Sectors, 16 KB) -- End of flash programming -- 0x400000 - 0x403FFF (032 Sectors, 16 KB) -- 0x404000 - 0x407FFF (004 Sectors, 16 KB) -- Start of verifying flash -- Checksum calculation was estimated as fastest method -- Checksum calculation was estimated as fastest method -- End of verifying flash -- Start of restoring -- Restore RAMCode
 -- Restore content of target memory -- Restore target -- Restore memory -- Restoring CPU registers -- End of restoring -- Flash programming performed for 2 ranges (32768 bytes) -- Total time needed: 0.530s (Prepare: 0.260s, Compare: 0.015s, Erase: 0.000s, Program: 0.193s, Verify: 0.002s, Restore: 0.057s)  returns 0xFFFFFFFE (0532ms, 0967ms total)
T1410 149:342 JLINK_IsHalted()  returns TRUE (0002ms, 0969ms total)
T1214 149:345 JLINK_ReadReg(R13 (SP))  returns 0xFFFFFFFC (0000ms, 0969ms total)
T1214 149:479 JLINK_ReadReg(R0)  returns 0x400E1400 (0000ms, 0969ms total)
T1214 149:479 JLINK_ReadReg(R1)  returns 0x40C00000 (0000ms, 0969ms total)
T1214 149:479 JLINK_ReadReg(R2)  returns 0xA5000005 (0000ms, 0969ms total)
T1214 149:479 JLINK_ReadReg(R3)  returns 0x00000000 (0000ms, 0969ms total)
T1214 149:479 JLINK_ReadReg(R4)  returns 0x00000000 (0000ms, 0969ms total)
T1214 149:479 JLINK_ReadReg(R5)  returns 0x000000F0 (0000ms, 0969ms total)
T1214 149:479 JLINK_ReadReg(R6)  returns 0x00400A89 (0000ms, 0969ms total)
T1214 149:479 JLINK_ReadReg(R7)  returns 0x00400B55 (0000ms, 0969ms total)
T1214 149:479 JLINK_ReadReg(R8)  returns 0x00FFFFFF (0000ms, 0969ms total)
T1214 149:479 JLINK_ReadReg(R9)  returns 0x00401281 (0000ms, 0969ms total)
T1214 149:479 JLINK_ReadReg(R10)  returns 0x00400F7D (0000ms, 0969ms total)
T1214 149:479 JLINK_ReadReg(R11)  returns 0x3C8CB3B3 (0000ms, 0969ms total)
T1214 149:479 JLINK_ReadReg(R12)  returns 0x06D80000 (0000ms, 0969ms total)
T1214 149:479 JLINK_ReadReg(R13 (SP))  returns 0xFFFFFFFC (0000ms, 0969ms total)
T1214 149:479 JLINK_ReadReg(R14)  returns 0xFFFFFFFF (0000ms, 0969ms total)
T1214 149:479 JLINK_ReadReg(R15 (PC))  returns 0xFFFFFFFE (0000ms, 0969ms total)
T1214 149:479 JLINK_ReadReg(XPSR)  returns 0x01000000 (0000ms, 0969ms total)
T1214 149:479 JLINK_ReadReg(MSP)  returns 0xFFFFFFFC (0000ms, 0969ms total)
T1214 149:479 JLINK_ReadReg(PSP)  returns 0x4D967C34 (0000ms, 0969ms total)
T1214 149:479 JLINK_ReadReg(PRIMASK)  returns 0x00000000 (0000ms, 0969ms total)
T1214 149:479 JLINK_ReadReg(BASEPRI)  returns 0x00000000 (0000ms, 0969ms total)
T1214 149:479 JLINK_ReadReg(FAULTMASK)  returns 0x00000000 (0000ms, 0969ms total)
T1214 149:479 JLINK_ReadReg(CONTROL)  returns 0x00000000 (0000ms, 0969ms total)
T1214 149:510 JLINK_EndDownload()  returns 0x00 (0000ms, 0969ms total)
T1214 149:510 JLINK_Reset() -- CPU_ReadMem(16 bytes @ 0x20000000) -- CPU_WriteMem(16 bytes @ 0x20000000) -- CPU_ReadMem(4 bytes @ 0xE000EDFC) -- CPU_WriteMem(4 bytes @ 0xE000EDFC) -- CPU_ReadMem(4 bytes @ 0xE0001000) -- CPU_WriteMem(4 bytes @ 0xE000EDFC) -- CPU_WriteMem(16 bytes @ 0x20000000) -- CPU_WriteMem(4 bytes @ 0xE0002000) -- CPU_ReadMem(4 bytes @ 0xE000EDFC) -- CPU_ReadMem(4 bytes @ 0xE0001000) (0026ms, 0995ms total)
T1410 149:536 JLINK_IsHalted()  returns TRUE (0000ms, 0995ms total)
T1410 149:536 JLINK_GetMOEs(...) -- CPU_ReadMem(4 bytes @ 0xE000ED30) -- CPU_WriteMem(4 bytes @ 0xE000ED30)  returns 0x01 (0001ms, 0996ms total)
T1410 149:537 JLINK_ReadReg(R15 (PC))  returns 0x00401258 (0000ms, 0996ms total)
T1214 149:546 JLINK_ReadReg(R15 (PC))  returns 0x00401258 (0000ms, 0996ms total)
T1214 149:546 JLINK_ReadReg(R13 (SP))  returns 0x20003DE0 (0000ms, 0996ms total)
T1214 149:555 JLINK_ReadMemHW(0x00401258, 0x0004 Bytes, ...) -- CPU_ReadMem(4 bytes @ 0x00401258) - Data: 08 B5 20 4B  returns 0x00 (0001ms, 0997ms total)
T1214 149:608 JLINK_ReadMemHW(0x00401930, 0x0001 Bytes, ...) -- CPU_ReadMem(1 bytes @ 0x00401930) - Data: 2D  returns 0x00 (0001ms, 0998ms total)
T1214 149:679 JLINK_ReadReg(R15 (PC))  returns 0x00401258 (0000ms, 0998ms total)
T1214 149:679 JLINK_GetNumBPUnits(Type = 0xFFFFFF02)  returns 0x06 (0000ms, 0998ms total)
T1214 149:679 JLINK_SetBPEx(Addr = 0x00401930, Type = 0xFFFFFF02)  returns 0x00000001 (0000ms, 0998ms total)
T1214 149:679 JLINK_GetBPInfo(BPHandle = 1)  returns 0x00 (0000ms, 0998ms total)
T1214 149:679 JLINK_Go() -- CPU_WriteMem(4 bytes @ 0xE0002000) -- CPU_ReadMem(4 bytes @ 0xE0001000) -- CPU_WriteMem(4 bytes @ 0xE0002008) -- CPU_WriteMem(4 bytes @ 0xE000200C) -- CPU_WriteMem(4 bytes @ 0xE0002010) -- CPU_WriteMem(4 bytes @ 0xE0002014) -- CPU_WriteMem(4 bytes @ 0xE0002018) -- CPU_WriteMem(4 bytes @ 0xE000201C) -- CPU_WriteMem(4 bytes @ 0xE0001004) (0006ms, 1004ms total)
T1410 149:685 JLINK_IsHalted()  returns FALSE (0000ms, 1004ms total)
T1410 149:705 JLINK_IsHalted()  returns TRUE (0003ms, 1007ms total)
T1410 149:708 JLINK_GetMOEs(...) -- CPU_ReadMem(4 bytes @ 0xE000ED30) -- CPU_WriteMem(4 bytes @ 0xE000ED30)  returns 0x01 (0002ms, 1006ms total)
T1410 149:710 JLINK_ReadReg(R15 (PC))  returns 0x00401930 (0000ms, 1006ms total)
T1410 149:710 JLINK_WriteMem(0xE000EDFC, 0x0004 Bytes, ...) - Data: 00 00 00 01 -- CPU_WriteMem(4 bytes @ 0xE000EDFC)  returns 0x04 (0001ms, 1007ms total)
T1410 149:711 JLINK_ReadMem (0xE0001000, 0x0004 Bytes, ...) -- CPU_ReadMem(4 bytes @ 0xE0001000) - Data: 01 00 00 40  returns 0x00 (0001ms, 1008ms total)
T1410 149:712 JLINK_WriteMem(0xE0001000, 0x0004 Bytes, ...) - Data: 01 00 00 40  returns 0x04 (0000ms, 1008ms total)
T1410 149:712 JLINK_WriteMem(0xE0001028, 0x0004 Bytes, ...) - Data: 00 01 00 00  returns 0x04 (0000ms, 1008ms total)
T1410 149:712 JLINK_ReadMem (0xE0001028, 0x0004 Bytes, ...) -- CPU_WriteMem(4 bytes @ 0xE0001028) -- CPU_ReadMem(4 bytes @ 0xE0001028) - Data: 00 00 00 00  returns 0x00 (0001ms, 1009ms total)
T1410 149:713 JLINK_WriteMem(0xE0001024, 0x0004 Bytes, ...) - Data: 1F 00 00 00  returns 0x04 (0001ms, 1010ms total)
T1410 149:714 JLINK_ReadMem (0xE0001024, 0x0004 Bytes, ...) -- CPU_WriteMem(4 bytes @ 0xE0001024) -- CPU_ReadMem(4 bytes @ 0xE0001024) - Data: 0F 00 00 00  returns 0x00 (0001ms, 1011ms total)
T1410 149:715 JLINK_WriteMem(0xE0001038, 0x0004 Bytes, ...) - Data: 00 01 00 00  returns 0x04 (0000ms, 1011ms total)
T1410 149:715 JLINK_ReadMem (0xE0001038, 0x0004 Bytes, ...) -- CPU_WriteMem(4 bytes @ 0xE0001038) -- CPU_ReadMem(4 bytes @ 0xE0001038) - Data: 00 03 00 00  returns 0x00 (0001ms, 1012ms total)
T1410 149:716 JLINK_WriteMem(0xE0001034, 0x0004 Bytes, ...) - Data: 1F 00 00 00  returns 0x04 (0001ms, 1013ms total)
T1410 149:717 JLINK_ReadMem (0xE0001034, 0x0004 Bytes, ...) -- CPU_WriteMem(4 bytes @ 0xE0001034) -- CPU_ReadMem(4 bytes @ 0xE0001034) - Data: 0F 00 00 00  returns 0x00 (0001ms, 1014ms total)
T1410 149:718 JLINK_WriteMem(0xE0001048, 0x0004 Bytes, ...) - Data: 00 01 00 00  returns 0x04 (0000ms, 1014ms total)
T1410 149:718 JLINK_ReadMem (0xE0001048, 0x0004 Bytes, ...) -- CPU_WriteMem(4 bytes @ 0xE0001048) -- CPU_ReadMem(4 bytes @ 0xE0001048) - Data: 00 00 00 00  returns 0x00 (0002ms, 1016ms total)
T1410 149:720 JLINK_WriteMem(0xE0001044, 0x0004 Bytes, ...) - Data: 1F 00 00 00  returns 0x04 (0000ms, 1016ms total)
T1410 149:720 JLINK_ReadMem (0xE0001044, 0x0004 Bytes, ...) -- CPU_WriteMem(4 bytes @ 0xE0001044) -- CPU_ReadMem(4 bytes @ 0xE0001044) - Data: 0F 00 00 00  returns 0x00 (0001ms, 1017ms total)
T1410 149:721 JLINK_WriteMem(0xE0001058, 0x0004 Bytes, ...) - Data: 00 01 00 00  returns 0x04 (0000ms, 1017ms total)
T1410 149:721 JLINK_ReadMem (0xE0001058, 0x0004 Bytes, ...) -- CPU_WriteMem(4 bytes @ 0xE0001058) -- CPU_ReadMem(4 bytes @ 0xE0001058) - Data: 00 00 00 00  returns 0x00 (0002ms, 1019ms total)
T1410 149:723 JLINK_WriteMem(0xE0001054, 0x0004 Bytes, ...) - Data: 1F 00 00 00  returns 0x04 (0000ms, 1019ms total)
T1410 149:723 JLINK_ReadMem (0xE0001054, 0x0004 Bytes, ...) -- CPU_WriteMem(4 bytes @ 0xE0001054) -- CPU_ReadMem(4 bytes @ 0xE0001054) - Data: 0F 00 00 00  returns 0x00 (0002ms, 1021ms total)
T1410 149:725 JLINK_WriteMem(0xE0001020, 0x0004 Bytes, ...) - Data: 00 00 00 00  returns 0x04 (0000ms, 1021ms total)
T1410 149:725 JLINK_WriteMem(0xE0001024, 0x0004 Bytes, ...) - Data: 00 00 00 00  returns 0x04 (0000ms, 1021ms total)
T1410 149:725 JLINK_WriteMem(0xE0001028, 0x0004 Bytes, ...) - Data: 00 00 00 00  returns 0x04 (0000ms, 1021ms total)
T1410 149:725 JLINK_WriteMem(0xE0001030, 0x0004 Bytes, ...) - Data: 00 00 00 00  returns 0x04 (0000ms, 1021ms total)
T1410 149:725 JLINK_WriteMem(0xE0001034, 0x0004 Bytes, ...) - Data: 00 00 00 00  returns 0x04 (0000ms, 1021ms total)
T1410 149:725 JLINK_WriteMem(0xE0001038, 0x0004 Bytes, ...) - Data: 00 00 00 00  returns 0x04 (0000ms, 1021ms total)
T1410 149:725 JLINK_WriteMem(0xE0001040, 0x0004 Bytes, ...) - Data: 00 00 00 00  returns 0x04 (0000ms, 1021ms total)
T1410 149:725 JLINK_WriteMem(0xE0001044, 0x0004 Bytes, ...) - Data: 00 00 00 00  returns 0x04 (0000ms, 1021ms total)
T1410 149:725 JLINK_WriteMem(0xE0001048, 0x0004 Bytes, ...) - Data: 00 00 00 00  returns 0x04 (0000ms, 1021ms total)
T1410 149:725 JLINK_WriteMem(0xE0001050, 0x0004 Bytes, ...) - Data: 00 00 00 00  returns 0x04 (0000ms, 1021ms total)
T1410 149:725 JLINK_WriteMem(0xE0001054, 0x0004 Bytes, ...) - Data: 00 00 00 00  returns 0x04 (0000ms, 1021ms total)
T1410 149:725 JLINK_WriteMem(0xE0001058, 0x0004 Bytes, ...) - Data: 00 00 00 00  returns 0x04 (0000ms, 1021ms total)
T1410 149:725 JLINK_GetBPInfo(BPHandle = 1)  returns 0x00 (0000ms, 1021ms total)
T1410 149:725 JLINK_ClrBPEx(BPHandle = 0x00000001)  returns 0x00 (0000ms, 1021ms total)
T1214 149:735 JLINK_ReadReg(R15 (PC))  returns 0x00401930 (0000ms, 1021ms total)
T1214 149:735 JLINK_ReadReg(R13 (SP))  returns 0x20003DD8 (0000ms, 1021ms total)
T1214 149:735 JLINK_ReadMemHW(0x00401930, 0x0004 Bytes, ...) -- CPU_ReadMem(4 bytes @ 0x00401930) - Data: 2D E9 80 48  returns 0x00 (0001ms, 1022ms total)
T1214 149:748 JLINK_ReadReg(R15 (PC))  returns 0x00401930 (0000ms, 1022ms total)
T1214 149:748 JLINK_Go() -- CPU_WriteMem(4 bytes @ 0xE0001000) -- CPU_ReadMem(4 bytes @ 0xE0001000) -- CPU_WriteMem(4 bytes @ 0xE0001020) -- CPU_WriteMem(4 bytes @ 0xE0001030) -- CPU_WriteMem(4 bytes @ 0xE0001040) -- CPU_WriteMem(4 bytes @ 0xE0001050) -- CPU_WriteMem(4 bytes @ 0xE0001024) -- CPU_WriteMem(4 bytes @ 0xE0001034) -- CPU_WriteMem(4 bytes @ 0xE0001044) -- CPU_WriteMem(4 bytes @ 0xE0001054) -- CPU_WriteMem(4 bytes @ 0xE0001028) -- CPU_WriteMem(4 bytes @ 0xE0001038)
 -- CPU_WriteMem(4 bytes @ 0xE0001048) -- CPU_WriteMem(4 bytes @ 0xE0001058) -- CPU_WriteMem(4 bytes @ 0xE0002008) (0007ms, 1029ms total)
T1410 149:755 JLINK_IsHalted()  returns FALSE (0001ms, 1030ms total)
T1410 149:796 JLINK_IsHalted()  returns FALSE (0000ms, 1029ms total)
T1410 149:956 JLINK_IsHalted()  returns FALSE (0002ms, 1031ms total)
T1410 150:158 JLINK_IsHalted()  returns FALSE (0000ms, 1029ms total)
T1410 150:358 JLINK_IsHalted()  returns FALSE (0001ms, 1030ms total)
T1410 150:559 JLINK_IsHalted()  returns FALSE (0000ms, 1029ms total)
T1410 150:759 JLINK_IsHalted()  returns FALSE (0001ms, 1030ms total)
T1410 150:969 JLINK_IsHalted()  returns FALSE (0001ms, 1030ms total)
T1410 151:195 JLINK_IsHalted()  returns FALSE (0001ms, 1030ms total)
T1410 151:396 JLINK_IsHalted()  returns FALSE (0000ms, 1029ms total)
T1410 151:596 JLINK_IsHalted()  returns FALSE (0000ms, 1029ms total)
T1410 151:796 JLINK_IsHalted()  returns FALSE (0001ms, 1030ms total)
T1410 151:997 JLINK_IsHalted()  returns FALSE (0001ms, 1030ms total)
T1410 152:198 JLINK_IsHalted()  returns FALSE (0001ms, 1030ms total)
T1410 152:399 JLINK_IsHalted()  returns FALSE (0001ms, 1030ms total)
T1410 152:600 JLINK_IsHalted()  returns FALSE (0001ms, 1030ms total)
T1410 152:801 JLINK_IsHalted()  returns FALSE (0000ms, 1029ms total)
T1410 153:001 JLINK_IsHalted()  returns FALSE (0001ms, 1030ms total)
T1410 153:202 JLINK_IsHalted()  returns FALSE (0001ms, 1030ms total)
T1410 153:403 JLINK_IsHalted()  returns FALSE (0001ms, 1030ms total)
T1410 153:604 JLINK_IsHalted()  returns FALSE (0001ms, 1030ms total)
T1410 153:805 JLINK_IsHalted()  returns FALSE (0001ms, 1030ms total)
T1410 154:006 JLINK_IsHalted()  returns FALSE (0001ms, 1030ms total)
T1410 154:207 JLINK_IsHalted()  returns FALSE (0001ms, 1030ms total)
T1410 154:408 JLINK_IsHalted()  returns FALSE (0001ms, 1030ms total)
T1410 154:609 JLINK_IsHalted()  returns FALSE (0001ms, 1030ms total)
T1410 154:810 JLINK_IsHalted()  returns FALSE (0001ms, 1030ms total)
T1410 155:011 JLINK_IsHalted()  returns FALSE (0001ms, 1030ms total)
T1410 155:212 JLINK_IsHalted()  returns FALSE (0001ms, 1030ms total)
T1410 155:445 JLINK_IsHalted()  returns FALSE (0001ms, 1030ms total)
T1410 155:646 JLINK_IsHalted()  returns FALSE (0001ms, 1030ms total)
T1410 155:847 JLINK_IsHalted()  returns FALSE (0001ms, 1030ms total)
T1410 156:048 JLINK_IsHalted()  returns FALSE (0001ms, 1030ms total)
T1410 156:249 JLINK_IsHalted()  returns FALSE (0000ms, 1029ms total)
T1410 156:449 JLINK_IsHalted()  returns FALSE (0001ms, 1030ms total)
T1410 156:651 JLINK_IsHalted()  returns FALSE (0001ms, 1030ms total)
T1410 156:853 JLINK_IsHalted()  returns FALSE (0002ms, 1031ms total)
T1410 157:057 JLINK_IsHalted()  returns FALSE (0001ms, 1030ms total)
T1410 157:258 JLINK_IsHalted()  returns FALSE (0001ms, 1030ms total)
T1410 157:459 JLINK_IsHalted()  returns FALSE (0001ms, 1030ms total)
T1410 157:660 JLINK_IsHalted()  returns FALSE (0001ms, 1030ms total)
T1410 157:861 JLINK_IsHalted()  returns FALSE (0001ms, 1030ms total)
T1410 158:094 JLINK_IsHalted()  returns FALSE (0001ms, 1030ms total)
T1410 158:295 JLINK_IsHalted()  returns FALSE (0000ms, 1029ms total)
T1410 158:495 JLINK_IsHalted()  returns FALSE (0001ms, 1030ms total)
T1410 158:697 JLINK_IsHalted()  returns FALSE (0007ms, 1036ms total)
T1410 158:906 JLINK_IsHalted()  returns FALSE (0002ms, 1031ms total)
T1410 159:108 JLINK_IsHalted()  returns FALSE (0001ms, 1030ms total)
T1410 159:310 JLINK_IsHalted()  returns FALSE (0001ms, 1030ms total)
T1410 159:511 JLINK_IsHalted()  returns FALSE (0001ms, 1030ms total)
T1410 159:744 JLINK_IsHalted()  returns FALSE (0001ms, 1030ms total)
T1410 159:945 JLINK_IsHalted()  returns FALSE (0001ms, 1030ms total)
T1410 160:146 JLINK_IsHalted()  returns FALSE (0002ms, 1031ms total)
T1410 160:348 JLINK_IsHalted()  returns FALSE (0001ms, 1030ms total)
T1410 160:549 JLINK_IsHalted()  returns FALSE (0001ms, 1030ms total)
T1410 160:750 JLINK_IsHalted()  returns FALSE (0001ms, 1030ms total)
T1410 160:951 JLINK_IsHalted()  returns FALSE (0001ms, 1030ms total)
T1410 161:152 JLINK_IsHalted()  returns FALSE (0001ms, 1030ms total)
T1410 161:353 JLINK_IsHalted()  returns FALSE (0001ms, 1030ms total)
T1410 161:554 JLINK_IsHalted()  returns FALSE (0001ms, 1030ms total)
T1410 161:756 JLINK_IsHalted()  returns FALSE (0002ms, 1031ms total)
T1410 161:959 JLINK_IsHalted()  returns FALSE (0002ms, 1031ms total)
T1410 162:161 JLINK_IsHalted()  returns FALSE (0002ms, 1031ms total)
T1410 162:394 JLINK_IsHalted()  returns FALSE (0001ms, 1030ms total)
T1410 162:595 JLINK_IsHalted()  returns FALSE (0001ms, 1030ms total)
T1410 162:796 JLINK_IsHalted()  returns FALSE (0002ms, 1031ms total)
T1410 162:998 JLINK_IsHalted()  returns FALSE (0000ms, 1029ms total)
T1410 163:198 JLINK_IsHalted()  returns FALSE (0000ms, 1029ms total)
T1410 163:398 JLINK_IsHalted()  returns FALSE (0001ms, 1030ms total)
T1410 163:599 JLINK_IsHalted()  returns FALSE (0001ms, 1030ms total)
T1410 163:800 JLINK_IsHalted()  returns FALSE (0000ms, 1029ms total)
T1410 164:000 JLINK_IsHalted()  returns FALSE (0001ms, 1030ms total)
T1410 164:201 JLINK_IsHalted()  returns FALSE (0001ms, 1030ms total)
T1410 164:402 JLINK_IsHalted()  returns FALSE (0002ms, 1031ms total)
T1410 164:604 JLINK_IsHalted()  returns FALSE (0000ms, 1029ms total)
T1410 164:804 JLINK_IsHalted()  returns FALSE (0000ms, 1029ms total)
T1410 165:004 JLINK_IsHalted()  returns FALSE (0000ms, 1029ms total)
T1410 165:204 JLINK_IsHalted()  returns FALSE (0001ms, 1030ms total)
T1410 165:405 JLINK_IsHalted()  returns FALSE (0001ms, 1030ms total)
T1410 165:606 JLINK_IsHalted()  returns FALSE (0001ms, 1030ms total)
T1410 165:807 JLINK_IsHalted()  returns FALSE (0001ms, 1030ms total)
T1410 166:008 JLINK_IsHalted()  returns FALSE (0001ms, 1030ms total)
T1410 166:210 JLINK_IsHalted()  returns FALSE (0001ms, 1030ms total)
T1410 166:411 JLINK_IsHalted()  returns FALSE (0001ms, 1030ms total)
T1410 166:614 JLINK_IsHalted()  returns FALSE (0003ms, 1032ms total)
T1410 166:845 JLINK_IsHalted()  returns FALSE (0000ms, 1029ms total)
T1410 167:045 JLINK_IsHalted()  returns FALSE (0001ms, 1030ms total)
T1410 167:246 JLINK_IsHalted()  returns FALSE (0001ms, 1030ms total)
T1410 167:447 JLINK_IsHalted()  returns FALSE (0000ms, 1029ms total)
T1410 167:647 JLINK_IsHalted()  returns FALSE (0001ms, 1030ms total)
T1410 167:848 JLINK_IsHalted()  returns FALSE (0001ms, 1030ms total)
T1410 168:049 JLINK_IsHalted()  returns FALSE (0001ms, 1030ms total)
T1410 168:250 JLINK_IsHalted()  returns FALSE (0000ms, 1029ms total)
T1410 168:451 JLINK_IsHalted()  returns FALSE (0001ms, 1030ms total)
T1410 168:652 JLINK_IsHalted()  returns FALSE (0000ms, 1029ms total)
T1410 168:852 JLINK_IsHalted()  returns FALSE (0000ms, 1029ms total)
T1410 169:052 JLINK_IsHalted()  returns FALSE (0001ms, 1030ms total)
T1410 169:253 JLINK_IsHalted()  returns FALSE (0001ms, 1030ms total)
T1410 169:454 JLINK_IsHalted()  returns FALSE (0000ms, 1029ms total)
T1410 169:654 JLINK_IsHalted()  returns FALSE (0002ms, 1031ms total)
T1410 169:856 JLINK_IsHalted()  returns FALSE (0000ms, 1029ms total)
T1410 170:056 JLINK_IsHalted()  returns FALSE (0000ms, 1029ms total)
T1410 170:256 JLINK_IsHalted()  returns FALSE (0000ms, 1029ms total)
T1410 170:456 JLINK_IsHalted()  returns FALSE (0002ms, 1031ms total)
T1410 170:658 JLINK_IsHalted()  returns FALSE (0001ms, 1030ms total)
T1410 170:859 JLINK_IsHalted()  returns FALSE (0000ms, 1029ms total)
T1410 171:059 JLINK_IsHalted()  returns FALSE (0002ms, 1031ms total)
T1410 171:261 JLINK_IsHalted()  returns FALSE (0000ms, 1029ms total)
T1410 171:461 JLINK_IsHalted()  returns FALSE (0000ms, 1029ms total)
T1410 171:661 JLINK_IsHalted()  returns FALSE (0001ms, 1030ms total)
T1410 171:862 JLINK_IsHalted()  returns FALSE (0001ms, 1030ms total)
T1410 172:095 JLINK_IsHalted()  returns FALSE (0001ms, 1030ms total)
T1410 172:296 JLINK_IsHalted()  returns FALSE (0001ms, 1030ms total)
T1410 172:497 JLINK_IsHalted()  returns FALSE (0001ms, 1030ms total)
T1410 172:698 JLINK_IsHalted()  returns FALSE (0000ms, 1029ms total)
T1410 172:898 JLINK_IsHalted()  returns FALSE (0000ms, 1029ms total)
T1410 173:099 JLINK_IsHalted()  returns FALSE (0000ms, 1029ms total)
T1410 173:299 JLINK_IsHalted()  returns FALSE (0001ms, 1030ms total)
T1410 173:500 JLINK_IsHalted()  returns FALSE (0000ms, 1029ms total)
T1410 173:700 JLINK_IsHalted()  returns FALSE (0001ms, 1030ms total)
T1410 173:901 JLINK_IsHalted()  returns FALSE (0001ms, 1030ms total)
T1410 174:102 JLINK_IsHalted()  returns FALSE (0001ms, 1030ms total)
T1410 174:303 JLINK_IsHalted()  returns FALSE (0001ms, 1030ms total)
T1410 174:504 JLINK_IsHalted()  returns FALSE (0000ms, 1029ms total)
T1410 174:709 JLINK_IsHalted()  returns FALSE (0010ms, 1039ms total)
T1410 174:944 JLINK_IsHalted()  returns FALSE (0001ms, 1030ms total)
T1410 175:145 JLINK_IsHalted()  returns FALSE (0000ms, 1029ms total)
T1410 175:346 JLINK_IsHalted()  returns FALSE (0001ms, 1030ms total)
T1410 175:547 JLINK_IsHalted()  returns FALSE (0000ms, 1029ms total)
T1410 175:747 JLINK_IsHalted()  returns FALSE (0001ms, 1030ms total)
T1410 175:948 JLINK_IsHalted()  returns FALSE (0001ms, 1030ms total)
T1410 176:149 JLINK_IsHalted()  returns FALSE (0001ms, 1030ms total)
T1410 176:350 JLINK_IsHalted()  returns FALSE (0001ms, 1030ms total)
T1410 176:551 JLINK_IsHalted()  returns FALSE (0001ms, 1030ms total)
T1410 176:752 JLINK_IsHalted()  returns FALSE (0001ms, 1030ms total)
T1410 176:953 JLINK_IsHalted()  returns FALSE (0001ms, 1030ms total)
T1410 177:154 JLINK_IsHalted()  returns FALSE (0001ms, 1030ms total)
T1410 177:355 JLINK_IsHalted()  returns FALSE (0001ms, 1030ms total)
T1410 177:556 JLINK_IsHalted()  returns FALSE (0002ms, 1031ms total)
T1410 177:758 JLINK_IsHalted()  returns FALSE (0002ms, 1031ms total)
T1410 177:960 JLINK_IsHalted()  returns FALSE (0001ms, 1030ms total)
T1410 178:161 JLINK_IsHalted()  returns FALSE (0001ms, 1030ms total)
T1410 178:394 JLINK_IsHalted()  returns FALSE (0001ms, 1030ms total)
T1410 178:595 JLINK_IsHalted()  returns FALSE (0001ms, 1030ms total)
T1410 178:796 JLINK_IsHalted()  returns FALSE (0000ms, 1029ms total)
T1410 178:996 JLINK_IsHalted()  returns FALSE (0000ms, 1029ms total)
T1410 179:197 JLINK_IsHalted()  returns FALSE (0000ms, 1029ms total)
T1410 179:397 JLINK_IsHalted()  returns FALSE (0001ms, 1030ms total)
T1410 179:598 JLINK_IsHalted()  returns FALSE (0000ms, 1029ms total)
T1410 179:799 JLINK_IsHalted()  returns FALSE (0000ms, 1029ms total)
T1410 180:000 JLINK_IsHalted()  returns FALSE (0000ms, 1029ms total)
T1410 180:200 JLINK_IsHalted()  returns FALSE (0000ms, 1029ms total)
T1410 180:400 JLINK_IsHalted()  returns FALSE (0000ms, 1029ms total)
T1410 180:600 JLINK_IsHalted()  returns FALSE (0000ms, 1029ms total)
T1410 180:800 JLINK_IsHalted()  returns FALSE (0000ms, 1029ms total)
T1410 181:000 JLINK_IsHalted()  returns FALSE (0001ms, 1030ms total)
T1410 181:201 JLINK_IsHalted()  returns FALSE (0001ms, 1030ms total)
T1410 181:402 JLINK_IsHalted()  returns FALSE (0001ms, 1030ms total)
T1410 181:603 JLINK_IsHalted()  returns FALSE (0001ms, 1030ms total)
T1410 181:804 JLINK_IsHalted()  returns FALSE (0001ms, 1030ms total)
T1410 182:007 JLINK_IsHalted()  returns FALSE (0002ms, 1031ms total)
T1410 182:209 JLINK_IsHalted()  returns FALSE (0002ms, 1031ms total)
T1410 182:411 JLINK_IsHalted()  returns FALSE (0001ms, 1030ms total)
T1410 182:644 JLINK_IsHalted()  returns FALSE (0001ms, 1030ms total)
T1410 182:845 JLINK_IsHalted()  returns FALSE (0001ms, 1030ms total)
T1410 183:046 JLINK_IsHalted()  returns FALSE (0000ms, 1029ms total)
T1410 183:246 JLINK_IsHalted()  returns FALSE (0000ms, 1029ms total)
T1410 183:446 JLINK_IsHalted()  returns FALSE (0001ms, 1030ms total)
T1410 183:648 JLINK_IsHalted()  returns FALSE (0001ms, 1030ms total)
T1410 183:849 JLINK_IsHalted()  returns FALSE (0001ms, 1030ms total)
T1410 184:050 JLINK_IsHalted()  returns FALSE (0001ms, 1030ms total)
T1410 184:251 JLINK_IsHalted()  returns FALSE (0002ms, 1031ms total)
T1410 184:453 JLINK_IsHalted()  returns FALSE (0001ms, 1030ms total)
T1410 184:654 JLINK_IsHalted()  returns FALSE (0001ms, 1030ms total)
T1410 184:856 JLINK_IsHalted()  returns FALSE (0001ms, 1030ms total)
T1410 185:057 JLINK_IsHalted()  returns FALSE (0000ms, 1029ms total)
T1410 185:257 JLINK_IsHalted()  returns FALSE (0001ms, 1030ms total)
T1410 185:458 JLINK_IsHalted()  returns FALSE (0001ms, 1030ms total)
T1410 185:659 JLINK_IsHalted()  returns FALSE (0001ms, 1030ms total)
T1410 185:860 JLINK_IsHalted()  returns FALSE (0002ms, 1031ms total)
T1410 186:062 JLINK_IsHalted()  returns FALSE (0000ms, 1029ms total)
T1410 186:262 JLINK_IsHalted()  returns FALSE (0002ms, 1031ms total)
T1410 186:495 JLINK_IsHalted()  returns FALSE (0001ms, 1030ms total)
T1410 186:696 JLINK_IsHalted()  returns FALSE (0001ms, 1030ms total)
T1410 186:897 JLINK_IsHalted()  returns FALSE (0000ms, 1029ms total)
T1410 187:097 JLINK_IsHalted()  returns FALSE (0001ms, 1030ms total)
T1410 187:298 JLINK_IsHalted()  returns FALSE (0004ms, 1033ms total)
T1410 187:502 JLINK_IsHalted()  returns FALSE (0001ms, 1030ms total)
T1410 187:703 JLINK_IsHalted()  returns FALSE (0001ms, 1030ms total)
T1410 187:904 JLINK_IsHalted()  returns FALSE (0001ms, 1030ms total)
T1410 188:105 JLINK_IsHalted()  returns FALSE (0001ms, 1030ms total)
T1410 188:306 JLINK_IsHalted()  returns FALSE (0000ms, 1029ms total)
T1410 188:506 JLINK_IsHalted()  returns FALSE (0001ms, 1030ms total)
T1410 188:707 JLINK_IsHalted()  returns FALSE (0001ms, 1030ms total)
T1410 188:908 JLINK_IsHalted()  returns FALSE (0001ms, 1030ms total)
T1410 189:110 JLINK_IsHalted()  returns FALSE (0001ms, 1030ms total)
T1410 189:311 JLINK_IsHalted()  returns FALSE (0001ms, 1030ms total)
T1410 189:512 JLINK_IsHalted()  returns FALSE (0001ms, 1030ms total)
T1410 189:745 JLINK_IsHalted()  returns FALSE (0001ms, 1030ms total)
T1410 189:946 JLINK_IsHalted()  returns FALSE (0001ms, 1030ms total)
T1410 190:147 JLINK_IsHalted()  returns FALSE (0001ms, 1030ms total)
T1410 190:348 JLINK_IsHalted()  returns FALSE (0001ms, 1030ms total)
T1410 190:549 JLINK_IsHalted()  returns FALSE (0001ms, 1030ms total)
T1410 190:750 JLINK_IsHalted()  returns FALSE (0000ms, 1029ms total)
T1410 190:950 JLINK_IsHalted()  returns FALSE (0001ms, 1030ms total)
T1410 191:151 JLINK_IsHalted()  returns FALSE (0000ms, 1029ms total)
T1410 191:352 JLINK_IsHalted()  returns FALSE (0007ms, 1036ms total)
T1410 191:559 JLINK_IsHalted()  returns FALSE (0000ms, 1029ms total)
T1410 191:759 JLINK_IsHalted()  returns FALSE (0001ms, 1030ms total)
T1410 191:960 JLINK_IsHalted()  returns FALSE (0001ms, 1030ms total)
T1410 192:161 JLINK_IsHalted()  returns FALSE (0001ms, 1030ms total)
T1410 192:394 JLINK_IsHalted()  returns FALSE (0000ms, 1029ms total)
T1410 192:594 JLINK_IsHalted()  returns FALSE (0000ms, 1029ms total)
T1410 192:794 JLINK_IsHalted()  returns FALSE (0000ms, 1029ms total)
T1410 192:994 JLINK_IsHalted()  returns FALSE (0001ms, 1030ms total)
T1410 193:195 JLINK_IsHalted()  returns FALSE (0000ms, 1029ms total)
T1410 193:395 JLINK_IsHalted()  returns FALSE (0001ms, 1030ms total)
T1410 193:596 JLINK_IsHalted()  returns FALSE (0001ms, 1030ms total)
T1410 193:797 JLINK_IsHalted()  returns FALSE (0001ms, 1030ms total)
T1410 193:998 JLINK_IsHalted()  returns FALSE (0001ms, 1030ms total)
T1410 194:199 JLINK_IsHalted()  returns FALSE (0001ms, 1030ms total)
T1410 194:400 JLINK_IsHalted()  returns FALSE (0001ms, 1030ms total)
T1410 194:601 JLINK_IsHalted()  returns FALSE (0001ms, 1030ms total)
T1410 194:802 JLINK_IsHalted()  returns FALSE (0001ms, 1030ms total)
T1410 195:003 JLINK_IsHalted()  returns FALSE (0001ms, 1030ms total)
T1410 195:204 JLINK_IsHalted()  returns FALSE (0001ms, 1030ms total)
T1410 195:405 JLINK_IsHalted()  returns FALSE (0001ms, 1030ms total)
T1410 195:606 JLINK_IsHalted()  returns FALSE (0000ms, 1029ms total)
T1410 195:806 JLINK_IsHalted()  returns FALSE (0000ms, 1029ms total)
T1410 196:006 JLINK_IsHalted()  returns FALSE (0001ms, 1030ms total)
T1410 196:207 JLINK_IsHalted()  returns FALSE (0001ms, 1030ms total)
T1410 196:408 JLINK_IsHalted()  returns FALSE (0001ms, 1030ms total)
T1410 196:609 JLINK_IsHalted()  returns FALSE (0001ms, 1030ms total)
T1410 196:810 JLINK_IsHalted()  returns FALSE (0000ms, 1029ms total)
T1410 197:010 JLINK_IsHalted()  returns FALSE (0001ms, 1030ms total)
T1410 197:211 JLINK_IsHalted()  returns FALSE (0001ms, 1030ms total)
T1410 197:444 JLINK_IsHalted()  returns FALSE (0000ms, 1029ms total)
T1410 197:644 JLINK_IsHalted()  returns FALSE (0001ms, 1030ms total)
T1410 197:845 JLINK_IsHalted()  returns FALSE (0001ms, 1030ms total)
T1410 198:046 JLINK_IsHalted()  returns FALSE (0001ms, 1030ms total)
T1410 198:247 JLINK_IsHalted()  returns FALSE (0001ms, 1030ms total)
T1410 198:448 JLINK_IsHalted()  returns FALSE (0001ms, 1030ms total)
T1410 198:649 JLINK_IsHalted()  returns FALSE (0001ms, 1030ms total)
T1410 198:850 JLINK_IsHalted()  returns FALSE (0001ms, 1030ms total)
T1410 199:051 JLINK_IsHalted()  returns FALSE (0001ms, 1030ms total)
T1410 199:252 JLINK_IsHalted()  returns FALSE (0001ms, 1030ms total)
T1410 199:453 JLINK_IsHalted()  returns FALSE (0001ms, 1030ms total)
T1410 199:654 JLINK_IsHalted()  returns FALSE (0002ms, 1031ms total)
T1410 199:856 JLINK_IsHalted()  returns FALSE (0000ms, 1029ms total)
T1410 200:056 JLINK_IsHalted()  returns FALSE (0001ms, 1030ms total)
T1410 200:257 JLINK_IsHalted()  returns FALSE (0001ms, 1030ms total)
T1410 200:458 JLINK_IsHalted()  returns FALSE (0000ms, 1029ms total)
T1410 200:659 JLINK_IsHalted()  returns FALSE (0001ms, 1030ms total)
T1410 200:860 JLINK_IsHalted()  returns FALSE (0001ms, 1030ms total)
T1410 201:061 JLINK_IsHalted()  returns FALSE (0001ms, 1030ms total)
T1410 201:295 JLINK_IsHalted()  returns FALSE (0000ms, 1029ms total)
T1410 201:495 JLINK_IsHalted()  returns FALSE (0001ms, 1030ms total)
T1410 201:696 JLINK_IsHalted()  returns FALSE (0001ms, 1030ms total)
T1410 201:897 JLINK_IsHalted()  returns FALSE (0001ms, 1030ms total)
T1410 202:098 JLINK_IsHalted()  returns FALSE (0001ms, 1030ms total)
T1410 202:299 JLINK_IsHalted()  returns FALSE (0001ms, 1030ms total)
T1410 202:500 JLINK_IsHalted()  returns FALSE (0001ms, 1030ms total)
T1410 202:701 JLINK_IsHalted()  returns FALSE (0001ms, 1030ms total)
T1410 202:902 JLINK_IsHalted()  returns FALSE (0001ms, 1030ms total)
T1410 203:103 JLINK_IsHalted()  returns FALSE (0002ms, 1031ms total)
T1410 203:306 JLINK_IsHalted()  returns FALSE (0000ms, 1029ms total)
T1410 203:507 JLINK_IsHalted()  returns FALSE (0001ms, 1030ms total)
T1410 203:708 JLINK_IsHalted()  returns FALSE (0001ms, 1030ms total)
T1410 203:909 JLINK_IsHalted()  returns FALSE (0001ms, 1030ms total)
T1410 204:110 JLINK_IsHalted()  returns FALSE (0001ms, 1030ms total)
T1410 204:311 JLINK_IsHalted()  returns FALSE (0001ms, 1030ms total)
T1410 204:512 JLINK_IsHalted()  returns FALSE (0001ms, 1030ms total)
T1410 204:745 JLINK_IsHalted()  returns FALSE (0000ms, 1029ms total)
T1410 204:945 JLINK_IsHalted()  returns FALSE (0001ms, 1030ms total)
T1410 205:146 JLINK_IsHalted()  returns FALSE (0000ms, 1029ms total)
T1410 205:347 JLINK_IsHalted()  returns FALSE (0002ms, 1031ms total)
T1410 205:549 JLINK_IsHalted()  returns FALSE (0000ms, 1029ms total)
T1410 205:749 JLINK_IsHalted()  returns FALSE (0002ms, 1031ms total)
T1410 205:951 JLINK_IsHalted()  returns FALSE (0001ms, 1030ms total)
T1410 206:152 JLINK_IsHalted()  returns FALSE (0000ms, 1029ms total)
T1410 206:352 JLINK_IsHalted()  returns FALSE (0001ms, 1030ms total)
T1410 206:553 JLINK_IsHalted()  returns FALSE (0000ms, 1029ms total)
T1410 206:753 JLINK_IsHalted()  returns FALSE (0001ms, 1030ms total)
T1410 206:954 JLINK_IsHalted()  returns FALSE (0000ms, 1029ms total)
T1410 207:154 JLINK_IsHalted()  returns FALSE (0001ms, 1030ms total)
T1410 207:355 JLINK_IsHalted()  returns FALSE (0001ms, 1030ms total)
T1410 207:556 JLINK_IsHalted()  returns FALSE (0000ms, 1029ms total)
T1410 207:756 JLINK_IsHalted()  returns FALSE (0000ms, 1029ms total)
T1410 207:956 JLINK_IsHalted()  returns FALSE (0000ms, 1029ms total)
T1410 208:157 JLINK_IsHalted()  returns FALSE (0001ms, 1030ms total)
T1410 208:358 JLINK_IsHalted()  returns FALSE (0000ms, 1029ms total)
T1410 208:558 JLINK_IsHalted()  returns FALSE (0000ms, 1029ms total)
T1410 208:758 JLINK_IsHalted()  returns FALSE (0000ms, 1029ms total)
T1410 208:958 JLINK_IsHalted()  returns FALSE (0000ms, 1029ms total)
T1410 209:158 JLINK_IsHalted()  returns FALSE (0001ms, 1030ms total)
T1410 209:359 JLINK_IsHalted()  returns FALSE (0001ms, 1030ms total)
T1410 209:560 JLINK_IsHalted()  returns FALSE (0000ms, 1029ms total)
T1410 209:760 JLINK_IsHalted()  returns FALSE (0001ms, 1030ms total)
T1410 209:961 JLINK_IsHalted()  returns FALSE (0001ms, 1030ms total)
T1410 210:194 JLINK_IsHalted()  returns FALSE (0001ms, 1030ms total)
T1410 210:395 JLINK_IsHalted()  returns FALSE (0000ms, 1029ms total)
T1410 210:595 JLINK_IsHalted()  returns FALSE (0000ms, 1029ms total)
T1410 210:795 JLINK_IsHalted()  returns FALSE (0002ms, 1031ms total)
T1410 210:997 JLINK_IsHalted()  returns FALSE (0001ms, 1030ms total)
T1410 211:198 JLINK_IsHalted()  returns FALSE (0001ms, 1030ms total)
T1410 211:399 JLINK_IsHalted()  returns FALSE (0001ms, 1030ms total)
T1410 211:600 JLINK_IsHalted()  returns FALSE (0001ms, 1030ms total)
T1410 211:801 JLINK_IsHalted()  returns FALSE (0001ms, 1030ms total)
T1410 212:002 JLINK_IsHalted()  returns FALSE (0000ms, 1029ms total)
T1410 212:202 JLINK_IsHalted()  returns FALSE (0001ms, 1030ms total)
T1410 212:403 JLINK_IsHalted()  returns FALSE (0001ms, 1030ms total)
T1410 212:604 JLINK_IsHalted()  returns FALSE (0001ms, 1030ms total)
T1410 212:805 JLINK_IsHalted()  returns FALSE (0001ms, 1030ms total)
T1410 213:006 JLINK_IsHalted()  returns FALSE (0002ms, 1031ms total)
T1410 213:208 JLINK_IsHalted()  returns FALSE (0001ms, 1030ms total)
T1410 213:409 JLINK_IsHalted()  returns FALSE (0001ms, 1030ms total)
T1410 213:610 JLINK_IsHalted()  returns FALSE (0001ms, 1030ms total)
T1410 213:811 JLINK_IsHalted()  returns FALSE (0001ms, 1030ms total)
T1410 214:044 JLINK_IsHalted()  returns FALSE (0001ms, 1030ms total)
T1410 214:245 JLINK_IsHalted()  returns FALSE (0000ms, 1029ms total)
T1410 214:445 JLINK_IsHalted()  returns FALSE (0000ms, 1029ms total)
T1410 214:645 JLINK_IsHalted()  returns FALSE (0001ms, 1030ms total)
T1410 214:846 JLINK_IsHalted()  returns FALSE (0001ms, 1030ms total)
T1410 215:047 JLINK_IsHalted()  returns FALSE (0001ms, 1030ms total)
T1410 215:248 JLINK_IsHalted()  returns FALSE (0001ms, 1030ms total)
T1410 215:449 JLINK_IsHalted()  returns FALSE (0001ms, 1030ms total)
T1410 215:650 JLINK_IsHalted()  returns FALSE (0004ms, 1033ms total)
T1410 215:854 JLINK_IsHalted()  returns FALSE (0001ms, 1030ms total)
T1410 216:055 JLINK_IsHalted()  returns FALSE (0000ms, 1029ms total)
T1410 216:255 JLINK_IsHalted()  returns FALSE (0000ms, 1029ms total)
T1410 216:455 JLINK_IsHalted()  returns FALSE (0000ms, 1029ms total)
T1410 216:655 JLINK_IsHalted()  returns FALSE (0001ms, 1030ms total)
T1410 216:856 JLINK_IsHalted()  returns FALSE (0000ms, 1029ms total)
T1410 217:056 JLINK_IsHalted()  returns FALSE (0001ms, 1030ms total)
T1410 217:257 JLINK_IsHalted()  returns FALSE (0001ms, 1030ms total)
T1410 217:458 JLINK_IsHalted()  returns FALSE (0000ms, 1029ms total)
T1410 217:658 JLINK_IsHalted()  returns FALSE (0000ms, 1029ms total)
T1410 217:858 JLINK_IsHalted()  returns FALSE (0000ms, 1029ms total)
T1410 218:058 JLINK_IsHalted()  returns FALSE (0001ms, 1030ms total)
T1410 218:259 JLINK_IsHalted()  returns FALSE (0001ms, 1030ms total)
T1410 218:460 JLINK_IsHalted()  returns FALSE (0001ms, 1030ms total)
T1410 218:662 JLINK_IsHalted()  returns FALSE (0000ms, 1029ms total)
T1410 218:862 JLINK_IsHalted()  returns FALSE (0002ms, 1031ms total)
T1410 219:095 JLINK_IsHalted()  returns FALSE (0001ms, 1030ms total)
T1410 219:296 JLINK_IsHalted()  returns FALSE (0004ms, 1033ms total)
T1410 219:500 JLINK_IsHalted()  returns FALSE (0000ms, 1029ms total)
T1410 219:700 JLINK_IsHalted()  returns FALSE (0001ms, 1030ms total)
T1410 219:902 JLINK_IsHalted()  returns FALSE (0001ms, 1030ms total)
T1410 220:104 JLINK_IsHalted()  returns FALSE (0000ms, 1029ms total)
T1410 220:304 JLINK_IsHalted()  returns FALSE (0000ms, 1029ms total)
T1410 220:505 JLINK_IsHalted()  returns FALSE (0002ms, 1031ms total)
T1410 220:707 JLINK_IsHalted()  returns FALSE (0000ms, 1029ms total)
T1410 220:908 JLINK_IsHalted()  returns FALSE (0001ms, 1030ms total)
T1410 221:109 JLINK_IsHalted()  returns FALSE (0001ms, 1030ms total)
T1410 221:310 JLINK_IsHalted()  returns FALSE (0001ms, 1030ms total)
T1410 221:511 JLINK_IsHalted()  returns FALSE (0001ms, 1030ms total)
T1410 221:712 JLINK_IsHalted()  returns FALSE (0000ms, 1029ms total)
T1410 221:912 JLINK_IsHalted()  returns FALSE (0000ms, 1029ms total)
T1410 222:112 JLINK_IsHalted()  returns FALSE (0000ms, 1029ms total)
T1410 222:312 JLINK_IsHalted()  returns FALSE (0001ms, 1030ms total)
T1410 222:546 JLINK_IsHalted()  returns FALSE (0001ms, 1030ms total)
T1410 222:747 JLINK_IsHalted()  returns FALSE (0001ms, 1030ms total)
T1410 222:948 JLINK_IsHalted()  returns FALSE (0000ms, 1029ms total)
T1410 223:148 JLINK_IsHalted()  returns FALSE (0001ms, 1030ms total)
T1410 223:349 JLINK_IsHalted()  returns FALSE (0001ms, 1030ms total)
T1410 223:550 JLINK_IsHalted()  returns FALSE (0001ms, 1030ms total)
T1410 223:751 JLINK_IsHalted()  returns FALSE (0001ms, 1030ms total)
T1410 223:952 JLINK_IsHalted()  returns FALSE (0001ms, 1030ms total)
T1410 224:153 JLINK_IsHalted()  returns FALSE (0000ms, 1029ms total)
T1410 224:353 JLINK_IsHalted()  returns FALSE (0001ms, 1030ms total)
T1410 224:554 JLINK_IsHalted()  returns FALSE (0001ms, 1030ms total)
T1410 224:755 JLINK_IsHalted()  returns FALSE (0001ms, 1030ms total)
T1410 224:956 JLINK_IsHalted()  returns FALSE (0001ms, 1030ms total)
T1410 225:157 JLINK_IsHalted()  returns FALSE (0001ms, 1030ms total)
T1410 225:358 JLINK_IsHalted()  returns FALSE (0001ms, 1030ms total)
T1410 225:559 JLINK_IsHalted()  returns FALSE (0000ms, 1029ms total)
T1410 225:759 JLINK_IsHalted()  returns FALSE (0001ms, 1030ms total)
T1410 225:960 JLINK_IsHalted()  returns FALSE (0001ms, 1030ms total)
T1410 226:161 JLINK_IsHalted()  returns FALSE (0000ms, 1029ms total)
T1410 226:361 JLINK_IsHalted()  returns FALSE (0001ms, 1030ms total)
T1410 226:562 JLINK_IsHalted()  returns FALSE (0000ms, 1029ms total)
T1410 226:762 JLINK_IsHalted()  returns FALSE (0000ms, 1029ms total)
T1410 226:962 JLINK_IsHalted()  returns FALSE (0000ms, 1029ms total)
T1410 227:194 JLINK_IsHalted()  returns FALSE (0000ms, 1029ms total)
T1410 227:394 JLINK_IsHalted()  returns FALSE (0001ms, 1030ms total)
T1410 227:595 JLINK_IsHalted()  returns FALSE (0001ms, 1030ms total)
T1410 227:796 JLINK_IsHalted()  returns FALSE (0001ms, 1030ms total)
T1410 227:997 JLINK_IsHalted()  returns FALSE (0001ms, 1030ms total)
T1410 228:198 JLINK_IsHalted()  returns FALSE (0001ms, 1030ms total)
T1410 228:399 JLINK_IsHalted()  returns FALSE (0001ms, 1030ms total)
T1410 228:600 JLINK_IsHalted()  returns FALSE (0001ms, 1030ms total)
T1410 228:801 JLINK_IsHalted()  returns FALSE (0001ms, 1030ms total)
T1410 229:002 JLINK_IsHalted()  returns FALSE (0003ms, 1032ms total)
T1410 229:205 JLINK_IsHalted()  returns FALSE (0002ms, 1031ms total)
T1410 229:407 JLINK_IsHalted()  returns FALSE (0001ms, 1030ms total)
T1410 229:608 JLINK_IsHalted()  returns FALSE (0001ms, 1030ms total)
T1410 229:809 JLINK_IsHalted()  returns FALSE (0000ms, 1029ms total)
T1410 230:009 JLINK_IsHalted()  returns FALSE (0001ms, 1030ms total)
T1410 230:210 JLINK_IsHalted()  returns FALSE (0000ms, 1029ms total)
T1410 230:411 JLINK_IsHalted()  returns FALSE (0000ms, 1029ms total)
T1410 230:611 JLINK_IsHalted()  returns FALSE (0000ms, 1029ms total)
T1410 230:811 JLINK_IsHalted()  returns FALSE (0000ms, 1029ms total)
T1410 231:014 JLINK_IsHalted()  returns FALSE (0000ms, 1029ms total)
T1410 231:244 JLINK_IsHalted()  returns FALSE (0000ms, 1029ms total)
T1410 231:444 JLINK_IsHalted()  returns FALSE (0000ms, 1029ms total)
T1410 231:644 JLINK_IsHalted()  returns FALSE (0000ms, 1029ms total)
T1410 231:844 JLINK_IsHalted()  returns FALSE (0003ms, 1032ms total)
T1410 232:047 JLINK_IsHalted()  returns FALSE (0000ms, 1029ms total)
T1410 232:247 JLINK_IsHalted()  returns FALSE (0001ms, 1030ms total)
T1410 232:448 JLINK_IsHalted()  returns FALSE (0000ms, 1029ms total)
T1410 232:648 JLINK_IsHalted()  returns FALSE (0000ms, 1029ms total)
T1410 232:848 JLINK_IsHalted()  returns FALSE (0000ms, 1029ms total)
T1410 233:048 JLINK_IsHalted()  returns FALSE (0001ms, 1030ms total)
