T1250 7503:770 SEGGER J-Link V5.10 Log File (0000ms, 3027ms total)
T1250 7503:770 DLL Compiled: Nov 27 2015 17:01:28 (0000ms, 3027ms total)
T1250 7503:770 Logging started @ 2016-04-07 21:54 (0000ms, 3027ms total)
T1250 7504:361 JLINK_ExecCommand("Device = AT91SAM4SD32C", ...)Device "ATSAM4SD32C" selected.  returns 0x00 (0001ms, 3028ms total)
T1250 7504:375 JLINK_ExecCommand("ProjectFile = C:\Users\Guilherme\Documents\GitHub\Entregas\Aula 4\GPIO_REGISTRADORES_LED\jlink.config", ...)  returns 0x00 (0001ms, 3029ms total)
T1250 7505:387 JLINK_ExecCommand("Device = AT91SAM4SD32C", ...)Device "ATSAM4SD32C" selected.  returns 0x00 (0001ms, 3030ms total)
T1250 7505:388 JLINK_TIF_Select(JLINKARM_TIF_JTAG)  returns 0x00 (0004ms, 3034ms total)
T1250 7505:392 JLINK_GetIdData(...) >0x2F8 JTAG>TotalIRLen = 4, IRPrint = 0x01 >0x30 JTAG> >0x210 JTAG> >0x70 JTAG> >0x40 JTAG> >0x40 JTAG> >0x40 JTAG> >0x48 JTAG> >0x78 JTAG> >0x40 JTAG> >0x30 JTAG> >0x40 JTAG> >0x40 JTAG> >0x30 JTAG> >0x40 JTAG> >0x48 JTAG>Found Cortex-M4 r0p1, Little endian. -- CPU_ReadMem(4 bytes @ 0xE000EDF0) -- CPU_ReadMem(4 bytes @ 0xE0002000)FPUnit: 6 code (BP) slots and 2 literal slots -- CPU_ReadMem(4 bytes @ 0xE000EDFC) -- CPU_ReadMem(4 bytes @ 0xE0001000)
 -- CPU_WriteMem(4 bytes @ 0xE0001000) -- CPU_ReadMem(4 bytes @ 0xE000ED88) -- CPU_WriteMem(4 bytes @ 0xE000ED88) -- CPU_ReadMem(4 bytes @ 0xE000ED88) -- CPU_WriteMem(4 bytes @ 0xE000ED88)CoreSight components:ROMTbl 0 @ E00FF000 -- CPU_ReadMem(16 bytes @ 0xE00FF000) -- CPU_ReadMem(16 bytes @ 0xE000EFF0) -- CPU_ReadMem(16 bytes @ 0xE000EFE0)ROMTbl 0 [0]: FFF0F000, CID: B105E00D, PID: 000BB000 SCS -- CPU_ReadMem(16 bytes @ 0xE0001FF0) -- CPU_ReadMem(16 bytes @ 0xE0001FE0)
ROMTbl 0 [1]: FFF02000, CID: B105E00D, PID: 003BB002 DWT -- CPU_ReadMem(16 bytes @ 0xE0002FF0) -- CPU_ReadMem(16 bytes @ 0xE0002FE0)ROMTbl 0 [2]: FFF03000, CID: B105E00D, PID: 002BB003 FPB -- CPU_ReadMem(16 bytes @ 0xE0000FF0) -- CPU_ReadMem(16 bytes @ 0xE0000FE0)ROMTbl 0 [3]: FFF01000, CID: B105E00D, PID: 003BB001 ITM -- CPU_ReadMem(16 bytes @ 0xE00FF010) -- CPU_ReadMem(16 bytes @ 0xE0040FF0) -- CPU_ReadMem(16 bytes @ 0xE0040FE0)ROMTbl 0 [4]: FFF41000, CID: B105900D, PID: 000BB9A1 TPIU ScanLen=4
 NumDevices=1 aId[0]=0x4BA00477 aIrRead[0]=0 aScanLen[0]=0 aScanRead[0]=0 (0048ms, 3082ms total)
T1250 7505:440 JLINK_ConfigJTAG(IRPre = 0, DRPre = 0) (0000ms, 3082ms total)
T1250 7505:440 JLINK_SetSpeed(4000) (0000ms, 3082ms total)
T1250 7505:440 JLINK_ResetPullsRESET(OFF) (0000ms, 3082ms total)
T1250 7505:440 JLINK_Connect() >0x2F8 JTAG>TotalIRLen = 4, IRPrint = 0x01 >0x30 JTAG> >0x210 JTAG> >0x70 JTAG> >0x40 JTAG> >0x40 JTAG> >0x40 JTAG> >0x48 JTAG> >0x78 JTAG> >0x40 JTAG> >0x30 JTAG> >0x40 JTAG> >0x40 JTAG> >0x30 JTAG> >0x40 JTAG> >0x48 JTAG>Found Cortex-M4 r0p1, Little endian. -- CPU_ReadMem(4 bytes @ 0xE000EDF0) -- CPU_ReadMem(4 bytes @ 0xE0002000)FPUnit: 6 code (BP) slots and 2 literal slots -- CPU_ReadMem(4 bytes @ 0xE000EDFC) -- CPU_ReadMem(4 bytes @ 0xE0001000)
 -- CPU_WriteMem(4 bytes @ 0xE0001000) -- CPU_ReadMem(4 bytes @ 0xE000ED88) -- CPU_WriteMem(4 bytes @ 0xE000ED88) -- CPU_ReadMem(4 bytes @ 0xE000ED88) -- CPU_WriteMem(4 bytes @ 0xE000ED88)CoreSight components:ROMTbl 0 @ E00FF000 -- CPU_ReadMem(16 bytes @ 0xE00FF000) -- CPU_ReadMem(16 bytes @ 0xE000EFF0) -- CPU_ReadMem(16 bytes @ 0xE000EFE0)ROMTbl 0 [0]: FFF0F000, CID: B105E00D, PID: 000BB000 SCS -- CPU_ReadMem(16 bytes @ 0xE0001FF0) -- CPU_ReadMem(16 bytes @ 0xE0001FE0)
ROMTbl 0 [1]: FFF02000, CID: B105E00D, PID: 003BB002 DWT -- CPU_ReadMem(16 bytes @ 0xE0002FF0) -- CPU_ReadMem(16 bytes @ 0xE0002FE0)ROMTbl 0 [2]: FFF03000, CID: B105E00D, PID: 002BB003 FPB -- CPU_ReadMem(16 bytes @ 0xE0000FF0) -- CPU_ReadMem(16 bytes @ 0xE0000FE0)ROMTbl 0 [3]: FFF01000, CID: B105E00D, PID: 003BB001 ITM -- CPU_ReadMem(16 bytes @ 0xE00FF010) -- CPU_ReadMem(16 bytes @ 0xE0040FF0) -- CPU_ReadMem(16 bytes @ 0xE0040FE0)ROMTbl 0 [4]: FFF41000, CID: B105900D, PID: 000BB9A1 TPIU  returns 0x00
 (0035ms, 3117ms total)
T1250 7505:475 JLINK_Halt()  returns 0x00 (0005ms, 3122ms total)
T1250 7505:480 JLINK_WriteMem(0x400E0A04, 0x0004 Bytes, ...) - Data: 0B 01 00 5A -- CPU_WriteMem(4 bytes @ 0x400E0A04)  returns 0x04 (0002ms, 3124ms total)
T1250 7505:482 JLINK_ReadMem (0x400E0A08, 0x0004 Bytes, ...) -- CPU_ReadMem(4 bytes @ 0x400E0A08) - Data: 01 00 00 00  returns 0x00 (0001ms, 3125ms total)
T1250 7505:483 JLINK_WriteMem(0x400E0A04, 0x0004 Bytes, ...) - Data: 0C 02 00 5A -- CPU_WriteMem(4 bytes @ 0x400E0A04)  returns 0x04 (0001ms, 3126ms total)
T1250 7505:484 JLINK_ReadMem (0x400E0A08, 0x0004 Bytes, ...) -- CPU_ReadMem(4 bytes @ 0x400E0A08) - Data: 01 00 00 00  returns 0x00 (0001ms, 3127ms total)
T1250 7505:485 JLINK_Reset() -- CPU_ReadMem(16 bytes @ 0x20000000) -- CPU_WriteMem(16 bytes @ 0x20000000) -- CPU_ReadMem(4 bytes @ 0xE000EDFC) -- CPU_WriteMem(4 bytes @ 0xE000EDFC) -- CPU_ReadMem(4 bytes @ 0xE0001000) -- CPU_WriteMem(4 bytes @ 0xE000EDFC) -- CPU_WriteMem(16 bytes @ 0x20000000) -- CPU_WriteMem(4 bytes @ 0xE0002000) -- CPU_ReadMem(4 bytes @ 0xE000EDFC) -- CPU_ReadMem(4 bytes @ 0xE0001000) (0028ms, 3155ms total)
T1250 7505:514 JLINK_JTAG_GetDeviceID(DeviceIndex = 0)  returns 0x4BA00477 (0000ms, 3155ms total)
T1250 7505:514 JLINK_ReadMemU32(0x400E0740, 0x0001 Items, ...) -- CPU_ReadMem(4 bytes @ 0x400E0740) - Data: E0 0E A7 29  returns 0x01 (0001ms, 3156ms total)
T1250 7505:515 JLINK_ReadMemU32(0x400E0744, 0x0001 Items, ...) -- CPU_ReadMem(4 bytes @ 0x400E0744) - Data: 00 00 00 00  returns 0x01 (0001ms, 3157ms total)
T1250 7505:516 JLINK_WriteMem(0x400E0A04, 0x0004 Bytes, ...) - Data: 05 00 00 5A -- CPU_WriteMem(4 bytes @ 0x400E0A04)  returns 0x04 (0001ms, 3158ms total)
T1250 7505:517 JLINK_WriteMem(0x400E0C04, 0x0004 Bytes, ...) - Data: 05 00 00 5A -- CPU_WriteMem(4 bytes @ 0x400E0C04)  returns 0x04 (0001ms, 3159ms total)
T1250 7505:518 JLINK_ReadMem (0x400E0A08, 0x0004 Bytes, ...) -- CPU_ReadMem(4 bytes @ 0x400E0A08) - Data: 00 00 00 00  returns 0x00 (0001ms, 3160ms total)
T1250 7505:520 JLINK_ReadMem (0x400E0A08, 0x0004 Bytes, ...) -- CPU_ReadMem(4 bytes @ 0x400E0A08) - Data: 00 00 00 00  returns 0x00 (0000ms, 3160ms total)
T1250 7505:524 JLINK_ReadMem (0x400E0A08, 0x0004 Bytes, ...) -- CPU_ReadMem(4 bytes @ 0x400E0A08) - Data: 00 00 00 00  returns 0x00 (0000ms, 3160ms total)
T155C 7505:525 JLINK_IsHalted()  returns TRUE (0000ms, 3161ms total)
T155C 7505:525 JLINK_GetMOEs(...) -- CPU_ReadMem(4 bytes @ 0xE000ED30) -- CPU_WriteMem(4 bytes @ 0xE000ED30)  returns 0x01 (0001ms, 3162ms total)
T155C 7505:527 JLINK_ReadReg(R15 (PC))  returns 0x00400814 (0000ms, 3163ms total)
T1250 7505:565 JLINK_ReadMem (0x400E0A08, 0x0004 Bytes, ...) -- CPU_ReadMem(4 bytes @ 0x400E0A08) - Data: 00 00 00 00  returns 0x00 (0001ms, 3164ms total)
T1250 7505:630 JLINK_ReadMem (0x400E0A08, 0x0004 Bytes, ...) -- CPU_ReadMem(4 bytes @ 0x400E0A08) - Data: 00 00 00 00  returns 0x00 (0001ms, 3165ms total)
T155C 7505:727 JLINK_IsHalted()  returns TRUE (0000ms, 3165ms total)
T1250 7505:915 JLINK_ReadMem (0x400E0A08, 0x0004 Bytes, ...) -- CPU_ReadMem(4 bytes @ 0x400E0A08) - Data: 00 00 00 00  returns 0x00 (0001ms, 3166ms total)
T155C 7505:927 JLINK_IsHalted()  returns TRUE (0000ms, 3166ms total)
T155C 7506:127 JLINK_IsHalted()  returns TRUE (0001ms, 3167ms total)
T155C 7506:328 JLINK_IsHalted()  returns TRUE (0000ms, 3166ms total)
T155C 7506:528 JLINK_IsHalted()  returns TRUE (0000ms, 3166ms total)
T155C 7506:728 JLINK_IsHalted()  returns TRUE (0001ms, 3167ms total)
T155C 7506:929 JLINK_IsHalted()  returns TRUE (0000ms, 3166ms total)
T1250 7506:965 JLINK_ReadMem (0x400E0A08, 0x0004 Bytes, ...) -- CPU_ReadMem(4 bytes @ 0x400E0A08) - Data: 00 00 00 00  returns 0x00 (0001ms, 3167ms total)
T1250 7506:967 JLINK_ReadMem (0x400E0C08, 0x0004 Bytes, ...) -- CPU_ReadMem(4 bytes @ 0x400E0C08) - Data: 00 00 00 00  returns 0x00 (0001ms, 3168ms total)
T1250 7506:969 JLINK_ReadMem (0x400E0C08, 0x0004 Bytes, ...) -- CPU_ReadMem(4 bytes @ 0x400E0C08) - Data: 00 00 00 00  returns 0x00 (0001ms, 3169ms total)
T1250 7506:974 JLINK_ReadMem (0x400E0C08, 0x0004 Bytes, ...) -- CPU_ReadMem(4 bytes @ 0x400E0C08) - Data: 00 00 00 00  returns 0x00 (0000ms, 3169ms total)
T1250 7507:015 JLINK_ReadMem (0x400E0C08, 0x0004 Bytes, ...) -- CPU_ReadMem(4 bytes @ 0x400E0C08) - Data: 00 00 00 00  returns 0x00 (0001ms, 3171ms total)
T1250 7507:080 JLINK_ReadMem (0x400E0C08, 0x0004 Bytes, ...) -- CPU_ReadMem(4 bytes @ 0x400E0C08) - Data: 00 00 00 00  returns 0x00 (0001ms, 3172ms total)
T155C 7507:129 JLINK_IsHalted()  returns TRUE (0000ms, 3172ms total)
T155C 7507:329 JLINK_IsHalted()  returns TRUE (0001ms, 3173ms total)
T1250 7507:365 JLINK_ReadMem (0x400E0C08, 0x0004 Bytes, ...) -- CPU_ReadMem(4 bytes @ 0x400E0C08) - Data: 00 00 00 00  returns 0x00 (0001ms, 3173ms total)
T155C 7507:530 JLINK_IsHalted()  returns TRUE (0000ms, 3173ms total)
T155C 7507:730 JLINK_IsHalted()  returns TRUE (0000ms, 3173ms total)
T155C 7507:930 JLINK_IsHalted()  returns TRUE (0001ms, 3174ms total)
T155C 7508:131 JLINK_IsHalted()  returns TRUE (0000ms, 3173ms total)
T155C 7508:331 JLINK_IsHalted()  returns TRUE (0000ms, 3173ms total)
T1250 7508:415 JLINK_ReadMem (0x400E0C08, 0x0004 Bytes, ...) -- CPU_ReadMem(4 bytes @ 0x400E0C08) - Data: 00 00 00 00  returns 0x00 (0001ms, 3174ms total)
T1250 7508:416 JLINK_ReadMem (0x400E0A08, 0x0004 Bytes, ...) -- CPU_ReadMem(4 bytes @ 0x400E0A08) - Data: 00 00 00 00  returns 0x00 (0001ms, 3175ms total)
T1250 7508:418 JLINK_ReadMem (0x400E0A08, 0x0004 Bytes, ...) -- CPU_ReadMem(4 bytes @ 0x400E0A08) - Data: 00 00 00 00  returns 0x00 (0001ms, 3176ms total)
T1250 7508:423 JLINK_ReadMem (0x400E0A08, 0x0004 Bytes, ...) -- CPU_ReadMem(4 bytes @ 0x400E0A08) - Data: 00 00 00 00  returns 0x00 (0001ms, 3177ms total)
T1250 7508:465 JLINK_ReadMem (0x400E0A08, 0x0004 Bytes, ...) -- CPU_ReadMem(4 bytes @ 0x400E0A08) - Data: 00 00 00 00  returns 0x00 (0001ms, 3178ms total)
T1250 7508:531 JLINK_ReadMem (0x400E0A08, 0x0004 Bytes, ...) -- CPU_ReadMem(4 bytes @ 0x400E0A08) - Data: 00 00 00 00  returns 0x00 (0001ms, 3179ms total)
T155C 7508:532 JLINK_IsHalted()  returns TRUE (0001ms, 3180ms total)
T155C 7508:733 JLINK_IsHalted()  returns TRUE (0000ms, 3180ms total)
T1250 7508:816 JLINK_ReadMem (0x400E0A08, 0x0004 Bytes, ...) -- CPU_ReadMem(4 bytes @ 0x400E0A08) - Data: 00 00 00 00  returns 0x00 (0001ms, 3181ms total)
T155C 7508:933 JLINK_IsHalted()  returns TRUE (0000ms, 3181ms total)
T155C 7509:133 JLINK_IsHalted()  returns TRUE (0000ms, 3181ms total)
T155C 7509:333 JLINK_IsHalted()  returns TRUE (0000ms, 3181ms total)
T155C 7509:533 JLINK_IsHalted()  returns TRUE (0000ms, 3181ms total)
T155C 7509:733 JLINK_IsHalted()  returns TRUE (0001ms, 3182ms total)
T1250 7509:866 JLINK_ReadMem (0x400E0A08, 0x0004 Bytes, ...) -- CPU_ReadMem(4 bytes @ 0x400E0A08) - Data: 00 00 00 00  returns 0x00 (0001ms, 3182ms total)
T1250 7509:867 JLINK_ReadMem (0x400E0C08, 0x0004 Bytes, ...) -- CPU_ReadMem(4 bytes @ 0x400E0C08) - Data: 00 00 00 00  returns 0x00 (0001ms, 3183ms total)
T1250 7509:869 JLINK_ReadMem (0x400E0C08, 0x0004 Bytes, ...) -- CPU_ReadMem(4 bytes @ 0x400E0C08) - Data: 00 00 00 00  returns 0x00 (0001ms, 3184ms total)
T1250 7509:874 JLINK_ReadMem (0x400E0C08, 0x0004 Bytes, ...) -- CPU_ReadMem(4 bytes @ 0x400E0C08) - Data: 00 00 00 00  returns 0x00 (0001ms, 3185ms total)
T1250 7509:916 JLINK_ReadMem (0x400E0C08, 0x0004 Bytes, ...) -- CPU_ReadMem(4 bytes @ 0x400E0C08) - Data: 00 00 00 00  returns 0x00 (0001ms, 3186ms total)
T155C 7509:966 JLINK_IsHalted()  returns TRUE (0000ms, 3186ms total)
T1250 7509:981 JLINK_ReadMem (0x400E0C08, 0x0004 Bytes, ...) -- CPU_ReadMem(4 bytes @ 0x400E0C08) - Data: 00 00 00 00  returns 0x00 (0001ms, 3187ms total)
T155C 7510:166 JLINK_IsHalted()  returns TRUE (0000ms, 3187ms total)
T1250 7510:266 JLINK_ReadMem (0x400E0C08, 0x0004 Bytes, ...) -- CPU_ReadMem(4 bytes @ 0x400E0C08) - Data: 01 00 00 00  returns 0x00 (0001ms, 3188ms total)
T1250 7510:267 JLINK_ReadMem (0x400E0A08, 0x0004 Bytes, ...) -- CPU_ReadMem(4 bytes @ 0x400E0A08) - Data: 01 00 00 00  returns 0x00 (0001ms, 3189ms total)
T155C 7510:366 JLINK_IsHalted()  returns TRUE (0001ms, 3190ms total)
T1250 7510:368 JLINK_ResetPullsRESET(ON) (0000ms, 3189ms total)
T1250 7510:368 JLINK_ResetNoHalt() >0x2F8 JTAG>TotalIRLen = 4, IRPrint = 0x01 >0x30 JTAG> >0x210 JTAG> >0x70 JTAG> >0x40 JTAG> >0x40 JTAG> >0x40 JTAG> >0x48 JTAG> >0x78 JTAG> >0x40 JTAG> >0x30 JTAG> >0x40 JTAG> >0x40 JTAG> >0x30 JTAG> >0x40 JTAG> >0x48 JTAG>Found Cortex-M4 r0p1, Little endian. -- CPU_ReadMem(4 bytes @ 0xE000EDF0) -- CPU_ReadMem(4 bytes @ 0xE0002000)FPUnit: 6 code (BP) slots and 2 literal slots -- CPU_ReadMem(4 bytes @ 0xE000EDFC) -- CPU_ReadMem(4 bytes @ 0xE0001000)
 -- CPU_ReadMem(4 bytes @ 0xE000ED88) -- CPU_WriteMem(4 bytes @ 0xE000ED88) -- CPU_ReadMem(4 bytes @ 0xE000ED88) -- CPU_WriteMem(4 bytes @ 0xE000ED88)CoreSight components:ROMTbl 0 @ E00FF000 -- CPU_ReadMem(16 bytes @ 0xE00FF000) -- CPU_ReadMem(16 bytes @ 0xE000EFF0) -- CPU_ReadMem(16 bytes @ 0xE000EFE0)ROMTbl 0 [0]: FFF0F000, CID: B105E00D, PID: 000BB000 SCS -- CPU_WriteMem(4 bytes @ 0xE0001000) -- CPU_ReadMem(16 bytes @ 0xE0001FF0) -- CPU_ReadMem(16 bytes @ 0xE0001FE0)
ROMTbl 0 [1]: FFF02000, CID: B105E00D, PID: 003BB002 DWT -- CPU_ReadMem(16 bytes @ 0xE0002FF0) -- CPU_ReadMem(16 bytes @ 0xE0002FE0)ROMTbl 0 [2]: FFF03000, CID: B105E00D, PID: 002BB003 FPB -- CPU_ReadMem(16 bytes @ 0xE0000FF0) -- CPU_ReadMem(16 bytes @ 0xE0000FE0)ROMTbl 0 [3]: FFF01000, CID: B105E00D, PID: 003BB001 ITM -- CPU_ReadMem(16 bytes @ 0xE00FF010) -- CPU_ReadMem(16 bytes @ 0xE0040FF0) -- CPU_ReadMem(16 bytes @ 0xE0040FE0)ROMTbl 0 [4]: FFF41000, CID: B105900D, PID: 000BB9A1 TPIU
                JLINK_Reset() -- CPU_ReadMem(16 bytes @ 0x20000000) -- CPU_WriteMem(16 bytes @ 0x20000000) -- CPU_ReadMem(4 bytes @ 0xE000EDFC) -- CPU_WriteMem(4 bytes @ 0xE000EDFC) -- CPU_ReadMem(4 bytes @ 0xE0001000) -- CPU_WriteMem(4 bytes @ 0xE0001004) -- CPU_WriteMem(4 bytes @ 0xE000EDFC) -- CPU_WriteMem(16 bytes @ 0x20000000) -- CPU_WriteMem(4 bytes @ 0xE0002000) -- CPU_ReadMem(4 bytes @ 0xE000EDFC) -- CPU_ReadMem(4 bytes @ 0xE0001000) (0031ms, 0031ms total)
                JLINK_Go() -- CPU_ReadMem(4 bytes @ 0xE0001000) -- CPU_WriteMem(4 bytes @ 0xE0001004) (0002ms, 0033ms total)
               (0066ms, 3255ms total)
T1250 7510:436 JLINK_ExecCommand("ProjectFile = C:\Users\Guilherme\Documents\GitHub\Entregas\Aula 4\GPIO_REGISTRADORES_LED\jlink.config", ...)  returns 0x00 (0000ms, 3255ms total)
T1250 7510:974 JLINK_ExecCommand("Device = AT91SAM4SD32C", ...)Device "ATSAM4SD32C" selected.  returns 0x00 (0001ms, 3256ms total)
T1250 7510:975 JLINK_TIF_Select(JLINKARM_TIF_JTAG)  returns 0x00 (0000ms, 3256ms total)
T1250 7510:975 JLINK_GetIdData(...) ScanLen=4 NumDevices=1 aId[0]=0x4BA00477 aIrRead[0]=0 aScanLen[0]=0 aScanRead[0]=0 (0000ms, 3256ms total)
T1250 7510:975 JLINK_ConfigJTAG(IRPre = 0, DRPre = 0) (0000ms, 3256ms total)
T1250 7510:975 JLINK_SetSpeed(4000) (0000ms, 3256ms total)
T1250 7510:975 JLINK_ResetPullsRESET(OFF) (0000ms, 3256ms total)
T1250 7510:976 JLINK_Connect() >0x2F8 JTAG>TotalIRLen = 4, IRPrint = 0x01 >0x30 JTAG> >0x210 JTAG> >0x70 JTAG> >0x40 JTAG> >0x40 JTAG> >0x40 JTAG> >0x48 JTAG> >0x78 JTAG> >0x40 JTAG> >0x30 JTAG> >0x40 JTAG> >0x40 JTAG> >0x30 JTAG> >0x40 JTAG> >0x48 JTAG>Found Cortex-M4 r0p1, Little endian. -- CPU_ReadMem(4 bytes @ 0xE000EDF0) -- CPU_ReadMem(4 bytes @ 0xE0002000)FPUnit: 6 code (BP) slots and 2 literal slots -- CPU_ReadMem(4 bytes @ 0xE000EDFC) -- CPU_ReadMem(4 bytes @ 0xE0001000)
 -- CPU_WriteMem(4 bytes @ 0xE0001000) -- CPU_ReadMem(4 bytes @ 0xE000ED88) -- CPU_WriteMem(4 bytes @ 0xE000ED88) -- CPU_ReadMem(4 bytes @ 0xE000ED88) -- CPU_WriteMem(4 bytes @ 0xE000ED88)CoreSight components:ROMTbl 0 @ E00FF000 -- CPU_ReadMem(16 bytes @ 0xE00FF000) -- CPU_ReadMem(16 bytes @ 0xE000EFF0) -- CPU_ReadMem(16 bytes @ 0xE000EFE0)ROMTbl 0 [0]: FFF0F000, CID: B105E00D, PID: 000BB000 SCS -- CPU_ReadMem(16 bytes @ 0xE0001FF0) -- CPU_ReadMem(16 bytes @ 0xE0001FE0)
ROMTbl 0 [1]: FFF02000, CID: B105E00D, PID: 003BB002 DWT -- CPU_ReadMem(16 bytes @ 0xE0002FF0) -- CPU_ReadMem(16 bytes @ 0xE0002FE0)ROMTbl 0 [2]: FFF03000, CID: B105E00D, PID: 002BB003 FPB -- CPU_ReadMem(16 bytes @ 0xE0000FF0) -- CPU_ReadMem(16 bytes @ 0xE0000FE0)ROMTbl 0 [3]: FFF01000, CID: B105E00D, PID: 003BB001 ITM -- CPU_ReadMem(16 bytes @ 0xE00FF010) -- CPU_ReadMem(16 bytes @ 0xE0040FF0) -- CPU_ReadMem(16 bytes @ 0xE0040FE0)ROMTbl 0 [4]: FFF41000, CID: B105900D, PID: 000BB9A1 TPIU  returns 0x00
 (0033ms, 3290ms total)
T1250 7511:009 JLINK_Halt()  returns 0x00 (0004ms, 3294ms total)
T1250 7511:013 JLINK_WriteMem(0x400E0A04, 0x0004 Bytes, ...) - Data: 0B 01 00 5A -- CPU_WriteMem(4 bytes @ 0x400E0A04)  returns 0x04 (0002ms, 3296ms total)
T1250 7511:015 JLINK_ReadMem (0x400E0A08, 0x0004 Bytes, ...) -- CPU_ReadMem(4 bytes @ 0x400E0A08) - Data: 01 00 00 00  returns 0x00 (0001ms, 3297ms total)
T1250 7511:016 JLINK_WriteMem(0x400E0A04, 0x0004 Bytes, ...) - Data: 0C 02 00 5A -- CPU_WriteMem(4 bytes @ 0x400E0A04)  returns 0x04 (0001ms, 3298ms total)
T1250 7511:017 JLINK_ReadMem (0x400E0A08, 0x0004 Bytes, ...) -- CPU_ReadMem(4 bytes @ 0x400E0A08) - Data: 01 00 00 00  returns 0x00 (0001ms, 3299ms total)
T1250 7511:018 JLINK_Reset() -- CPU_ReadMem(16 bytes @ 0x20000000) -- CPU_WriteMem(16 bytes @ 0x20000000) -- CPU_ReadMem(4 bytes @ 0xE000EDFC) -- CPU_WriteMem(4 bytes @ 0xE000EDFC) -- CPU_ReadMem(4 bytes @ 0xE0001000) -- CPU_WriteMem(4 bytes @ 0xE000EDFC) -- CPU_WriteMem(16 bytes @ 0x20000000) -- CPU_WriteMem(4 bytes @ 0xE0002000) -- CPU_ReadMem(4 bytes @ 0xE000EDFC) -- CPU_ReadMem(4 bytes @ 0xE0001000) (0030ms, 3329ms total)
T1250 7511:052 JLINK_JTAG_GetDeviceID(DeviceIndex = 0)  returns 0x4BA00477 (0000ms, 3329ms total)
T1250 7511:052 JLINK_ReadMemU32(0x400E0740, 0x0001 Items, ...) -- CPU_ReadMem(4 bytes @ 0x400E0740) - Data: E0 0E A7 29  returns 0x01 (0001ms, 3330ms total)
T1250 7511:053 JLINK_ReadMemU32(0x400E0744, 0x0001 Items, ...) -- CPU_ReadMem(4 bytes @ 0x400E0744) - Data: 00 00 00 00  returns 0x01 (0001ms, 3331ms total)
T1250 7511:057 JLINK_BeginDownload(Flags = 0x00) (0000ms, 3331ms total)
T1250 7511:057 JLINK_WriteMem(0x00400000, 0x1718 Bytes, ...) - Data: E0 34 00 20 15 08 40 00 DD 08 40 00 DD 08 40 00 ...  returns 0x1718 (0001ms, 3332ms total)
T1250 7511:058 JLINK_WriteMem(0x00401718, 0x0008 Bytes, ...) - Data: 8C F9 FF 7F 01 00 00 00  returns 0x08 (0000ms, 3332ms total)
T1250 7511:058 JLINK_WriteMem(0x00401720, 0x0448 Bytes, ...) - Data: 80 B4 83 B0 00 AF 78 60 BF F3 5F 8F 01 38 FB D1 ...  returns 0x448 (0000ms, 3332ms total)
T1284 7511:076 JLINK_IsHalted()  returns TRUE (0000ms, 3332ms total)
T1284 7511:076 JLINK_GetMOEs(...) -- CPU_ReadMem(4 bytes @ 0xE000ED30) -- CPU_WriteMem(4 bytes @ 0xE000ED30)  returns 0x01 (0001ms, 3333ms total)
T1284 7511:077 JLINK_ReadReg(R15 (PC)) -- -------------------------------------- -- Start of determining dirty areas in flash cache -- End of determining dirty areas -- Start of preparing flash programming -- Calculating RAM usage -- RAM usage = 2932 Bytes -- Preserving CPU registers -- Preparing memory -- Determining CPU clock frequency -- CPU clock frequency: 4199 kHz -- CPU frequency = 4199 kHz -- Preparing target -- Downloading RAMCode -- Checking target RAM -- Preparing RAMCode
 -- End of preparing flash programming -- CPU is running at 90000 kHz. -- Start of comparing flash -- CRC check was estimated as fastest method -- Comparing range 0x400000 - 0x401BFF (14 Sectors, 7 KB), using multi-block CRC calculation -- CRC does not match for sectors 0-13 -- End of comparing flash -- Start of erasing sectors -- End of erasing sectors -- Start of flash programming -- Programming range 0x00400000 - 0x00401BFF (014 Sectors, 7 KB) -- End of flash programming
 -- 0x400000 - 0x401BFF (014 Sectors, 7 KB) -- Start of verifying flash -- Checksum calculation was estimated as fastest method -- End of verifying flash -- Start of restoring -- Restore RAMCode -- Restore content of target memory -- Restore target -- Restore memory -- Restoring CPU registers -- End of restoring -- Flash programming performed for 1 range (7168 bytes) -- Total time needed: 0.361s (Prepare: 0.229s, Compare: 0.006s, Erase: 0.000s, Program: 0.066s, Verify: 0.001s, Restore: 0.057s)
  returns 0xFFFFFFFE (0364ms, 3697ms total)
T1714 7511:567 JLINK_Halt()  returns 0x00 (0001ms, 3698ms total)
T1714 7511:568 JLINK_ReadReg(R15 (PC))  returns 0xFFFFFFFE (0000ms, 3698ms total)
T1714 7511:568 JLINK_ReadReg(R13 (SP))  returns 0xFFFFFFFC (0000ms, 3698ms total)
T1284 7511:666 JLINK_IsHalted()  returns TRUE (0000ms, 3698ms total)
T1714 7511:685 JLINK_ReadReg(R0)  returns 0x400E1400 (0000ms, 3698ms total)
T1714 7511:685 JLINK_ReadReg(R1)  returns 0x40C00000 (0000ms, 3698ms total)
T1714 7511:685 JLINK_ReadReg(R2)  returns 0xA5000005 (0000ms, 3698ms total)
T1714 7511:685 JLINK_ReadReg(R3)  returns 0x00000001 (0000ms, 3698ms total)
T1714 7511:685 JLINK_ReadReg(R4)  returns 0xABA95000 (0000ms, 3698ms total)
T1714 7511:685 JLINK_ReadReg(R5)  returns 0x00000000 (0000ms, 3698ms total)
T1714 7511:685 JLINK_ReadReg(R6)  returns 0x00400FAD (0000ms, 3698ms total)
T1714 7511:685 JLINK_ReadReg(R7)  returns 0x20003498 (0000ms, 3698ms total)
T1714 7511:685 JLINK_ReadReg(R8)  returns 0xABA95000 (0000ms, 3698ms total)
T1714 7511:685 JLINK_ReadReg(R9)  returns 0x00000000 (0000ms, 3698ms total)
T1714 7511:685 JLINK_ReadReg(R10)  returns 0xABA95000 (0000ms, 3698ms total)
T1714 7511:686 JLINK_ReadReg(R11)  returns 0x00000000 (0000ms, 3698ms total)
T1714 7511:686 JLINK_ReadReg(R12)  returns 0x20003490 (0000ms, 3698ms total)
T1714 7511:686 JLINK_ReadReg(R13 (SP))  returns 0xFFFFFFFC (0000ms, 3698ms total)
T1714 7511:686 JLINK_ReadReg(R14)  returns 0xFFFFFFFF (0000ms, 3698ms total)
T1714 7511:686 JLINK_ReadReg(R15 (PC))  returns 0xFFFFFFFE (0000ms, 3698ms total)
T1714 7511:686 JLINK_ReadReg(XPSR)  returns 0x01000000 (0000ms, 3698ms total)
T1714 7511:686 JLINK_ReadReg(MSP)  returns 0xFFFFFFFC (0000ms, 3698ms total)
T1714 7511:686 JLINK_ReadReg(PSP)  returns 0x4D967C34 (0000ms, 3698ms total)
T1714 7511:686 JLINK_ReadReg(PRIMASK)  returns 0x00000000 (0000ms, 3698ms total)
T1714 7511:686 JLINK_ReadReg(BASEPRI)  returns 0x00000000 (0000ms, 3698ms total)
T1714 7511:686 JLINK_ReadReg(FAULTMASK)  returns 0x00000000 (0000ms, 3698ms total)
T1714 7511:686 JLINK_ReadReg(CONTROL)  returns 0x00000000 (0000ms, 3698ms total)
T1714 7511:707 JLINK_EndDownload()  returns 0x00 (0000ms, 3698ms total)
T1714 7511:707 JLINK_Reset() -- CPU_ReadMem(16 bytes @ 0x20000000) -- CPU_WriteMem(16 bytes @ 0x20000000) -- CPU_ReadMem(4 bytes @ 0xE000EDFC) -- CPU_WriteMem(4 bytes @ 0xE000EDFC) -- CPU_ReadMem(4 bytes @ 0xE0001000) -- CPU_WriteMem(4 bytes @ 0xE000EDFC) -- CPU_WriteMem(16 bytes @ 0x20000000) -- CPU_WriteMem(4 bytes @ 0xE0002000) -- CPU_ReadMem(4 bytes @ 0xE000EDFC) -- CPU_ReadMem(4 bytes @ 0xE0001000) (0028ms, 3726ms total)
T1284 7511:735 JLINK_IsHalted()  returns TRUE (0000ms, 3726ms total)
T1284 7511:735 JLINK_GetMOEs(...) -- CPU_ReadMem(4 bytes @ 0xE000ED30) -- CPU_WriteMem(4 bytes @ 0xE000ED30)  returns 0x01 (0002ms, 3728ms total)
T1284 7511:737 JLINK_ReadReg(R15 (PC))  returns 0x00400814 (0000ms, 3728ms total)
T1714 7511:745 JLINK_ReadReg(R15 (PC))  returns 0x00400814 (0000ms, 3728ms total)
T1714 7511:745 JLINK_ReadReg(R13 (SP))  returns 0x200034E0 (0000ms, 3728ms total)
T1714 7511:756 JLINK_ReadMemHW(0x00400814, 0x0004 Bytes, ...) -- CPU_ReadMem(4 bytes @ 0x00400814) - Data: 80 B5 84 B0  returns 0x00 (0001ms, 3729ms total)
T1714 7511:788 JLINK_ReadMemHW(0x00400D38, 0x0001 Bytes, ...) -- CPU_ReadMem(1 bytes @ 0x00400D38) - Data: 2D  returns 0x00 (0001ms, 3730ms total)
T1714 7511:829 JLINK_ReadReg(R15 (PC))  returns 0x00400814 (0000ms, 3730ms total)
T1714 7511:829 JLINK_GetNumBPUnits(Type = 0xFFFFFF02)  returns 0x06 (0000ms, 3730ms total)
T1714 7511:829 JLINK_SetBPEx(Addr = 0x00400D38, Type = 0xFFFFFF02)  returns 0x00000001 (0000ms, 3730ms total)
T1714 7511:829 JLINK_GetBPInfo(BPHandle = 1)  returns 0x00 (0000ms, 3730ms total)
T1714 7511:829 JLINK_Go() -- CPU_ReadMem(4 bytes @ 0xE0001000) -- CPU_WriteMem(4 bytes @ 0xE0002008) -- CPU_WriteMem(4 bytes @ 0xE000200C) -- CPU_WriteMem(4 bytes @ 0xE0002010) -- CPU_WriteMem(4 bytes @ 0xE0002014) -- CPU_WriteMem(4 bytes @ 0xE0002018) -- CPU_WriteMem(4 bytes @ 0xE000201C) -- CPU_WriteMem(4 bytes @ 0xE0001004) (0005ms, 3735ms total)
T1284 7511:834 JLINK_IsHalted()  returns FALSE (0001ms, 3736ms total)
T1284 7511:866 JLINK_IsHalted()  returns TRUE (0004ms, 3739ms total)
T1284 7511:870 JLINK_GetMOEs(...) -- CPU_ReadMem(4 bytes @ 0xE000ED30) -- CPU_WriteMem(4 bytes @ 0xE000ED30)  returns 0x01 (0001ms, 3736ms total)
T1284 7511:871 JLINK_ReadReg(R15 (PC))  returns 0x00400D38 (0000ms, 3736ms total)
T1284 7511:871 JLINK_WriteMem(0xE000EDFC, 0x0004 Bytes, ...) - Data: 00 00 00 01 -- CPU_WriteMem(4 bytes @ 0xE000EDFC)  returns 0x04 (0001ms, 3737ms total)
T1284 7511:872 JLINK_ReadMem (0xE0001000, 0x0004 Bytes, ...) -- CPU_ReadMem(4 bytes @ 0xE0001000) - Data: 01 00 00 40  returns 0x00 (0001ms, 3738ms total)
T1284 7511:873 JLINK_WriteMem(0xE0001000, 0x0004 Bytes, ...) - Data: 01 00 00 40  returns 0x04 (0000ms, 3738ms total)
T1284 7511:873 JLINK_WriteMem(0xE0001028, 0x0004 Bytes, ...) - Data: 00 01 00 00  returns 0x04 (0000ms, 3738ms total)
T1284 7511:873 JLINK_ReadMem (0xE0001028, 0x0004 Bytes, ...) -- CPU_WriteMem(4 bytes @ 0xE0001028) -- CPU_ReadMem(4 bytes @ 0xE0001028) - Data: 00 00 00 00  returns 0x00 (0003ms, 3741ms total)
T1284 7511:876 JLINK_WriteMem(0xE0001024, 0x0004 Bytes, ...) - Data: 1F 00 00 00  returns 0x04 (0000ms, 3741ms total)
T1284 7511:876 JLINK_ReadMem (0xE0001024, 0x0004 Bytes, ...) -- CPU_WriteMem(4 bytes @ 0xE0001024) -- CPU_ReadMem(4 bytes @ 0xE0001024) - Data: 0F 00 00 00  returns 0x00 (0002ms, 3743ms total)
T1284 7511:878 JLINK_WriteMem(0xE0001038, 0x0004 Bytes, ...) - Data: 00 01 00 00  returns 0x04 (0000ms, 3743ms total)
T1284 7511:878 JLINK_ReadMem (0xE0001038, 0x0004 Bytes, ...) -- CPU_WriteMem(4 bytes @ 0xE0001038) -- CPU_ReadMem(4 bytes @ 0xE0001038) - Data: 00 03 00 00  returns 0x00 (0001ms, 3744ms total)
T1284 7511:879 JLINK_WriteMem(0xE0001034, 0x0004 Bytes, ...) - Data: 1F 00 00 00  returns 0x04 (0000ms, 3744ms total)
T1284 7511:879 JLINK_ReadMem (0xE0001034, 0x0004 Bytes, ...) -- CPU_WriteMem(4 bytes @ 0xE0001034) -- CPU_ReadMem(4 bytes @ 0xE0001034) - Data: 0F 00 00 00  returns 0x00 (0002ms, 3746ms total)
T1284 7511:881 JLINK_WriteMem(0xE0001048, 0x0004 Bytes, ...) - Data: 00 01 00 00  returns 0x04 (0000ms, 3746ms total)
T1284 7511:881 JLINK_ReadMem (0xE0001048, 0x0004 Bytes, ...) -- CPU_WriteMem(4 bytes @ 0xE0001048) -- CPU_ReadMem(4 bytes @ 0xE0001048) - Data: 00 00 00 00  returns 0x00 (0002ms, 3748ms total)
T1284 7511:883 JLINK_WriteMem(0xE0001044, 0x0004 Bytes, ...) - Data: 1F 00 00 00  returns 0x04 (0000ms, 3748ms total)
T1284 7511:883 JLINK_ReadMem (0xE0001044, 0x0004 Bytes, ...) -- CPU_WriteMem(4 bytes @ 0xE0001044) -- CPU_ReadMem(4 bytes @ 0xE0001044) - Data: 0F 00 00 00  returns 0x00 (0002ms, 3750ms total)
T1284 7511:885 JLINK_WriteMem(0xE0001058, 0x0004 Bytes, ...) - Data: 00 01 00 00  returns 0x04 (0000ms, 3750ms total)
T1284 7511:885 JLINK_ReadMem (0xE0001058, 0x0004 Bytes, ...) -- CPU_WriteMem(4 bytes @ 0xE0001058) -- CPU_ReadMem(4 bytes @ 0xE0001058) - Data: 00 00 00 00  returns 0x00 (0002ms, 3752ms total)
T1284 7511:887 JLINK_WriteMem(0xE0001054, 0x0004 Bytes, ...) - Data: 1F 00 00 00  returns 0x04 (0000ms, 3752ms total)
T1284 7511:887 JLINK_ReadMem (0xE0001054, 0x0004 Bytes, ...) -- CPU_WriteMem(4 bytes @ 0xE0001054) -- CPU_ReadMem(4 bytes @ 0xE0001054) - Data: 0F 00 00 00  returns 0x00 (0002ms, 3754ms total)
T1284 7511:889 JLINK_WriteMem(0xE0001020, 0x0004 Bytes, ...) - Data: 00 00 00 00  returns 0x04 (0000ms, 3754ms total)
T1284 7511:889 JLINK_WriteMem(0xE0001024, 0x0004 Bytes, ...) - Data: 00 00 00 00  returns 0x04 (0000ms, 3754ms total)
T1284 7511:889 JLINK_WriteMem(0xE0001028, 0x0004 Bytes, ...) - Data: 00 00 00 00  returns 0x04 (0000ms, 3754ms total)
T1284 7511:889 JLINK_WriteMem(0xE0001030, 0x0004 Bytes, ...) - Data: 00 00 00 00  returns 0x04 (0000ms, 3754ms total)
T1284 7511:889 JLINK_WriteMem(0xE0001034, 0x0004 Bytes, ...) - Data: 00 00 00 00  returns 0x04 (0000ms, 3754ms total)
T1284 7511:889 JLINK_WriteMem(0xE0001038, 0x0004 Bytes, ...) - Data: 00 00 00 00  returns 0x04 (0000ms, 3754ms total)
T1284 7511:889 JLINK_WriteMem(0xE0001040, 0x0004 Bytes, ...) - Data: 00 00 00 00  returns 0x04 (0000ms, 3754ms total)
T1284 7511:889 JLINK_WriteMem(0xE0001044, 0x0004 Bytes, ...) - Data: 00 00 00 00  returns 0x04 (0000ms, 3754ms total)
T1284 7511:889 JLINK_WriteMem(0xE0001048, 0x0004 Bytes, ...) - Data: 00 00 00 00  returns 0x04 (0000ms, 3754ms total)
T1284 7511:889 JLINK_WriteMem(0xE0001050, 0x0004 Bytes, ...) - Data: 00 00 00 00  returns 0x04 (0000ms, 3754ms total)
T1284 7511:889 JLINK_WriteMem(0xE0001054, 0x0004 Bytes, ...) - Data: 00 00 00 00  returns 0x04 (0000ms, 3754ms total)
T1284 7511:889 JLINK_WriteMem(0xE0001058, 0x0004 Bytes, ...) - Data: 00 00 00 00  returns 0x04 (0000ms, 3754ms total)
T1284 7511:889 JLINK_GetBPInfo(BPHandle = 1)  returns 0x00 (0001ms, 3755ms total)
T1284 7511:890 JLINK_ClrBPEx(BPHandle = 0x00000001)  returns 0x00 (0000ms, 3755ms total)
T1714 7511:894 JLINK_ReadReg(R15 (PC))  returns 0x00400D38 (0000ms, 3755ms total)
T1714 7511:894 JLINK_ReadReg(R13 (SP))  returns 0x200034C8 (0000ms, 3755ms total)
T1714 7511:894 JLINK_ReadMemHW(0x00400D38, 0x0004 Bytes, ...) -- CPU_ReadMem(4 bytes @ 0x00400D38) - Data: 2D E9 F0 4F  returns 0x00 (0001ms, 3756ms total)
T1714 7511:906 JLINK_ReadReg(R15 (PC))  returns 0x00400D38 (0000ms, 3756ms total)
T1714 7511:906 JLINK_Go() -- CPU_WriteMem(4 bytes @ 0xE0001000) -- CPU_ReadMem(4 bytes @ 0xE0001000) -- CPU_WriteMem(4 bytes @ 0xE0001020) -- CPU_WriteMem(4 bytes @ 0xE0001030) -- CPU_WriteMem(4 bytes @ 0xE0001040) -- CPU_WriteMem(4 bytes @ 0xE0001050) -- CPU_WriteMem(4 bytes @ 0xE0001024) -- CPU_WriteMem(4 bytes @ 0xE0001034) -- CPU_WriteMem(4 bytes @ 0xE0001044) -- CPU_WriteMem(4 bytes @ 0xE0001054) -- CPU_WriteMem(4 bytes @ 0xE0001028) -- CPU_WriteMem(4 bytes @ 0xE0001038)
 -- CPU_WriteMem(4 bytes @ 0xE0001048) -- CPU_WriteMem(4 bytes @ 0xE0001058) -- CPU_WriteMem(4 bytes @ 0xE0002008) (0007ms, 3763ms total)
T1284 7511:913 JLINK_IsHalted()  returns FALSE (0001ms, 3764ms total)
T1284 7511:966 JLINK_IsHalted()  returns FALSE (0001ms, 3764ms total)
T1284 7512:127 JLINK_IsHalted()  returns FALSE (0001ms, 3764ms total)
T1284 7512:328 JLINK_IsHalted()  returns FALSE (0001ms, 3764ms total)
T1284 7512:529 JLINK_IsHalted()  returns FALSE (0001ms, 3764ms total)
T1284 7512:730 JLINK_IsHalted()  returns FALSE (0001ms, 3764ms total)
T1284 7512:931 JLINK_IsHalted()  returns FALSE (0000ms, 3763ms total)
T1284 7513:131 JLINK_IsHalted()  returns FALSE (0001ms, 3764ms total)
T1284 7513:332 JLINK_IsHalted()  returns FALSE (0001ms, 3764ms total)
T1284 7513:533 JLINK_IsHalted()  returns FALSE (0001ms, 3764ms total)
T1284 7513:766 JLINK_IsHalted()  returns FALSE (0001ms, 3764ms total)
T1284 7513:967 JLINK_IsHalted()  returns FALSE (0001ms, 3764ms total)
T1284 7514:168 JLINK_IsHalted()  returns FALSE (0001ms, 3764ms total)
T1284 7514:369 JLINK_IsHalted()  returns FALSE (0001ms, 3764ms total)
T1284 7514:570 JLINK_IsHalted()  returns FALSE (0001ms, 3764ms total)
T1284 7514:771 JLINK_IsHalted()  returns FALSE (0001ms, 3764ms total)
T1284 7514:972 JLINK_IsHalted()  returns FALSE (0001ms, 3764ms total)
T1284 7515:173 JLINK_IsHalted()  returns FALSE (0001ms, 3764ms total)
T1284 7515:374 JLINK_IsHalted()  returns FALSE (0001ms, 3764ms total)
T1284 7515:575 JLINK_IsHalted()  returns FALSE (0001ms, 3764ms total)
T1284 7515:776 JLINK_IsHalted()  returns FALSE (0001ms, 3764ms total)
T1284 7515:977 JLINK_IsHalted()  returns FALSE (0002ms, 3765ms total)
T1284 7516:179 JLINK_IsHalted()  returns FALSE (0001ms, 3764ms total)
T1284 7516:380 JLINK_IsHalted()  returns FALSE (0001ms, 3764ms total)
T1284 7516:581 JLINK_IsHalted()  returns FALSE (0001ms, 3764ms total)
T1284 7516:782 JLINK_IsHalted()  returns ERROR (0002ms, 3765ms total)
T1284 7516:784 JLINK_ExecCommand("ProjectFile = C:\Users\Guilherme\Documents\GitHub\Entregas\Aula 4\GPIO_REGISTRADORES_LED\jlink.config", ...)  returns 0x00 (0001ms, 3764ms total)
T1284 7517:348 JLINK_ExecCommand("Device = AT91SAM4SD32C", ...)Device "ATSAM4SD32C" selected.  returns 0x00 (0001ms, 3765ms total)
T1284 7517:349 JLINK_TIF_Select(JLINKARM_TIF_JTAG)  returns 0x00 (0000ms, 3765ms total)
T1284 7517:349 JLINK_GetIdData(...) ScanLen=4 NumDevices=1 aId[0]=0x4BA00477 aIrRead[0]=0 aScanLen[0]=0 aScanRead[0]=0 (0001ms, 3766ms total)
T1284 7517:350 JLINK_ConfigJTAG(IRPre = 0, DRPre = 0) (0000ms, 3766ms total)
T1284 7517:350 JLINK_SetSpeed(4000) (0001ms, 3767ms total)
T1284 7517:351 JLINK_ResetPullsRESET(OFF) (0000ms, 3767ms total)
T1284 7517:351 JLINK_Connect() >0x2F8 JTAG>TotalIRLen = 4, IRPrint = 0x01 >0x30 JTAG> >0x210 JTAG> >0x70 JTAG> >0x40 JTAG> >0x40 JTAG> >0x40 JTAG> >0x48 JTAG> >0x78 JTAG> >0x40 JTAG> >0x30 JTAG> >0x40 JTAG> >0x40 JTAG> >0x30 JTAG> >0x40 JTAG> >0x48 JTAG>Found Cortex-M4 r0p1, Little endian. -- CPU_ReadMem(4 bytes @ 0xE000EDF0) -- CPU_ReadMem(4 bytes @ 0xE0002000)FPUnit: 6 code (BP) slots and 2 literal slots -- CPU_ReadMem(4 bytes @ 0xE0001000) -- CPU_WriteMem(4 bytes @ 0xE0001000)
 -- CPU_ReadMem(4 bytes @ 0xE000ED88) -- CPU_WriteMem(4 bytes @ 0xE000ED88) -- CPU_ReadMem(4 bytes @ 0xE000ED88) -- CPU_WriteMem(4 bytes @ 0xE000ED88)CoreSight components:ROMTbl 0 @ E00FF000 -- CPU_ReadMem(16 bytes @ 0xE00FF000) -- CPU_ReadMem(16 bytes @ 0xE000EFF0) -- CPU_ReadMem(16 bytes @ 0xE000EFE0)ROMTbl 0 [0]: FFF0F000, CID: B105E00D, PID: 000BB000 SCS -- CPU_ReadMem(16 bytes @ 0xE0001FF0) -- CPU_ReadMem(16 bytes @ 0xE0001FE0)ROMTbl 0 [1]: FFF02000, CID: B105E00D, PID: 003BB002 DWT
 -- CPU_ReadMem(16 bytes @ 0xE0002FF0) -- CPU_ReadMem(16 bytes @ 0xE0002FE0)ROMTbl 0 [2]: FFF03000, CID: B105E00D, PID: 002BB003 FPB -- CPU_ReadMem(16 bytes @ 0xE0000FF0) -- CPU_ReadMem(16 bytes @ 0xE0000FE0)ROMTbl 0 [3]: FFF01000, CID: B105E00D, PID: 003BB001 ITM -- CPU_ReadMem(16 bytes @ 0xE00FF010) -- CPU_ReadMem(16 bytes @ 0xE0040FF0) -- CPU_ReadMem(16 bytes @ 0xE0040FE0)ROMTbl 0 [4]: FFF41000, CID: B105900D, PID: 000BB9A1 TPIU  returns 0x00 (0033ms, 3800ms total)
T1284 7517:384 JLINK_Go()
  ***** Error: CPU is not halted (0000ms, 3800ms total)
T1284 7517:615 JLINK_IsHalted()  returns FALSE (0001ms, 3801ms total)
T1284 7517:816 JLINK_IsHalted()  returns FALSE (0002ms, 3802ms total)
T1284 7518:018 JLINK_IsHalted()  returns FALSE (0001ms, 3801ms total)
T1284 7518:219 JLINK_IsHalted()  returns FALSE (0001ms, 3801ms total)
T1284 7518:420 JLINK_IsHalted()  returns FALSE (0001ms, 3801ms total)
T1284 7518:621 JLINK_IsHalted()  returns FALSE (0001ms, 3801ms total)
T1284 7518:822 JLINK_IsHalted()  returns FALSE (0001ms, 3801ms total)
T1284 7519:023 JLINK_IsHalted()  returns FALSE (0001ms, 3801ms total)
T1284 7519:224 JLINK_IsHalted()  returns ERROR (0003ms, 3803ms total)
T1284 7519:227 JLINK_ExecCommand("ProjectFile = C:\Users\Guilherme\Documents\GitHub\Entregas\Aula 4\GPIO_REGISTRADORES_LED\jlink.config", ...)  returns 0x00 (0000ms, 3800ms total)
T1284 7519:815 JLINK_ExecCommand("Device = AT91SAM4SD32C", ...)Device "ATSAM4SD32C" selected.  returns 0x00 (0003ms, 3803ms total)
T1284 7519:818 JLINK_TIF_Select(JLINKARM_TIF_JTAG)  returns 0x00 (0000ms, 3803ms total)
T1284 7519:818 JLINK_GetIdData(...) ScanLen=4 NumDevices=1 aId[0]=0x4BA00477 aIrRead[0]=0 aScanLen[0]=0 aScanRead[0]=0 (0000ms, 3803ms total)
T1284 7519:818 JLINK_ConfigJTAG(IRPre = 0, DRPre = 0) (0000ms, 3803ms total)
T1284 7519:818 JLINK_SetSpeed(4000) (0007ms, 3810ms total)
T1284 7519:825 JLINK_ResetPullsRESET(OFF) (0000ms, 3810ms total)
T1284 7519:825 JLINK_Connect() >0x2F8 JTAG>TotalIRLen = 4, IRPrint = 0x01 >0x30 JTAG> >0x210 JTAG> >0x70 JTAG> >0x40 JTAG> >0x40 JTAG> >0x40 JTAG> >0x48 JTAG> >0x78 JTAG> >0x40 JTAG> >0x30 JTAG> >0x40 JTAG> >0x40 JTAG> >0x30 JTAG> >0x40 JTAG> >0x48 JTAG>Found Cortex-M4 r0p1, Little endian. -- CPU_ReadMem(4 bytes @ 0xE000EDF0) -- CPU_ReadMem(4 bytes @ 0xE0002000)FPUnit: 6 code (BP) slots and 2 literal slots -- CPU_ReadMem(4 bytes @ 0xE000EDFC) -- CPU_ReadMem(4 bytes @ 0xE0001000)
 -- CPU_WriteMem(4 bytes @ 0xE0001000) -- CPU_ReadMem(4 bytes @ 0xE000ED88) -- CPU_WriteMem(4 bytes @ 0xE000ED88) -- CPU_ReadMem(4 bytes @ 0xE000ED88) -- CPU_WriteMem(4 bytes @ 0xE000ED88)CoreSight components:ROMTbl 0 @ E00FF000 -- CPU_ReadMem(16 bytes @ 0xE00FF000) -- CPU_ReadMem(16 bytes @ 0xE000EFF0) -- CPU_ReadMem(16 bytes @ 0xE000EFE0)ROMTbl 0 [0]: FFF0F000, CID: B105E00D, PID: 000BB000 SCS -- CPU_ReadMem(16 bytes @ 0xE0001FF0) -- CPU_ReadMem(16 bytes @ 0xE0001FE0)
ROMTbl 0 [1]: FFF02000, CID: B105E00D, PID: 003BB002 DWT -- CPU_ReadMem(16 bytes @ 0xE0002FF0) -- CPU_ReadMem(16 bytes @ 0xE0002FE0)ROMTbl 0 [2]: FFF03000, CID: B105E00D, PID: 002BB003 FPB -- CPU_ReadMem(16 bytes @ 0xE0000FF0) -- CPU_ReadMem(16 bytes @ 0xE0000FE0)ROMTbl 0 [3]: FFF01000, CID: B105E00D, PID: 003BB001 ITM -- CPU_ReadMem(16 bytes @ 0xE00FF010) -- CPU_ReadMem(16 bytes @ 0xE0040FF0) -- CPU_ReadMem(16 bytes @ 0xE0040FE0)ROMTbl 0 [4]: FFF41000, CID: B105900D, PID: 000BB9A1 TPIU  returns 0x00
 (0040ms, 3850ms total)
T1284 7519:865 JLINK_Go()
  ***** Error: CPU is not halted (0001ms, 3851ms total)
T1284 7520:066 JLINK_IsHalted()  returns FALSE (0001ms, 3852ms total)
T1284 7520:267 JLINK_IsHalted()  returns FALSE (0001ms, 3852ms total)
T1284 7520:468 JLINK_IsHalted()  returns FALSE (0001ms, 3852ms total)
T1284 7520:669 JLINK_IsHalted()  returns FALSE (0000ms, 3851ms total)
T1284 7520:869 JLINK_IsHalted()  returns FALSE (0000ms, 3851ms total)
T1284 7521:069 JLINK_IsHalted()  returns FALSE (0001ms, 3852ms total)
T1284 7521:270 JLINK_IsHalted()  returns FALSE (0001ms, 3852ms total)
T1284 7521:471 JLINK_IsHalted()  returns FALSE (0001ms, 3852ms total)
T1284 7521:672 JLINK_IsHalted()  returns FALSE (0001ms, 3852ms total)
T1284 7521:873 JLINK_IsHalted()  returns FALSE (0001ms, 3852ms total)
T1284 7522:074 JLINK_IsHalted()  returns FALSE (0001ms, 3852ms total)
T1284 7522:275 JLINK_IsHalted()  returns FALSE (0000ms, 3851ms total)
T1284 7522:475 JLINK_IsHalted()  returns FALSE (0001ms, 3852ms total)
T1284 7522:676 JLINK_IsHalted()  returns FALSE (0001ms, 3852ms total)
T1284 7522:877 JLINK_IsHalted()  returns FALSE (0001ms, 3852ms total)
T1284 7523:078 JLINK_IsHalted()  returns FALSE (0001ms, 3852ms total)
T1284 7523:279 JLINK_IsHalted()  returns FALSE (0001ms, 3852ms total)
T1284 7523:480 JLINK_IsHalted()  returns FALSE (0001ms, 3852ms total)
T1284 7523:681 JLINK_IsHalted()  returns FALSE (0001ms, 3852ms total)
T1284 7523:882 JLINK_IsHalted()  returns FALSE (0001ms, 3852ms total)
T1284 7524:115 JLINK_IsHalted()  returns FALSE (0001ms, 3852ms total)
T1284 7524:316 JLINK_IsHalted()  returns FALSE (0001ms, 3852ms total)
T1284 7524:517 JLINK_IsHalted()  returns FALSE (0001ms, 3852ms total)
T1284 7524:718 JLINK_IsHalted()  returns FALSE (0001ms, 3852ms total)
T1284 7524:919 JLINK_IsHalted()  returns FALSE (0001ms, 3852ms total)
T1284 7525:120 JLINK_IsHalted()  returns FALSE (0001ms, 3852ms total)
T1284 7525:321 JLINK_IsHalted()  returns FALSE (0000ms, 3851ms total)
T1284 7525:521 JLINK_IsHalted()  returns FALSE (0001ms, 3852ms total)
T1284 7525:722 JLINK_IsHalted()  returns FALSE (0001ms, 3852ms total)
T1284 7525:923 JLINK_IsHalted()  returns FALSE (0001ms, 3852ms total)
T1284 7526:125 JLINK_IsHalted()  returns FALSE (0000ms, 3851ms total)
T1284 7526:325 JLINK_IsHalted()  returns FALSE (0001ms, 3852ms total)
T1284 7526:526 JLINK_IsHalted()  returns FALSE (0001ms, 3852ms total)
T1284 7526:727 JLINK_IsHalted()  returns FALSE (0001ms, 3852ms total)
T1284 7526:928 JLINK_IsHalted()  returns FALSE (0001ms, 3852ms total)
T1284 7527:129 JLINK_IsHalted()  returns FALSE (0001ms, 3852ms total)
T1284 7527:330 JLINK_IsHalted()  returns FALSE (0001ms, 3852ms total)
T1284 7527:531 JLINK_IsHalted()  returns FALSE (0001ms, 3852ms total)
T1284 7527:732 JLINK_IsHalted()  returns FALSE (0001ms, 3852ms total)
T1284 7527:933 JLINK_IsHalted()  returns FALSE (0001ms, 3852ms total)
T1284 7528:166 JLINK_IsHalted()  returns FALSE (0001ms, 3852ms total)
T1284 7528:367 JLINK_IsHalted()  returns FALSE (0001ms, 3852ms total)
T1284 7528:568 JLINK_IsHalted()  returns FALSE (0001ms, 3852ms total)
T1284 7528:769 JLINK_IsHalted()  returns FALSE (0003ms, 3854ms total)
T1284 7528:974 JLINK_IsHalted()  returns FALSE (0002ms, 3853ms total)
T1284 7529:176 JLINK_IsHalted()  returns FALSE (0001ms, 3852ms total)
T1284 7529:377 JLINK_IsHalted()  returns FALSE (0001ms, 3852ms total)
T1284 7529:578 JLINK_IsHalted()  returns FALSE (0001ms, 3852ms total)
T1284 7529:779 JLINK_IsHalted()  returns FALSE (0001ms, 3852ms total)
T1284 7529:980 JLINK_IsHalted()  returns FALSE (0001ms, 3852ms total)
T1284 7530:181 JLINK_IsHalted()  returns FALSE (0000ms, 3851ms total)
T1284 7530:381 JLINK_IsHalted()  returns FALSE (0001ms, 3852ms total)
T1284 7530:582 JLINK_IsHalted()  returns FALSE (0001ms, 3852ms total)
T1284 7530:783 JLINK_IsHalted()  returns FALSE (0001ms, 3852ms total)
T1284 7531:016 JLINK_IsHalted()  returns FALSE (0000ms, 3851ms total)
T1284 7531:216 JLINK_IsHalted()  returns FALSE (0001ms, 3852ms total)
T1284 7531:417 JLINK_IsHalted()  returns FALSE (0001ms, 3852ms total)
T1284 7531:618 JLINK_IsHalted()  returns FALSE (0001ms, 3852ms total)
T1284 7531:819 JLINK_IsHalted()  returns FALSE (0001ms, 3852ms total)
T1284 7532:020 JLINK_IsHalted()  returns FALSE (0001ms, 3852ms total)
T1284 7532:221 JLINK_IsHalted()  returns FALSE (0001ms, 3852ms total)
T1284 7532:422 JLINK_IsHalted()  returns FALSE (0001ms, 3852ms total)
T1284 7532:623 JLINK_IsHalted()  returns FALSE (0001ms, 3852ms total)
T1284 7532:824 JLINK_IsHalted()  returns FALSE (0001ms, 3852ms total)
T1284 7533:025 JLINK_IsHalted()  returns FALSE (0001ms, 3852ms total)
T1284 7533:226 JLINK_IsHalted()  returns FALSE (0000ms, 3851ms total)
T1284 7533:426 JLINK_IsHalted()  returns FALSE (0001ms, 3852ms total)
T1284 7533:627 JLINK_IsHalted()  returns FALSE (0001ms, 3852ms total)
T1284 7533:828 JLINK_IsHalted()  returns FALSE (0001ms, 3852ms total)
T1284 7534:029 JLINK_IsHalted()  returns FALSE (0001ms, 3852ms total)
T1284 7534:230 JLINK_IsHalted()  returns FALSE (0001ms, 3852ms total)
T1284 7534:431 JLINK_IsHalted()  returns FALSE (0001ms, 3852ms total)
T1284 7534:632 JLINK_IsHalted()  returns FALSE (0001ms, 3852ms total)
T1284 7534:865 JLINK_IsHalted()  returns FALSE (0001ms, 3852ms total)
T1284 7535:066 JLINK_IsHalted()  returns FALSE (0000ms, 3851ms total)
T1284 7535:266 JLINK_IsHalted()  returns FALSE (0001ms, 3852ms total)
T1284 7535:467 JLINK_IsHalted()  returns FALSE (0001ms, 3852ms total)
T1284 7535:668 JLINK_IsHalted()  returns FALSE (0001ms, 3852ms total)
T1284 7535:869 JLINK_IsHalted()  returns FALSE (0001ms, 3852ms total)
T1284 7536:070 JLINK_IsHalted()  returns FALSE (0001ms, 3852ms total)
T1284 7536:271 JLINK_IsHalted()  returns FALSE (0001ms, 3852ms total)
T1284 7536:472 JLINK_IsHalted()  returns FALSE (0001ms, 3852ms total)
T1284 7536:673 JLINK_IsHalted()  returns FALSE (0001ms, 3852ms total)
T1284 7536:874 JLINK_IsHalted()  returns FALSE (0001ms, 3852ms total)
T1284 7537:075 JLINK_IsHalted()  returns FALSE (0001ms, 3852ms total)
T1284 7537:276 JLINK_IsHalted()  returns FALSE (0000ms, 3851ms total)
T1284 7537:476 JLINK_IsHalted()  returns FALSE (0001ms, 3852ms total)
T1284 7537:677 JLINK_IsHalted()  returns FALSE (0001ms, 3852ms total)
T1284 7537:878 JLINK_IsHalted()  returns FALSE (0001ms, 3852ms total)
T1284 7538:079 JLINK_IsHalted()  returns FALSE (0001ms, 3852ms total)
T1284 7538:280 JLINK_IsHalted()  returns FALSE (0001ms, 3852ms total)
T1284 7538:481 JLINK_IsHalted()  returns FALSE (0000ms, 3851ms total)
T1284 7538:681 JLINK_IsHalted()  returns FALSE (0001ms, 3852ms total)
T1284 7538:882 JLINK_IsHalted()  returns FALSE (0001ms, 3852ms total)
T1284 7539:115 JLINK_IsHalted()  returns FALSE (0001ms, 3852ms total)
T1284 7539:316 JLINK_IsHalted()  returns FALSE (0001ms, 3852ms total)
T1284 7539:517 JLINK_IsHalted()  returns FALSE (0001ms, 3852ms total)
T1284 7539:718 JLINK_IsHalted()  returns FALSE (0000ms, 3851ms total)
T1284 7539:918 JLINK_IsHalted()  returns FALSE (0001ms, 3852ms total)
T1284 7540:119 JLINK_IsHalted()  returns FALSE (0001ms, 3852ms total)
T1284 7540:320 JLINK_IsHalted()  returns FALSE (0001ms, 3852ms total)
T1284 7540:521 JLINK_IsHalted()  returns FALSE (0001ms, 3852ms total)
T1284 7540:722 JLINK_IsHalted()  returns FALSE (0001ms, 3852ms total)
T1284 7540:923 JLINK_IsHalted()  returns FALSE (0001ms, 3852ms total)
T1284 7541:124 JLINK_IsHalted()  returns FALSE (0001ms, 3852ms total)
T1284 7541:325 JLINK_IsHalted()  returns FALSE (0001ms, 3852ms total)
T1284 7541:526 JLINK_IsHalted()  returns FALSE (0001ms, 3852ms total)
T1284 7541:727 JLINK_IsHalted()  returns FALSE (0000ms, 3851ms total)
T1284 7541:927 JLINK_IsHalted()  returns FALSE (0001ms, 3852ms total)
T1284 7542:128 JLINK_IsHalted()  returns FALSE (0000ms, 3851ms total)
T1284 7542:329 JLINK_IsHalted()  returns FALSE (0000ms, 3851ms total)
T1284 7542:530 JLINK_IsHalted()  returns FALSE (0001ms, 3852ms total)
T1284 7542:731 JLINK_IsHalted()  returns FALSE (0000ms, 3851ms total)
T1284 7542:931 JLINK_IsHalted()  returns FALSE (0000ms, 3851ms total)
T1284 7543:131 JLINK_IsHalted()  returns FALSE (0000ms, 3851ms total)
T1284 7543:331 JLINK_IsHalted()  returns FALSE (0000ms, 3851ms total)
T1284 7543:532 JLINK_IsHalted()  returns FALSE (0001ms, 3852ms total)
T1284 7543:733 JLINK_IsHalted()  returns FALSE (0000ms, 3851ms total)
T1284 7543:933 JLINK_IsHalted()  returns FALSE (0001ms, 3852ms total)
T1284 7544:166 JLINK_IsHalted()  returns FALSE (0000ms, 3851ms total)
T1284 7544:366 JLINK_IsHalted()  returns FALSE (0001ms, 3852ms total)
T1284 7544:569 JLINK_IsHalted()  returns FALSE (0001ms, 3852ms total)
T1284 7544:770 JLINK_IsHalted()  returns FALSE (0001ms, 3852ms total)
T1284 7544:971 JLINK_IsHalted()  returns FALSE (0000ms, 3851ms total)
T1284 7545:171 JLINK_IsHalted()  returns FALSE (0002ms, 3853ms total)
T1284 7545:373 JLINK_IsHalted()  returns FALSE (0001ms, 3852ms total)
T1284 7545:574 JLINK_IsHalted()  returns FALSE (0001ms, 3852ms total)
T1284 7545:775 JLINK_IsHalted()  returns FALSE (0001ms, 3852ms total)
T1284 7545:976 JLINK_IsHalted()  returns FALSE (0001ms, 3852ms total)
T1284 7546:177 JLINK_IsHalted()  returns FALSE (0001ms, 3852ms total)
T1284 7546:378 JLINK_IsHalted()  returns FALSE (0001ms, 3852ms total)
T1284 7546:579 JLINK_IsHalted()  returns FALSE (0001ms, 3852ms total)
T1284 7546:780 JLINK_IsHalted()  returns FALSE (0000ms, 3851ms total)
T1284 7546:981 JLINK_IsHalted()  returns FALSE (0000ms, 3851ms total)
T1284 7547:181 JLINK_IsHalted()  returns FALSE (0001ms, 3852ms total)
T1284 7547:382 JLINK_IsHalted()  returns FALSE (0000ms, 3851ms total)
T1284 7547:582 JLINK_IsHalted()  returns FALSE (0001ms, 3852ms total)
T1284 7547:783 JLINK_IsHalted()  returns FALSE (0001ms, 3852ms total)
T1284 7548:016 JLINK_IsHalted()  returns FALSE (0000ms, 3851ms total)
T1284 7548:216 JLINK_IsHalted()  returns FALSE (0000ms, 3851ms total)
T1284 7548:416 JLINK_IsHalted()  returns FALSE (0001ms, 3852ms total)
T1284 7548:617 JLINK_IsHalted()  returns FALSE (0000ms, 3851ms total)
T1284 7548:817 JLINK_IsHalted()  returns FALSE (0001ms, 3852ms total)
T1284 7549:018 JLINK_IsHalted()  returns FALSE (0001ms, 3852ms total)
T1284 7549:219 JLINK_IsHalted()  returns FALSE (0001ms, 3852ms total)
T1284 7549:420 JLINK_IsHalted()  returns FALSE (0001ms, 3852ms total)
T1284 7549:621 JLINK_IsHalted()  returns FALSE (0001ms, 3852ms total)
T1284 7549:822 JLINK_IsHalted()  returns FALSE (0001ms, 3852ms total)
T1284 7550:023 JLINK_IsHalted()  returns FALSE (0001ms, 3852ms total)
T1284 7550:224 JLINK_IsHalted()  returns FALSE (0001ms, 3852ms total)
T1284 7550:425 JLINK_IsHalted()  returns FALSE (0001ms, 3852ms total)
T1284 7550:626 JLINK_IsHalted()  returns FALSE (0001ms, 3852ms total)
T1284 7550:827 JLINK_IsHalted()  returns FALSE (0001ms, 3852ms total)
T1284 7551:028 JLINK_IsHalted()  returns FALSE (0001ms, 3852ms total)
T1284 7551:229 JLINK_IsHalted()  returns FALSE (0001ms, 3852ms total)
T1284 7551:430 JLINK_IsHalted()  returns FALSE (0001ms, 3852ms total)
T1284 7551:631 JLINK_IsHalted()  returns FALSE (0001ms, 3852ms total)
T1284 7551:832 JLINK_IsHalted()  returns FALSE (0001ms, 3852ms total)
T1284 7552:065 JLINK_IsHalted()  returns FALSE (0001ms, 3852ms total)
T1284 7552:266 JLINK_IsHalted()  returns FALSE (0001ms, 3852ms total)
T1284 7552:467 JLINK_IsHalted()  returns FALSE (0001ms, 3852ms total)
T1284 7552:668 JLINK_IsHalted()  returns FALSE (0001ms, 3852ms total)
T1284 7552:869 JLINK_IsHalted()  returns FALSE (0001ms, 3852ms total)
T1284 7553:070 JLINK_IsHalted()  returns FALSE (0001ms, 3852ms total)
T1284 7553:271 JLINK_IsHalted()  returns FALSE (0001ms, 3852ms total)
T1284 7553:472 JLINK_IsHalted()  returns FALSE (0001ms, 3852ms total)
T1284 7553:673 JLINK_IsHalted()  returns FALSE (0001ms, 3852ms total)
T1284 7553:874 JLINK_IsHalted()  returns FALSE (0001ms, 3852ms total)
T1284 7554:075 JLINK_IsHalted()  returns FALSE (0001ms, 3852ms total)
T1284 7554:276 JLINK_IsHalted()  returns FALSE (0001ms, 3852ms total)
T1284 7554:477 JLINK_IsHalted()  returns FALSE (0001ms, 3852ms total)
T1284 7554:678 JLINK_IsHalted()  returns FALSE (0001ms, 3852ms total)
T1284 7554:879 JLINK_IsHalted()  returns FALSE (0001ms, 3852ms total)
T1284 7555:080 JLINK_IsHalted()  returns FALSE (0001ms, 3852ms total)
T1284 7555:281 JLINK_IsHalted()  returns FALSE (0000ms, 3851ms total)
T1284 7555:481 JLINK_IsHalted()  returns FALSE (0001ms, 3852ms total)
T1284 7555:682 JLINK_IsHalted()  returns FALSE (0001ms, 3852ms total)
T1284 7555:915 JLINK_IsHalted()  returns FALSE (0001ms, 3852ms total)
T1284 7556:116 JLINK_IsHalted()  returns FALSE (0001ms, 3852ms total)
T1284 7556:317 JLINK_IsHalted()  returns FALSE (0001ms, 3852ms total)
T1284 7556:518 JLINK_IsHalted()  returns FALSE (0001ms, 3852ms total)
T1284 7556:719 JLINK_IsHalted()  returns FALSE (0001ms, 3852ms total)
T1284 7556:920 JLINK_IsHalted()  returns FALSE (0001ms, 3852ms total)
T1284 7557:121 JLINK_IsHalted()  returns FALSE (0001ms, 3852ms total)
T1284 7557:322 JLINK_IsHalted()  returns FALSE (0001ms, 3852ms total)
T1284 7557:523 JLINK_IsHalted()  returns FALSE (0001ms, 3852ms total)
T1284 7557:724 JLINK_IsHalted()  returns FALSE (0002ms, 3853ms total)
T1284 7557:926 JLINK_IsHalted()  returns FALSE (0001ms, 3852ms total)
T1284 7558:127 JLINK_IsHalted()  returns FALSE (0001ms, 3852ms total)
T1284 7558:328 JLINK_IsHalted()  returns FALSE (0001ms, 3852ms total)
T1284 7558:529 JLINK_IsHalted()  returns FALSE (0001ms, 3852ms total)
T1284 7558:730 JLINK_IsHalted()  returns FALSE (0001ms, 3852ms total)
T1284 7558:931 JLINK_IsHalted()  returns FALSE (0000ms, 3851ms total)
T1284 7559:131 JLINK_IsHalted()  returns FALSE (0000ms, 3851ms total)
T1284 7559:331 JLINK_IsHalted()  returns FALSE (0001ms, 3852ms total)
T1284 7559:532 JLINK_IsHalted()  returns FALSE (0001ms, 3852ms total)
T1284 7559:765 JLINK_IsHalted()  returns FALSE (0001ms, 3852ms total)
T1284 7559:966 JLINK_IsHalted()  returns FALSE (0001ms, 3852ms total)
T1284 7560:167 JLINK_IsHalted()  returns FALSE (0001ms, 3852ms total)
T1284 7560:368 JLINK_IsHalted()  returns FALSE (0000ms, 3851ms total)
T1284 7560:569 JLINK_IsHalted()  returns FALSE (0001ms, 3852ms total)
T1284 7560:770 JLINK_IsHalted()  returns FALSE (0001ms, 3852ms total)
T1284 7560:973 JLINK_IsHalted()  returns FALSE (0001ms, 3852ms total)
T1284 7561:174 JLINK_IsHalted()  returns FALSE (0001ms, 3852ms total)
T1284 7561:375 JLINK_IsHalted()  returns FALSE (0001ms, 3852ms total)
T1284 7561:576 JLINK_IsHalted()  returns FALSE (0001ms, 3852ms total)
T1284 7561:777 JLINK_IsHalted()  returns FALSE (0001ms, 3852ms total)
T1284 7561:978 JLINK_IsHalted()  returns FALSE (0001ms, 3852ms total)
T1284 7562:179 JLINK_IsHalted()  returns FALSE (0001ms, 3852ms total)
T1284 7562:380 JLINK_IsHalted()  returns FALSE (0001ms, 3852ms total)
T1284 7562:581 JLINK_IsHalted()  returns FALSE (0001ms, 3852ms total)
T1284 7562:782 JLINK_IsHalted()  returns FALSE (0001ms, 3852ms total)
T1284 7562:983 JLINK_IsHalted()  returns FALSE (0002ms, 3853ms total)
T1284 7563:216 JLINK_IsHalted()  returns FALSE (0001ms, 3852ms total)
T1284 7563:423 JLINK_IsHalted()  returns FALSE (0008ms, 3859ms total)
T1284 7563:631 JLINK_IsHalted()  returns FALSE (0001ms, 3852ms total)
T1284 7563:832 JLINK_IsHalted()  returns FALSE (0001ms, 3852ms total)
T1284 7564:033 JLINK_IsHalted()  returns FALSE (0001ms, 3852ms total)
T1284 7564:266 JLINK_IsHalted()  returns FALSE (0001ms, 3852ms total)
T1284 7564:467 JLINK_IsHalted()  returns FALSE (0001ms, 3852ms total)
T1284 7564:668 JLINK_IsHalted()  returns FALSE (0001ms, 3852ms total)
T1284 7564:869 JLINK_IsHalted()  returns FALSE (0001ms, 3852ms total)
T1284 7565:070 JLINK_IsHalted()  returns FALSE (0001ms, 3852ms total)
T1284 7565:271 JLINK_IsHalted()  returns FALSE (0001ms, 3852ms total)
T1284 7565:472 JLINK_IsHalted()  returns FALSE (0001ms, 3852ms total)
T1284 7565:673 JLINK_IsHalted()  returns FALSE (0001ms, 3852ms total)
T1284 7565:874 JLINK_IsHalted()  returns FALSE (0001ms, 3852ms total)
T1284 7566:075 JLINK_IsHalted()  returns FALSE (0001ms, 3852ms total)
T1284 7566:276 JLINK_IsHalted()  returns FALSE (0001ms, 3852ms total)
T1284 7566:477 JLINK_IsHalted()  returns FALSE (0000ms, 3851ms total)
T1284 7566:677 JLINK_IsHalted()  returns FALSE (0001ms, 3852ms total)
T1284 7566:878 JLINK_IsHalted()  returns FALSE (0000ms, 3851ms total)
T1284 7567:078 JLINK_IsHalted()  returns FALSE (0001ms, 3852ms total)
T1284 7567:279 JLINK_IsHalted()  returns FALSE (0000ms, 3851ms total)
T1284 7567:479 JLINK_IsHalted()  returns FALSE (0001ms, 3852ms total)
T1284 7567:680 JLINK_IsHalted()  returns FALSE (0001ms, 3852ms total)
T1284 7567:881 JLINK_IsHalted()  returns FALSE (0001ms, 3852ms total)
T1284 7568:082 JLINK_IsHalted()  returns FALSE (0001ms, 3852ms total)
T1284 7568:315 JLINK_IsHalted()  returns FALSE (0001ms, 3852ms total)
T1284 7568:516 JLINK_IsHalted()  returns FALSE (0001ms, 3852ms total)
T1284 7568:717 JLINK_IsHalted()  returns FALSE (0001ms, 3852ms total)
T1284 7568:918 JLINK_IsHalted()  returns FALSE (0001ms, 3852ms total)
T1284 7569:119 JLINK_IsHalted()  returns FALSE (0001ms, 3852ms total)
T1284 7569:320 JLINK_IsHalted()  returns FALSE (0001ms, 3852ms total)
T1284 7569:521 JLINK_IsHalted()  returns FALSE (0001ms, 3852ms total)
T1284 7569:722 JLINK_IsHalted()  returns FALSE (0001ms, 3852ms total)
T1284 7569:923 JLINK_IsHalted()  returns FALSE (0000ms, 3851ms total)
T1284 7570:123 JLINK_IsHalted()  returns FALSE (0001ms, 3852ms total)
T1284 7570:324 JLINK_IsHalted()  returns FALSE (0001ms, 3852ms total)
T1284 7570:525 JLINK_IsHalted()  returns FALSE (0001ms, 3852ms total)
T1284 7570:726 JLINK_IsHalted()  returns FALSE (0001ms, 3852ms total)
T1284 7570:927 JLINK_IsHalted()  returns FALSE (0001ms, 3852ms total)
T1284 7571:128 JLINK_IsHalted()  returns FALSE (0001ms, 3852ms total)
T1284 7571:329 JLINK_IsHalted()  returns FALSE (0001ms, 3852ms total)
T1284 7571:530 JLINK_IsHalted()  returns FALSE (0001ms, 3852ms total)
T1284 7571:731 JLINK_IsHalted()  returns FALSE (0001ms, 3852ms total)
T1284 7571:932 JLINK_IsHalted()  returns FALSE (0001ms, 3852ms total)
T1284 7572:165 JLINK_IsHalted()  returns FALSE (0001ms, 3852ms total)
T1284 7572:366 JLINK_IsHalted()  returns FALSE (0001ms, 3852ms total)
T1284 7572:567 JLINK_IsHalted()  returns FALSE (0001ms, 3852ms total)
T1284 7572:768 JLINK_IsHalted()  returns FALSE (0001ms, 3852ms total)
T1284 7572:969 JLINK_IsHalted()  returns FALSE (0002ms, 3853ms total)
T1284 7573:171 JLINK_IsHalted()  returns FALSE (0000ms, 3851ms total)
T1284 7573:371 JLINK_IsHalted()  returns FALSE (0001ms, 3852ms total)
T1284 7573:572 JLINK_IsHalted()  returns FALSE (0001ms, 3852ms total)
T1284 7573:773 JLINK_IsHalted()  returns FALSE (0001ms, 3852ms total)
T1284 7573:974 JLINK_IsHalted()  returns FALSE (0001ms, 3852ms total)
T1284 7574:175 JLINK_IsHalted()  returns FALSE (0001ms, 3852ms total)
T1284 7574:376 JLINK_IsHalted()  returns FALSE (0001ms, 3852ms total)
T1284 7574:577 JLINK_IsHalted()  returns FALSE (0001ms, 3852ms total)
T1284 7574:778 JLINK_IsHalted()  returns FALSE (0001ms, 3852ms total)
T1284 7574:979 JLINK_IsHalted()  returns FALSE (0001ms, 3852ms total)
T1284 7575:180 JLINK_IsHalted()  returns FALSE (0001ms, 3852ms total)
T1284 7575:381 JLINK_IsHalted()  returns FALSE (0001ms, 3852ms total)
T1284 7575:582 JLINK_IsHalted()  returns FALSE (0001ms, 3852ms total)
T1284 7575:815 JLINK_IsHalted()  returns FALSE (0001ms, 3852ms total)
T1284 7576:016 JLINK_IsHalted()  returns FALSE (0001ms, 3852ms total)
T1284 7576:217 JLINK_IsHalted()  returns FALSE (0001ms, 3852ms total)
T1284 7576:418 JLINK_IsHalted()  returns FALSE (0001ms, 3852ms total)
T1284 7576:619 JLINK_IsHalted()  returns FALSE (0001ms, 3852ms total)
T1284 7576:820 JLINK_IsHalted()  returns FALSE (0000ms, 3851ms total)
T1284 7577:021 JLINK_IsHalted()  returns FALSE (0001ms, 3852ms total)
T1284 7577:222 JLINK_IsHalted()  returns FALSE (0001ms, 3852ms total)
T1284 7577:423 JLINK_IsHalted()  returns FALSE (0001ms, 3852ms total)
T1284 7577:624 JLINK_IsHalted()  returns FALSE (0001ms, 3852ms total)
T1284 7577:825 JLINK_IsHalted()  returns FALSE (0001ms, 3852ms total)
T1284 7578:026 JLINK_IsHalted()  returns FALSE (0001ms, 3852ms total)
T1284 7578:227 JLINK_IsHalted()  returns FALSE (0001ms, 3852ms total)
T1284 7578:428 JLINK_IsHalted()  returns FALSE (0001ms, 3852ms total)
T1284 7578:630 JLINK_IsHalted()  returns FALSE (0001ms, 3852ms total)
T1284 7578:831 JLINK_IsHalted()  returns FALSE (0001ms, 3852ms total)
T1284 7579:032 JLINK_IsHalted()  returns FALSE (0001ms, 3852ms total)
T1284 7579:233 JLINK_IsHalted()  returns FALSE (0001ms, 3852ms total)
T1284 7579:466 JLINK_IsHalted()  returns FALSE (0001ms, 3852ms total)
T1284 7579:667 JLINK_IsHalted()  returns FALSE (0001ms, 3852ms total)
T1284 7579:868 JLINK_IsHalted()  returns FALSE (0001ms, 3852ms total)
T1284 7580:069 JLINK_IsHalted()  returns FALSE (0001ms, 3852ms total)
T1284 7580:270 JLINK_IsHalted()  returns FALSE (0001ms, 3852ms total)
T1284 7580:471 JLINK_IsHalted()  returns FALSE (0001ms, 3852ms total)
T1284 7580:672 JLINK_IsHalted()  returns FALSE (0001ms, 3852ms total)
T1284 7580:873 JLINK_IsHalted()  returns FALSE (0001ms, 3852ms total)
T1284 7581:074 JLINK_IsHalted()  returns FALSE (0001ms, 3852ms total)
T1284 7581:275 JLINK_IsHalted()  returns FALSE (0001ms, 3852ms total)
T1284 7581:476 JLINK_IsHalted()  returns FALSE (0001ms, 3852ms total)
T1284 7581:677 JLINK_IsHalted()  returns FALSE (0001ms, 3852ms total)
T1284 7581:878 JLINK_IsHalted()  returns FALSE (0001ms, 3852ms total)
T1284 7582:079 JLINK_IsHalted()  returns FALSE (0001ms, 3852ms total)
T1284 7582:280 JLINK_IsHalted()  returns FALSE (0001ms, 3852ms total)
T1284 7582:481 JLINK_IsHalted()  returns ERROR (0003ms, 3854ms total)
T1284 7582:484 JLINK_ExecCommand("ProjectFile = C:\Users\Guilherme\Documents\GitHub\Entregas\Aula 4\GPIO_REGISTRADORES_LED\jlink.config", ...)  returns 0x00 (0001ms, 3852ms total)
T1284 7583:220 JLINK_ExecCommand("Device = AT91SAM4SD32C", ...)Device "ATSAM4SD32C" selected.  returns 0x00 (0001ms, 3853ms total)
T1284 7583:221 JLINK_TIF_Select(JLINKARM_TIF_JTAG)  returns 0x00 (0000ms, 3853ms total)
T1284 7583:222 JLINK_GetIdData(...) ScanLen=4 NumDevices=1 aId[0]=0x4BA00477 aIrRead[0]=0 aScanLen[0]=0 aScanRead[0]=0 (0000ms, 3854ms total)
T1284 7583:222 JLINK_ConfigJTAG(IRPre = 0, DRPre = 0) (0000ms, 3854ms total)
T1284 7583:222 JLINK_SetSpeed(4000) (0000ms, 3854ms total)
T1284 7583:222 JLINK_ResetPullsRESET(OFF) (0000ms, 3854ms total)
T1284 7583:222 JLINK_Connect() >0x2F8 JTAG>TotalIRLen = 4, IRPrint = 0x01 >0x30 JTAG> >0x210 JTAG> >0x70 JTAG> >0x40 JTAG> >0x40 JTAG> >0x40 JTAG> >0x48 JTAG> >0x78 JTAG> >0x40 JTAG> >0x30 JTAG> >0x40 JTAG> >0x40 JTAG> >0x30 JTAG> >0x40 JTAG> >0x48 JTAG>Found Cortex-M4 r0p1, Little endian. -- CPU_ReadMem(4 bytes @ 0xE000EDF0) -- CPU_ReadMem(4 bytes @ 0xE0002000)FPUnit: 6 code (BP) slots and 2 literal slots -- CPU_ReadMem(4 bytes @ 0xE000EDFC) -- CPU_ReadMem(4 bytes @ 0xE0001000)
 -- CPU_WriteMem(4 bytes @ 0xE0001000) -- CPU_ReadMem(4 bytes @ 0xE000ED88) -- CPU_WriteMem(4 bytes @ 0xE000ED88) -- CPU_ReadMem(4 bytes @ 0xE000ED88) -- CPU_WriteMem(4 bytes @ 0xE000ED88)CoreSight components:ROMTbl 0 @ E00FF000 -- CPU_ReadMem(16 bytes @ 0xE00FF000) -- CPU_ReadMem(16 bytes @ 0xE000EFF0) -- CPU_ReadMem(16 bytes @ 0xE000EFE0)ROMTbl 0 [0]: FFF0F000, CID: B105E00D, PID: 000BB000 SCS -- CPU_ReadMem(16 bytes @ 0xE0001FF0) -- CPU_ReadMem(16 bytes @ 0xE0001FE0)
ROMTbl 0 [1]: FFF02000, CID: B105E00D, PID: 003BB002 DWT -- CPU_ReadMem(16 bytes @ 0xE0002FF0) -- CPU_ReadMem(16 bytes @ 0xE0002FE0)ROMTbl 0 [2]: FFF03000, CID: B105E00D, PID: 002BB003 FPB -- CPU_ReadMem(16 bytes @ 0xE0000FF0) -- CPU_ReadMem(16 bytes @ 0xE0000FE0)ROMTbl 0 [3]: FFF01000, CID: B105E00D, PID: 003BB001 ITM -- CPU_ReadMem(16 bytes @ 0xE00FF010) -- CPU_ReadMem(16 bytes @ 0xE0040FF0) -- CPU_ReadMem(16 bytes @ 0xE0040FE0)ROMTbl 0 [4]: FFF41000, CID: B105900D, PID: 000BB9A1 TPIU  returns 0x00
 (0033ms, 3887ms total)
T1284 7583:255 JLINK_Go()
  ***** Error: CPU is not halted (0001ms, 3888ms total)
T1284 7583:466 JLINK_IsHalted()  returns FALSE (0001ms, 3889ms total)
T1284 7583:667 JLINK_IsHalted()  returns ERROR (0003ms, 3891ms total)
T1284 7583:670 JLINK_ExecCommand("ProjectFile = C:\Users\Guilherme\Documents\GitHub\Entregas\Aula 4\GPIO_REGISTRADORES_LED\jlink.config", ...)  returns 0x00 (0001ms, 3889ms total)
T1284 7584:313 JLINK_ExecCommand("Device = AT91SAM4SD32C", ...)Device "ATSAM4SD32C" selected.  returns 0x00 (0001ms, 3890ms total)
T1284 7584:314 JLINK_TIF_Select(JLINKARM_TIF_JTAG)  returns 0x00 (0000ms, 3890ms total)
T1284 7584:314 JLINK_GetIdData(...) ScanLen=4 NumDevices=1 aId[0]=0x4BA00477 aIrRead[0]=0 aScanLen[0]=0 aScanRead[0]=0 (0000ms, 3890ms total)
T1284 7584:314 JLINK_ConfigJTAG(IRPre = 0, DRPre = 0) (0001ms, 3891ms total)
T1284 7584:315 JLINK_SetSpeed(4000) (0000ms, 3891ms total)
T1284 7584:315 JLINK_ResetPullsRESET(OFF) (0000ms, 3891ms total)
T1284 7584:315 JLINK_Connect() >0x2F8 JTAG>TotalIRLen = 4, IRPrint = 0x01 >0x30 JTAG> >0x210 JTAG> >0x70 JTAG> >0x40 JTAG> >0x40 JTAG> >0x40 JTAG> >0x48 JTAG> >0x78 JTAG> >0x40 JTAG> >0x30 JTAG> >0x40 JTAG> >0x40 JTAG> >0x30 JTAG> >0x40 JTAG> >0x48 JTAG>Found Cortex-M4 r0p1, Little endian. -- CPU_ReadMem(4 bytes @ 0xE000EDF0) -- CPU_ReadMem(4 bytes @ 0xE0002000)FPUnit: 6 code (BP) slots and 2 literal slots -- CPU_ReadMem(4 bytes @ 0xE000EDFC) -- CPU_ReadMem(4 bytes @ 0xE0001000)
 -- CPU_WriteMem(4 bytes @ 0xE0001000) -- CPU_ReadMem(4 bytes @ 0xE000ED88) -- CPU_WriteMem(4 bytes @ 0xE000ED88) -- CPU_ReadMem(4 bytes @ 0xE000ED88) -- CPU_WriteMem(4 bytes @ 0xE000ED88)CoreSight components:ROMTbl 0 @ E00FF000 -- CPU_ReadMem(16 bytes @ 0xE00FF000) -- CPU_ReadMem(16 bytes @ 0xE000EFF0) -- CPU_ReadMem(16 bytes @ 0xE000EFE0)ROMTbl 0 [0]: FFF0F000, CID: B105E00D, PID: 000BB000 SCS -- CPU_ReadMem(16 bytes @ 0xE0001FF0) -- CPU_ReadMem(16 bytes @ 0xE0001FE0)
ROMTbl 0 [1]: FFF02000, CID: B105E00D, PID: 003BB002 DWT -- CPU_ReadMem(16 bytes @ 0xE0002FF0) -- CPU_ReadMem(16 bytes @ 0xE0002FE0)ROMTbl 0 [2]: FFF03000, CID: B105E00D, PID: 002BB003 FPB -- CPU_ReadMem(16 bytes @ 0xE0000FF0) -- CPU_ReadMem(16 bytes @ 0xE0000FE0)ROMTbl 0 [3]: FFF01000, CID: B105E00D, PID: 003BB001 ITM -- CPU_ReadMem(16 bytes @ 0xE00FF010) -- CPU_ReadMem(16 bytes @ 0xE0040FF0) -- CPU_ReadMem(16 bytes @ 0xE0040FE0)ROMTbl 0 [4]: FFF41000, CID: B105900D, PID: 000BB9A1 TPIU  returns 0x00
 (0032ms, 3923ms total)
T1284 7584:347 JLINK_Go()
  ***** Error: CPU is not halted (0001ms, 3924ms total)
T1284 7584:565 JLINK_IsHalted()  returns FALSE (0001ms, 3925ms total)
T1284 7584:766 JLINK_IsHalted()  returns FALSE (0001ms, 3925ms total)
T1284 7584:967 JLINK_IsHalted()  returns FALSE (0001ms, 3925ms total)
T1284 7585:168 JLINK_IsHalted()  returns FALSE (0001ms, 3925ms total)
T1284 7585:369 JLINK_IsHalted()  returns FALSE (0001ms, 3925ms total)
T1284 7585:570 JLINK_IsHalted()  returns FALSE (0001ms, 3925ms total)
T1284 7585:771 JLINK_IsHalted()  returns FALSE (0000ms, 3924ms total)
T1284 7585:971 JLINK_IsHalted()  returns FALSE (0001ms, 3925ms total)
T1284 7586:172 JLINK_IsHalted()  returns FALSE (0001ms, 3925ms total)
T1284 7586:373 JLINK_IsHalted()  returns FALSE (0001ms, 3925ms total)
T1284 7586:574 JLINK_IsHalted()  returns FALSE (0001ms, 3925ms total)
T1284 7586:775 JLINK_IsHalted()  returns FALSE (0001ms, 3925ms total)
T1284 7586:976 JLINK_IsHalted()  returns FALSE (0001ms, 3925ms total)
T1284 7587:177 JLINK_IsHalted()  returns FALSE (0001ms, 3925ms total)
T1284 7587:378 JLINK_IsHalted()  returns FALSE (0001ms, 3925ms total)
T1284 7587:579 JLINK_IsHalted()  returns FALSE (0000ms, 3924ms total)
T1284 7587:779 JLINK_IsHalted()  returns FALSE (0001ms, 3925ms total)
T1284 7587:980 JLINK_IsHalted()  returns FALSE (0001ms, 3925ms total)
T1284 7588:181 JLINK_IsHalted()  returns FALSE (0001ms, 3925ms total)
T1284 7588:382 JLINK_IsHalted()  returns FALSE (0001ms, 3925ms total)
T1284 7588:615 JLINK_IsHalted()  returns FALSE (0001ms, 3925ms total)
T1284 7588:816 JLINK_IsHalted()  returns FALSE (0001ms, 3925ms total)
T1284 7589:017 JLINK_IsHalted()  returns FALSE (0001ms, 3925ms total)
T1284 7589:218 JLINK_IsHalted()  returns FALSE (0001ms, 3925ms total)
T1284 7589:419 JLINK_IsHalted()  returns FALSE (0001ms, 3925ms total)
T1284 7589:620 JLINK_IsHalted()  returns FALSE (0001ms, 3925ms total)
T1284 7589:821 JLINK_IsHalted()  returns FALSE (0001ms, 3925ms total)
T1284 7590:022 JLINK_IsHalted()  returns FALSE (0001ms, 3925ms total)
T1284 7590:223 JLINK_IsHalted()  returns FALSE (0001ms, 3925ms total)
T1284 7590:424 JLINK_IsHalted()  returns FALSE (0001ms, 3925ms total)
T1284 7590:625 JLINK_IsHalted()  returns FALSE (0000ms, 3924ms total)
T1284 7590:825 JLINK_IsHalted()  returns FALSE (0001ms, 3925ms total)
T1284 7591:026 JLINK_IsHalted()  returns FALSE (0001ms, 3925ms total)
T1284 7591:227 JLINK_IsHalted()  returns FALSE (0001ms, 3925ms total)
T1284 7591:428 JLINK_IsHalted()  returns FALSE (0001ms, 3925ms total)
T1714 7591:577 JLINK_Halt()  returns 0x00 (0004ms, 3928ms total)
T1284 7591:629 JLINK_IsHalted()  returns TRUE (0000ms, 3928ms total)
T1284 7591:629 JLINK_GetMOEs(...) -- CPU_ReadMem(4 bytes @ 0xE000ED30) -- CPU_WriteMem(4 bytes @ 0xE000ED30)  returns 0x01 (0001ms, 3929ms total)
T1284 7591:630 JLINK_ReadReg(R15 (PC))  returns 0x00400FD6 (0000ms, 3929ms total)
T1284 7591:830 JLINK_IsHalted()  returns TRUE (0000ms, 3929ms total)
T1250 7591:831 JLINK_ResetPullsRESET(ON) (0000ms, 3929ms total)
T1250 7591:831 JLINK_ResetNoHalt() >0x2F8 JTAG>TotalIRLen = 4, IRPrint = 0x01 >0x30 JTAG> >0x210 JTAG> >0x70 JTAG> >0x40 JTAG> >0x40 JTAG> >0x40 JTAG> >0x48 JTAG> >0x78 JTAG> >0x40 JTAG> >0x30 JTAG> >0x40 JTAG> >0x40 JTAG> >0x30 JTAG> >0x40 JTAG> >0x48 JTAG>Found Cortex-M4 r0p1, Little endian. -- CPU_ReadMem(4 bytes @ 0xE000EDF0) -- CPU_ReadMem(4 bytes @ 0xE0002000)FPUnit: 6 code (BP) slots and 2 literal slots -- CPU_ReadMem(4 bytes @ 0xE000EDFC) -- CPU_ReadMem(4 bytes @ 0xE0001000)
 -- CPU_ReadMem(4 bytes @ 0xE000ED88) -- CPU_WriteMem(4 bytes @ 0xE000ED88) -- CPU_ReadMem(4 bytes @ 0xE000ED88) -- CPU_WriteMem(4 bytes @ 0xE000ED88)CoreSight components:ROMTbl 0 @ E00FF000 -- CPU_ReadMem(16 bytes @ 0xE00FF000) -- CPU_ReadMem(16 bytes @ 0xE000EFF0) -- CPU_ReadMem(16 bytes @ 0xE000EFE0)ROMTbl 0 [0]: FFF0F000, CID: B105E00D, PID: 000BB000 SCS -- CPU_WriteMem(4 bytes @ 0xE0001000) -- CPU_ReadMem(16 bytes @ 0xE0001FF0) -- CPU_ReadMem(16 bytes @ 0xE0001FE0)
ROMTbl 0 [1]: FFF02000, CID: B105E00D, PID: 003BB002 DWT -- CPU_ReadMem(16 bytes @ 0xE0002FF0) -- CPU_ReadMem(16 bytes @ 0xE0002FE0)ROMTbl 0 [2]: FFF03000, CID: B105E00D, PID: 002BB003 FPB -- CPU_ReadMem(16 bytes @ 0xE0000FF0) -- CPU_ReadMem(16 bytes @ 0xE0000FE0)ROMTbl 0 [3]: FFF01000, CID: B105E00D, PID: 003BB001 ITM -- CPU_ReadMem(16 bytes @ 0xE00FF010) -- CPU_ReadMem(16 bytes @ 0xE0040FF0) -- CPU_ReadMem(16 bytes @ 0xE0040FE0)ROMTbl 0 [4]: FFF41000, CID: B105900D, PID: 000BB9A1 TPIU
                JLINK_Reset() -- CPU_ReadMem(16 bytes @ 0x20000000) -- CPU_WriteMem(16 bytes @ 0x20000000) -- CPU_ReadMem(4 bytes @ 0xE000EDFC) -- CPU_WriteMem(4 bytes @ 0xE000EDFC) -- CPU_ReadMem(4 bytes @ 0xE0001000) -- CPU_WriteMem(4 bytes @ 0xE000EDFC) -- CPU_WriteMem(16 bytes @ 0x20000000) -- CPU_WriteMem(4 bytes @ 0xE0002000) -- CPU_ReadMem(4 bytes @ 0xE000EDFC) -- CPU_ReadMem(4 bytes @ 0xE0001000) (0030ms, 0030ms total)
                JLINK_Go() -- CPU_ReadMem(4 bytes @ 0xE0001000) -- CPU_WriteMem(4 bytes @ 0xE0002008) -- CPU_WriteMem(4 bytes @ 0xE000200C) -- CPU_WriteMem(4 bytes @ 0xE0002010) -- CPU_WriteMem(4 bytes @ 0xE0002014) -- CPU_WriteMem(4 bytes @ 0xE0002018) -- CPU_WriteMem(4 bytes @ 0xE000201C) -- CPU_WriteMem(4 bytes @ 0xE0001004) (0005ms, 0035ms total)
               (0067ms, 3996ms total)
T1250 7591:907 JLINK_Close() -- CPU is running -- CPU_WriteMem(4 bytes @ 0xE0002008) -- CPU is running -- CPU_WriteMem(4 bytes @ 0xE000200C) -- CPU is running -- CPU_WriteMem(4 bytes @ 0xE0002010) -- CPU is running -- CPU_WriteMem(4 bytes @ 0xE0002014) -- CPU is running -- CPU_WriteMem(4 bytes @ 0xE0002018) -- CPU is running -- CPU_WriteMem(4 bytes @ 0xE000201C) >0x78 JTAG> >0x08 JTAG> (0010ms, 4006ms total)
T1250 7591:907  (0010ms, 4006ms total)
T1250 7591:907 Closed (0010ms, 4006ms total)
