T15B0 5307:220 SEGGER J-Link V4.98e Log File (0000ms, 9142ms total)
T15B0 5307:220 DLL Compiled: May  5 2015 11:00:52 (0000ms, 9142ms total)
T15B0 5307:220 Logging started @ 2016-05-05 21:49 (0000ms, 9142ms total)
T15B0 5307:239 JLINK_ExecCommand("Device = AT91SAM4SD32C", ...)Device "ATSAM4SD32C" selected.  returns 0x00 (0001ms, 9143ms total)
T15B0 5307:276 JLINK_ExecCommand("ProjectFile = T:\11.01772-4\Entregas\Aula 7\11 - INTERRUPCAO_PIO\jlink.config", ...)  returns 0x00 (0000ms, 9143ms total)
T15B0 5307:289 JLINK_ExecCommand("Device = AT91SAM4SD32C", ...)Device "ATSAM4SD32C" selected.  returns 0x00 (0001ms, 9144ms total)
T15B0 5307:290 JLINK_TIF_Select(JLINKARM_TIF_JTAG)  returns 0x00 (0003ms, 9147ms total)
T15B0 5307:293 JLINK_GetIdData(...) >0x2F8 JTAG>TotalIRLen = 4, IRPrint = 0x01 >0x30 JTAG> >0x210 JTAG> >0x70 JTAG> >0x40 JTAG> >0x40 JTAG> >0x40 JTAG> >0x48 JTAG> >0x78 JTAG> >0x40 JTAG> >0x30 JTAG> >0x40 JTAG> >0x40 JTAG> >0x30 JTAG> >0x40 JTAG> >0x48 JTAG>Found Cortex-M4 r0p1, Little endian. -- CPU_WriteMem(4 bytes @ 0xE0002000) -- CPU_ReadMem(4 bytes @ 0xE000EDF0) -- CPU_ReadMem(4 bytes @ 0xE0002000)FPUnit: 6 code (BP) slots and 2 literal slots -- CPU_ReadMem(4 bytes @ 0xE000EDFC)
 -- CPU_ReadMem(4 bytes @ 0xE0001000) -- CPU_WriteMem(4 bytes @ 0xE0001000) -- CPU_ReadMem(4 bytes @ 0xE000ED88) -- CPU_WriteMem(4 bytes @ 0xE000ED88) -- CPU_ReadMem(4 bytes @ 0xE000ED88) -- CPU_WriteMem(4 bytes @ 0xE000ED88)CoreSight components:ROMTbl 0 @ E00FF000 -- CPU_ReadMem(16 bytes @ 0xE00FF000) -- CPU_ReadMem(16 bytes @ 0xE000EFF0) -- CPU_ReadMem(16 bytes @ 0xE000EFE0)ROMTbl 0 [0]: FFF0F000, CID: B105E00D, PID: 000BB000 SCS -- CPU_ReadMem(16 bytes @ 0xE0001FF0)
 -- CPU_ReadMem(16 bytes @ 0xE0001FE0)ROMTbl 0 [1]: FFF02000, CID: B105E00D, PID: 003BB002 DWT -- CPU_ReadMem(16 bytes @ 0xE0002FF0) -- CPU_ReadMem(16 bytes @ 0xE0002FE0)ROMTbl 0 [2]: FFF03000, CID: B105E00D, PID: 002BB003 FPB -- CPU_ReadMem(16 bytes @ 0xE0000FF0) -- CPU_ReadMem(16 bytes @ 0xE0000FE0)ROMTbl 0 [3]: FFF01000, CID: B105E00D, PID: 003BB001 ITM -- CPU_ReadMem(16 bytes @ 0xE00FF010) -- CPU_ReadMem(16 bytes @ 0xE0040FF0) -- CPU_ReadMem(16 bytes @ 0xE0040FE0)
ROMTbl 0 [4]: FFF41000, CID: B105900D, PID: 000BB9A1 TPIU ScanLen=4 NumDevices=1 aId[0]=0x4BA00477 aIrRead[0]=0 aScanLen[0]=0 aScanRead[0]=0 (0040ms, 9187ms total)
T15B0 5307:333 JLINK_ConfigJTAG(IRPre = 0, DRPre = 0) (0001ms, 9188ms total)
T15B0 5307:334 JLINK_SetSpeed(1000) (0000ms, 9188ms total)
T15B0 5307:334 JLINK_ResetPullsRESET(OFF) (0000ms, 9188ms total)
T15B0 5307:334 JLINK_Connect() >0x2F8 JTAG>TotalIRLen = 4, IRPrint = 0x01 >0x30 JTAG> >0x210 JTAG> >0x70 JTAG> >0x40 JTAG> >0x40 JTAG> >0x40 JTAG> >0x48 JTAG> >0x78 JTAG> >0x40 JTAG> >0x30 JTAG> >0x40 JTAG> >0x40 JTAG> >0x30 JTAG> >0x40 JTAG> >0x48 JTAG>Found Cortex-M4 r0p1, Little endian. -- CPU_WriteMem(4 bytes @ 0xE0002000) -- CPU_ReadMem(4 bytes @ 0xE000EDF0) -- CPU_ReadMem(4 bytes @ 0xE0002000)FPUnit: 6 code (BP) slots and 2 literal slots -- CPU_ReadMem(4 bytes @ 0xE000EDFC)
 -- CPU_ReadMem(4 bytes @ 0xE0001000) -- CPU_WriteMem(4 bytes @ 0xE0001000) -- CPU_ReadMem(4 bytes @ 0xE000ED88) -- CPU_WriteMem(4 bytes @ 0xE000ED88) -- CPU_ReadMem(4 bytes @ 0xE000ED88) -- CPU_WriteMem(4 bytes @ 0xE000ED88)CoreSight components:ROMTbl 0 @ E00FF000 -- CPU_ReadMem(16 bytes @ 0xE00FF000) -- CPU_ReadMem(16 bytes @ 0xE000EFF0) -- CPU_ReadMem(16 bytes @ 0xE000EFE0)ROMTbl 0 [0]: FFF0F000, CID: B105E00D, PID: 000BB000 SCS -- CPU_ReadMem(16 bytes @ 0xE0001FF0)
 -- CPU_ReadMem(16 bytes @ 0xE0001FE0)ROMTbl 0 [1]: FFF02000, CID: B105E00D, PID: 003BB002 DWT -- CPU_ReadMem(16 bytes @ 0xE0002FF0) -- CPU_ReadMem(16 bytes @ 0xE0002FE0)ROMTbl 0 [2]: FFF03000, CID: B105E00D, PID: 002BB003 FPB -- CPU_ReadMem(16 bytes @ 0xE0000FF0) -- CPU_ReadMem(16 bytes @ 0xE0000FE0)ROMTbl 0 [3]: FFF01000, CID: B105E00D, PID: 003BB001 ITM -- CPU_ReadMem(16 bytes @ 0xE00FF010) -- CPU_ReadMem(16 bytes @ 0xE0040FF0) -- CPU_ReadMem(16 bytes @ 0xE0040FE0)
ROMTbl 0 [4]: FFF41000, CID: B105900D, PID: 000BB9A1 TPIU  returns 0x00 (0037ms, 9225ms total)
T15B0 5307:371 JLINK_GetDebugInfo(0x100) -- Value=0xE00FF003  returns 0x00 (0001ms, 9226ms total)
T15B0 5307:372 JLINK_ReadMem (0xE00FFFF0, 0x0010 Bytes, ...) -- CPU is running -- CPU_ReadMem(16 bytes @ 0xE00FFFF0) - Data: 0D 00 00 00 10 00 00 00 05 00 00 00 B1 00 00 00  returns 0x00 (0001ms, 9227ms total)
T15B0 5307:373 JLINK_ReadMem (0xE00FFFD0, 0x0020 Bytes, ...) -- CPU is running -- CPU_ReadMem(32 bytes @ 0xE00FFFD0) - Data: 04 00 00 00 00 00 00 00 00 00 00 00 00 00 00 00 ...  returns 0x00 (0002ms, 9229ms total)
T15B0 5307:375 JLINK_ReadMemU32(0xE00FF000, 0x0001 Items, ...) -- CPU is running -- CPU_ReadMem(4 bytes @ 0xE00FF000) - Data: 03 F0 F0 FF  returns 0x01 (0001ms, 9230ms total)
T15B0 5307:376 JLINK_ReadMem (0xE000EFF0, 0x0010 Bytes, ...) -- CPU is running -- CPU_ReadMem(16 bytes @ 0xE000EFF0) - Data: 0D 00 00 00 E0 00 00 00 05 00 00 00 B1 00 00 00  returns 0x00 (0001ms, 9231ms total)
T15B0 5307:377 JLINK_ReadMem (0xE000EFD0, 0x0020 Bytes, ...) -- CPU is running -- CPU_ReadMem(32 bytes @ 0xE000EFD0) - Data: 04 00 00 00 00 00 00 00 00 00 00 00 00 00 00 00 ...  returns 0x00 (0002ms, 9233ms total)
T15B0 5307:379 JLINK_ReadMemU32(0xE00FF004, 0x0001 Items, ...) -- CPU is running -- CPU_ReadMem(4 bytes @ 0xE00FF004) - Data: 03 20 F0 FF  returns 0x01 (0001ms, 9234ms total)
T15B0 5307:380 JLINK_ReadMem (0xE0001FF0, 0x0010 Bytes, ...) -- CPU is running -- CPU_ReadMem(16 bytes @ 0xE0001FF0) - Data: 0D 00 00 00 E0 00 00 00 05 00 00 00 B1 00 00 00  returns 0x00 (0001ms, 9235ms total)
T15B0 5307:381 JLINK_ReadMem (0xE0001FD0, 0x0020 Bytes, ...) -- CPU is running -- CPU_ReadMem(32 bytes @ 0xE0001FD0) - Data: 04 00 00 00 00 00 00 00 00 00 00 00 00 00 00 00 ...  returns 0x00 (0002ms, 9237ms total)
T15B0 5307:383 JLINK_ReadMemU32(0xE00FF008, 0x0001 Items, ...) -- CPU is running -- CPU_ReadMem(4 bytes @ 0xE00FF008) - Data: 03 30 F0 FF  returns 0x01 (0000ms, 9237ms total)
T15B0 5307:384 JLINK_ReadMem (0xE0002FF0, 0x0010 Bytes, ...) -- CPU is running -- CPU_ReadMem(16 bytes @ 0xE0002FF0) - Data: 0D 00 00 00 E0 00 00 00 05 00 00 00 B1 00 00 00  returns 0x00 (0001ms, 9239ms total)
T15B0 5307:385 JLINK_ReadMem (0xE0002FD0, 0x0020 Bytes, ...) -- CPU is running -- CPU_ReadMem(32 bytes @ 0xE0002FD0) - Data: 04 00 00 00 00 00 00 00 00 00 00 00 00 00 00 00 ...  returns 0x00 (0001ms, 9240ms total)
T15B0 5307:386 JLINK_ReadMemU32(0xE00FF00C, 0x0001 Items, ...) -- CPU is running -- CPU_ReadMem(4 bytes @ 0xE00FF00C) - Data: 03 10 F0 FF  returns 0x01 (0001ms, 9241ms total)
T15B0 5307:387 JLINK_ReadMem (0xE0000FF0, 0x0010 Bytes, ...) -- CPU is running -- CPU_ReadMem(16 bytes @ 0xE0000FF0) - Data: 0D 00 00 00 E0 00 00 00 05 00 00 00 B1 00 00 00  returns 0x00 (0002ms, 9243ms total)
T15B0 5307:389 JLINK_ReadMem (0xE0000FD0, 0x0020 Bytes, ...) -- CPU is running -- CPU_ReadMem(32 bytes @ 0xE0000FD0) - Data: 04 00 00 00 00 00 00 00 00 00 00 00 00 00 00 00 ...  returns 0x00 (0001ms, 9244ms total)
T15B0 5307:390 JLINK_ReadMemU32(0xE00FF010, 0x0001 Items, ...) -- CPU is running -- CPU_ReadMem(4 bytes @ 0xE00FF010) - Data: 03 10 F4 FF  returns 0x01 (0001ms, 9245ms total)
T15B0 5307:391 JLINK_ReadMem (0xE0040FF0, 0x0010 Bytes, ...) -- CPU is running -- CPU_ReadMem(16 bytes @ 0xE0040FF0) - Data: 0D 00 00 00 90 00 00 00 05 00 00 00 B1 00 00 00  returns 0x00 (0002ms, 9247ms total)
T15B0 5307:393 JLINK_ReadMem (0xE0040FD0, 0x0020 Bytes, ...) -- CPU is running -- CPU_ReadMem(32 bytes @ 0xE0040FD0) - Data: 04 00 00 00 00 00 00 00 00 00 00 00 00 00 00 00 ...  returns 0x00 (0001ms, 9248ms total)
T15B0 5307:394 JLINK_ReadMemU32(0xE00FF014, 0x0001 Items, ...) -- CPU is running -- CPU_ReadMem(4 bytes @ 0xE00FF014) - Data: 02 20 F4 FF  returns 0x01 (0001ms, 9249ms total)
T15B0 5307:395 JLINK_ReadMemU32(0xE00FF018, 0x0001 Items, ...) -- CPU is running -- CPU_ReadMem(4 bytes @ 0xE00FF018) - Data: 00 00 00 00  returns 0x01 (0001ms, 9250ms total)
T15B0 5307:396 JLINK_ReadMem (0xE0001000, 0x0004 Bytes, ...) -- CPU is running -- CPU_ReadMem(4 bytes @ 0xE0001000) - Data: 01 00 00 40  returns 0x00 (0001ms, 9251ms total)
T15B0 5307:397 JLINK_ReadMem (0xE0001000, 0x0004 Bytes, ...) -- CPU is running -- CPU_ReadMem(4 bytes @ 0xE0001000) - Data: 01 00 00 40  returns 0x00 (0001ms, 9252ms total)
T15B0 5307:398 JLINK_ReadMem (0xE0001028, 0x0004 Bytes, ...) -- CPU is running -- CPU_ReadMem(4 bytes @ 0xE0001028) - Data: 00 00 00 00  returns 0x00 (0001ms, 9253ms total)
T15B0 5307:399 JLINK_WriteMem(0xE0001028, 0x0004 Bytes, ...) - Data: 00 01 00 00 -- CPU is running -- CPU_WriteMem(4 bytes @ 0xE0001028)  returns 0x04 (0001ms, 9254ms total)
T15B0 5307:400 JLINK_ReadMem (0xE0001028, 0x0004 Bytes, ...) -- CPU is running -- CPU_ReadMem(4 bytes @ 0xE0001028) - Data: 00 00 00 00  returns 0x00 (0001ms, 9255ms total)
T15B0 5307:401 JLINK_ReadMem (0xE0001038, 0x0004 Bytes, ...) -- CPU is running -- CPU_ReadMem(4 bytes @ 0xE0001038) - Data: 00 02 00 00  returns 0x00 (0001ms, 9256ms total)
T15B0 5307:402 JLINK_WriteMem(0xE0001038, 0x0004 Bytes, ...) - Data: 00 03 00 00 -- CPU is running -- CPU_WriteMem(4 bytes @ 0xE0001038)  returns 0x04 (0001ms, 9257ms total)
T15B0 5307:403 JLINK_ReadMem (0xE0001038, 0x0004 Bytes, ...) -- CPU is running -- CPU_ReadMem(4 bytes @ 0xE0001038) - Data: 00 03 00 00  returns 0x00 (0001ms, 9258ms total)
T15B0 5307:404 JLINK_ReadMem (0xE0001048, 0x0004 Bytes, ...) -- CPU is running -- CPU_ReadMem(4 bytes @ 0xE0001048) - Data: 00 00 00 00  returns 0x00 (0001ms, 9259ms total)
T15B0 5307:405 JLINK_WriteMem(0xE0001048, 0x0004 Bytes, ...) - Data: 00 01 00 00 -- CPU is running -- CPU_WriteMem(4 bytes @ 0xE0001048)  returns 0x04 (0001ms, 9260ms total)
T15B0 5307:406 JLINK_ReadMem (0xE0001048, 0x0004 Bytes, ...) -- CPU is running -- CPU_ReadMem(4 bytes @ 0xE0001048) - Data: 00 00 00 00  returns 0x00 (0001ms, 9261ms total)
T15B0 5307:407 JLINK_ReadMem (0xE0001058, 0x0004 Bytes, ...) -- CPU is running -- CPU_ReadMem(4 bytes @ 0xE0001058) - Data: 00 00 00 00  returns 0x00 (0001ms, 9262ms total)
T15B0 5307:408 JLINK_WriteMem(0xE0001058, 0x0004 Bytes, ...) - Data: 00 01 00 00 -- CPU is running -- CPU_WriteMem(4 bytes @ 0xE0001058)  returns 0x04 (0001ms, 9263ms total)
T15B0 5307:409 JLINK_ReadMem (0xE0001058, 0x0004 Bytes, ...) -- CPU is running -- CPU_ReadMem(4 bytes @ 0xE0001058) - Data: 00 00 00 00  returns 0x00 (0001ms, 9264ms total)
T15B0 5307:410 JLINK_ReadMem (0xE0001024, 0x0004 Bytes, ...) -- CPU is running -- CPU_ReadMem(4 bytes @ 0xE0001024) - Data: 00 00 00 00  returns 0x00 (0001ms, 9265ms total)
T15B0 5307:411 JLINK_WriteMem(0xE0001024, 0x0004 Bytes, ...) - Data: 1F 00 00 00 -- CPU is running -- CPU_WriteMem(4 bytes @ 0xE0001024)  returns 0x04 (0001ms, 9266ms total)
T15B0 5307:412 JLINK_ReadMem (0xE0001024, 0x0004 Bytes, ...) -- CPU is running -- CPU_ReadMem(4 bytes @ 0xE0001024) - Data: 0F 00 00 00  returns 0x00 (0001ms, 9267ms total)
T15B0 5307:413 JLINK_ReadMem (0xE0001034, 0x0004 Bytes, ...) -- CPU is running -- CPU_ReadMem(4 bytes @ 0xE0001034) - Data: 00 00 00 00  returns 0x00 (0001ms, 9268ms total)
T15B0 5307:414 JLINK_WriteMem(0xE0001034, 0x0004 Bytes, ...) - Data: 1F 00 00 00 -- CPU is running -- CPU_WriteMem(4 bytes @ 0xE0001034)  returns 0x04 (0001ms, 9269ms total)
T15B0 5307:415 JLINK_ReadMem (0xE0001034, 0x0004 Bytes, ...) -- CPU is running -- CPU_ReadMem(4 bytes @ 0xE0001034) - Data: 0F 00 00 00  returns 0x00 (0001ms, 9270ms total)
T15B0 5307:416 JLINK_ReadMem (0xE0001044, 0x0004 Bytes, ...) -- CPU is running -- CPU_ReadMem(4 bytes @ 0xE0001044) - Data: 00 00 00 00  returns 0x00 (0001ms, 9271ms total)
T15B0 5307:417 JLINK_WriteMem(0xE0001044, 0x0004 Bytes, ...) - Data: 1F 00 00 00 -- CPU is running -- CPU_WriteMem(4 bytes @ 0xE0001044)  returns 0x04 (0001ms, 9272ms total)
T15B0 5307:418 JLINK_ReadMem (0xE0001044, 0x0004 Bytes, ...) -- CPU is running -- CPU_ReadMem(4 bytes @ 0xE0001044) - Data: 0F 00 00 00  returns 0x00 (0001ms, 9273ms total)
T15B0 5307:419 JLINK_ReadMem (0xE0001054, 0x0004 Bytes, ...) -- CPU is running -- CPU_ReadMem(4 bytes @ 0xE0001054) - Data: 00 00 00 00  returns 0x00 (0001ms, 9274ms total)
T15B0 5307:420 JLINK_WriteMem(0xE0001054, 0x0004 Bytes, ...) - Data: 1F 00 00 00 -- CPU is running -- CPU_WriteMem(4 bytes @ 0xE0001054)  returns 0x04 (0001ms, 9275ms total)
T15B0 5307:421 JLINK_ReadMem (0xE0001054, 0x0004 Bytes, ...) -- CPU is running -- CPU_ReadMem(4 bytes @ 0xE0001054) - Data: 0F 00 00 00  returns 0x00 (0000ms, 9275ms total)
T15B0 5307:422 JLINK_ReadMem (0xE0001028, 0x0004 Bytes, ...) -- CPU is running -- CPU_ReadMem(4 bytes @ 0xE0001028) - Data: 00 00 00 00  returns 0x00 (0001ms, 9276ms total)
T15B0 5307:423 JLINK_ReadMem (0xE0001038, 0x0004 Bytes, ...) -- CPU is running -- CPU_ReadMem(4 bytes @ 0xE0001038) - Data: 00 03 00 00  returns 0x00 (0002ms, 9278ms total)
T15B0 5307:425 JLINK_ReadMem (0xE0001048, 0x0004 Bytes, ...) -- CPU is running -- CPU_ReadMem(4 bytes @ 0xE0001048) - Data: 00 00 00 00  returns 0x00 (0001ms, 9279ms total)
T15B0 5307:426 JLINK_ReadMem (0xE0001058, 0x0004 Bytes, ...) -- CPU is running -- CPU_ReadMem(4 bytes @ 0xE0001058) - Data: 00 00 00 00  returns 0x00 (0001ms, 9280ms total)
T15B0 5307:427 JLINK_WriteMem(0xE0001020, 0x0004 Bytes, ...) - Data: 00 00 00 00 -- CPU is running -- CPU_WriteMem(4 bytes @ 0xE0001020)  returns 0x04 (0001ms, 9281ms total)
T15B0 5307:428 JLINK_WriteMem(0xE0001024, 0x0004 Bytes, ...) - Data: 00 00 00 00 -- CPU is running -- CPU_WriteMem(4 bytes @ 0xE0001024)  returns 0x04 (0000ms, 9281ms total)
T15B0 5307:429 JLINK_WriteMem(0xE0001028, 0x0004 Bytes, ...) - Data: 00 00 00 00 -- CPU is running -- CPU_WriteMem(4 bytes @ 0xE0001028)  returns 0x04 (0000ms, 9281ms total)
T15B0 5307:429 JLINK_WriteMem(0xE0001030, 0x0004 Bytes, ...) - Data: 00 00 00 00 -- CPU is running -- CPU_WriteMem(4 bytes @ 0xE0001030)  returns 0x04 (0001ms, 9282ms total)
T15B0 5307:430 JLINK_WriteMem(0xE0001034, 0x0004 Bytes, ...) - Data: 00 00 00 00 -- CPU is running -- CPU_WriteMem(4 bytes @ 0xE0001034)  returns 0x04 (0001ms, 9283ms total)
T15B0 5307:431 JLINK_WriteMem(0xE0001038, 0x0004 Bytes, ...) - Data: 00 00 00 00 -- CPU is running -- CPU_WriteMem(4 bytes @ 0xE0001038)  returns 0x04 (0001ms, 9284ms total)
T15B0 5307:432 JLINK_WriteMem(0xE0001040, 0x0004 Bytes, ...) - Data: 00 00 00 00 -- CPU is running -- CPU_WriteMem(4 bytes @ 0xE0001040)  returns 0x04 (0001ms, 9285ms total)
T15B0 5307:433 JLINK_WriteMem(0xE0001044, 0x0004 Bytes, ...) - Data: 00 00 00 00 -- CPU is running -- CPU_WriteMem(4 bytes @ 0xE0001044)  returns 0x04 (0001ms, 9286ms total)
T15B0 5307:434 JLINK_WriteMem(0xE0001048, 0x0004 Bytes, ...) - Data: 00 00 00 00 -- CPU is running -- CPU_WriteMem(4 bytes @ 0xE0001048)  returns 0x04 (0001ms, 9287ms total)
T15B0 5307:435 JLINK_WriteMem(0xE0001050, 0x0004 Bytes, ...) - Data: 00 00 00 00 -- CPU is running -- CPU_WriteMem(4 bytes @ 0xE0001050)  returns 0x04 (0000ms, 9287ms total)
T15B0 5307:435 JLINK_WriteMem(0xE0001054, 0x0004 Bytes, ...) - Data: 00 00 00 00 -- CPU is running -- CPU_WriteMem(4 bytes @ 0xE0001054)  returns 0x04 (0001ms, 9288ms total)
T15B0 5307:436 JLINK_WriteMem(0xE0001058, 0x0004 Bytes, ...) - Data: 00 00 00 00 -- CPU is running -- CPU_WriteMem(4 bytes @ 0xE0001058)  returns 0x04 (0001ms, 9289ms total)
T15B0 5307:437 JLINK_Halt()  returns 0x00 (0008ms, 9297ms total)
T15B0 5307:445 JLINK_WriteMem(0x400E0A04, 0x0004 Bytes, ...) - Data: 0B 01 00 5A -- CPU_WriteMem(4 bytes @ 0x400E0A04)  returns 0x04 (0001ms, 9298ms total)
T15B0 5307:446 JLINK_ReadMem (0x400E0A08, 0x0004 Bytes, ...) -- CPU_ReadMem(4 bytes @ 0x400E0A08) - Data: 01 00 00 00  returns 0x00 (0001ms, 9299ms total)
T15B0 5307:447 JLINK_WriteMem(0x400E0A04, 0x0004 Bytes, ...) - Data: 0C 02 00 5A -- CPU_WriteMem(4 bytes @ 0x400E0A04)  returns 0x04 (0001ms, 9300ms total)
T15B0 5307:448 JLINK_ReadMem (0x400E0A08, 0x0004 Bytes, ...) -- CPU_ReadMem(4 bytes @ 0x400E0A08) - Data: 01 00 00 00  returns 0x00 (0001ms, 9301ms total)
T15B0 5307:449 JLINK_Reset() -- CPU_ReadMem(16 bytes @ 0x20000000) -- CPU_WriteMem(16 bytes @ 0x20000000) -- CPU_ReadMem(4 bytes @ 0xE000EDFC) -- CPU_WriteMem(4 bytes @ 0xE000EDFC) -- CPU_ReadMem(4 bytes @ 0xE0001000) -- CPU_WriteMem(4 bytes @ 0xE000EDFC) -- CPU_WriteMem(16 bytes @ 0x20000000) -- CPU_WriteMem(4 bytes @ 0xE0002000) -- CPU_ReadMem(4 bytes @ 0xE000EDFC) -- CPU_ReadMem(4 bytes @ 0xE0001000) (0039ms, 9340ms total)
T15B0 5307:490 JLINK_JTAG_GetDeviceID(DeviceIndex = 0)  returns 0x4BA00477 (0000ms, 9340ms total)
T15B0 5307:490 JLINK_ReadMemU32(0x400E0740, 0x0001 Items, ...) -- CPU_ReadMem(4 bytes @ 0x400E0740) - Data: E0 0E A7 29  returns 0x01 (0001ms, 9341ms total)
T15B0 5307:491 JLINK_ReadMemU32(0x400E0744, 0x0001 Items, ...) -- CPU_ReadMem(4 bytes @ 0x400E0744) - Data: 00 00 00 00  returns 0x01 (0001ms, 9342ms total)
T15B0 5307:493 JLINK_WriteMem(0x400E0A04, 0x0004 Bytes, ...) - Data: 05 00 00 5A -- CPU_WriteMem(4 bytes @ 0x400E0A04)  returns 0x04 (0001ms, 9343ms total)
T15B0 5307:494 JLINK_WriteMem(0x400E0C04, 0x0004 Bytes, ...) - Data: 05 00 00 5A -- CPU_WriteMem(4 bytes @ 0x400E0C04)  returns 0x04 (0001ms, 9344ms total)
T15B0 5307:495 JLINK_ReadMem (0x400E0A08, 0x0004 Bytes, ...) -- CPU_ReadMem(4 bytes @ 0x400E0A08) - Data: 00 00 00 00  returns 0x00 (0001ms, 9345ms total)
T15B0 5307:497 JLINK_ReadMem (0x400E0A08, 0x0004 Bytes, ...) -- CPU_ReadMem(4 bytes @ 0x400E0A08) - Data: 00 00 00 00  returns 0x00 (0001ms, 9346ms total)
T13AC 5307:500 JLINK_IsHalted()  returns TRUE (0000ms, 9346ms total)
T13AC 5307:500 JLINK_GetMOEs(...) -- CPU_ReadMem(4 bytes @ 0xE000ED30) -- CPU_WriteMem(4 bytes @ 0xE000ED30)  returns 0x01 (0002ms, 9348ms total)
T15B0 5307:502 JLINK_ReadMem (0x400E0A08, 0x0004 Bytes, ...) -- CPU_ReadMem(4 bytes @ 0x400E0A08) - Data: 00 00 00 00  returns 0x00 (0001ms, 9349ms total)
T13AC 5307:503 JLINK_ReadReg(R15 (PC))  returns 0x00400AA0 (0000ms, 9349ms total)
T15B0 5307:519 JLINK_ReadMem (0x400E0A08, 0x0004 Bytes, ...) -- CPU_ReadMem(4 bytes @ 0x400E0A08) - Data: 00 00 00 00  returns 0x00 (0001ms, 9350ms total)
T15B0 5307:584 JLINK_ReadMem (0x400E0A08, 0x0004 Bytes, ...) -- CPU_ReadMem(4 bytes @ 0x400E0A08) - Data: 00 00 00 00  returns 0x00 (0001ms, 9351ms total)
T13AC 5307:703 JLINK_IsHalted()  returns TRUE (0000ms, 9351ms total)
T15B0 5307:842 JLINK_ReadMem (0x400E0A08, 0x0004 Bytes, ...) -- CPU_ReadMem(4 bytes @ 0x400E0A08) - Data: 00 00 00 00  returns 0x00 (0001ms, 9352ms total)
T13AC 5307:903 JLINK_IsHalted()  returns TRUE (0000ms, 9352ms total)
T13AC 5308:103 JLINK_IsHalted()  returns TRUE (0001ms, 9353ms total)
T13AC 5308:304 JLINK_IsHalted()  returns TRUE (0000ms, 9352ms total)
T13AC 5308:504 JLINK_IsHalted()  returns TRUE (0001ms, 9353ms total)
T13AC 5308:706 JLINK_IsHalted()  returns TRUE (0001ms, 9353ms total)
T15B0 5308:843 JLINK_ReadMem (0x400E0A08, 0x0004 Bytes, ...) -- CPU_ReadMem(4 bytes @ 0x400E0A08) - Data: 00 00 00 00  returns 0x00 (0001ms, 9353ms total)
T15B0 5308:844 JLINK_ReadMem (0x400E0C08, 0x0004 Bytes, ...) -- CPU_ReadMem(4 bytes @ 0x400E0C08) - Data: 00 00 00 00  returns 0x00 (0002ms, 9355ms total)
T15B0 5308:847 JLINK_ReadMem (0x400E0C08, 0x0004 Bytes, ...) -- CPU_ReadMem(4 bytes @ 0x400E0C08) - Data: 00 00 00 00  returns 0x00 (0001ms, 9356ms total)
T15B0 5308:852 JLINK_ReadMem (0x400E0C08, 0x0004 Bytes, ...) -- CPU_ReadMem(4 bytes @ 0x400E0C08) - Data: 00 00 00 00  returns 0x00 (0001ms, 9357ms total)
T15B0 5308:869 JLINK_ReadMem (0x400E0C08, 0x0004 Bytes, ...) -- CPU_ReadMem(4 bytes @ 0x400E0C08) - Data: 00 00 00 00  returns 0x00 (0001ms, 9358ms total)
T13AC 5308:907 JLINK_IsHalted()  returns TRUE (0000ms, 9358ms total)
T15B0 5308:934 JLINK_ReadMem (0x400E0C08, 0x0004 Bytes, ...) -- CPU_ReadMem(4 bytes @ 0x400E0C08) - Data: 00 00 00 00  returns 0x00 (0001ms, 9359ms total)
T13AC 5309:107 JLINK_IsHalted()  returns TRUE (0000ms, 9359ms total)
T15B0 5309:191 JLINK_ReadMem (0x400E0C08, 0x0004 Bytes, ...) -- CPU_ReadMem(4 bytes @ 0x400E0C08) - Data: 00 00 00 00  returns 0x00 (0001ms, 9360ms total)
T13AC 5309:307 JLINK_IsHalted()  returns TRUE (0001ms, 9361ms total)
T13AC 5309:508 JLINK_IsHalted()  returns TRUE (0000ms, 9360ms total)
T13AC 5309:708 JLINK_IsHalted()  returns TRUE (0000ms, 9360ms total)
T13AC 5309:908 JLINK_IsHalted()  returns TRUE (0001ms, 9361ms total)
T13AC 5310:109 JLINK_IsHalted()  returns TRUE (0000ms, 9360ms total)
T15B0 5310:192 JLINK_ReadMem (0x400E0C08, 0x0004 Bytes, ...) -- CPU_ReadMem(4 bytes @ 0x400E0C08) - Data: 00 00 00 00  returns 0x00 (0001ms, 9361ms total)
T15B0 5310:193 JLINK_ReadMem (0x400E0A08, 0x0004 Bytes, ...) -- CPU_ReadMem(4 bytes @ 0x400E0A08) - Data: 00 00 00 00  returns 0x00 (0002ms, 9363ms total)
T15B0 5310:196 JLINK_ReadMem (0x400E0A08, 0x0004 Bytes, ...) -- CPU_ReadMem(4 bytes @ 0x400E0A08) - Data: 00 00 00 00  returns 0x00 (0001ms, 9364ms total)
T15B0 5310:201 JLINK_ReadMem (0x400E0A08, 0x0004 Bytes, ...) -- CPU_ReadMem(4 bytes @ 0x400E0A08) - Data: 00 00 00 00  returns 0x00 (0001ms, 9365ms total)
T15B0 5310:218 JLINK_ReadMem (0x400E0A08, 0x0004 Bytes, ...) -- CPU_ReadMem(4 bytes @ 0x400E0A08) - Data: 00 00 00 00  returns 0x00 (0001ms, 9366ms total)
T15B0 5310:284 JLINK_ReadMem (0x400E0A08, 0x0004 Bytes, ...) -- CPU_ReadMem(4 bytes @ 0x400E0A08) - Data: 00 00 00 00  returns 0x00 (0001ms, 9367ms total)
T13AC 5310:310 JLINK_IsHalted()  returns TRUE (0000ms, 9367ms total)
T13AC 5310:510 JLINK_IsHalted()  returns TRUE (0001ms, 9368ms total)
T15B0 5310:541 JLINK_ReadMem (0x400E0A08, 0x0004 Bytes, ...) -- CPU_ReadMem(4 bytes @ 0x400E0A08) - Data: 00 00 00 00  returns 0x00 (0001ms, 9368ms total)
T13AC 5310:711 JLINK_IsHalted()  returns TRUE (0000ms, 9368ms total)
T13AC 5310:911 JLINK_IsHalted()  returns TRUE (0000ms, 9368ms total)
T13AC 5311:111 JLINK_IsHalted()  returns TRUE (0001ms, 9369ms total)
T13AC 5311:312 JLINK_IsHalted()  returns TRUE (0000ms, 9368ms total)
T13AC 5311:512 JLINK_IsHalted()  returns TRUE (0000ms, 9368ms total)
T15B0 5311:542 JLINK_ReadMem (0x400E0A08, 0x0004 Bytes, ...) -- CPU_ReadMem(4 bytes @ 0x400E0A08) - Data: 00 00 00 00  returns 0x00 (0001ms, 9369ms total)
T15B0 5311:544 JLINK_ReadMem (0x400E0C08, 0x0004 Bytes, ...) -- CPU_ReadMem(4 bytes @ 0x400E0C08) - Data: 00 00 00 00  returns 0x00 (0001ms, 9370ms total)
T15B0 5311:546 JLINK_ReadMem (0x400E0C08, 0x0004 Bytes, ...) -- CPU_ReadMem(4 bytes @ 0x400E0C08) - Data: 00 00 00 00  returns 0x00 (0001ms, 9371ms total)
T15B0 5311:551 JLINK_ReadMem (0x400E0C08, 0x0004 Bytes, ...) -- CPU_ReadMem(4 bytes @ 0x400E0C08) - Data: 00 00 00 00  returns 0x00 (0001ms, 9372ms total)
T15B0 5311:568 JLINK_ReadMem (0x400E0C08, 0x0004 Bytes, ...) -- CPU_ReadMem(4 bytes @ 0x400E0C08) - Data: 00 00 00 00  returns 0x00 (0001ms, 9373ms total)
T15B0 5311:633 JLINK_ReadMem (0x400E0C08, 0x0004 Bytes, ...) -- CPU_ReadMem(4 bytes @ 0x400E0C08) - Data: 00 00 00 00  returns 0x00 (0001ms, 9374ms total)
T13AC 5311:712 JLINK_IsHalted()  returns TRUE (0001ms, 9375ms total)
T15B0 5311:890 JLINK_ReadMem (0x400E0C08, 0x0004 Bytes, ...) -- CPU_ReadMem(4 bytes @ 0x400E0C08) - Data: 00 00 00 00  returns 0x00 (0001ms, 9375ms total)
T13AC 5311:913 JLINK_IsHalted()  returns TRUE (0000ms, 9375ms total)
T13AC 5312:113 JLINK_IsHalted()  returns TRUE (0000ms, 9375ms total)
T13AC 5312:313 JLINK_IsHalted()  returns TRUE (0001ms, 9376ms total)
T13AC 5312:514 JLINK_IsHalted()  returns TRUE (0000ms, 9375ms total)
T13AC 5312:714 JLINK_IsHalted()  returns TRUE (0000ms, 9375ms total)
T15B0 5312:891 JLINK_ReadMem (0x400E0C08, 0x0004 Bytes, ...) -- CPU_ReadMem(4 bytes @ 0x400E0C08) - Data: 01 00 00 00  returns 0x00 (0001ms, 9376ms total)
T15B0 5312:892 JLINK_ReadMem (0x400E0A08, 0x0004 Bytes, ...) -- CPU_ReadMem(4 bytes @ 0x400E0A08) - Data: 01 00 00 00  returns 0x00 (0002ms, 9378ms total)
T13AC 5312:914 JLINK_IsHalted()  returns TRUE (0001ms, 9379ms total)
T15B0 5312:917 JLINK_ResetPullsRESET(ON) (0000ms, 9378ms total)
T15B0 5312:917 JLINK_ResetNoHalt() >0x2F8 JTAG>TotalIRLen = 4, IRPrint = 0x01 >0x30 JTAG> >0x210 JTAG> >0x70 JTAG> >0x40 JTAG> >0x40 JTAG> >0x40 JTAG> >0x48 JTAG> >0x78 JTAG> >0x40 JTAG> >0x30 JTAG> >0x40 JTAG> >0x40 JTAG> >0x30 JTAG> >0x40 JTAG> >0x48 JTAG>Found Cortex-M4 r0p1, Little endian. -- CPU_WriteMem(4 bytes @ 0xE0002000) -- CPU_ReadMem(4 bytes @ 0xE000EDF0) -- CPU_ReadMem(4 bytes @ 0xE0002000)FPUnit: 6 code (BP) slots and 2 literal slots -- CPU_ReadMem(4 bytes @ 0xE000EDFC)
 -- CPU_ReadMem(4 bytes @ 0xE0001000) -- CPU_ReadMem(4 bytes @ 0xE000ED88) -- CPU_WriteMem(4 bytes @ 0xE000ED88) -- CPU_ReadMem(4 bytes @ 0xE000ED88) -- CPU_WriteMem(4 bytes @ 0xE000ED88)CoreSight components:ROMTbl 0 @ E00FF000 -- CPU_ReadMem(16 bytes @ 0xE00FF000) -- CPU_ReadMem(16 bytes @ 0xE000EFF0) -- CPU_ReadMem(16 bytes @ 0xE000EFE0)ROMTbl 0 [0]: FFF0F000, CID: B105E00D, PID: 000BB000 SCS -- CPU_WriteMem(4 bytes @ 0xE0001000) -- CPU_ReadMem(16 bytes @ 0xE0001FF0)
 -- CPU_ReadMem(16 bytes @ 0xE0001FE0)ROMTbl 0 [1]: FFF02000, CID: B105E00D, PID: 003BB002 DWT -- CPU_ReadMem(16 bytes @ 0xE0002FF0) -- CPU_ReadMem(16 bytes @ 0xE0002FE0)ROMTbl 0 [2]: FFF03000, CID: B105E00D, PID: 002BB003 FPB -- CPU_ReadMem(16 bytes @ 0xE0000FF0) -- CPU_ReadMem(16 bytes @ 0xE0000FE0)ROMTbl 0 [3]: FFF01000, CID: B105E00D, PID: 003BB001 ITM -- CPU_ReadMem(16 bytes @ 0xE00FF010) -- CPU_ReadMem(16 bytes @ 0xE0040FF0) -- CPU_ReadMem(16 bytes @ 0xE0040FE0)
ROMTbl 0 [4]: FFF41000, CID: B105900D, PID: 000BB9A1 TPIU
                JLINK_Reset() -- CPU_ReadMem(16 bytes @ 0x20000000) -- CPU_WriteMem(16 bytes @ 0x20000000) -- CPU_ReadMem(4 bytes @ 0xE000EDFC) -- CPU_WriteMem(4 bytes @ 0xE000EDFC) -- CPU_ReadMem(4 bytes @ 0xE0001000) -- CPU_WriteMem(4 bytes @ 0xE0001004) -- CPU_WriteMem(4 bytes @ 0xE000EDFC) -- CPU_WriteMem(16 bytes @ 0x20000000) -- CPU_WriteMem(4 bytes @ 0xE0002000) -- CPU_ReadMem(4 bytes @ 0xE000EDFC) -- CPU_ReadMem(4 bytes @ 0xE0001000) (0042ms, 0042ms total)
                JLINK_Go() -- CPU_ReadMem(4 bytes @ 0xE0001000) -- CPU_WriteMem(4 bytes @ 0xE0001004) (0004ms, 0046ms total)
               (0091ms, 9469ms total)
T15B0 5313:012 JLINK_ExecCommand("ProjectFile = T:\11.01772-4\Entregas\Aula 7\11 - INTERRUPCAO_PIO\jlink.config", ...)  returns 0x00 (0000ms, 9469ms total)
T15B0 5313:035 JLINK_ExecCommand("Device = AT91SAM4SD32C", ...)Device "ATSAM4SD32C" selected.  returns 0x00 (0000ms, 9469ms total)
T15B0 5313:035 JLINK_TIF_Select(JLINKARM_TIF_JTAG)  returns 0x00 (0001ms, 9470ms total)
T15B0 5313:036 JLINK_GetIdData(...) ScanLen=4 NumDevices=1 aId[0]=0x4BA00477 aIrRead[0]=0 aScanLen[0]=0 aScanRead[0]=0 (0000ms, 9470ms total)
T15B0 5313:036 JLINK_ConfigJTAG(IRPre = 0, DRPre = 0) (0000ms, 9470ms total)
T15B0 5313:036 JLINK_SetSpeed(4000) (0001ms, 9471ms total)
T15B0 5313:037 JLINK_ResetPullsRESET(OFF) (0000ms, 9471ms total)
T15B0 5313:037 JLINK_Connect() >0x2F8 JTAG>TotalIRLen = 4, IRPrint = 0x01 >0x30 JTAG> >0x210 JTAG> >0x70 JTAG> >0x40 JTAG> >0x40 JTAG> >0x40 JTAG> >0x48 JTAG> >0x78 JTAG> >0x40 JTAG> >0x30 JTAG> >0x40 JTAG> >0x40 JTAG> >0x30 JTAG> >0x40 JTAG> >0x48 JTAG>Found Cortex-M4 r0p1, Little endian. -- CPU_WriteMem(4 bytes @ 0xE0002000) -- CPU_ReadMem(4 bytes @ 0xE000EDF0) -- CPU_ReadMem(4 bytes @ 0xE0002000)FPUnit: 6 code (BP) slots and 2 literal slots -- CPU_ReadMem(4 bytes @ 0xE000EDFC)
 -- CPU_ReadMem(4 bytes @ 0xE0001000) -- CPU_WriteMem(4 bytes @ 0xE0001000) -- CPU_ReadMem(4 bytes @ 0xE000ED88) -- CPU_WriteMem(4 bytes @ 0xE000ED88) -- CPU_ReadMem(4 bytes @ 0xE000ED88) -- CPU_WriteMem(4 bytes @ 0xE000ED88)CoreSight components:ROMTbl 0 @ E00FF000 -- CPU_ReadMem(16 bytes @ 0xE00FF000) -- CPU_ReadMem(16 bytes @ 0xE000EFF0) -- CPU_ReadMem(16 bytes @ 0xE000EFE0)ROMTbl 0 [0]: FFF0F000, CID: B105E00D, PID: 000BB000 SCS -- CPU_ReadMem(16 bytes @ 0xE0001FF0)
 -- CPU_ReadMem(16 bytes @ 0xE0001FE0)ROMTbl 0 [1]: FFF02000, CID: B105E00D, PID: 003BB002 DWT -- CPU_ReadMem(16 bytes @ 0xE0002FF0) -- CPU_ReadMem(16 bytes @ 0xE0002FE0)ROMTbl 0 [2]: FFF03000, CID: B105E00D, PID: 002BB003 FPB -- CPU_ReadMem(16 bytes @ 0xE0000FF0) -- CPU_ReadMem(16 bytes @ 0xE0000FE0)ROMTbl 0 [3]: FFF01000, CID: B105E00D, PID: 003BB001 ITM -- CPU_ReadMem(16 bytes @ 0xE00FF010) -- CPU_ReadMem(16 bytes @ 0xE0040FF0) -- CPU_ReadMem(16 bytes @ 0xE0040FE0)
ROMTbl 0 [4]: FFF41000, CID: B105900D, PID: 000BB9A1 TPIU  returns 0x00 (0033ms, 9504ms total)
T15B0 5313:070 JLINK_WriteMem(0xE0001020, 0x0004 Bytes, ...) - Data: 00 00 00 00 -- CPU is running -- CPU_WriteMem(4 bytes @ 0xE0001020)  returns 0x04 (0001ms, 9505ms total)
T15B0 5313:071 JLINK_WriteMem(0xE0001024, 0x0004 Bytes, ...) - Data: 00 00 00 00 -- CPU is running -- CPU_WriteMem(4 bytes @ 0xE0001024)  returns 0x04 (0001ms, 9506ms total)
T15B0 5313:072 JLINK_WriteMem(0xE0001028, 0x0004 Bytes, ...) - Data: 00 00 00 00 -- CPU is running -- CPU_WriteMem(4 bytes @ 0xE0001028)  returns 0x04 (0001ms, 9507ms total)
T15B0 5313:073 JLINK_WriteMem(0xE0001030, 0x0004 Bytes, ...) - Data: 00 00 00 00 -- CPU is running -- CPU_WriteMem(4 bytes @ 0xE0001030)  returns 0x04 (0001ms, 9508ms total)
T15B0 5313:074 JLINK_WriteMem(0xE0001034, 0x0004 Bytes, ...) - Data: 00 00 00 00 -- CPU is running -- CPU_WriteMem(4 bytes @ 0xE0001034)  returns 0x04 (0000ms, 9508ms total)
T15B0 5313:074 JLINK_WriteMem(0xE0001038, 0x0004 Bytes, ...) - Data: 00 00 00 00 -- CPU is running -- CPU_WriteMem(4 bytes @ 0xE0001038)  returns 0x04 (0001ms, 9509ms total)
T15B0 5313:075 JLINK_WriteMem(0xE0001040, 0x0004 Bytes, ...) - Data: 00 00 00 00 -- CPU is running -- CPU_WriteMem(4 bytes @ 0xE0001040)  returns 0x04 (0001ms, 9510ms total)
T15B0 5313:076 JLINK_WriteMem(0xE0001044, 0x0004 Bytes, ...) - Data: 00 00 00 00 -- CPU is running -- CPU_WriteMem(4 bytes @ 0xE0001044)  returns 0x04 (0001ms, 9511ms total)
T15B0 5313:077 JLINK_WriteMem(0xE0001048, 0x0004 Bytes, ...) - Data: 00 00 00 00 -- CPU is running -- CPU_WriteMem(4 bytes @ 0xE0001048)  returns 0x04 (0001ms, 9512ms total)
T15B0 5313:078 JLINK_WriteMem(0xE0001050, 0x0004 Bytes, ...) - Data: 00 00 00 00 -- CPU is running -- CPU_WriteMem(4 bytes @ 0xE0001050)  returns 0x04 (0001ms, 9513ms total)
T15B0 5313:079 JLINK_WriteMem(0xE0001054, 0x0004 Bytes, ...) - Data: 00 00 00 00 -- CPU is running -- CPU_WriteMem(4 bytes @ 0xE0001054)  returns 0x04 (0001ms, 9514ms total)
T15B0 5313:080 JLINK_WriteMem(0xE0001058, 0x0004 Bytes, ...) - Data: 00 00 00 00 -- CPU is running -- CPU_WriteMem(4 bytes @ 0xE0001058)  returns 0x04 (0001ms, 9515ms total)
T15B0 5313:081 JLINK_Halt()  returns 0x00 (0004ms, 9519ms total)
T15B0 5313:085 JLINK_WriteMem(0x400E0A04, 0x0004 Bytes, ...) - Data: 0B 01 00 5A -- CPU_WriteMem(4 bytes @ 0x400E0A04)  returns 0x04 (0001ms, 9520ms total)
T15B0 5313:086 JLINK_ReadMem (0x400E0A08, 0x0004 Bytes, ...) -- CPU_ReadMem(4 bytes @ 0x400E0A08) - Data: 01 00 00 00  returns 0x00 (0001ms, 9521ms total)
T15B0 5313:087 JLINK_WriteMem(0x400E0A04, 0x0004 Bytes, ...) - Data: 0C 02 00 5A -- CPU_WriteMem(4 bytes @ 0x400E0A04)  returns 0x04 (0001ms, 9522ms total)
T15B0 5313:088 JLINK_ReadMem (0x400E0A08, 0x0004 Bytes, ...) -- CPU_ReadMem(4 bytes @ 0x400E0A08) - Data: 01 00 00 00  returns 0x00 (0001ms, 9523ms total)
T15B0 5313:089 JLINK_Reset() -- CPU_ReadMem(16 bytes @ 0x20000000) -- CPU_WriteMem(16 bytes @ 0x20000000) -- CPU_ReadMem(4 bytes @ 0xE000EDFC) -- CPU_WriteMem(4 bytes @ 0xE000EDFC) -- CPU_ReadMem(4 bytes @ 0xE0001000) -- CPU_WriteMem(4 bytes @ 0xE000EDFC) -- CPU_WriteMem(16 bytes @ 0x20000000) -- CPU_WriteMem(4 bytes @ 0xE0002000) -- CPU_ReadMem(4 bytes @ 0xE000EDFC) -- CPU_ReadMem(4 bytes @ 0xE0001000) (0028ms, 9551ms total)
T15B0 5313:120 JLINK_JTAG_GetDeviceID(DeviceIndex = 0)  returns 0x4BA00477 (0000ms, 9551ms total)
T15B0 5313:120 JLINK_ReadMemU32(0x400E0740, 0x0001 Items, ...) -- CPU_ReadMem(4 bytes @ 0x400E0740) - Data: E0 0E A7 29  returns 0x01 (0001ms, 9552ms total)
T15B0 5313:121 JLINK_ReadMemU32(0x400E0744, 0x0001 Items, ...) -- CPU_ReadMem(4 bytes @ 0x400E0744) - Data: 00 00 00 00  returns 0x01 (0001ms, 9553ms total)
T15B0 5313:124 JLINK_BeginDownload(Flags = 0x00) (0000ms, 9553ms total)
T15B0 5313:124 JLINK_WriteMem(0x00400000, 0x1884 Bytes, ...) - Data: E0 34 00 20 A1 0A 40 00 69 0B 40 00 69 0B 40 00 ...  returns 0x1884 (0000ms, 9553ms total)
T15B0 5313:124 JLINK_WriteMem(0x00401884, 0x0008 Bytes, ...) - Data: 8C F9 FF 7F 01 00 00 00  returns 0x08 (0001ms, 9554ms total)
T15B0 5313:125 JLINK_WriteMem(0x0040188C, 0x0448 Bytes, ...) - Data: 80 B4 83 B0 00 AF 78 60 BF F3 5F 8F 01 38 FB D1 ...  returns 0x448 (0000ms, 9554ms total)
T1E84 5313:147 JLINK_IsHalted()  returns TRUE (0000ms, 9554ms total)
T1E84 5313:147 JLINK_GetMOEs(...) -- CPU_ReadMem(4 bytes @ 0xE000ED30) -- CPU_WriteMem(4 bytes @ 0xE000ED30)  returns 0x01 (0001ms, 9555ms total)
T1E84 5313:148 JLINK_ReadReg(R15 (PC)) -- -------------------------------------- -- Start of determining dirty areas in flash cache -- End of determining dirty areas -- Start of preparing flash programming -- Calculating RAM usage -- RAM usage = 2884 Bytes -- Preserving registers -- Preparing memory -- Determining CPU clock frequency -- CPU clock frequency: 4197 kHz -- CPU frequency = 4197 kHz -- Preparing target -- Downloading RAMCode -- Using alternate TurboMode RAMCode -- Checking target RAM
 -- Preparing RAMCode -- End of preparing flash programmingCPU is running at low speed (4197 kHz). -- CPU is running at 4197 kHz. -- Start of comparing flash -- Read back was estimated as fastest method -- Comparing range 0x400000 - 0x401DFF (15 Sectors, 7 KB), using multi-block CRC calculation -- CPU is running -- CPU_ReadMem(512 bytes @ 0x00400000) -- CPU is running -- CPU_ReadMem(512 bytes @ 0x00400200) -- CPU is running -- CPU_ReadMem(512 bytes @ 0x00400400) -- CPU is running
 -- CPU_ReadMem(512 bytes @ 0x00400600) -- CPU is running -- CPU_ReadMem(512 bytes @ 0x00400800) -- CPU is running -- CPU_ReadMem(512 bytes @ 0x00400A00) -- CPU is running -- CPU_ReadMem(512 bytes @ 0x00400C00) -- CPU is running -- CPU_ReadMem(512 bytes @ 0x00400E00) -- CPU is running -- CPU_ReadMem(512 bytes @ 0x00401000) -- CPU is running -- CPU_ReadMem(512 bytes @ 0x00401200) -- CPU is running -- CPU_ReadMem(512 bytes @ 0x00401400) -- CPU is running -- CPU_ReadMem(512 bytes @ 0x00401600)
 -- CPU is running -- CPU_ReadMem(512 bytes @ 0x00401800) -- CPU is running -- CPU_ReadMem(512 bytes @ 0x00401A00) -- CPU is running -- CPU_ReadMem(512 bytes @ 0x00401C00) -- CRC does not match for sectors 0-14 -- End of comparing flash -- Start of erasing sectors -- End of erasing sectors -- Start of flash programming -- Programming range 0x00400000 - 0x00401DFF (015 Sectors, 7 KB) -- End of flash programming -- Flash programming performed for 1 range (7680 bytes)
 -- 0x400000 - 0x401DFF (015 Sectors, 7 KB) -- Start of verifying flash -- Checksum calculation was estimated as fastest method -- End of verifying flash -- Start of restoring -- Restore RAMCode -- Restore content of target memory -- Restore target -- Restore memory -- Restore content of registers -- End of restoring -- Total time needed: 0.284s (Prepare: 0.087s, Compare: 0.069s, Erase: 0.000s, Program: 0.115s, Verify: 0.004s, Restore: 0.007s)  returns 0xFFFFFFFE (0290ms, 9845ms total)
T1A28 5313:548 JLINK_Halt()  returns 0x00 (0001ms, 9846ms total)
T1A28 5313:549 JLINK_ReadReg(R15 (PC))  returns 0xFFFFFFFE (0000ms, 9846ms total)
T1A28 5313:549 JLINK_ReadReg(R13 (SP))  returns 0xFFFFFFFC (0000ms, 9846ms total)
T1E84 5313:638 JLINK_IsHalted()  returns TRUE (0000ms, 9846ms total)
T1A28 5313:722 JLINK_ReadReg(R0)  returns 0x400E1400 (0000ms, 9846ms total)
T1A28 5313:722 JLINK_ReadReg(R1)  returns 0x40C00000 (0000ms, 9846ms total)
T1A28 5313:722 JLINK_ReadReg(R2)  returns 0xA5000005 (0000ms, 9846ms total)
T1A28 5313:722 JLINK_ReadReg(R3)  returns 0x20000001 (0000ms, 9846ms total)
T1A28 5313:722 JLINK_ReadReg(R4)  returns 0x0040117D (0000ms, 9846ms total)
T1A28 5313:722 JLINK_ReadReg(R5)  returns 0x72FC7B7D (0000ms, 9846ms total)
T1A28 5313:722 JLINK_ReadReg(R6)  returns 0xE4688B0E (0000ms, 9846ms total)
T1A28 5313:722 JLINK_ReadReg(R7)  returns 0x20003470 (0000ms, 9846ms total)
T1A28 5313:722 JLINK_ReadReg(R8)  returns 0xF8475800 (0000ms, 9846ms total)
T1A28 5313:722 JLINK_ReadReg(R9)  returns 0x0000000D (0000ms, 9846ms total)
T1A28 5313:722 JLINK_ReadReg(R10)  returns 0xF8475800 (0000ms, 9846ms total)
T1A28 5313:722 JLINK_ReadReg(R11)  returns 0x0000000D (0000ms, 9846ms total)
T1A28 5313:722 JLINK_ReadReg(R12)  returns 0x20003478 (0000ms, 9846ms total)
T1A28 5313:722 JLINK_ReadReg(R13 (SP))  returns 0xFFFFFFFC (0000ms, 9846ms total)
T1A28 5313:722 JLINK_ReadReg(R14)  returns 0xFFFFFFFF (0000ms, 9846ms total)
T1A28 5313:722 JLINK_ReadReg(R15 (PC))  returns 0xFFFFFFFE (0000ms, 9846ms total)
T1A28 5313:723 JLINK_ReadReg(XPSR)  returns 0x01000000 (0000ms, 9846ms total)
T1A28 5313:723 JLINK_ReadReg(MSP)  returns 0xFFFFFFFC (0000ms, 9846ms total)
T1A28 5313:723 JLINK_ReadReg(PSP)  returns 0x4D967C34 (0000ms, 9846ms total)
T1A28 5313:723 JLINK_ReadReg(PRIMASK)  returns 0x00000000 (0000ms, 9846ms total)
T1A28 5313:723 JLINK_ReadReg(BASEPRI)  returns 0x00000000 (0000ms, 9846ms total)
T1A28 5313:723 JLINK_ReadReg(FAULTMASK)  returns 0x00000000 (0000ms, 9846ms total)
T1A28 5313:723 JLINK_ReadReg(CONTROL)  returns 0x00000000 (0000ms, 9846ms total)
T1A28 5313:755 JLINK_EndDownload()  returns 0x00 (0000ms, 9846ms total)
T1A28 5313:755 JLINK_Reset() -- CPU_ReadMem(16 bytes @ 0x20000000) -- CPU_WriteMem(16 bytes @ 0x20000000) -- CPU_ReadMem(4 bytes @ 0xE000EDFC) -- CPU_WriteMem(4 bytes @ 0xE000EDFC) -- CPU_ReadMem(4 bytes @ 0xE0001000) -- CPU_WriteMem(4 bytes @ 0xE000EDFC) -- CPU_WriteMem(16 bytes @ 0x20000000) -- CPU_WriteMem(4 bytes @ 0xE0002000) -- CPU_ReadMem(4 bytes @ 0xE000EDFC) -- CPU_ReadMem(4 bytes @ 0xE0001000) (0027ms, 9873ms total)
T1E84 5313:782 JLINK_IsHalted()  returns TRUE (0000ms, 9873ms total)
T1E84 5313:782 JLINK_GetMOEs(...) -- CPU_ReadMem(4 bytes @ 0xE000ED30) -- CPU_WriteMem(4 bytes @ 0xE000ED30)  returns 0x01 (0002ms, 9875ms total)
T1E84 5313:784 JLINK_ReadReg(R15 (PC))  returns 0x00400AA0 (0000ms, 9875ms total)
T1A28 5313:792 JLINK_ReadReg(R15 (PC))  returns 0x00400AA0 (0000ms, 9875ms total)
T1A28 5313:792 JLINK_ReadReg(R13 (SP))  returns 0x200034E0 (0000ms, 9875ms total)
T1A28 5313:801 JLINK_ReadMemHW(0x00400AA0, 0x0004 Bytes, ...) -- CPU_ReadMem(4 bytes @ 0x00400AA0) - Data: 80 B5 84 B0  returns 0x00 (0001ms, 9876ms total)
T1A28 5313:835 JLINK_ReadMemHW(0x00400F70, 0x0001 Bytes, ...) -- CPU_ReadMem(1 bytes @ 0x00400F70) - Data: 2D  returns 0x00 (0001ms, 9877ms total)
T1A28 5313:877 JLINK_ReadReg(R15 (PC))  returns 0x00400AA0 (0000ms, 9877ms total)
T1A28 5313:877 JLINK_GetNumBPUnits(Type = 0xFFFFFF02)  returns 0x06 (0000ms, 9877ms total)
T1A28 5313:877 JLINK_SetBPEx(Addr = 0x00400F70, Type = 0xFFFFFF02)  returns 0x00000001 (0000ms, 9877ms total)
T1A28 5313:877 JLINK_GetBPInfo(BPHandle = 1)  returns 0x00 (0000ms, 9877ms total)
T1A28 5313:878 JLINK_Go() -- CPU_ReadMem(4 bytes @ 0xE0001000) -- CPU_WriteMem(4 bytes @ 0xE0002008) -- CPU_WriteMem(4 bytes @ 0xE000200C) -- CPU_WriteMem(4 bytes @ 0xE0002010) -- CPU_WriteMem(4 bytes @ 0xE0002014) -- CPU_WriteMem(4 bytes @ 0xE0002018) -- CPU_WriteMem(4 bytes @ 0xE000201C) -- CPU_WriteMem(4 bytes @ 0xE0001004) (0005ms, 9882ms total)
T1E84 5313:883 JLINK_IsHalted()  returns FALSE (0001ms, 9883ms total)
T1E84 5313:904 JLINK_IsHalted()  returns TRUE (0004ms, 9886ms total)
T1E84 5313:908 JLINK_GetMOEs(...) -- CPU_ReadMem(4 bytes @ 0xE000ED30) -- CPU_WriteMem(4 bytes @ 0xE000ED30)  returns 0x01 (0002ms, 9884ms total)
T1E84 5313:910 JLINK_ReadReg(R15 (PC))  returns 0x00400F70 (0000ms, 9884ms total)
T1E84 5313:910 JLINK_GetBPInfo(BPHandle = 1)  returns 0x00 (0000ms, 9884ms total)
T1E84 5313:910 JLINK_ClrBPEx(BPHandle = 0x00000001)  returns 0x00 (0000ms, 9884ms total)
T1A28 5313:913 JLINK_ReadReg(R15 (PC))  returns 0x00400F70 (0000ms, 9884ms total)
T1A28 5313:913 JLINK_ReadReg(R13 (SP))  returns 0x200034C8 (0000ms, 9884ms total)
T1A28 5313:913 JLINK_ReadMemHW(0x00400F70, 0x0004 Bytes, ...) -- CPU_ReadMem(4 bytes @ 0x00400F70) - Data: 2D E9 90 4F  returns 0x00 (0002ms, 9886ms total)
T1A28 5313:927 JLINK_ReadReg(R15 (PC))  returns 0x00400F70 (0000ms, 9886ms total)
T1A28 5313:927 JLINK_Go() -- CPU_ReadMem(4 bytes @ 0xE0001000) -- CPU_WriteMem(4 bytes @ 0xE0002008) (0003ms, 9889ms total)
T1E84 5313:930 JLINK_IsHalted()  returns FALSE (0001ms, 9890ms total)
T1E84 5313:971 JLINK_IsHalted()  returns FALSE (0000ms, 9889ms total)
T1E84 5314:132 JLINK_IsHalted()  returns FALSE (0001ms, 9890ms total)
T1E84 5314:773 JLINK_IsHalted()  returns FALSE (0001ms, 9890ms total)
T1E84 5315:414 JLINK_IsHalted()  returns FALSE (0001ms, 9890ms total)
T1E84 5316:055 JLINK_IsHalted()  returns FALSE (0001ms, 9890ms total)
T1E84 5316:696 JLINK_IsHalted()  returns FALSE (0001ms, 9890ms total)
T1E84 5317:337 JLINK_IsHalted()  returns FALSE (0001ms, 9890ms total)
T1E84 5317:978 JLINK_IsHalted()  returns FALSE (0001ms, 9890ms total)
T1E84 5318:619 JLINK_IsHalted()  returns FALSE (0001ms, 9890ms total)
T1E84 5319:260 JLINK_IsHalted()  returns FALSE (0001ms, 9890ms total)
T1E84 5319:901 JLINK_IsHalted()  returns FALSE (0001ms, 9890ms total)
T1E84 5320:542 JLINK_IsHalted()  returns FALSE (0001ms, 9890ms total)
T1E84 5321:183 JLINK_IsHalted()  returns FALSE (0001ms, 9890ms total)
T1E84 5321:824 JLINK_IsHalted()  returns FALSE (0001ms, 9890ms total)
T1E84 5322:465 JLINK_IsHalted()  returns FALSE (0001ms, 9890ms total)
T1E84 5323:106 JLINK_IsHalted()  returns FALSE (0001ms, 9890ms total)
T1E84 5323:747 JLINK_IsHalted()  returns FALSE (0001ms, 9890ms total)
T1E84 5324:388 JLINK_IsHalted()  returns FALSE (0001ms, 9890ms total)
T1E84 5325:029 JLINK_IsHalted()  returns FALSE (0001ms, 9890ms total)
T1E84 5325:670 JLINK_IsHalted()  returns FALSE (0001ms, 9890ms total)
T1E84 5326:311 JLINK_IsHalted()  returns FALSE (0001ms, 9890ms total)
T1E84 5326:952 JLINK_IsHalted()  returns FALSE (0001ms, 9890ms total)
T1E84 5327:593 JLINK_IsHalted()  returns FALSE (0001ms, 9890ms total)
T1E84 5328:235 JLINK_IsHalted()  returns FALSE (0001ms, 9890ms total)
T1E84 5328:876 JLINK_IsHalted()  returns FALSE (0001ms, 9890ms total)
T1E84 5329:517 JLINK_IsHalted()  returns FALSE (0001ms, 9890ms total)
T1E84 5330:158 JLINK_IsHalted()  returns FALSE (0001ms, 9890ms total)
T1E84 5330:799 JLINK_IsHalted()  returns FALSE (0001ms, 9890ms total)
T1E84 5331:440 JLINK_IsHalted()  returns FALSE (0001ms, 9890ms total)
T1E84 5332:081 JLINK_IsHalted()  returns FALSE (0001ms, 9890ms total)
T1E84 5332:722 JLINK_IsHalted()  returns FALSE (0001ms, 9890ms total)
T1E84 5333:363 JLINK_IsHalted()  returns FALSE (0001ms, 9890ms total)
T1E84 5334:004 JLINK_IsHalted()  returns FALSE (0001ms, 9890ms total)
T1E84 5334:645 JLINK_IsHalted()  returns FALSE (0001ms, 9890ms total)
T1E84 5335:286 JLINK_IsHalted()  returns FALSE (0001ms, 9890ms total)
T1E84 5335:927 JLINK_IsHalted()  returns FALSE (0001ms, 9890ms total)
T1E84 5336:568 JLINK_IsHalted()  returns FALSE (0001ms, 9890ms total)
T1E84 5337:209 JLINK_IsHalted()  returns FALSE (0001ms, 9890ms total)
T1E84 5337:850 JLINK_IsHalted()  returns FALSE (0001ms, 9890ms total)
T1E84 5338:491 JLINK_IsHalted()  returns FALSE (0001ms, 9890ms total)
T1E84 5339:132 JLINK_IsHalted()  returns FALSE (0001ms, 9890ms total)
T1E84 5339:773 JLINK_IsHalted()  returns FALSE (0000ms, 9889ms total)
T1E84 5340:413 JLINK_IsHalted()  returns FALSE (0001ms, 9890ms total)
T1E84 5341:105 JLINK_IsHalted()  returns FALSE (0000ms, 9889ms total)
T1E84 5341:745 JLINK_IsHalted()  returns FALSE (0001ms, 9890ms total)
T1E84 5342:386 JLINK_IsHalted()  returns FALSE (0001ms, 9890ms total)
T1E84 5343:027 JLINK_IsHalted()  returns FALSE (0001ms, 9890ms total)
T1E84 5343:668 JLINK_IsHalted()  returns FALSE (0001ms, 9890ms total)
T1E84 5344:309 JLINK_IsHalted()  returns FALSE (0001ms, 9890ms total)
T1E84 5344:950 JLINK_IsHalted()  returns FALSE (0001ms, 9890ms total)
T1E84 5345:592 JLINK_IsHalted()  returns FALSE (0001ms, 9890ms total)
T1E84 5346:233 JLINK_IsHalted()  returns FALSE (0001ms, 9890ms total)
T1E84 5346:874 JLINK_IsHalted()  returns FALSE (0002ms, 9891ms total)
T1E84 5347:516 JLINK_IsHalted()  returns FALSE (0000ms, 9889ms total)
T1E84 5348:156 JLINK_IsHalted()  returns FALSE (0001ms, 9890ms total)
T1E84 5348:797 JLINK_IsHalted()  returns FALSE (0001ms, 9890ms total)
T1E84 5349:438 JLINK_IsHalted()  returns FALSE (0001ms, 9890ms total)
T1E84 5350:079 JLINK_IsHalted()  returns FALSE (0001ms, 9890ms total)
T1E84 5350:720 JLINK_IsHalted()  returns FALSE (0001ms, 9890ms total)
T1E84 5351:361 JLINK_IsHalted()  returns FALSE (0001ms, 9890ms total)
T1E84 5352:002 JLINK_IsHalted()  returns FALSE (0001ms, 9890ms total)
T1E84 5352:643 JLINK_IsHalted()  returns FALSE (0001ms, 9890ms total)
T1E84 5353:284 JLINK_IsHalted()  returns FALSE (0001ms, 9890ms total)
T1E84 5353:925 JLINK_IsHalted()  returns FALSE (0001ms, 9890ms total)
T1E84 5354:566 JLINK_IsHalted()  returns FALSE (0001ms, 9890ms total)
T1E84 5355:207 JLINK_IsHalted()  returns FALSE (0001ms, 9890ms total)
T1E84 5355:848 JLINK_IsHalted()  returns FALSE (0002ms, 9891ms total)
T1E84 5356:490 JLINK_IsHalted()  returns FALSE (0001ms, 9890ms total)
T1E84 5357:131 JLINK_IsHalted()  returns FALSE (0002ms, 9891ms total)
T1E84 5357:773 JLINK_IsHalted()  returns FALSE (0001ms, 9890ms total)
T1E84 5358:414 JLINK_IsHalted()  returns FALSE (0001ms, 9890ms total)
T1E84 5359:055 JLINK_IsHalted()  returns FALSE (0001ms, 9890ms total)
T1E84 5359:696 JLINK_IsHalted()  returns FALSE (0001ms, 9890ms total)
T1E84 5360:337 JLINK_IsHalted()  returns FALSE (0001ms, 9890ms total)
T1E84 5360:978 JLINK_IsHalted()  returns FALSE (0002ms, 9891ms total)
T1E84 5361:620 JLINK_IsHalted()  returns FALSE (0002ms, 9891ms total)
T1E84 5362:262 JLINK_IsHalted()  returns FALSE (0001ms, 9890ms total)
T1E84 5362:904 JLINK_IsHalted()  returns FALSE (0000ms, 9889ms total)
T1E84 5363:544 JLINK_IsHalted()  returns FALSE (0001ms, 9890ms total)
T1E84 5364:185 JLINK_IsHalted()  returns FALSE (0000ms, 9889ms total)
T1E84 5364:825 JLINK_IsHalted()  returns FALSE (0002ms, 9891ms total)
T1E84 5365:467 JLINK_IsHalted()  returns FALSE (0000ms, 9889ms total)
T1E84 5366:107 JLINK_IsHalted()  returns FALSE (0001ms, 9890ms total)
T1E84 5366:748 JLINK_IsHalted()  returns FALSE (0001ms, 9890ms total)
T1E84 5367:389 JLINK_IsHalted()  returns FALSE (0001ms, 9890ms total)
T1E84 5368:030 JLINK_IsHalted()  returns FALSE (0001ms, 9890ms total)
T1E84 5368:671 JLINK_IsHalted()  returns FALSE (0001ms, 9890ms total)
T1E84 5369:312 JLINK_IsHalted()  returns FALSE (0001ms, 9890ms total)
T1E84 5369:953 JLINK_IsHalted()  returns FALSE (0001ms, 9890ms total)
T1E84 5370:594 JLINK_IsHalted()  returns FALSE (0000ms, 9889ms total)
T1E84 5371:234 JLINK_IsHalted()  returns FALSE (0002ms, 9891ms total)
T1E84 5371:876 JLINK_IsHalted()  returns FALSE (0001ms, 9890ms total)
T1E84 5372:517 JLINK_IsHalted()  returns FALSE (0001ms, 9890ms total)
T1E84 5373:200 JLINK_IsHalted()  returns FALSE (0085ms, 9974ms total)
T1E84 5373:925 JLINK_IsHalted()  returns FALSE (0001ms, 9890ms total)
T1E84 5374:566 JLINK_IsHalted()  returns FALSE (0001ms, 9890ms total)
T1E84 5375:207 JLINK_IsHalted()  returns FALSE (0001ms, 9890ms total)
T1E84 5375:848 JLINK_IsHalted()  returns FALSE (0001ms, 9890ms total)
T1E84 5376:489 JLINK_IsHalted()  returns FALSE (0001ms, 9890ms total)
T1E84 5377:130 JLINK_IsHalted()  returns FALSE (0001ms, 9890ms total)
T1E84 5377:771 JLINK_IsHalted()  returns FALSE (0001ms, 9890ms total)
T1E84 5378:412 JLINK_IsHalted()  returns FALSE (0001ms, 9890ms total)
T1E84 5379:053 JLINK_IsHalted()  returns FALSE (0001ms, 9890ms total)
T1E84 5379:694 JLINK_IsHalted()  returns FALSE (0001ms, 9890ms total)
T1E84 5380:336 JLINK_IsHalted()  returns FALSE (0001ms, 9890ms total)
T1E84 5380:977 JLINK_IsHalted()  returns FALSE (0001ms, 9890ms total)
T1E84 5381:618 JLINK_IsHalted()  returns FALSE (0002ms, 9891ms total)
T1E84 5382:260 JLINK_IsHalted()  returns FALSE (0001ms, 9890ms total)
T1E84 5382:901 JLINK_IsHalted()  returns FALSE (0001ms, 9890ms total)
T1E84 5383:542 JLINK_IsHalted()  returns FALSE (0001ms, 9890ms total)
T1E84 5384:183 JLINK_IsHalted()  returns FALSE (0001ms, 9890ms total)
T1E84 5384:824 JLINK_IsHalted()  returns FALSE (0001ms, 9890ms total)
T1E84 5385:465 JLINK_IsHalted()  returns FALSE (0001ms, 9890ms total)
T1E84 5386:106 JLINK_IsHalted()  returns FALSE (0000ms, 9889ms total)
T1E84 5386:746 JLINK_IsHalted()  returns FALSE (0001ms, 9890ms total)
T1E84 5387:387 JLINK_IsHalted()  returns FALSE (0002ms, 9891ms total)
T1E84 5388:029 JLINK_IsHalted()  returns FALSE (0001ms, 9890ms total)
T1E84 5388:670 JLINK_IsHalted()  returns FALSE (0000ms, 9889ms total)
T1E84 5389:310 JLINK_IsHalted()  returns FALSE (0001ms, 9890ms total)
T1E84 5389:951 JLINK_IsHalted()  returns FALSE (0000ms, 9889ms total)
T1E84 5390:591 JLINK_IsHalted()  returns FALSE (0001ms, 9890ms total)
T1E84 5391:232 JLINK_IsHalted()  returns FALSE (0001ms, 9890ms total)
T1E84 5391:874 JLINK_IsHalted()  returns FALSE (0001ms, 9890ms total)
T1E84 5392:517 JLINK_IsHalted()  returns FALSE (0001ms, 9890ms total)
T1E84 5393:158 JLINK_IsHalted()  returns FALSE (0002ms, 9891ms total)
T1E84 5393:800 JLINK_IsHalted()  returns FALSE (0000ms, 9889ms total)
T1E84 5394:440 JLINK_IsHalted()  returns FALSE (0002ms, 9891ms total)
T1E84 5395:082 JLINK_IsHalted()  returns FALSE (0001ms, 9890ms total)
T1E84 5395:724 JLINK_IsHalted()  returns FALSE (0001ms, 9890ms total)
T1E84 5396:365 JLINK_IsHalted()  returns FALSE (0001ms, 9890ms total)
T1E84 5397:006 JLINK_IsHalted()  returns FALSE (0001ms, 9890ms total)
T1E84 5397:647 JLINK_IsHalted()  returns FALSE (0000ms, 9889ms total)
T1E84 5398:288 JLINK_IsHalted()  returns FALSE (0001ms, 9890ms total)
T1E84 5398:929 JLINK_IsHalted()  returns FALSE (0001ms, 9890ms total)
T1E84 5399:570 JLINK_IsHalted()  returns FALSE (0001ms, 9890ms total)
T1E84 5400:211 JLINK_IsHalted()  returns FALSE (0000ms, 9889ms total)
T1E84 5400:851 JLINK_IsHalted()  returns FALSE (0004ms, 9893ms total)
T1E84 5401:495 JLINK_IsHalted()  returns FALSE (0000ms, 9889ms total)
T1E84 5402:135 JLINK_IsHalted()  returns FALSE (0001ms, 9890ms total)
T1E84 5402:776 JLINK_IsHalted()  returns FALSE (0000ms, 9889ms total)
T1E84 5403:416 JLINK_IsHalted()  returns FALSE (0001ms, 9890ms total)
T1E84 5404:057 JLINK_IsHalted()  returns FALSE (0001ms, 9890ms total)
T1E84 5404:698 JLINK_IsHalted()  returns FALSE (0002ms, 9891ms total)
T1E84 5405:340 JLINK_IsHalted()  returns FALSE (0000ms, 9889ms total)
T1E84 5405:980 JLINK_IsHalted()  returns FALSE (0001ms, 9890ms total)
T1E84 5406:622 JLINK_IsHalted()  returns FALSE (0001ms, 9890ms total)
T1E84 5407:263 JLINK_IsHalted()  returns FALSE (0001ms, 9890ms total)
T1E84 5407:907 JLINK_IsHalted()  returns FALSE (0003ms, 9892ms total)
T1E84 5408:550 JLINK_IsHalted()  returns FALSE (0001ms, 9890ms total)
T1E84 5409:191 JLINK_IsHalted()  returns FALSE (0000ms, 9889ms total)
T1E84 5409:832 JLINK_IsHalted()  returns FALSE (0002ms, 9891ms total)
T1E84 5410:474 JLINK_IsHalted()  returns FALSE (0001ms, 9890ms total)
T1E84 5411:115 JLINK_IsHalted()  returns FALSE (0001ms, 9890ms total)
T1E84 5411:756 JLINK_IsHalted()  returns FALSE (0003ms, 9892ms total)
T1E84 5412:399 JLINK_IsHalted()  returns FALSE (0001ms, 9890ms total)
T1E84 5413:040 JLINK_IsHalted()  returns FALSE (0000ms, 9889ms total)
T1E84 5413:680 JLINK_IsHalted()  returns FALSE (0003ms, 9892ms total)
T1E84 5414:323 JLINK_IsHalted()  returns FALSE (0000ms, 9889ms total)
T1E84 5414:963 JLINK_IsHalted()  returns FALSE (0001ms, 9890ms total)
T1E84 5415:605 JLINK_IsHalted()  returns FALSE (0000ms, 9889ms total)
T1E84 5416:245 JLINK_IsHalted()  returns FALSE (0001ms, 9890ms total)
T1E84 5416:886 JLINK_IsHalted()  returns FALSE (0000ms, 9889ms total)
T1E84 5417:526 JLINK_IsHalted()  returns FALSE (0002ms, 9891ms total)
T1E84 5418:168 JLINK_IsHalted()  returns FALSE (0000ms, 9889ms total)
T1E84 5418:808 JLINK_IsHalted()  returns FALSE (0001ms, 9890ms total)
T1E84 5419:449 JLINK_IsHalted()  returns FALSE (0001ms, 9890ms total)
T1E84 5420:091 JLINK_IsHalted()  returns FALSE (0001ms, 9890ms total)
T1E84 5420:732 JLINK_IsHalted()  returns FALSE (0000ms, 9889ms total)
T1E84 5421:372 JLINK_IsHalted()  returns FALSE (0001ms, 9890ms total)
